[2025-04-06 19:49:26,285] - [REST][INFO][gRPC REST] - Server started
[2025-04-06 19:49:32,707] - [REST][INFO][REST Server] - Received Mission
[2025-04-06 19:49:32,707] - [REST][INFO][REST Server] - Received Mission
[2025-04-06 19:49:32,713] - [REST][INFO][gRPC REST] - Sending mission to Fleet Management
[2025-04-06 19:49:32,713] - [REST][INFO][gRPC REST] - Sending mission to Fleet Management
[2025-04-06 19:49:32,731] - [REST][INFO][gRPC REST] - ACK received from Fleet Management
[2025-04-06 19:49:32,731] - [REST][INFO][gRPC REST] - ACK received from Fleet Management
[2025-04-06 19:50:28,851] - [REST][INFO][gRPC REST] - Server started
[2025-04-06 19:50:33,277] - [REST][INFO][REST Server] - Received Mission
[2025-04-06 19:50:33,277] - [REST][INFO][REST Server] - Received Mission
[2025-04-06 19:50:33,282] - [REST][INFO][gRPC REST] - Sending mission to Fleet Management
[2025-04-06 19:50:33,282] - [REST][INFO][gRPC REST] - Sending mission to Fleet Management
[2025-04-06 19:50:33,304] - [REST][INFO][gRPC REST] - ACK received from Fleet Management
[2025-04-06 19:50:33,304] - [REST][INFO][gRPC REST] - ACK received from Fleet Management
[2025-04-06 19:51:17,193] - [REST][INFO][gRPC REST] - Server started
[2025-04-06 19:51:37,010] - [REST][INFO][gRPC REST] - Server started
[2025-04-06 19:51:52,617] - [REST][INFO][REST Server] - Received Mission
[2025-04-06 19:51:52,617] - [REST][INFO][REST Server] - Received Mission
[2025-04-06 19:51:52,622] - [REST][INFO][gRPC REST] - Sending mission to Fleet Management
[2025-04-06 19:51:52,622] - [REST][INFO][gRPC REST] - Sending mission to Fleet Management
[2025-04-06 19:51:52,637] - [REST][INFO][gRPC REST] - ACK received from Fleet Management
[2025-04-06 19:51:52,637] - [REST][INFO][gRPC REST] - ACK received from Fleet Management
[2025-04-06 19:55:41,934] - [REST][INFO][gRPC REST] - Mission status received from Fleet Management
[2025-04-06 19:55:41,934] - [REST][INFO][gRPC REST] - Mission status received from Fleet Management
[2025-04-06 19:56:29,549] - [REST][INFO][REST Server] - Received Mission
[2025-04-06 19:56:29,549] - [REST][INFO][REST Server] - Received Mission
[2025-04-06 19:56:29,549] - [REST][INFO][REST Server] - Received Mission
[2025-04-06 19:56:29,558] - [REST][INFO][gRPC REST] - Sending mission to Fleet Management
[2025-04-06 19:56:29,558] - [REST][INFO][gRPC REST] - Sending mission to Fleet Management
[2025-04-06 19:56:29,558] - [REST][INFO][gRPC REST] - Sending mission to Fleet Management
[2025-04-06 19:56:29,574] - [REST][INFO][gRPC REST] - ACK received from Fleet Management
[2025-04-06 19:56:29,574] - [REST][INFO][gRPC REST] - ACK received from Fleet Management
[2025-04-06 19:56:29,574] - [REST][INFO][gRPC REST] - ACK received from Fleet Management
[2025-04-06 19:56:30,563] - [REST][INFO][REST Server] - Received Mission
[2025-04-06 19:56:30,563] - [REST][INFO][REST Server] - Received Mission
[2025-04-06 19:56:30,563] - [REST][INFO][REST Server] - Received Mission
[2025-04-06 19:56:30,563] - [REST][INFO][REST Server] - Received Mission
[2025-04-06 19:56:30,577] - [REST][INFO][gRPC REST] - Sending mission to Fleet Management
[2025-04-06 19:56:30,577] - [REST][INFO][gRPC REST] - Sending mission to Fleet Management
[2025-04-06 19:56:30,577] - [REST][INFO][gRPC REST] - Sending mission to Fleet Management
[2025-04-06 19:56:30,577] - [REST][INFO][gRPC REST] - Sending mission to Fleet Management
[2025-04-06 19:56:30,594] - [REST][INFO][gRPC REST] - ACK received from Fleet Management
[2025-04-06 19:56:30,594] - [REST][INFO][gRPC REST] - ACK received from Fleet Management
[2025-04-06 19:56:30,594] - [REST][INFO][gRPC REST] - ACK received from Fleet Management
[2025-04-06 19:56:30,594] - [REST][INFO][gRPC REST] - ACK received from Fleet Management
[2025-04-07 17:56:18,978] - [REST][INFO][gRPC REST] - Server started
[2025-04-07 17:57:44,634] - [REST][INFO][REST Server] - Received Mission
[2025-04-07 17:57:44,634] - [REST][INFO][REST Server] - Received Mission
[2025-04-07 17:57:44,635] - [REST][INFO][gRPC REST] - Sending mission to Fleet Management
[2025-04-07 17:57:44,635] - [REST][INFO][gRPC REST] - Sending mission to Fleet Management
[2025-04-07 17:57:44,642] - [REST][INFO][gRPC REST] - ACK received from Fleet Management
[2025-04-07 17:57:44,642] - [REST][INFO][gRPC REST] - ACK received from Fleet Management
[2025-04-07 17:58:28,271] - [REST][INFO][REST Server] - Received Mission
[2025-04-07 17:58:28,271] - [REST][INFO][REST Server] - Received Mission
[2025-04-07 17:58:28,271] - [REST][INFO][REST Server] - Received Mission
[2025-04-07 17:58:28,272] - [REST][INFO][gRPC REST] - Sending mission to Fleet Management
[2025-04-07 17:58:28,272] - [REST][INFO][gRPC REST] - Sending mission to Fleet Management
[2025-04-07 17:58:28,272] - [REST][INFO][gRPC REST] - Sending mission to Fleet Management
[2025-04-07 17:58:28,286] - [REST][INFO][gRPC REST] - ACK received from Fleet Management
[2025-04-07 17:58:28,286] - [REST][INFO][gRPC REST] - ACK received from Fleet Management
[2025-04-07 17:58:28,286] - [REST][INFO][gRPC REST] - ACK received from Fleet Management
[2025-04-07 18:01:53,090] - [REST][INFO][gRPC REST] - Server started
[2025-04-07 18:02:55,364] - [REST][INFO][gRPC REST] - Server started
[2025-04-07 18:03:43,788] - [REST][INFO][REST Server] - Received Mission
[2025-04-07 18:03:43,788] - [REST][INFO][REST Server] - Received Mission
[2025-04-07 18:03:43,790] - [REST][INFO][gRPC REST] - Sending mission to Fleet Management
[2025-04-07 18:03:43,790] - [REST][INFO][gRPC REST] - Sending mission to Fleet Management
[2025-04-07 18:03:43,796] - [REST][INFO][gRPC REST] - ACK received from Fleet Management
[2025-04-07 18:03:43,796] - [REST][INFO][gRPC REST] - ACK received from Fleet Management
[2025-04-07 18:03:45,721] - [REST][INFO][REST Server] - Received Mission
[2025-04-07 18:03:45,721] - [REST][INFO][REST Server] - Received Mission
[2025-04-07 18:03:45,721] - [REST][INFO][REST Server] - Received Mission
[2025-04-07 18:03:45,722] - [REST][INFO][gRPC REST] - Sending mission to Fleet Management
[2025-04-07 18:03:45,722] - [REST][INFO][gRPC REST] - Sending mission to Fleet Management
[2025-04-07 18:03:45,722] - [REST][INFO][gRPC REST] - Sending mission to Fleet Management
[2025-04-07 18:03:45,728] - [REST][INFO][gRPC REST] - ACK received from Fleet Management
[2025-04-07 18:03:45,728] - [REST][INFO][gRPC REST] - ACK received from Fleet Management
[2025-04-07 18:03:45,728] - [REST][INFO][gRPC REST] - ACK received from Fleet Management
[2025-04-07 18:05:54,793] - [REST][INFO][gRPC REST] - Mission status received from Fleet Management
[2025-04-07 18:05:54,793] - [REST][INFO][gRPC REST] - Mission status received from Fleet Management
[2025-04-07 18:05:54,793] - [REST][INFO][gRPC REST] - Mission status received from Fleet Management
[2025-04-07 18:12:46,495] - [REST][INFO][gRPC REST] - Server started
[2025-04-07 18:12:53,909] - [REST][INFO][REST Server] - Received Mission
[2025-04-07 18:12:53,909] - [REST][INFO][REST Server] - Received Mission
[2025-04-07 18:12:53,911] - [REST][INFO][gRPC REST] - Sending mission to Fleet Management
[2025-04-07 18:12:53,911] - [REST][INFO][gRPC REST] - Sending mission to Fleet Management
[2025-04-07 18:12:53,916] - [REST][INFO][gRPC REST] - ACK received from Fleet Management
[2025-04-07 18:12:53,916] - [REST][INFO][gRPC REST] - ACK received from Fleet Management
[2025-04-07 18:12:55,010] - [REST][INFO][REST Server] - Received Mission
[2025-04-07 18:12:55,010] - [REST][INFO][REST Server] - Received Mission
[2025-04-07 18:12:55,010] - [REST][INFO][REST Server] - Received Mission
[2025-04-07 18:12:55,011] - [REST][INFO][gRPC REST] - Sending mission to Fleet Management
[2025-04-07 18:12:55,011] - [REST][INFO][gRPC REST] - Sending mission to Fleet Management
[2025-04-07 18:12:55,011] - [REST][INFO][gRPC REST] - Sending mission to Fleet Management
[2025-04-07 18:12:55,019] - [REST][INFO][gRPC REST] - ACK received from Fleet Management
[2025-04-07 18:12:55,019] - [REST][INFO][gRPC REST] - ACK received from Fleet Management
[2025-04-07 18:12:55,019] - [REST][INFO][gRPC REST] - ACK received from Fleet Management
[2025-04-07 18:15:04,094] - [REST][INFO][gRPC REST] - Mission status received from Fleet Management
[2025-04-07 18:15:04,094] - [REST][INFO][gRPC REST] - Mission status received from Fleet Management
[2025-04-07 18:15:04,094] - [REST][INFO][gRPC REST] - Mission status received from Fleet Management
[2025-04-07 18:15:33,268] - [REST][INFO][REST Server] - Received Mission
[2025-04-07 18:15:33,268] - [REST][INFO][REST Server] - Received Mission
[2025-04-07 18:15:33,268] - [REST][INFO][REST Server] - Received Mission
[2025-04-07 18:15:33,268] - [REST][INFO][REST Server] - Received Mission
[2025-04-07 18:15:33,270] - [REST][INFO][gRPC REST] - Sending mission to Fleet Management
[2025-04-07 18:15:33,270] - [REST][INFO][gRPC REST] - Sending mission to Fleet Management
[2025-04-07 18:15:33,270] - [REST][INFO][gRPC REST] - Sending mission to Fleet Management
[2025-04-07 18:15:33,270] - [REST][INFO][gRPC REST] - Sending mission to Fleet Management
[2025-04-07 18:15:33,275] - [REST][INFO][gRPC REST] - ACK received from Fleet Management
[2025-04-07 18:15:33,275] - [REST][INFO][gRPC REST] - ACK received from Fleet Management
[2025-04-07 18:15:33,275] - [REST][INFO][gRPC REST] - ACK received from Fleet Management
[2025-04-07 18:15:33,275] - [REST][INFO][gRPC REST] - ACK received from Fleet Management
[2025-04-07 18:26:30,939] - [REST][INFO][gRPC REST] - Server started
[2025-04-07 18:26:40,597] - [REST][INFO][REST Server] - Received Mission
[2025-04-07 18:26:40,597] - [REST][INFO][REST Server] - Received Mission
[2025-04-07 18:26:40,599] - [REST][INFO][gRPC REST] - Sending mission to Fleet Management
[2025-04-07 18:26:40,599] - [REST][INFO][gRPC REST] - Sending mission to Fleet Management
[2025-04-07 18:26:40,606] - [REST][INFO][gRPC REST] - ACK received from Fleet Management
[2025-04-07 18:26:40,606] - [REST][INFO][gRPC REST] - ACK received from Fleet Management
[2025-04-07 18:26:42,624] - [REST][INFO][REST Server] - Received Mission
[2025-04-07 18:26:42,624] - [REST][INFO][REST Server] - Received Mission
[2025-04-07 18:26:42,624] - [REST][INFO][REST Server] - Received Mission
[2025-04-07 18:26:42,625] - [REST][INFO][gRPC REST] - Sending mission to Fleet Management
[2025-04-07 18:26:42,625] - [REST][INFO][gRPC REST] - Sending mission to Fleet Management
[2025-04-07 18:26:42,625] - [REST][INFO][gRPC REST] - Sending mission to Fleet Management
[2025-04-07 18:26:42,631] - [REST][INFO][gRPC REST] - ACK received from Fleet Management
[2025-04-07 18:26:42,631] - [REST][INFO][gRPC REST] - ACK received from Fleet Management
[2025-04-07 18:26:42,631] - [REST][INFO][gRPC REST] - ACK received from Fleet Management
[2025-04-07 18:28:51,693] - [REST][INFO][gRPC REST] - Mission status received from Fleet Management
[2025-04-07 18:28:51,693] - [REST][INFO][gRPC REST] - Mission status received from Fleet Management
[2025-04-07 18:28:51,693] - [REST][INFO][gRPC REST] - Mission status received from Fleet Management
[2025-04-07 18:30:29,716] - [REST][INFO][gRPC REST] - Mission status received from Fleet Management
[2025-04-07 18:30:29,716] - [REST][INFO][gRPC REST] - Mission status received from Fleet Management
[2025-04-07 18:30:29,716] - [REST][INFO][gRPC REST] - Mission status received from Fleet Management
[2025-04-07 18:30:56,337] - [REST][INFO][REST Server] - Received Mission
[2025-04-07 18:30:56,337] - [REST][INFO][REST Server] - Received Mission
[2025-04-07 18:30:56,337] - [REST][INFO][REST Server] - Received Mission
[2025-04-07 18:30:56,337] - [REST][INFO][REST Server] - Received Mission
[2025-04-07 18:30:56,339] - [REST][INFO][gRPC REST] - Sending mission to Fleet Management
[2025-04-07 18:30:56,339] - [REST][INFO][gRPC REST] - Sending mission to Fleet Management
[2025-04-07 18:30:56,339] - [REST][INFO][gRPC REST] - Sending mission to Fleet Management
[2025-04-07 18:30:56,339] - [REST][INFO][gRPC REST] - Sending mission to Fleet Management
[2025-04-07 18:30:56,344] - [REST][INFO][gRPC REST] - ACK received from Fleet Management
[2025-04-07 18:30:56,344] - [REST][INFO][gRPC REST] - ACK received from Fleet Management
[2025-04-07 18:30:56,344] - [REST][INFO][gRPC REST] - ACK received from Fleet Management
[2025-04-07 18:30:56,344] - [REST][INFO][gRPC REST] - ACK received from Fleet Management
[2025-04-07 18:33:05,396] - [REST][INFO][gRPC REST] - Mission status received from Fleet Management
[2025-04-07 18:33:05,396] - [REST][INFO][gRPC REST] - Mission status received from Fleet Management
[2025-04-07 18:33:05,396] - [REST][INFO][gRPC REST] - Mission status received from Fleet Management
[2025-04-07 18:33:05,396] - [REST][INFO][gRPC REST] - Mission status received from Fleet Management
[2025-04-07 18:54:28,474] - [REST][INFO][gRPC REST] - Server started
[2025-04-07 18:54:37,876] - [REST][INFO][REST Server] - Received Mission
[2025-04-07 18:54:37,876] - [REST][INFO][REST Server] - Received Mission
[2025-04-07 18:54:37,878] - [REST][INFO][gRPC REST] - Sending mission to Fleet Management
[2025-04-07 18:54:37,878] - [REST][INFO][gRPC REST] - Sending mission to Fleet Management
[2025-04-07 18:54:37,883] - [REST][INFO][gRPC REST] - ACK received from Fleet Management
[2025-04-07 18:54:37,883] - [REST][INFO][gRPC REST] - ACK received from Fleet Management
[2025-04-07 18:56:46,959] - [REST][INFO][gRPC REST] - Mission status received from Fleet Management
[2025-04-07 18:56:46,959] - [REST][INFO][gRPC REST] - Mission status received from Fleet Management
[2025-04-07 18:57:10,951] - [REST][INFO][REST Server] - Received Mission
[2025-04-07 18:57:10,951] - [REST][INFO][REST Server] - Received Mission
[2025-04-07 18:57:10,951] - [REST][INFO][REST Server] - Received Mission
[2025-04-07 18:57:10,952] - [REST][INFO][gRPC REST] - Sending mission to Fleet Management
[2025-04-07 18:57:10,952] - [REST][INFO][gRPC REST] - Sending mission to Fleet Management
[2025-04-07 18:57:10,952] - [REST][INFO][gRPC REST] - Sending mission to Fleet Management
[2025-04-07 18:57:10,956] - [REST][INFO][gRPC REST] - ACK received from Fleet Management
[2025-04-07 18:57:10,956] - [REST][INFO][gRPC REST] - ACK received from Fleet Management
[2025-04-07 18:57:10,956] - [REST][INFO][gRPC REST] - ACK received from Fleet Management
[2025-04-07 19:17:32,777] - [REST][INFO][gRPC REST] - Server started
[2025-04-07 19:17:39,489] - [REST][INFO][REST Server] - Received Mission
[2025-04-07 19:17:39,489] - [REST][INFO][REST Server] - Received Mission
[2025-04-07 19:17:39,492] - [REST][INFO][gRPC REST] - Sending mission to Fleet Management
[2025-04-07 19:17:39,492] - [REST][INFO][gRPC REST] - Sending mission to Fleet Management
[2025-04-07 19:17:39,496] - [REST][INFO][gRPC REST] - ACK received from Fleet Management
[2025-04-07 19:17:39,496] - [REST][INFO][gRPC REST] - ACK received from Fleet Management
[2025-04-07 19:19:48,561] - [REST][INFO][gRPC REST] - Mission status received from Fleet Management
[2025-04-07 19:19:48,561] - [REST][INFO][gRPC REST] - Mission status received from Fleet Management
[2025-04-07 19:24:45,828] - [REST][INFO][gRPC REST] - Server started
[2025-04-07 19:24:51,593] - [REST][INFO][REST Server] - Received Mission
[2025-04-07 19:24:51,593] - [REST][INFO][REST Server] - Received Mission
[2025-04-07 19:24:51,594] - [REST][INFO][gRPC REST] - Sending mission to Fleet Management
[2025-04-07 19:24:51,594] - [REST][INFO][gRPC REST] - Sending mission to Fleet Management
[2025-04-07 19:24:51,600] - [REST][INFO][gRPC REST] - ACK received from Fleet Management
[2025-04-07 19:24:51,600] - [REST][INFO][gRPC REST] - ACK received from Fleet Management
[2025-04-07 19:27:00,662] - [REST][INFO][gRPC REST] - Mission status received from Fleet Management
[2025-04-07 19:27:00,662] - [REST][INFO][gRPC REST] - Mission status received from Fleet Management
[2025-04-07 19:27:16,951] - [REST][INFO][REST Server] - Received Mission
[2025-04-07 19:27:16,951] - [REST][INFO][REST Server] - Received Mission
[2025-04-07 19:27:16,951] - [REST][INFO][REST Server] - Received Mission
[2025-04-07 19:27:16,952] - [REST][INFO][gRPC REST] - Sending mission to Fleet Management
[2025-04-07 19:27:16,952] - [REST][INFO][gRPC REST] - Sending mission to Fleet Management
[2025-04-07 19:27:16,952] - [REST][INFO][gRPC REST] - Sending mission to Fleet Management
[2025-04-07 19:27:16,957] - [REST][INFO][gRPC REST] - ACK received from Fleet Management
[2025-04-07 19:27:16,957] - [REST][INFO][gRPC REST] - ACK received from Fleet Management
[2025-04-07 19:27:16,957] - [REST][INFO][gRPC REST] - ACK received from Fleet Management
[2025-04-09 12:24:00,604] - [REST][INFO][gRPC REST] - Server started
[2025-04-09 12:24:30,172] - [REST][INFO][REST Server] - Received Mission
[2025-04-09 12:24:30,172] - [REST][INFO][REST Server] - Received Mission
[2025-04-09 12:24:30,174] - [REST][INFO][gRPC REST] - Sending mission to Fleet Management
[2025-04-09 12:24:30,174] - [REST][INFO][gRPC REST] - Sending mission to Fleet Management
[2025-04-09 12:24:30,180] - [REST][INFO][gRPC REST] - ACK received from Fleet Management
[2025-04-09 12:24:30,180] - [REST][INFO][gRPC REST] - ACK received from Fleet Management
[2025-04-09 12:24:38,300] - [REST][INFO][REST Server] - Received Mission
[2025-04-09 12:24:38,300] - [REST][INFO][REST Server] - Received Mission
[2025-04-09 12:24:38,300] - [REST][INFO][REST Server] - Received Mission
[2025-04-09 12:24:38,301] - [REST][INFO][gRPC REST] - Sending mission to Fleet Management
[2025-04-09 12:24:38,301] - [REST][INFO][gRPC REST] - Sending mission to Fleet Management
[2025-04-09 12:24:38,301] - [REST][INFO][gRPC REST] - Sending mission to Fleet Management
[2025-04-09 12:24:38,306] - [REST][INFO][gRPC REST] - ACK received from Fleet Management
[2025-04-09 12:24:38,306] - [REST][INFO][gRPC REST] - ACK received from Fleet Management
[2025-04-09 12:24:38,306] - [REST][INFO][gRPC REST] - ACK received from Fleet Management
[2025-04-09 12:26:47,376] - [REST][INFO][gRPC REST] - Mission status received from Fleet Management
[2025-04-09 12:26:47,376] - [REST][INFO][gRPC REST] - Mission status received from Fleet Management
[2025-04-09 12:26:47,376] - [REST][INFO][gRPC REST] - Mission status received from Fleet Management
[2025-04-09 12:28:19,347] - [REST][INFO][gRPC REST] - Mission status received from Fleet Management
[2025-04-09 12:28:19,347] - [REST][INFO][gRPC REST] - Mission status received from Fleet Management
[2025-04-09 12:28:19,347] - [REST][INFO][gRPC REST] - Mission status received from Fleet Management
[2025-04-09 12:29:02,266] - [REST][INFO][REST Server] - Received Mission
[2025-04-09 12:29:02,266] - [REST][INFO][REST Server] - Received Mission
[2025-04-09 12:29:02,266] - [REST][INFO][REST Server] - Received Mission
[2025-04-09 12:29:02,266] - [REST][INFO][REST Server] - Received Mission
[2025-04-09 12:29:02,269] - [REST][INFO][gRPC REST] - Sending mission to Fleet Management
[2025-04-09 12:29:02,269] - [REST][INFO][gRPC REST] - Sending mission to Fleet Management
[2025-04-09 12:29:02,269] - [REST][INFO][gRPC REST] - Sending mission to Fleet Management
[2025-04-09 12:29:02,269] - [REST][INFO][gRPC REST] - Sending mission to Fleet Management
[2025-04-09 12:29:02,277] - [REST][INFO][gRPC REST] - ACK received from Fleet Management
[2025-04-09 12:29:02,277] - [REST][INFO][gRPC REST] - ACK received from Fleet Management
[2025-04-09 12:29:02,277] - [REST][INFO][gRPC REST] - ACK received from Fleet Management
[2025-04-09 12:29:02,277] - [REST][INFO][gRPC REST] - ACK received from Fleet Management
[2025-04-09 12:29:05,952] - [REST][INFO][REST Server] - Received Mission
[2025-04-09 12:29:05,952] - [REST][INFO][REST Server] - Received Mission
[2025-04-09 12:29:05,952] - [REST][INFO][REST Server] - Received Mission
[2025-04-09 12:29:05,952] - [REST][INFO][REST Server] - Received Mission
[2025-04-09 12:29:05,952] - [REST][INFO][REST Server] - Received Mission
[2025-04-09 12:29:05,954] - [REST][INFO][gRPC REST] - Sending mission to Fleet Management
[2025-04-09 12:29:05,954] - [REST][INFO][gRPC REST] - Sending mission to Fleet Management
[2025-04-09 12:29:05,954] - [REST][INFO][gRPC REST] - Sending mission to Fleet Management
[2025-04-09 12:29:05,954] - [REST][INFO][gRPC REST] - Sending mission to Fleet Management
[2025-04-09 12:29:05,954] - [REST][INFO][gRPC REST] - Sending mission to Fleet Management
[2025-04-09 12:29:05,959] - [REST][INFO][gRPC REST] - ACK received from Fleet Management
[2025-04-09 12:29:05,959] - [REST][INFO][gRPC REST] - ACK received from Fleet Management
[2025-04-09 12:29:05,959] - [REST][INFO][gRPC REST] - ACK received from Fleet Management
[2025-04-09 12:29:05,959] - [REST][INFO][gRPC REST] - ACK received from Fleet Management
[2025-04-09 12:29:05,959] - [REST][INFO][gRPC REST] - ACK received from Fleet Management
[2025-04-09 12:31:15,019] - [REST][INFO][gRPC REST] - Mission status received from Fleet Management
[2025-04-09 12:31:15,019] - [REST][INFO][gRPC REST] - Mission status received from Fleet Management
[2025-04-09 12:31:15,019] - [REST][INFO][gRPC REST] - Mission status received from Fleet Management
[2025-04-09 12:31:15,019] - [REST][INFO][gRPC REST] - Mission status received from Fleet Management
[2025-04-09 12:31:15,019] - [REST][INFO][gRPC REST] - Mission status received from Fleet Management
[2025-04-09 12:32:51,379] - [REST][INFO][gRPC REST] - Mission status received from Fleet Management
[2025-04-09 12:32:51,379] - [REST][INFO][gRPC REST] - Mission status received from Fleet Management
[2025-04-09 12:32:51,379] - [REST][INFO][gRPC REST] - Mission status received from Fleet Management
[2025-04-09 12:32:51,379] - [REST][INFO][gRPC REST] - Mission status received from Fleet Management
[2025-04-09 12:32:51,379] - [REST][INFO][gRPC REST] - Mission status received from Fleet Management
[2025-04-09 12:47:24,569] - [REST][INFO][gRPC REST] - Server started
[2025-04-09 12:54:45,678] - [REST][INFO][gRPC REST] - Server started
[2025-04-09 13:23:26,465] - [REST][INFO][gRPC REST] - Server started
[2025-04-09 16:45:22,144] - [REST][INFO][gRPC REST] - Server started
[2025-04-09 16:53:35,242] - [REST][INFO][REST Server] - Received Mission
[2025-04-09 16:53:35,242] - [REST][INFO][REST Server] - Received Mission
[2025-04-09 16:53:35,244] - [REST][INFO][gRPC REST] - Sending mission to Fleet Management
[2025-04-09 16:53:35,244] - [REST][INFO][gRPC REST] - Sending mission to Fleet Management
[2025-04-09 16:53:35,256] - [REST][INFO][gRPC REST] - ACK received from Fleet Management
[2025-04-09 16:53:35,256] - [REST][INFO][gRPC REST] - ACK received from Fleet Management
[2025-04-09 17:25:02,249] - [REST][INFO][gRPC REST] - Server started
[2025-04-09 17:26:43,967] - [REST][INFO][REST Server] - Received Mission
[2025-04-09 17:26:43,967] - [REST][INFO][REST Server] - Received Mission
[2025-04-09 17:26:43,969] - [REST][INFO][gRPC REST] - Sending mission to Fleet Management
[2025-04-09 17:26:43,969] - [REST][INFO][gRPC REST] - Sending mission to Fleet Management
[2025-04-09 17:26:43,974] - [REST][INFO][gRPC REST] - ACK received from Fleet Management
[2025-04-09 17:26:43,974] - [REST][INFO][gRPC REST] - ACK received from Fleet Management
[2025-04-09 17:30:33,108] - [REST][INFO][gRPC REST] - Mission status received from Fleet Management
[2025-04-09 17:30:33,108] - [REST][INFO][gRPC REST] - Mission status received from Fleet Management
[2025-04-09 17:31:23,143] - [REST][INFO][REST Server] - Received Mission
[2025-04-09 17:31:23,143] - [REST][INFO][REST Server] - Received Mission
[2025-04-09 17:31:23,143] - [REST][INFO][REST Server] - Received Mission
[2025-04-09 17:31:23,145] - [REST][INFO][gRPC REST] - Sending mission to Fleet Management
[2025-04-09 17:31:23,145] - [REST][INFO][gRPC REST] - Sending mission to Fleet Management
[2025-04-09 17:31:23,145] - [REST][INFO][gRPC REST] - Sending mission to Fleet Management
[2025-04-09 17:31:23,150] - [REST][INFO][gRPC REST] - ACK received from Fleet Management
[2025-04-09 17:31:23,150] - [REST][INFO][gRPC REST] - ACK received from Fleet Management
[2025-04-09 17:31:23,150] - [REST][INFO][gRPC REST] - ACK received from Fleet Management
[2025-04-09 17:31:34,685] - [REST][INFO][REST Server] - Received Mission
[2025-04-09 17:31:34,685] - [REST][INFO][REST Server] - Received Mission
[2025-04-09 17:31:34,685] - [REST][INFO][REST Server] - Received Mission
[2025-04-09 17:31:34,685] - [REST][INFO][REST Server] - Received Mission
[2025-04-09 17:31:34,687] - [REST][INFO][gRPC REST] - Sending mission to Fleet Management
[2025-04-09 17:31:34,687] - [REST][INFO][gRPC REST] - Sending mission to Fleet Management
[2025-04-09 17:31:34,687] - [REST][INFO][gRPC REST] - Sending mission to Fleet Management
[2025-04-09 17:31:34,687] - [REST][INFO][gRPC REST] - Sending mission to Fleet Management
[2025-04-09 17:31:34,693] - [REST][INFO][gRPC REST] - ACK received from Fleet Management
[2025-04-09 17:31:34,693] - [REST][INFO][gRPC REST] - ACK received from Fleet Management
[2025-04-09 17:31:34,693] - [REST][INFO][gRPC REST] - ACK received from Fleet Management
[2025-04-09 17:31:34,693] - [REST][INFO][gRPC REST] - ACK received from Fleet Management
[2025-04-09 17:33:43,754] - [REST][INFO][gRPC REST] - Mission status received from Fleet Management
[2025-04-09 17:33:43,754] - [REST][INFO][gRPC REST] - Mission status received from Fleet Management
[2025-04-09 17:33:43,754] - [REST][INFO][gRPC REST] - Mission status received from Fleet Management
[2025-04-09 17:33:43,754] - [REST][INFO][gRPC REST] - Mission status received from Fleet Management
[2025-04-09 17:35:12,253] - [REST][INFO][gRPC REST] - Mission status received from Fleet Management
[2025-04-09 17:35:12,253] - [REST][INFO][gRPC REST] - Mission status received from Fleet Management
[2025-04-09 17:35:12,253] - [REST][INFO][gRPC REST] - Mission status received from Fleet Management
[2025-04-09 17:35:12,253] - [REST][INFO][gRPC REST] - Mission status received from Fleet Management
[2025-04-09 17:46:26,325] - [REST][INFO][REST Server] - Received Mission
[2025-04-09 17:46:26,325] - [REST][INFO][REST Server] - Received Mission
[2025-04-09 17:46:26,325] - [REST][INFO][REST Server] - Received Mission
[2025-04-09 17:46:26,325] - [REST][INFO][REST Server] - Received Mission
[2025-04-09 17:46:26,325] - [REST][INFO][REST Server] - Received Mission
[2025-04-09 17:46:26,327] - [REST][INFO][gRPC REST] - Sending mission to Fleet Management
[2025-04-09 17:46:26,327] - [REST][INFO][gRPC REST] - Sending mission to Fleet Management
[2025-04-09 17:46:26,327] - [REST][INFO][gRPC REST] - Sending mission to Fleet Management
[2025-04-09 17:46:26,327] - [REST][INFO][gRPC REST] - Sending mission to Fleet Management
[2025-04-09 17:46:26,327] - [REST][INFO][gRPC REST] - Sending mission to Fleet Management
[2025-04-09 17:46:26,333] - [REST][INFO][gRPC REST] - ACK received from Fleet Management
[2025-04-09 17:46:26,333] - [REST][INFO][gRPC REST] - ACK received from Fleet Management
[2025-04-09 17:46:26,333] - [REST][INFO][gRPC REST] - ACK received from Fleet Management
[2025-04-09 17:46:26,333] - [REST][INFO][gRPC REST] - ACK received from Fleet Management
[2025-04-09 17:46:26,333] - [REST][INFO][gRPC REST] - ACK received from Fleet Management
[2025-04-09 17:46:28,192] - [REST][INFO][REST Server] - Received Mission
[2025-04-09 17:46:28,192] - [REST][INFO][REST Server] - Received Mission
[2025-04-09 17:46:28,192] - [REST][INFO][REST Server] - Received Mission
[2025-04-09 17:46:28,192] - [REST][INFO][REST Server] - Received Mission
[2025-04-09 17:46:28,192] - [REST][INFO][REST Server] - Received Mission
[2025-04-09 17:46:28,192] - [REST][INFO][REST Server] - Received Mission
[2025-04-09 17:46:28,195] - [REST][INFO][gRPC REST] - Sending mission to Fleet Management
[2025-04-09 17:46:28,195] - [REST][INFO][gRPC REST] - Sending mission to Fleet Management
[2025-04-09 17:46:28,195] - [REST][INFO][gRPC REST] - Sending mission to Fleet Management
[2025-04-09 17:46:28,195] - [REST][INFO][gRPC REST] - Sending mission to Fleet Management
[2025-04-09 17:46:28,195] - [REST][INFO][gRPC REST] - Sending mission to Fleet Management
[2025-04-09 17:46:28,195] - [REST][INFO][gRPC REST] - Sending mission to Fleet Management
[2025-04-09 17:46:28,205] - [REST][INFO][gRPC REST] - ACK received from Fleet Management
[2025-04-09 17:46:28,205] - [REST][INFO][gRPC REST] - ACK received from Fleet Management
[2025-04-09 17:46:28,205] - [REST][INFO][gRPC REST] - ACK received from Fleet Management
[2025-04-09 17:46:28,205] - [REST][INFO][gRPC REST] - ACK received from Fleet Management
[2025-04-09 17:46:28,205] - [REST][INFO][gRPC REST] - ACK received from Fleet Management
[2025-04-09 17:46:28,205] - [REST][INFO][gRPC REST] - ACK received from Fleet Management
[2025-04-09 17:47:16,755] - [REST][INFO][REST Server] - Received Mission
[2025-04-09 17:47:16,755] - [REST][INFO][REST Server] - Received Mission
[2025-04-09 17:47:16,755] - [REST][INFO][REST Server] - Received Mission
[2025-04-09 17:47:16,755] - [REST][INFO][REST Server] - Received Mission
[2025-04-09 17:47:16,755] - [REST][INFO][REST Server] - Received Mission
[2025-04-09 17:47:16,755] - [REST][INFO][REST Server] - Received Mission
[2025-04-09 17:47:16,755] - [REST][INFO][REST Server] - Received Mission
[2025-04-09 17:47:16,758] - [REST][INFO][gRPC REST] - Sending mission to Fleet Management
[2025-04-09 17:47:16,758] - [REST][INFO][gRPC REST] - Sending mission to Fleet Management
[2025-04-09 17:47:16,758] - [REST][INFO][gRPC REST] - Sending mission to Fleet Management
[2025-04-09 17:47:16,758] - [REST][INFO][gRPC REST] - Sending mission to Fleet Management
[2025-04-09 17:47:16,758] - [REST][INFO][gRPC REST] - Sending mission to Fleet Management
[2025-04-09 17:47:16,758] - [REST][INFO][gRPC REST] - Sending mission to Fleet Management
[2025-04-09 17:47:16,758] - [REST][INFO][gRPC REST] - Sending mission to Fleet Management
[2025-04-09 17:47:16,762] - [REST][INFO][gRPC REST] - ACK received from Fleet Management
[2025-04-09 17:47:16,762] - [REST][INFO][gRPC REST] - ACK received from Fleet Management
[2025-04-09 17:47:16,762] - [REST][INFO][gRPC REST] - ACK received from Fleet Management
[2025-04-09 17:47:16,762] - [REST][INFO][gRPC REST] - ACK received from Fleet Management
[2025-04-09 17:47:16,762] - [REST][INFO][gRPC REST] - ACK received from Fleet Management
[2025-04-09 17:47:16,762] - [REST][INFO][gRPC REST] - ACK received from Fleet Management
[2025-04-09 17:47:16,762] - [REST][INFO][gRPC REST] - ACK received from Fleet Management
[2025-04-09 17:49:25,807] - [REST][INFO][gRPC REST] - Mission status received from Fleet Management
[2025-04-09 17:49:25,807] - [REST][INFO][gRPC REST] - Mission status received from Fleet Management
[2025-04-09 17:49:25,807] - [REST][INFO][gRPC REST] - Mission status received from Fleet Management
[2025-04-09 17:49:25,807] - [REST][INFO][gRPC REST] - Mission status received from Fleet Management
[2025-04-09 17:49:25,807] - [REST][INFO][gRPC REST] - Mission status received from Fleet Management
[2025-04-09 17:49:25,807] - [REST][INFO][gRPC REST] - Mission status received from Fleet Management
[2025-04-09 17:49:25,807] - [REST][INFO][gRPC REST] - Mission status received from Fleet Management
[2025-04-09 17:50:16,668] - [REST][INFO][REST Server] - Received Mission
[2025-04-09 17:50:16,668] - [REST][INFO][REST Server] - Received Mission
[2025-04-09 17:50:16,668] - [REST][INFO][REST Server] - Received Mission
[2025-04-09 17:50:16,668] - [REST][INFO][REST Server] - Received Mission
[2025-04-09 17:50:16,668] - [REST][INFO][REST Server] - Received Mission
[2025-04-09 17:50:16,668] - [REST][INFO][REST Server] - Received Mission
[2025-04-09 17:50:16,668] - [REST][INFO][REST Server] - Received Mission
[2025-04-09 17:50:16,668] - [REST][INFO][REST Server] - Received Mission
[2025-04-09 17:50:16,670] - [REST][INFO][gRPC REST] - Sending mission to Fleet Management
[2025-04-09 17:50:16,670] - [REST][INFO][gRPC REST] - Sending mission to Fleet Management
[2025-04-09 17:50:16,670] - [REST][INFO][gRPC REST] - Sending mission to Fleet Management
[2025-04-09 17:50:16,670] - [REST][INFO][gRPC REST] - Sending mission to Fleet Management
[2025-04-09 17:50:16,670] - [REST][INFO][gRPC REST] - Sending mission to Fleet Management
[2025-04-09 17:50:16,670] - [REST][INFO][gRPC REST] - Sending mission to Fleet Management
[2025-04-09 17:50:16,670] - [REST][INFO][gRPC REST] - Sending mission to Fleet Management
[2025-04-09 17:50:16,670] - [REST][INFO][gRPC REST] - Sending mission to Fleet Management
[2025-04-09 17:50:16,675] - [REST][INFO][gRPC REST] - ACK received from Fleet Management
[2025-04-09 17:50:16,675] - [REST][INFO][gRPC REST] - ACK received from Fleet Management
[2025-04-09 17:50:16,675] - [REST][INFO][gRPC REST] - ACK received from Fleet Management
[2025-04-09 17:50:16,675] - [REST][INFO][gRPC REST] - ACK received from Fleet Management
[2025-04-09 17:50:16,675] - [REST][INFO][gRPC REST] - ACK received from Fleet Management
[2025-04-09 17:50:16,675] - [REST][INFO][gRPC REST] - ACK received from Fleet Management
[2025-04-09 17:50:16,675] - [REST][INFO][gRPC REST] - ACK received from Fleet Management
[2025-04-09 17:50:16,675] - [REST][INFO][gRPC REST] - ACK received from Fleet Management
[2025-04-09 17:52:25,720] - [REST][INFO][gRPC REST] - Mission status received from Fleet Management
[2025-04-09 17:52:25,720] - [REST][INFO][gRPC REST] - Mission status received from Fleet Management
[2025-04-09 17:52:25,720] - [REST][INFO][gRPC REST] - Mission status received from Fleet Management
[2025-04-09 17:52:25,720] - [REST][INFO][gRPC REST] - Mission status received from Fleet Management
[2025-04-09 17:52:25,720] - [REST][INFO][gRPC REST] - Mission status received from Fleet Management
[2025-04-09 17:52:25,720] - [REST][INFO][gRPC REST] - Mission status received from Fleet Management
[2025-04-09 17:52:25,720] - [REST][INFO][gRPC REST] - Mission status received from Fleet Management
[2025-04-09 17:52:25,720] - [REST][INFO][gRPC REST] - Mission status received from Fleet Management
[2025-04-09 17:56:30,070] - [REST][INFO][REST Server] - Received Mission
[2025-04-09 17:56:30,070] - [REST][INFO][REST Server] - Received Mission
[2025-04-09 17:56:30,070] - [REST][INFO][REST Server] - Received Mission
[2025-04-09 17:56:30,070] - [REST][INFO][REST Server] - Received Mission
[2025-04-09 17:56:30,070] - [REST][INFO][REST Server] - Received Mission
[2025-04-09 17:56:30,070] - [REST][INFO][REST Server] - Received Mission
[2025-04-09 17:56:30,070] - [REST][INFO][REST Server] - Received Mission
[2025-04-09 17:56:30,070] - [REST][INFO][REST Server] - Received Mission
[2025-04-09 17:56:30,070] - [REST][INFO][REST Server] - Received Mission
[2025-04-09 17:56:30,072] - [REST][INFO][gRPC REST] - Sending mission to Fleet Management
[2025-04-09 17:56:30,072] - [REST][INFO][gRPC REST] - Sending mission to Fleet Management
[2025-04-09 17:56:30,072] - [REST][INFO][gRPC REST] - Sending mission to Fleet Management
[2025-04-09 17:56:30,072] - [REST][INFO][gRPC REST] - Sending mission to Fleet Management
[2025-04-09 17:56:30,072] - [REST][INFO][gRPC REST] - Sending mission to Fleet Management
[2025-04-09 17:56:30,072] - [REST][INFO][gRPC REST] - Sending mission to Fleet Management
[2025-04-09 17:56:30,072] - [REST][INFO][gRPC REST] - Sending mission to Fleet Management
[2025-04-09 17:56:30,072] - [REST][INFO][gRPC REST] - Sending mission to Fleet Management
[2025-04-09 17:56:30,072] - [REST][INFO][gRPC REST] - Sending mission to Fleet Management
[2025-04-09 17:56:30,077] - [REST][INFO][gRPC REST] - ACK received from Fleet Management
[2025-04-09 17:56:30,077] - [REST][INFO][gRPC REST] - ACK received from Fleet Management
[2025-04-09 17:56:30,077] - [REST][INFO][gRPC REST] - ACK received from Fleet Management
[2025-04-09 17:56:30,077] - [REST][INFO][gRPC REST] - ACK received from Fleet Management
[2025-04-09 17:56:30,077] - [REST][INFO][gRPC REST] - ACK received from Fleet Management
[2025-04-09 17:56:30,077] - [REST][INFO][gRPC REST] - ACK received from Fleet Management
[2025-04-09 17:56:30,077] - [REST][INFO][gRPC REST] - ACK received from Fleet Management
[2025-04-09 17:56:30,077] - [REST][INFO][gRPC REST] - ACK received from Fleet Management
[2025-04-09 17:56:30,077] - [REST][INFO][gRPC REST] - ACK received from Fleet Management
[2025-04-09 17:58:39,319] - [REST][INFO][gRPC REST] - Mission status received from Fleet Management
[2025-04-09 17:58:39,319] - [REST][INFO][gRPC REST] - Mission status received from Fleet Management
[2025-04-09 17:58:39,319] - [REST][INFO][gRPC REST] - Mission status received from Fleet Management
[2025-04-09 17:58:39,319] - [REST][INFO][gRPC REST] - Mission status received from Fleet Management
[2025-04-09 17:58:39,319] - [REST][INFO][gRPC REST] - Mission status received from Fleet Management
[2025-04-09 17:58:39,319] - [REST][INFO][gRPC REST] - Mission status received from Fleet Management
[2025-04-09 17:58:39,319] - [REST][INFO][gRPC REST] - Mission status received from Fleet Management
[2025-04-09 17:58:39,319] - [REST][INFO][gRPC REST] - Mission status received from Fleet Management
[2025-04-09 17:58:39,319] - [REST][INFO][gRPC REST] - Mission status received from Fleet Management
[2025-04-09 21:50:40,616] - [REST][INFO][gRPC REST] - Server started
[2025-04-09 21:50:47,470] - [REST][INFO][REST Server] - Received Mission
[2025-04-09 21:50:47,470] - [REST][INFO][REST Server] - Received Mission
[2025-04-09 21:50:47,475] - [REST][INFO][gRPC REST] - Sending mission to Fleet Management
[2025-04-09 21:50:47,475] - [REST][INFO][gRPC REST] - Sending mission to Fleet Management
[2025-04-09 21:50:47,491] - [REST][INFO][gRPC REST] - ACK received from Fleet Management
[2025-04-09 21:50:47,491] - [REST][INFO][gRPC REST] - ACK received from Fleet Management
[2025-04-09 22:00:44,212] - [REST][INFO][REST Server] - Received Mission
[2025-04-09 22:00:44,212] - [REST][INFO][REST Server] - Received Mission
[2025-04-09 22:00:44,212] - [REST][INFO][REST Server] - Received Mission
[2025-04-09 22:00:44,221] - [REST][INFO][gRPC REST] - Sending mission to Fleet Management
[2025-04-09 22:00:44,221] - [REST][INFO][gRPC REST] - Sending mission to Fleet Management
[2025-04-09 22:00:44,221] - [REST][INFO][gRPC REST] - Sending mission to Fleet Management
[2025-04-09 22:00:44,245] - [REST][INFO][gRPC REST] - ACK received from Fleet Management
[2025-04-09 22:00:44,245] - [REST][INFO][gRPC REST] - ACK received from Fleet Management
[2025-04-09 22:00:44,245] - [REST][INFO][gRPC REST] - ACK received from Fleet Management
[2025-04-09 22:04:27,759] - [REST][INFO][REST Server] - Received Mission
[2025-04-09 22:04:27,759] - [REST][INFO][REST Server] - Received Mission
[2025-04-09 22:04:27,759] - [REST][INFO][REST Server] - Received Mission
[2025-04-09 22:04:27,759] - [REST][INFO][REST Server] - Received Mission
[2025-04-09 22:04:27,765] - [REST][INFO][gRPC REST] - Sending mission to Fleet Management
[2025-04-09 22:04:27,765] - [REST][INFO][gRPC REST] - Sending mission to Fleet Management
[2025-04-09 22:04:27,765] - [REST][INFO][gRPC REST] - Sending mission to Fleet Management
[2025-04-09 22:04:27,765] - [REST][INFO][gRPC REST] - Sending mission to Fleet Management
[2025-04-09 22:04:27,779] - [REST][INFO][gRPC REST] - ACK received from Fleet Management
[2025-04-09 22:04:27,779] - [REST][INFO][gRPC REST] - ACK received from Fleet Management
[2025-04-09 22:04:27,779] - [REST][INFO][gRPC REST] - ACK received from Fleet Management
[2025-04-09 22:04:27,779] - [REST][INFO][gRPC REST] - ACK received from Fleet Management
[2025-04-09 22:14:12,535] - [REST][INFO][REST Server] - Received Mission
[2025-04-09 22:14:12,535] - [REST][INFO][REST Server] - Received Mission
[2025-04-09 22:14:12,535] - [REST][INFO][REST Server] - Received Mission
[2025-04-09 22:14:12,535] - [REST][INFO][REST Server] - Received Mission
[2025-04-09 22:14:12,535] - [REST][INFO][REST Server] - Received Mission
[2025-04-09 22:14:12,541] - [REST][INFO][gRPC REST] - Sending mission to Fleet Management
[2025-04-09 22:14:12,541] - [REST][INFO][gRPC REST] - Sending mission to Fleet Management
[2025-04-09 22:14:12,541] - [REST][INFO][gRPC REST] - Sending mission to Fleet Management
[2025-04-09 22:14:12,541] - [REST][INFO][gRPC REST] - Sending mission to Fleet Management
[2025-04-09 22:14:12,541] - [REST][INFO][gRPC REST] - Sending mission to Fleet Management
[2025-04-09 22:14:12,556] - [REST][INFO][gRPC REST] - ACK received from Fleet Management
[2025-04-09 22:14:12,556] - [REST][INFO][gRPC REST] - ACK received from Fleet Management
[2025-04-09 22:14:12,556] - [REST][INFO][gRPC REST] - ACK received from Fleet Management
[2025-04-09 22:14:12,556] - [REST][INFO][gRPC REST] - ACK received from Fleet Management
[2025-04-09 22:14:12,556] - [REST][INFO][gRPC REST] - ACK received from Fleet Management
[2025-04-09 22:14:45,332] - [REST][INFO][gRPC REST] - Server started
[2025-04-09 22:14:52,144] - [REST][INFO][REST Server] - Received Mission
[2025-04-09 22:14:52,144] - [REST][INFO][REST Server] - Received Mission
[2025-04-09 22:14:52,149] - [REST][INFO][gRPC REST] - Sending mission to Fleet Management
[2025-04-09 22:14:52,149] - [REST][INFO][gRPC REST] - Sending mission to Fleet Management
[2025-04-09 22:14:52,166] - [REST][INFO][gRPC REST] - ACK received from Fleet Management
[2025-04-09 22:14:52,166] - [REST][INFO][gRPC REST] - ACK received from Fleet Management
[2025-04-09 22:28:50,697] - [REST][INFO][gRPC REST] - Server started
[2025-04-09 22:28:56,486] - [REST][INFO][REST Server] - Received Mission
[2025-04-09 22:28:56,486] - [REST][INFO][REST Server] - Received Mission
[2025-04-09 22:28:56,495] - [REST][INFO][gRPC REST] - Sending mission to Fleet Management
[2025-04-09 22:28:56,495] - [REST][INFO][gRPC REST] - Sending mission to Fleet Management
[2025-04-09 22:28:56,518] - [REST][INFO][gRPC REST] - ACK received from Fleet Management
[2025-04-09 22:28:56,518] - [REST][INFO][gRPC REST] - ACK received from Fleet Management
[2025-04-09 22:33:44,738] - [REST][INFO][gRPC REST] - Server started
[2025-04-09 22:33:48,726] - [REST][INFO][REST Server] - Received Mission
[2025-04-09 22:33:48,726] - [REST][INFO][REST Server] - Received Mission
[2025-04-09 22:33:48,732] - [REST][INFO][gRPC REST] - Sending mission to Fleet Management
[2025-04-09 22:33:48,732] - [REST][INFO][gRPC REST] - Sending mission to Fleet Management
[2025-04-09 22:33:48,746] - [REST][INFO][gRPC REST] - ACK received from Fleet Management
[2025-04-09 22:33:48,746] - [REST][INFO][gRPC REST] - ACK received from Fleet Management
[2025-04-09 22:58:00,956] - [REST][INFO][gRPC REST] - Server started
[2025-04-09 22:58:04,970] - [REST][INFO][REST Server] - Received Mission
[2025-04-09 22:58:04,970] - [REST][INFO][REST Server] - Received Mission
[2025-04-09 22:58:04,981] - [REST][INFO][gRPC REST] - Sending mission to Fleet Management
[2025-04-09 22:58:04,981] - [REST][INFO][gRPC REST] - Sending mission to Fleet Management
[2025-04-09 22:58:04,999] - [REST][INFO][gRPC REST] - ACK received from Fleet Management
[2025-04-09 22:58:04,999] - [REST][INFO][gRPC REST] - ACK received from Fleet Management
[2025-04-09 22:59:35,329] - [REST][INFO][gRPC REST] - Server started
[2025-04-09 22:59:45,930] - [REST][INFO][REST Server] - Received Mission
[2025-04-09 22:59:45,930] - [REST][INFO][REST Server] - Received Mission
[2025-04-09 22:59:45,935] - [REST][INFO][gRPC REST] - Sending mission to Fleet Management
[2025-04-09 22:59:45,935] - [REST][INFO][gRPC REST] - Sending mission to Fleet Management
[2025-04-09 22:59:45,950] - [REST][INFO][gRPC REST] - ACK received from Fleet Management
[2025-04-09 22:59:45,950] - [REST][INFO][gRPC REST] - ACK received from Fleet Management
[2025-04-09 23:01:09,013] - [REST][INFO][gRPC REST] - Server started
[2025-04-09 23:01:10,263] - [REST][INFO][REST Server] - Received Mission
[2025-04-09 23:01:10,263] - [REST][INFO][REST Server] - Received Mission
[2025-04-09 23:01:10,273] - [REST][INFO][gRPC REST] - Sending mission to Fleet Management
[2025-04-09 23:01:10,273] - [REST][INFO][gRPC REST] - Sending mission to Fleet Management
[2025-04-09 23:01:10,288] - [REST][INFO][gRPC REST] - ACK received from Fleet Management
[2025-04-09 23:01:10,288] - [REST][INFO][gRPC REST] - ACK received from Fleet Management
[2025-04-09 23:08:06,874] - [REST][INFO][gRPC REST] - Server started
[2025-04-09 23:08:07,563] - [REST][INFO][REST Server] - Received Mission
[2025-04-09 23:08:07,563] - [REST][INFO][REST Server] - Received Mission
[2025-04-09 23:08:07,568] - [REST][INFO][gRPC REST] - Sending mission to Fleet Management
[2025-04-09 23:08:07,568] - [REST][INFO][gRPC REST] - Sending mission to Fleet Management
[2025-04-09 23:08:07,583] - [REST][INFO][gRPC REST] - ACK received from Fleet Management
[2025-04-09 23:08:07,583] - [REST][INFO][gRPC REST] - ACK received from Fleet Management
[2025-04-09 23:10:23,280] - [REST][INFO][REST Server] - Received Mission
[2025-04-09 23:10:23,280] - [REST][INFO][REST Server] - Received Mission
[2025-04-09 23:10:23,280] - [REST][INFO][REST Server] - Received Mission
[2025-04-09 23:10:23,285] - [REST][INFO][gRPC REST] - Sending mission to Fleet Management
[2025-04-09 23:10:23,285] - [REST][INFO][gRPC REST] - Sending mission to Fleet Management
[2025-04-09 23:10:23,285] - [REST][INFO][gRPC REST] - Sending mission to Fleet Management
[2025-04-09 23:10:23,301] - [REST][INFO][gRPC REST] - ACK received from Fleet Management
[2025-04-09 23:10:23,301] - [REST][INFO][gRPC REST] - ACK received from Fleet Management
[2025-04-09 23:10:23,301] - [REST][INFO][gRPC REST] - ACK received from Fleet Management
[2025-04-09 23:11:50,058] - [REST][INFO][gRPC REST] - Server started
[2025-04-09 23:12:13,803] - [REST][INFO][REST Server] - Received Mission
[2025-04-09 23:12:13,803] - [REST][INFO][REST Server] - Received Mission
[2025-04-09 23:12:13,816] - [REST][INFO][gRPC REST] - Sending mission to Fleet Management
[2025-04-09 23:12:13,816] - [REST][INFO][gRPC REST] - Sending mission to Fleet Management
[2025-04-09 23:12:13,833] - [REST][INFO][gRPC REST] - ACK received from Fleet Management
[2025-04-09 23:12:13,833] - [REST][INFO][gRPC REST] - ACK received from Fleet Management
[2025-04-09 23:12:16,398] - [REST][INFO][REST Server] - Received Mission
[2025-04-09 23:12:16,398] - [REST][INFO][REST Server] - Received Mission
[2025-04-09 23:12:16,398] - [REST][INFO][REST Server] - Received Mission
[2025-04-09 23:12:16,404] - [REST][INFO][gRPC REST] - Sending mission to Fleet Management
[2025-04-09 23:12:16,404] - [REST][INFO][gRPC REST] - Sending mission to Fleet Management
[2025-04-09 23:12:16,404] - [REST][INFO][gRPC REST] - Sending mission to Fleet Management
[2025-04-09 23:12:16,419] - [REST][INFO][gRPC REST] - ACK received from Fleet Management
[2025-04-09 23:12:16,419] - [REST][INFO][gRPC REST] - ACK received from Fleet Management
[2025-04-09 23:12:16,419] - [REST][INFO][gRPC REST] - ACK received from Fleet Management
[2025-04-09 23:14:23,107] - [REST][INFO][gRPC REST] - Mission status received from Fleet Management
[2025-04-09 23:14:23,107] - [REST][INFO][gRPC REST] - Mission status received from Fleet Management
[2025-04-09 23:14:23,107] - [REST][INFO][gRPC REST] - Mission status received from Fleet Management
[2025-04-09 23:16:05,670] - [REST][INFO][gRPC REST] - Mission status received from Fleet Management
[2025-04-09 23:16:05,670] - [REST][INFO][gRPC REST] - Mission status received from Fleet Management
[2025-04-09 23:16:05,670] - [REST][INFO][gRPC REST] - Mission status received from Fleet Management
[2025-04-09 23:16:44,211] - [REST][INFO][REST Server] - Received Mission
[2025-04-09 23:16:44,211] - [REST][INFO][REST Server] - Received Mission
[2025-04-09 23:16:44,211] - [REST][INFO][REST Server] - Received Mission
[2025-04-09 23:16:44,211] - [REST][INFO][REST Server] - Received Mission
[2025-04-09 23:16:44,217] - [REST][INFO][gRPC REST] - Sending mission to Fleet Management
[2025-04-09 23:16:44,217] - [REST][INFO][gRPC REST] - Sending mission to Fleet Management
[2025-04-09 23:16:44,217] - [REST][INFO][gRPC REST] - Sending mission to Fleet Management
[2025-04-09 23:16:44,217] - [REST][INFO][gRPC REST] - Sending mission to Fleet Management
[2025-04-09 23:16:44,232] - [REST][INFO][gRPC REST] - ACK received from Fleet Management
[2025-04-09 23:16:44,232] - [REST][INFO][gRPC REST] - ACK received from Fleet Management
[2025-04-09 23:16:44,232] - [REST][INFO][gRPC REST] - ACK received from Fleet Management
[2025-04-09 23:16:44,232] - [REST][INFO][gRPC REST] - ACK received from Fleet Management
[2025-04-09 23:19:05,958] - [REST][INFO][gRPC REST] - Server started
[2025-04-09 23:19:14,117] - [REST][INFO][REST Server] - Received Mission
[2025-04-09 23:19:14,117] - [REST][INFO][REST Server] - Received Mission
[2025-04-09 23:19:14,122] - [REST][INFO][gRPC REST] - Sending mission to Fleet Management
[2025-04-09 23:19:14,122] - [REST][INFO][gRPC REST] - Sending mission to Fleet Management
[2025-04-09 23:19:14,138] - [REST][INFO][gRPC REST] - ACK received from Fleet Management
[2025-04-09 23:19:14,138] - [REST][INFO][gRPC REST] - ACK received from Fleet Management
[2025-04-09 23:23:03,423] - [REST][INFO][gRPC REST] - Mission status received from Fleet Management
[2025-04-09 23:23:03,423] - [REST][INFO][gRPC REST] - Mission status received from Fleet Management
[2025-04-09 23:25:51,790] - [REST][INFO][REST Server] - Received Mission
[2025-04-09 23:25:51,790] - [REST][INFO][REST Server] - Received Mission
[2025-04-09 23:25:51,790] - [REST][INFO][REST Server] - Received Mission
[2025-04-09 23:25:51,798] - [REST][INFO][gRPC REST] - Sending mission to Fleet Management
[2025-04-09 23:25:51,798] - [REST][INFO][gRPC REST] - Sending mission to Fleet Management
[2025-04-09 23:25:51,798] - [REST][INFO][gRPC REST] - Sending mission to Fleet Management
[2025-04-09 23:25:51,816] - [REST][INFO][gRPC REST] - ACK received from Fleet Management
[2025-04-09 23:25:51,816] - [REST][INFO][gRPC REST] - ACK received from Fleet Management
[2025-04-09 23:25:51,816] - [REST][INFO][gRPC REST] - ACK received from Fleet Management
[2025-04-09 23:29:41,092] - [REST][INFO][gRPC REST] - Mission status received from Fleet Management
[2025-04-09 23:29:41,092] - [REST][INFO][gRPC REST] - Mission status received from Fleet Management
[2025-04-09 23:29:41,092] - [REST][INFO][gRPC REST] - Mission status received from Fleet Management
[2025-04-09 23:34:00,732] - [REST][INFO][gRPC REST] - Server started
[2025-04-09 23:34:03,835] - [REST][INFO][REST Server] - Received Mission
[2025-04-09 23:34:03,835] - [REST][INFO][REST Server] - Received Mission
[2025-04-09 23:34:03,840] - [REST][INFO][gRPC REST] - Sending mission to Fleet Management
[2025-04-09 23:34:03,840] - [REST][INFO][gRPC REST] - Sending mission to Fleet Management
[2025-04-09 23:34:03,857] - [REST][INFO][gRPC REST] - ACK received from Fleet Management
[2025-04-09 23:34:03,857] - [REST][INFO][gRPC REST] - ACK received from Fleet Management
[2025-04-09 23:36:53,644] - [REST][INFO][gRPC REST] - Server started
[2025-04-09 23:36:55,681] - [REST][INFO][REST Server] - Received Mission
[2025-04-09 23:36:55,681] - [REST][INFO][REST Server] - Received Mission
[2025-04-09 23:36:55,686] - [REST][INFO][gRPC REST] - Sending mission to Fleet Management
[2025-04-09 23:36:55,686] - [REST][INFO][gRPC REST] - Sending mission to Fleet Management
[2025-04-09 23:36:55,701] - [REST][INFO][gRPC REST] - ACK received from Fleet Management
[2025-04-09 23:36:55,701] - [REST][INFO][gRPC REST] - ACK received from Fleet Management
[2025-04-09 23:38:54,451] - [REST][INFO][gRPC REST] - Server started
[2025-04-09 23:38:57,709] - [REST][INFO][REST Server] - Received Mission
[2025-04-09 23:38:57,709] - [REST][INFO][REST Server] - Received Mission
[2025-04-09 23:38:57,714] - [REST][INFO][gRPC REST] - Sending mission to Fleet Management
[2025-04-09 23:38:57,714] - [REST][INFO][gRPC REST] - Sending mission to Fleet Management
[2025-04-09 23:38:57,730] - [REST][INFO][gRPC REST] - ACK received from Fleet Management
[2025-04-09 23:38:57,730] - [REST][INFO][gRPC REST] - ACK received from Fleet Management
[2025-04-09 23:39:01,714] - [REST][INFO][REST Server] - Received Mission
[2025-04-09 23:39:01,714] - [REST][INFO][REST Server] - Received Mission
[2025-04-09 23:39:01,714] - [REST][INFO][REST Server] - Received Mission
[2025-04-09 23:39:01,719] - [REST][INFO][gRPC REST] - Sending mission to Fleet Management
[2025-04-09 23:39:01,719] - [REST][INFO][gRPC REST] - Sending mission to Fleet Management
[2025-04-09 23:39:01,719] - [REST][INFO][gRPC REST] - Sending mission to Fleet Management
[2025-04-09 23:39:01,733] - [REST][INFO][gRPC REST] - ACK received from Fleet Management
[2025-04-09 23:39:01,733] - [REST][INFO][gRPC REST] - ACK received from Fleet Management
[2025-04-09 23:39:01,733] - [REST][INFO][gRPC REST] - ACK received from Fleet Management
[2025-04-09 23:41:10,929] - [REST][INFO][gRPC REST] - Mission status received from Fleet Management
[2025-04-09 23:41:10,929] - [REST][INFO][gRPC REST] - Mission status received from Fleet Management
[2025-04-09 23:41:10,929] - [REST][INFO][gRPC REST] - Mission status received from Fleet Management
[2025-04-09 23:42:47,079] - [REST][INFO][gRPC REST] - Mission status received from Fleet Management
[2025-04-09 23:42:47,079] - [REST][INFO][gRPC REST] - Mission status received from Fleet Management
[2025-04-09 23:42:47,079] - [REST][INFO][gRPC REST] - Mission status received from Fleet Management
[2025-04-09 23:43:07,014] - [REST][INFO][REST Server] - Received Mission
[2025-04-09 23:43:07,014] - [REST][INFO][REST Server] - Received Mission
[2025-04-09 23:43:07,014] - [REST][INFO][REST Server] - Received Mission
[2025-04-09 23:43:07,014] - [REST][INFO][REST Server] - Received Mission
[2025-04-09 23:43:07,020] - [REST][INFO][gRPC REST] - Sending mission to Fleet Management
[2025-04-09 23:43:07,020] - [REST][INFO][gRPC REST] - Sending mission to Fleet Management
[2025-04-09 23:43:07,020] - [REST][INFO][gRPC REST] - Sending mission to Fleet Management
[2025-04-09 23:43:07,020] - [REST][INFO][gRPC REST] - Sending mission to Fleet Management
[2025-04-09 23:43:07,033] - [REST][INFO][gRPC REST] - ACK received from Fleet Management
[2025-04-09 23:43:07,033] - [REST][INFO][gRPC REST] - ACK received from Fleet Management
[2025-04-09 23:43:07,033] - [REST][INFO][gRPC REST] - ACK received from Fleet Management
[2025-04-09 23:43:07,033] - [REST][INFO][gRPC REST] - ACK received from Fleet Management
[2025-04-09 23:45:16,155] - [REST][INFO][gRPC REST] - Mission status received from Fleet Management
[2025-04-09 23:45:16,155] - [REST][INFO][gRPC REST] - Mission status received from Fleet Management
[2025-04-09 23:45:16,155] - [REST][INFO][gRPC REST] - Mission status received from Fleet Management
[2025-04-09 23:45:16,155] - [REST][INFO][gRPC REST] - Mission status received from Fleet Management
[2025-04-09 23:46:14,431] - [REST][INFO][REST Server] - Received Mission
[2025-04-09 23:46:14,431] - [REST][INFO][REST Server] - Received Mission
[2025-04-09 23:46:14,431] - [REST][INFO][REST Server] - Received Mission
[2025-04-09 23:46:14,431] - [REST][INFO][REST Server] - Received Mission
[2025-04-09 23:46:14,431] - [REST][INFO][REST Server] - Received Mission
[2025-04-09 23:46:14,438] - [REST][INFO][gRPC REST] - Sending mission to Fleet Management
[2025-04-09 23:46:14,438] - [REST][INFO][gRPC REST] - Sending mission to Fleet Management
[2025-04-09 23:46:14,438] - [REST][INFO][gRPC REST] - Sending mission to Fleet Management
[2025-04-09 23:46:14,438] - [REST][INFO][gRPC REST] - Sending mission to Fleet Management
[2025-04-09 23:46:14,438] - [REST][INFO][gRPC REST] - Sending mission to Fleet Management
[2025-04-09 23:46:14,453] - [REST][INFO][gRPC REST] - ACK received from Fleet Management
[2025-04-09 23:46:14,453] - [REST][INFO][gRPC REST] - ACK received from Fleet Management
[2025-04-09 23:46:14,453] - [REST][INFO][gRPC REST] - ACK received from Fleet Management
[2025-04-09 23:46:14,453] - [REST][INFO][gRPC REST] - ACK received from Fleet Management
[2025-04-09 23:46:14,453] - [REST][INFO][gRPC REST] - ACK received from Fleet Management
[2025-04-09 23:46:16,145] - [REST][INFO][REST Server] - Received Mission
[2025-04-09 23:46:16,145] - [REST][INFO][REST Server] - Received Mission
[2025-04-09 23:46:16,145] - [REST][INFO][REST Server] - Received Mission
[2025-04-09 23:46:16,145] - [REST][INFO][REST Server] - Received Mission
[2025-04-09 23:46:16,145] - [REST][INFO][REST Server] - Received Mission
[2025-04-09 23:46:16,145] - [REST][INFO][REST Server] - Received Mission
[2025-04-09 23:46:16,152] - [REST][INFO][gRPC REST] - Sending mission to Fleet Management
[2025-04-09 23:46:16,152] - [REST][INFO][gRPC REST] - Sending mission to Fleet Management
[2025-04-09 23:46:16,152] - [REST][INFO][gRPC REST] - Sending mission to Fleet Management
[2025-04-09 23:46:16,152] - [REST][INFO][gRPC REST] - Sending mission to Fleet Management
[2025-04-09 23:46:16,152] - [REST][INFO][gRPC REST] - Sending mission to Fleet Management
[2025-04-09 23:46:16,152] - [REST][INFO][gRPC REST] - Sending mission to Fleet Management
[2025-04-09 23:46:16,169] - [REST][INFO][gRPC REST] - ACK received from Fleet Management
[2025-04-09 23:46:16,169] - [REST][INFO][gRPC REST] - ACK received from Fleet Management
[2025-04-09 23:46:16,169] - [REST][INFO][gRPC REST] - ACK received from Fleet Management
[2025-04-09 23:46:16,169] - [REST][INFO][gRPC REST] - ACK received from Fleet Management
[2025-04-09 23:46:16,169] - [REST][INFO][gRPC REST] - ACK received from Fleet Management
[2025-04-09 23:46:16,169] - [REST][INFO][gRPC REST] - ACK received from Fleet Management
[2025-04-09 23:48:25,291] - [REST][INFO][gRPC REST] - Mission status received from Fleet Management
[2025-04-09 23:48:25,291] - [REST][INFO][gRPC REST] - Mission status received from Fleet Management
[2025-04-09 23:48:25,291] - [REST][INFO][gRPC REST] - Mission status received from Fleet Management
[2025-04-09 23:48:25,291] - [REST][INFO][gRPC REST] - Mission status received from Fleet Management
[2025-04-09 23:48:25,291] - [REST][INFO][gRPC REST] - Mission status received from Fleet Management
[2025-04-09 23:48:25,291] - [REST][INFO][gRPC REST] - Mission status received from Fleet Management
[2025-04-09 23:50:03,695] - [REST][INFO][gRPC REST] - Mission status received from Fleet Management
[2025-04-09 23:50:03,695] - [REST][INFO][gRPC REST] - Mission status received from Fleet Management
[2025-04-09 23:50:03,695] - [REST][INFO][gRPC REST] - Mission status received from Fleet Management
[2025-04-09 23:50:03,695] - [REST][INFO][gRPC REST] - Mission status received from Fleet Management
[2025-04-09 23:50:03,695] - [REST][INFO][gRPC REST] - Mission status received from Fleet Management
[2025-04-09 23:50:03,695] - [REST][INFO][gRPC REST] - Mission status received from Fleet Management
[2025-04-10 12:14:59,525] - [REST][INFO][gRPC REST] - Server started
[2025-04-10 12:18:04,601] - [REST][INFO][gRPC REST] - Server started
[2025-04-10 12:18:32,746] - [REST][INFO][REST Server] - Received Mission
[2025-04-10 12:18:32,746] - [REST][INFO][REST Server] - Received Mission
[2025-04-10 12:18:32,752] - [REST][INFO][gRPC REST] - Sending mission to Fleet Management
[2025-04-10 12:18:32,752] - [REST][INFO][gRPC REST] - Sending mission to Fleet Management
[2025-04-10 12:18:32,770] - [REST][INFO][gRPC REST] - ACK received from Fleet Management
[2025-04-10 12:18:32,770] - [REST][INFO][gRPC REST] - ACK received from Fleet Management
[2025-04-10 12:18:35,825] - [REST][INFO][REST Server] - Received Mission
[2025-04-10 12:18:35,825] - [REST][INFO][REST Server] - Received Mission
[2025-04-10 12:18:35,825] - [REST][INFO][REST Server] - Received Mission
[2025-04-10 12:18:35,830] - [REST][INFO][gRPC REST] - Sending mission to Fleet Management
[2025-04-10 12:18:35,830] - [REST][INFO][gRPC REST] - Sending mission to Fleet Management
[2025-04-10 12:18:35,830] - [REST][INFO][gRPC REST] - Sending mission to Fleet Management
[2025-04-10 12:18:35,846] - [REST][INFO][gRPC REST] - ACK received from Fleet Management
[2025-04-10 12:18:35,846] - [REST][INFO][gRPC REST] - ACK received from Fleet Management
[2025-04-10 12:18:35,846] - [REST][INFO][gRPC REST] - ACK received from Fleet Management
[2025-04-10 12:21:06,506] - [REST][INFO][gRPC REST] - Server started
[2025-04-10 12:21:09,833] - [REST][INFO][REST Server] - Received Mission
[2025-04-10 12:21:09,833] - [REST][INFO][REST Server] - Received Mission
[2025-04-10 12:21:09,840] - [REST][INFO][gRPC REST] - Sending mission to Fleet Management
[2025-04-10 12:21:09,840] - [REST][INFO][gRPC REST] - Sending mission to Fleet Management
[2025-04-10 12:21:09,857] - [REST][INFO][gRPC REST] - ACK received from Fleet Management
[2025-04-10 12:21:09,857] - [REST][INFO][gRPC REST] - ACK received from Fleet Management
[2025-04-10 12:22:14,145] - [REST][INFO][gRPC REST] - Server started
[2025-04-10 12:22:20,636] - [REST][INFO][REST Server] - Received Mission
[2025-04-10 12:22:20,636] - [REST][INFO][REST Server] - Received Mission
[2025-04-10 12:22:20,642] - [REST][INFO][gRPC REST] - Sending mission to Fleet Management
[2025-04-10 12:22:20,642] - [REST][INFO][gRPC REST] - Sending mission to Fleet Management
[2025-04-10 12:22:20,659] - [REST][INFO][gRPC REST] - ACK received from Fleet Management
[2025-04-10 12:22:20,659] - [REST][INFO][gRPC REST] - ACK received from Fleet Management
[2025-04-10 13:13:16,139] - [REST][INFO][gRPC REST] - Server started
[2025-04-10 13:26:20,002] - [REST][INFO][gRPC REST] - Server started
[2025-04-10 13:28:19,099] - [REST][INFO][REST Server] - Received Mission
[2025-04-10 13:28:19,099] - [REST][INFO][REST Server] - Received Mission
[2025-04-10 13:28:19,104] - [REST][INFO][gRPC REST] - Sending mission to Fleet Management
[2025-04-10 13:28:19,104] - [REST][INFO][gRPC REST] - Sending mission to Fleet Management
[2025-04-10 13:28:19,118] - [REST][INFO][gRPC REST] - ACK received from Fleet Management
[2025-04-10 13:28:19,118] - [REST][INFO][gRPC REST] - ACK received from Fleet Management
[2025-04-10 13:31:29,128] - [REST][INFO][gRPC REST] - Server started
[2025-04-10 13:31:34,230] - [REST][INFO][REST Server] - Received Mission
[2025-04-10 13:31:34,230] - [REST][INFO][REST Server] - Received Mission
[2025-04-10 13:31:34,235] - [REST][INFO][gRPC REST] - Sending mission to Fleet Management
[2025-04-10 13:31:34,235] - [REST][INFO][gRPC REST] - Sending mission to Fleet Management
[2025-04-10 13:31:34,250] - [REST][INFO][gRPC REST] - ACK received from Fleet Management
[2025-04-10 13:31:34,250] - [REST][INFO][gRPC REST] - ACK received from Fleet Management
[2025-04-10 13:39:46,919] - [REST][INFO][gRPC REST] - Server started
[2025-04-10 13:39:53,819] - [REST][INFO][REST Server] - Received Mission
[2025-04-10 13:39:53,819] - [REST][INFO][REST Server] - Received Mission
[2025-04-10 13:39:53,824] - [REST][INFO][gRPC REST] - Sending mission to Fleet Management
[2025-04-10 13:39:53,824] - [REST][INFO][gRPC REST] - Sending mission to Fleet Management
[2025-04-10 13:39:53,840] - [REST][INFO][gRPC REST] - ACK received from Fleet Management
[2025-04-10 13:39:53,840] - [REST][INFO][gRPC REST] - ACK received from Fleet Management
[2025-04-10 13:44:46,303] - [REST][INFO][gRPC REST] - Server started
[2025-04-10 13:44:50,695] - [REST][INFO][REST Server] - Received Mission
[2025-04-10 13:44:50,695] - [REST][INFO][REST Server] - Received Mission
[2025-04-10 13:44:50,701] - [REST][INFO][gRPC REST] - Sending mission to Fleet Management
[2025-04-10 13:44:50,701] - [REST][INFO][gRPC REST] - Sending mission to Fleet Management
[2025-04-10 13:44:50,717] - [REST][INFO][gRPC REST] - ACK received from Fleet Management
[2025-04-10 13:44:50,717] - [REST][INFO][gRPC REST] - ACK received from Fleet Management
[2025-04-10 13:48:55,171] - [REST][INFO][gRPC REST] - Server started
[2025-04-10 13:49:04,132] - [REST][INFO][REST Server] - Received Mission
[2025-04-10 13:49:04,132] - [REST][INFO][REST Server] - Received Mission
[2025-04-10 13:49:04,137] - [REST][INFO][gRPC REST] - Sending mission to Fleet Management
[2025-04-10 13:49:04,137] - [REST][INFO][gRPC REST] - Sending mission to Fleet Management
[2025-04-10 13:49:04,153] - [REST][INFO][gRPC REST] - ACK received from Fleet Management
[2025-04-10 13:49:04,153] - [REST][INFO][gRPC REST] - ACK received from Fleet Management
[2025-04-10 13:50:17,633] - [REST][INFO][REST Server] - Received Mission
[2025-04-10 13:50:17,633] - [REST][INFO][REST Server] - Received Mission
[2025-04-10 13:50:17,633] - [REST][INFO][REST Server] - Received Mission
[2025-04-10 13:50:17,638] - [REST][INFO][gRPC REST] - Sending mission to Fleet Management
[2025-04-10 13:50:17,638] - [REST][INFO][gRPC REST] - Sending mission to Fleet Management
[2025-04-10 13:50:17,638] - [REST][INFO][gRPC REST] - Sending mission to Fleet Management
[2025-04-10 13:50:17,651] - [REST][INFO][gRPC REST] - ACK received from Fleet Management
[2025-04-10 13:50:17,651] - [REST][INFO][gRPC REST] - ACK received from Fleet Management
[2025-04-10 13:50:17,651] - [REST][INFO][gRPC REST] - ACK received from Fleet Management
[2025-04-10 13:54:12,799] - [REST][INFO][gRPC REST] - Mission status received from Fleet Management
[2025-04-10 13:54:12,799] - [REST][INFO][gRPC REST] - Mission status received from Fleet Management
[2025-04-10 13:54:12,799] - [REST][INFO][gRPC REST] - Mission status received from Fleet Management
[2025-04-10 13:55:30,234] - [REST][INFO][REST Server] - Received Mission
[2025-04-10 13:55:30,234] - [REST][INFO][REST Server] - Received Mission
[2025-04-10 13:55:30,234] - [REST][INFO][REST Server] - Received Mission
[2025-04-10 13:55:30,234] - [REST][INFO][REST Server] - Received Mission
[2025-04-10 13:55:30,240] - [REST][INFO][gRPC REST] - Sending mission to Fleet Management
[2025-04-10 13:55:30,240] - [REST][INFO][gRPC REST] - Sending mission to Fleet Management
[2025-04-10 13:55:30,240] - [REST][INFO][gRPC REST] - Sending mission to Fleet Management
[2025-04-10 13:55:30,240] - [REST][INFO][gRPC REST] - Sending mission to Fleet Management
[2025-04-10 13:55:30,254] - [REST][INFO][gRPC REST] - ACK received from Fleet Management
[2025-04-10 13:55:30,254] - [REST][INFO][gRPC REST] - ACK received from Fleet Management
[2025-04-10 13:55:30,254] - [REST][INFO][gRPC REST] - ACK received from Fleet Management
[2025-04-10 13:55:30,254] - [REST][INFO][gRPC REST] - ACK received from Fleet Management
[2025-04-10 13:56:05,272] - [REST][INFO][gRPC REST] - Server started
[2025-04-10 13:56:07,661] - [REST][INFO][REST Server] - Received Mission
[2025-04-10 13:56:07,661] - [REST][INFO][REST Server] - Received Mission
[2025-04-10 13:56:07,665] - [REST][INFO][gRPC REST] - Sending mission to Fleet Management
[2025-04-10 13:56:07,665] - [REST][INFO][gRPC REST] - Sending mission to Fleet Management
[2025-04-10 13:56:07,680] - [REST][INFO][gRPC REST] - ACK received from Fleet Management
[2025-04-10 13:56:07,680] - [REST][INFO][gRPC REST] - ACK received from Fleet Management
