[2025-11-21 22:11:40,403][Drone 3][INFO][Init Drone] - Complete cleanup finished
[2025-11-21 22:11:40,404][Drone 3][INFO][gRPC Metrics] - Metrics client thread started successfully
[2025-11-21 22:11:40,405][Drone 3][INFO][Init Drone] - All system components initialized successfully
[2025-11-21 22:11:40,417][Drone 3][INFO][gRPC Commands] - Server running on port 53001
[2025-11-21 22:11:40,450][Drone 3][INFO][gRPC Metrics] - System Metrics sent to ROS2
[2025-11-21 22:11:49,511][Drone 3][INFO][gRPC Commands] - Command received
[2025-11-21 22:11:49,511][Drone 3][INFO][COMMANDS] - Processing NAV_TAKEOFF command
[2025-11-21 22:11:49,512][Drone 3][INFO][NAV_TAKEOFF] - Taking off...
[2025-11-21 22:11:50,488][Drone 3][INFO][gRPC Metrics] - System Metrics sent to ROS2
[2025-11-21 22:11:59,512][Drone 3][INFO][NAV_TAKEOFF] - Takeoff successful
[2025-11-21 22:11:59,512][Drone 3][INFO][COMMANDS] - Command executed successfully
[2025-11-21 22:11:59,515][Drone 3][INFO][gRPC Commands] - Feedback sent to ROS2
[2025-11-21 22:12:00,533][Drone 3][INFO][gRPC Metrics] - System Metrics sent to ROS2
[2025-11-21 22:12:00,540][Drone 3][INFO][gRPC Commands] - Command received
[2025-11-21 22:12:00,540][Drone 3][INFO][COMMANDS] - Processing NAV_WAYPOINT command
[2025-11-21 22:12:00,540][Drone 3][INFO][NAV_WAYPOINT] - Going to WP...
[2025-11-21 22:12:10,541][Drone 3][INFO][NAV_WAYPOINT] - Waypoint reached
[2025-11-21 22:12:10,541][Drone 3][INFO][COMMANDS] - Command executed successfully
[2025-11-21 22:12:10,544][Drone 3][INFO][gRPC Commands] - Feedback sent to ROS2
[2025-11-21 22:12:10,570][Drone 3][INFO][gRPC Metrics] - System Metrics sent to ROS2
[2025-11-21 22:12:11,570][Drone 3][INFO][gRPC Commands] - Command received
[2025-11-21 22:12:11,571][Drone 3][INFO][COMMANDS] - Processing NAV_WAYPOINT command
[2025-11-21 22:12:11,571][Drone 3][INFO][NAV_WAYPOINT] - Going to WP...
[2025-11-21 22:12:20,603][Drone 3][INFO][gRPC Metrics] - System Metrics sent to ROS2
[2025-11-21 22:12:21,573][Drone 3][INFO][NAV_WAYPOINT] - Waypoint reached
[2025-11-21 22:12:21,574][Drone 3][INFO][COMMANDS] - Command executed successfully
[2025-11-21 22:12:21,577][Drone 3][INFO][gRPC Commands] - Feedback sent to ROS2
[2025-11-21 22:12:22,594][Drone 3][INFO][gRPC Commands] - Command received
[2025-11-21 22:12:22,594][Drone 3][INFO][COMMANDS] - Processing CAMERA_IMAGE command
[2025-11-21 22:12:22,595][Drone 3][INFO][CAMERA_IMAGE] - Taking picture...
[2025-11-21 22:12:23,638][Drone 3][INFO][CAMERA_IMAGE] - Picture taken successfully as 40.207874_-3.467592.jpg
[2025-11-21 22:12:23,638][Drone 3][INFO][COMMANDS] - Command executed successfully
[2025-11-21 22:12:23,641][Drone 3][INFO][gRPC Commands] - Feedback sent to ROS2
[2025-11-21 22:12:24,661][Drone 3][INFO][gRPC Commands] - Command received
[2025-11-21 22:12:24,662][Drone 3][INFO][COMMANDS] - Processing ANALYZE_IMAGE command
[2025-11-21 22:12:24,662][Drone 3][INFO][ANALYZE_IMAGE] - Analyzing image...
[2025-11-21 22:12:24,662][Drone 3][INFO][ANALYZE_IMAGE] - Starting analysis for agricultural image: Images/Camera/40.207874_-3.467592.jpg
[2025-11-21 22:12:24,662][Drone 3][INFO][ANALYZE_IMAGE] - Executing agricultural model: Images/Models/Grape_Diseases_Hailo8/init_grape_diseases_hailo8.py
[2025-11-21 22:12:27,955][Drone 3][INFO][ANALYZE_IMAGE] - Model execution completed with output: {'Black_measles': 2.2, 'Black_rot': 1.7, 'Isariopsis': 1.8599999999999999}
[2025-11-21 22:12:27,956][Drone 3][INFO][ANALYZE_IMAGE] - Executing agricultural model: Images/Models/Grape_Bunch_Hailo8/init_grape_bunch_hailo8.py
[2025-11-21 22:12:29,574][Drone 3][INFO][ANALYZE_IMAGE] - Model execution completed with output: {'Grape_bunch': 1.95}
[2025-11-21 22:12:30,574][Drone 3][INFO][ANALYZE_IMAGE] - Analysis completed
[2025-11-21 22:12:30,576][Drone 3][INFO][PM_MANAGER] - Running PM generator: PrescriptionMap/pm_generation/ISOBUS/pm_isobus.py
[2025-11-21 22:12:30,593][Drone 3][INFO][PM_MANAGER] - Running PM generator: PrescriptionMap/pm_generation/Drone/pm_drone.py
[2025-11-21 22:12:30,641][Drone 3][INFO][gRPC Metrics] - System Metrics sent to ROS2
[2025-11-21 22:12:30,651][Drone 3][INFO][PM_MANAGER] - PM output [0]: 
Drone PM: Black_measles.json at [0][0] = 2.2
Drone PM: Black_rot.json at [0][0] = 1.7
Drone PM: Isariopsis.json at [0][0] = 1.8599999999999999
Drone PM: Grape_bunch.json at [0][0] = 1.95
[2025-11-21 22:12:30,655][Drone 3][INFO][PM_MANAGER] - PM output [1]: 
Script execution failed: PrescriptionMap/pm_generation/ISOBUS/pm_isobus.py
Return code: 1
Stderr: Traceback (most recent call last):
  File "/home/estela/Fleet_Manager/Drone_3/PrescriptionMap/pm_generation/ISOBUS/pm_isobus.py", line 798, in <module>
    generate_pm(amount, grid, long, lat)
  File "/home/estela/Fleet_Manager/Drone_3/PrescriptionMap/pm_generation/ISOBUS/pm_isobus.py", line 343, in generate_pm
    with open(path, "w") as f:
         ^^^^^^^^^^^^^^^
FileNotFoundError: [Errno 2] No such file or directory: 'PrescriptionMap/pm_generation/ISOBUS/PMs/isobus_pm.json'
[2025-11-21 22:12:30,658][Drone 3][INFO][COMMANDS] - Command executed successfully
[2025-11-21 22:12:30,661][Drone 3][INFO][gRPC Commands] - Feedback sent to ROS2
[2025-11-21 22:12:31,680][Drone 3][INFO][gRPC Commands] - Command received
[2025-11-21 22:12:31,680][Drone 3][INFO][COMMANDS] - Processing NAV_WAYPOINT command
[2025-11-21 22:12:31,680][Drone 3][INFO][NAV_WAYPOINT] - Going to WP...
[2025-11-21 22:12:40,674][Drone 3][INFO][gRPC Metrics] - System Metrics sent to ROS2
[2025-11-21 22:12:41,681][Drone 3][INFO][NAV_WAYPOINT] - Waypoint reached
[2025-11-21 22:12:41,681][Drone 3][INFO][COMMANDS] - Command executed successfully
[2025-11-21 22:12:41,686][Drone 3][INFO][gRPC Commands] - Feedback sent to ROS2
[2025-11-21 22:12:42,709][Drone 3][INFO][gRPC Commands] - Command received
[2025-11-21 22:12:42,709][Drone 3][INFO][COMMANDS] - Processing CAMERA_IMAGE command
[2025-11-21 22:12:42,710][Drone 3][INFO][CAMERA_IMAGE] - Taking picture...
[2025-11-21 22:12:43,753][Drone 3][INFO][CAMERA_IMAGE] - Picture taken successfully as 40.207868_-3.467482.jpg
[2025-11-21 22:12:43,753][Drone 3][INFO][COMMANDS] - Command executed successfully
[2025-11-21 22:12:43,756][Drone 3][INFO][gRPC Commands] - Feedback sent to ROS2
[2025-11-21 22:12:44,775][Drone 3][INFO][gRPC Commands] - Command received
[2025-11-21 22:12:44,776][Drone 3][INFO][COMMANDS] - Processing ANALYZE_IMAGE command
[2025-11-21 22:12:44,776][Drone 3][INFO][ANALYZE_IMAGE] - Analyzing image...
[2025-11-21 22:12:44,777][Drone 3][INFO][ANALYZE_IMAGE] - Starting analysis for agricultural image: Images/Camera/40.207868_-3.467482.jpg
[2025-11-21 22:12:44,777][Drone 3][INFO][ANALYZE_IMAGE] - Executing agricultural model: Images/Models/Grape_Diseases_Hailo8/init_grape_diseases_hailo8.py
[2025-11-21 22:12:50,710][Drone 3][INFO][gRPC Metrics] - System Metrics sent to ROS2
[2025-11-21 22:13:00,742][Drone 3][INFO][gRPC Metrics] - System Metrics sent to ROS2
[2025-11-21 22:13:10,780][Drone 3][INFO][gRPC Metrics] - System Metrics sent to ROS2
[2025-11-21 22:13:20,814][Drone 3][INFO][gRPC Metrics] - System Metrics sent to ROS2
[2025-11-21 22:13:30,846][Drone 3][INFO][gRPC Metrics] - System Metrics sent to ROS2
[2025-11-21 22:13:40,882][Drone 3][INFO][gRPC Metrics] - System Metrics sent to ROS2
[2025-11-21 22:14:24,688][Drone 3][INFO][Init Drone] - Complete cleanup finished
[2025-11-21 22:14:24,689][Drone 3][INFO][gRPC Metrics] - Metrics client thread started successfully
[2025-11-21 22:14:24,691][Drone 3][INFO][Init Drone] - All system components initialized successfully
[2025-11-21 22:14:24,703][Drone 3][INFO][gRPC Commands] - Server running on port 53001
[2025-11-21 22:14:24,732][Drone 3][INFO][gRPC Metrics] - System Metrics sent to ROS2
[2025-11-21 22:14:34,769][Drone 3][INFO][gRPC Metrics] - System Metrics sent to ROS2
[2025-11-21 22:14:44,806][Drone 3][INFO][gRPC Metrics] - System Metrics sent to ROS2
[2025-11-21 22:14:54,843][Drone 3][INFO][gRPC Metrics] - System Metrics sent to ROS2
[2025-11-21 22:15:04,880][Drone 3][INFO][gRPC Metrics] - System Metrics sent to ROS2
[2025-11-21 22:15:14,913][Drone 3][INFO][gRPC Metrics] - System Metrics sent to ROS2
[2025-11-21 22:15:24,946][Drone 3][INFO][gRPC Metrics] - System Metrics sent to ROS2
[2025-11-21 22:15:34,984][Drone 3][INFO][gRPC Metrics] - System Metrics sent to ROS2
[2025-11-21 22:15:45,016][Drone 3][INFO][gRPC Metrics] - System Metrics sent to ROS2
[2025-11-21 22:15:55,050][Drone 3][INFO][gRPC Metrics] - System Metrics sent to ROS2
[2025-11-21 22:15:57,571][Drone 3][INFO][gRPC Commands] - Command received
[2025-11-21 22:15:57,572][Drone 3][INFO][COMMANDS] - Processing NAV_TAKEOFF command
[2025-11-21 22:15:57,572][Drone 3][INFO][NAV_TAKEOFF] - Taking off...
[2025-11-21 22:16:05,083][Drone 3][INFO][gRPC Metrics] - System Metrics sent to ROS2
[2025-11-21 22:16:07,572][Drone 3][INFO][NAV_TAKEOFF] - Takeoff successful
[2025-11-21 22:16:07,572][Drone 3][INFO][COMMANDS] - Command executed successfully
[2025-11-21 22:16:07,578][Drone 3][INFO][gRPC Commands] - Feedback sent to ROS2
[2025-11-21 22:16:08,602][Drone 3][INFO][gRPC Commands] - Command received
[2025-11-21 22:16:08,602][Drone 3][INFO][COMMANDS] - Processing NAV_WAYPOINT command
[2025-11-21 22:16:08,602][Drone 3][INFO][NAV_WAYPOINT] - Going to WP...
[2025-11-21 22:16:15,116][Drone 3][INFO][gRPC Metrics] - System Metrics sent to ROS2
[2025-11-21 22:16:18,603][Drone 3][INFO][NAV_WAYPOINT] - Waypoint reached
[2025-11-21 22:16:18,603][Drone 3][INFO][COMMANDS] - Command executed successfully
[2025-11-21 22:16:18,606][Drone 3][INFO][gRPC Commands] - Feedback sent to ROS2
[2025-11-21 22:16:19,642][Drone 3][INFO][gRPC Commands] - Command received
[2025-11-21 22:16:19,642][Drone 3][INFO][COMMANDS] - Processing NAV_WAYPOINT command
[2025-11-21 22:16:19,643][Drone 3][INFO][NAV_WAYPOINT] - Going to WP...
[2025-11-21 22:16:25,149][Drone 3][INFO][gRPC Metrics] - System Metrics sent to ROS2
[2025-11-21 22:16:29,645][Drone 3][INFO][NAV_WAYPOINT] - Waypoint reached
[2025-11-21 22:16:29,646][Drone 3][INFO][COMMANDS] - Command executed successfully
[2025-11-21 22:16:29,649][Drone 3][INFO][gRPC Commands] - Feedback sent to ROS2
[2025-11-21 22:16:30,671][Drone 3][INFO][gRPC Commands] - Command received
[2025-11-21 22:16:30,672][Drone 3][INFO][COMMANDS] - Processing CAMERA_IMAGE command
[2025-11-21 22:16:30,672][Drone 3][INFO][CAMERA_IMAGE] - Taking picture...
[2025-11-21 22:16:31,710][Drone 3][INFO][CAMERA_IMAGE] - Picture taken successfully as 40.207874_-3.467592.jpg
[2025-11-21 22:16:31,711][Drone 3][INFO][COMMANDS] - Command executed successfully
[2025-11-21 22:16:31,714][Drone 3][INFO][gRPC Commands] - Feedback sent to ROS2
[2025-11-21 22:16:32,735][Drone 3][INFO][gRPC Commands] - Command received
[2025-11-21 22:16:32,735][Drone 3][INFO][COMMANDS] - Processing ANALYZE_IMAGE command
[2025-11-21 22:16:32,735][Drone 3][INFO][ANALYZE_IMAGE] - Analyzing image...
[2025-11-21 22:16:32,735][Drone 3][INFO][ANALYZE_IMAGE] - Starting analysis for agricultural image: Images/Camera/40.207874_-3.467592.jpg
[2025-11-21 22:16:32,736][Drone 3][INFO][ANALYZE_IMAGE] - Executing agricultural model: Images/Models/Grape_Diseases_Hailo8/init_grape_diseases_hailo8.py
[2025-11-21 22:16:35,184][Drone 3][INFO][gRPC Metrics] - System Metrics sent to ROS2
[2025-11-21 22:16:36,016][Drone 3][INFO][ANALYZE_IMAGE] - Model execution completed with output: {'Black_measles': 2.2, 'Black_rot': 1.7, 'Isariopsis': 1.8599999999999999}
[2025-11-21 22:16:36,016][Drone 3][INFO][ANALYZE_IMAGE] - Executing agricultural model: Images/Models/Grape_Bunch_Hailo8/init_grape_bunch_hailo8.py
[2025-11-21 22:16:37,647][Drone 3][INFO][ANALYZE_IMAGE] - Model execution completed with output: {'Grape_bunch': 1.95}
[2025-11-21 22:16:38,648][Drone 3][INFO][ANALYZE_IMAGE] - Analysis completed
[2025-11-21 22:16:38,649][Drone 3][INFO][PM_MANAGER] - Running PM generator: PrescriptionMap/pm_generation/ISOBUS/pm_isobus.py
[2025-11-21 22:16:38,683][Drone 3][INFO][PM_MANAGER] - Running PM generator: PrescriptionMap/pm_generation/Drone/pm_drone.py
[2025-11-21 22:16:38,735][Drone 3][INFO][PM_MANAGER] - PM output [0]: 
Drone PM: Black_measles.json at [0][0] = 2.2
Drone PM: Black_rot.json at [0][0] = 1.7
Drone PM: Isariopsis.json at [0][0] = 1.8599999999999999
Drone PM: Grape_bunch.json at [0][0] = 1.95
[2025-11-21 22:16:38,740][Drone 3][INFO][PM_MANAGER] - PM output [1]: 
Script execution failed: PrescriptionMap/pm_generation/ISOBUS/pm_isobus.py
Return code: 1
Stderr: Traceback (most recent call last):
  File "/home/estela/Fleet_Manager/Drone_3/PrescriptionMap/pm_generation/ISOBUS/pm_isobus.py", line 798, in <module>
    generate_pm(amount, grid, long, lat)
  File "/home/estela/Fleet_Manager/Drone_3/PrescriptionMap/pm_generation/ISOBUS/pm_isobus.py", line 343, in generate_pm
    with open(path, "w") as f:
         ^^^^^^^^^^^^^^^
FileNotFoundError: [Errno 2] No such file or directory: 'PrescriptionMap/pm_generation/ISOBUS/PMs/isobus_pm.json'
[2025-11-21 22:16:38,743][Drone 3][INFO][COMMANDS] - Command executed successfully
[2025-11-21 22:16:38,746][Drone 3][INFO][gRPC Commands] - Feedback sent to ROS2
[2025-11-21 22:16:39,766][Drone 3][INFO][gRPC Commands] - Command received
[2025-11-21 22:16:39,767][Drone 3][INFO][COMMANDS] - Processing NAV_WAYPOINT command
[2025-11-21 22:16:39,767][Drone 3][INFO][NAV_WAYPOINT] - Going to WP...
[2025-11-21 22:16:45,216][Drone 3][INFO][gRPC Metrics] - System Metrics sent to ROS2
[2025-11-21 22:16:49,767][Drone 3][INFO][NAV_WAYPOINT] - Waypoint reached
[2025-11-21 22:16:49,767][Drone 3][INFO][COMMANDS] - Command executed successfully
[2025-11-21 22:16:49,770][Drone 3][INFO][gRPC Commands] - Feedback sent to ROS2
[2025-11-21 22:16:50,788][Drone 3][INFO][gRPC Commands] - Command received
[2025-11-21 22:16:50,789][Drone 3][INFO][COMMANDS] - Processing CAMERA_IMAGE command
[2025-11-21 22:16:50,789][Drone 3][INFO][CAMERA_IMAGE] - Taking picture...
[2025-11-21 22:16:51,827][Drone 3][INFO][CAMERA_IMAGE] - Picture taken successfully as 40.207868_-3.467482.jpg
[2025-11-21 22:16:51,827][Drone 3][INFO][COMMANDS] - Command executed successfully
[2025-11-21 22:16:51,831][Drone 3][INFO][gRPC Commands] - Feedback sent to ROS2
[2025-11-21 22:16:52,852][Drone 3][INFO][gRPC Commands] - Command received
[2025-11-21 22:16:52,853][Drone 3][INFO][COMMANDS] - Processing ANALYZE_IMAGE command
[2025-11-21 22:16:52,853][Drone 3][INFO][ANALYZE_IMAGE] - Analyzing image...
[2025-11-21 22:16:52,853][Drone 3][INFO][ANALYZE_IMAGE] - Starting analysis for agricultural image: Images/Camera/40.207868_-3.467482.jpg
[2025-11-21 22:16:52,854][Drone 3][INFO][ANALYZE_IMAGE] - Executing agricultural model: Images/Models/Grape_Diseases_Hailo8/init_grape_diseases_hailo8.py
[2025-11-21 22:16:55,253][Drone 3][INFO][gRPC Metrics] - System Metrics sent to ROS2
[2025-11-21 22:16:56,187][Drone 3][INFO][ANALYZE_IMAGE] - Model execution completed with output: {'Black_measles': 2.7, 'Black_rot': 2.2, 'Isariopsis': 3.3600000000000003}
[2025-11-21 22:16:56,188][Drone 3][INFO][ANALYZE_IMAGE] - Executing agricultural model: Images/Models/Grape_Bunch_Hailo8/init_grape_bunch_hailo8.py
[2025-11-21 22:16:57,795][Drone 3][INFO][ANALYZE_IMAGE] - Model execution completed with output: {'Grape_bunch': 3.95}
[2025-11-21 22:16:58,795][Drone 3][INFO][ANALYZE_IMAGE] - Analysis completed
[2025-11-21 22:16:58,796][Drone 3][INFO][PM_MANAGER] - Running PM generator: PrescriptionMap/pm_generation/ISOBUS/pm_isobus.py
[2025-11-21 22:17:01,808][Drone 3][INFO][PM_MANAGER] - Running PM generator: PrescriptionMap/pm_generation/Drone/pm_drone.py
[2025-11-21 22:17:01,858][Drone 3][INFO][PM_MANAGER] - PM output [0]: 
Drone PM: Black_measles.json at [0][1] = 2.7
Drone PM: Black_rot.json at [0][1] = 2.2
Drone PM: Isariopsis.json at [0][1] = 3.3600000000000003
Drone PM: Grape_bunch.json at [0][1] = 3.95
[2025-11-21 22:17:01,862][Drone 3][INFO][PM_MANAGER] - PM output [1]: 
Script execution failed: PrescriptionMap/pm_generation/ISOBUS/pm_isobus.py
Return code: 1
Stderr: Traceback (most recent call last):
  File "/home/estela/Fleet_Manager/Drone_3/PrescriptionMap/pm_generation/ISOBUS/pm_isobus.py", line 798, in <module>
    generate_pm(amount, grid, long, lat)
  File "/home/estela/Fleet_Manager/Drone_3/PrescriptionMap/pm_generation/ISOBUS/pm_isobus.py", line 343, in generate_pm
    with open(path, "w") as f:
         ^^^^^^^^^^^^^^^
FileNotFoundError: [Errno 2] No such file or directory: 'PrescriptionMap/pm_generation/ISOBUS/PMs/isobus_pm.json'
[2025-11-21 22:17:01,865][Drone 3][INFO][COMMANDS] - Command executed successfully
[2025-11-21 22:17:01,868][Drone 3][INFO][gRPC Commands] - Feedback sent to ROS2
[2025-11-21 22:17:02,888][Drone 3][INFO][gRPC Commands] - Command received
[2025-11-21 22:17:02,888][Drone 3][INFO][COMMANDS] - Processing NAV_WAYPOINT command
[2025-11-21 22:17:02,888][Drone 3][INFO][NAV_WAYPOINT] - Going to WP...
[2025-11-21 22:17:05,288][Drone 3][INFO][gRPC Metrics] - System Metrics sent to ROS2
[2025-11-21 22:17:12,889][Drone 3][INFO][NAV_WAYPOINT] - Waypoint reached
[2025-11-21 22:17:12,889][Drone 3][INFO][COMMANDS] - Command executed successfully
[2025-11-21 22:17:12,892][Drone 3][INFO][gRPC Commands] - Feedback sent to ROS2
[2025-11-21 22:17:13,911][Drone 3][INFO][gRPC Commands] - Command received
[2025-11-21 22:17:13,911][Drone 3][INFO][COMMANDS] - Processing CAMERA_IMAGE command
[2025-11-21 22:17:13,912][Drone 3][INFO][CAMERA_IMAGE] - Taking picture...
[2025-11-21 22:17:14,972][Drone 3][INFO][CAMERA_IMAGE] - Picture taken successfully as 40.207862_-3.467372.jpg
[2025-11-21 22:17:14,973][Drone 3][INFO][COMMANDS] - Command executed successfully
[2025-11-21 22:17:14,976][Drone 3][INFO][gRPC Commands] - Feedback sent to ROS2
[2025-11-21 22:17:15,322][Drone 3][INFO][gRPC Metrics] - System Metrics sent to ROS2
[2025-11-21 22:17:16,000][Drone 3][INFO][gRPC Commands] - Command received
[2025-11-21 22:17:16,000][Drone 3][INFO][COMMANDS] - Processing ANALYZE_IMAGE command
[2025-11-21 22:17:16,000][Drone 3][INFO][ANALYZE_IMAGE] - Analyzing image...
[2025-11-21 22:17:16,001][Drone 3][INFO][ANALYZE_IMAGE] - Starting analysis for agricultural image: Images/Camera/40.207862_-3.467372.jpg
[2025-11-21 22:17:16,001][Drone 3][INFO][ANALYZE_IMAGE] - Executing agricultural model: Images/Models/Grape_Diseases_Hailo8/init_grape_diseases_hailo8.py
[2025-11-21 22:17:19,204][Drone 3][INFO][ANALYZE_IMAGE] - Model execution completed with output: {'Black_measles': 2.2, 'Black_rot': 1.7, 'Isariopsis': 1.8599999999999999}
[2025-11-21 22:17:19,205][Drone 3][INFO][ANALYZE_IMAGE] - Executing agricultural model: Images/Models/Grape_Bunch_Hailo8/init_grape_bunch_hailo8.py
[2025-11-21 22:17:20,841][Drone 3][INFO][ANALYZE_IMAGE] - Model execution completed with output: {'Grape_bunch': 1.95}
[2025-11-21 22:17:21,842][Drone 3][INFO][ANALYZE_IMAGE] - Analysis completed
[2025-11-21 22:17:21,843][Drone 3][INFO][PM_MANAGER] - Running PM generator: PrescriptionMap/pm_generation/ISOBUS/pm_isobus.py
[2025-11-21 22:17:21,857][Drone 3][INFO][PM_MANAGER] - Running PM generator: PrescriptionMap/pm_generation/Drone/pm_drone.py
[2025-11-21 22:17:21,936][Drone 3][INFO][PM_MANAGER] - PM output [0]: 
Drone PM: Black_measles.json at [0][2] = 2.2
Drone PM: Black_rot.json at [0][2] = 1.7
Drone PM: Isariopsis.json at [0][2] = 1.8599999999999999
Drone PM: Grape_bunch.json at [0][2] = 1.95
[2025-11-21 22:17:21,945][Drone 3][INFO][PM_MANAGER] - PM output [1]: 
Script execution failed: PrescriptionMap/pm_generation/ISOBUS/pm_isobus.py
Return code: 1
Stderr: Traceback (most recent call last):
  File "/home/estela/Fleet_Manager/Drone_3/PrescriptionMap/pm_generation/ISOBUS/pm_isobus.py", line 798, in <module>
    generate_pm(amount, grid, long, lat)
  File "/home/estela/Fleet_Manager/Drone_3/PrescriptionMap/pm_generation/ISOBUS/pm_isobus.py", line 343, in generate_pm
    with open(path, "w") as f:
         ^^^^^^^^^^^^^^^
FileNotFoundError: [Errno 2] No such file or directory: 'PrescriptionMap/pm_generation/ISOBUS/PMs/isobus_pm.json'
[2025-11-21 22:17:21,949][Drone 3][INFO][COMMANDS] - Command executed successfully
[2025-11-21 22:17:21,953][Drone 3][INFO][gRPC Commands] - Feedback sent to ROS2
[2025-11-21 22:17:22,973][Drone 3][INFO][gRPC Commands] - Command received
[2025-11-21 22:17:22,973][Drone 3][INFO][COMMANDS] - Processing NAV_WAYPOINT command
[2025-11-21 22:17:22,974][Drone 3][INFO][NAV_WAYPOINT] - Going to WP...
[2025-11-21 22:17:25,357][Drone 3][INFO][gRPC Metrics] - System Metrics sent to ROS2
[2025-11-21 22:17:32,975][Drone 3][INFO][NAV_WAYPOINT] - Waypoint reached
[2025-11-21 22:17:32,975][Drone 3][INFO][COMMANDS] - Command executed successfully
[2025-11-21 22:17:32,978][Drone 3][INFO][gRPC Commands] - Feedback sent to ROS2
[2025-11-21 22:17:33,998][Drone 3][INFO][gRPC Commands] - Command received
[2025-11-21 22:17:33,999][Drone 3][INFO][COMMANDS] - Processing CAMERA_IMAGE command
[2025-11-21 22:17:33,999][Drone 3][INFO][CAMERA_IMAGE] - Taking picture...
[2025-11-21 22:17:35,038][Drone 3][INFO][CAMERA_IMAGE] - Picture taken successfully as 40.207855_-3.467262.jpg
[2025-11-21 22:17:35,038][Drone 3][INFO][COMMANDS] - Command executed successfully
[2025-11-21 22:17:35,042][Drone 3][INFO][gRPC Commands] - Feedback sent to ROS2
[2025-11-21 22:17:35,395][Drone 3][INFO][gRPC Metrics] - System Metrics sent to ROS2
[2025-11-21 22:17:36,062][Drone 3][INFO][gRPC Commands] - Command received
[2025-11-21 22:17:36,062][Drone 3][INFO][COMMANDS] - Processing ANALYZE_IMAGE command
[2025-11-21 22:17:36,063][Drone 3][INFO][ANALYZE_IMAGE] - Analyzing image...
[2025-11-21 22:17:36,063][Drone 3][INFO][ANALYZE_IMAGE] - Starting analysis for agricultural image: Images/Camera/40.207855_-3.467262.jpg
[2025-11-21 22:17:36,063][Drone 3][INFO][ANALYZE_IMAGE] - Executing agricultural model: Images/Models/Grape_Diseases_Hailo8/init_grape_diseases_hailo8.py
[2025-11-21 22:17:39,916][Drone 3][INFO][ANALYZE_IMAGE] - Model execution completed with output: {'Black_measles': 2.2, 'Black_rot': 1.7, 'Isariopsis': 2.36}
[2025-11-21 22:17:39,916][Drone 3][INFO][ANALYZE_IMAGE] - Executing agricultural model: Images/Models/Grape_Bunch_Hailo8/init_grape_bunch_hailo8.py
[2025-11-21 22:17:41,652][Drone 3][INFO][ANALYZE_IMAGE] - Model execution completed with output: {'Grape_bunch': 5.95}
[2025-11-21 22:17:42,653][Drone 3][INFO][ANALYZE_IMAGE] - Analysis completed
[2025-11-21 22:17:42,654][Drone 3][INFO][PM_MANAGER] - Running PM generator: PrescriptionMap/pm_generation/ISOBUS/pm_isobus.py
[2025-11-21 22:17:42,665][Drone 3][INFO][PM_MANAGER] - Running PM generator: PrescriptionMap/pm_generation/Drone/pm_drone.py
[2025-11-21 22:17:42,717][Drone 3][INFO][PM_MANAGER] - PM output [0]: 
Drone PM: Black_measles.json at [0][3] = 2.2
Drone PM: Black_rot.json at [0][3] = 1.7
Drone PM: Isariopsis.json at [0][3] = 2.36
Drone PM: Grape_bunch.json at [0][3] = 5.95
[2025-11-21 22:17:42,719][Drone 3][INFO][PM_MANAGER] - PM output [1]: 
Script execution failed: PrescriptionMap/pm_generation/ISOBUS/pm_isobus.py
Return code: 1
Stderr: Traceback (most recent call last):
  File "/home/estela/Fleet_Manager/Drone_3/PrescriptionMap/pm_generation/ISOBUS/pm_isobus.py", line 798, in <module>
    generate_pm(amount, grid, long, lat)
  File "/home/estela/Fleet_Manager/Drone_3/PrescriptionMap/pm_generation/ISOBUS/pm_isobus.py", line 343, in generate_pm
    with open(path, "w") as f:
         ^^^^^^^^^^^^^^^
FileNotFoundError: [Errno 2] No such file or directory: 'PrescriptionMap/pm_generation/ISOBUS/PMs/isobus_pm.json'
[2025-11-21 22:17:42,722][Drone 3][INFO][COMMANDS] - Command executed successfully
[2025-11-21 22:17:42,726][Drone 3][INFO][gRPC Commands] - Feedback sent to ROS2
[2025-11-21 22:17:43,748][Drone 3][INFO][gRPC Commands] - Command received
[2025-11-21 22:17:43,748][Drone 3][INFO][COMMANDS] - Processing NAV_WAYPOINT command
[2025-11-21 22:17:43,749][Drone 3][INFO][NAV_WAYPOINT] - Going to WP...
[2025-11-21 22:17:45,428][Drone 3][INFO][gRPC Metrics] - System Metrics sent to ROS2
[2025-11-21 22:17:53,749][Drone 3][INFO][NAV_WAYPOINT] - Waypoint reached
[2025-11-21 22:17:53,749][Drone 3][INFO][COMMANDS] - Command executed successfully
[2025-11-21 22:17:53,752][Drone 3][INFO][gRPC Commands] - Feedback sent to ROS2
[2025-11-21 22:17:54,807][Drone 3][INFO][gRPC Commands] - Command received
[2025-11-21 22:17:54,808][Drone 3][INFO][COMMANDS] - Processing CAMERA_IMAGE command
[2025-11-21 22:17:54,808][Drone 3][INFO][CAMERA_IMAGE] - Taking picture...
[2025-11-21 22:17:55,460][Drone 3][INFO][gRPC Metrics] - System Metrics sent to ROS2
[2025-11-21 22:17:55,846][Drone 3][INFO][CAMERA_IMAGE] - Picture taken successfully as 40.207848_-3.467152.jpg
[2025-11-21 22:17:55,846][Drone 3][INFO][COMMANDS] - Command executed successfully
[2025-11-21 22:17:55,849][Drone 3][INFO][gRPC Commands] - Feedback sent to ROS2
[2025-11-21 22:17:56,876][Drone 3][INFO][gRPC Commands] - Command received
[2025-11-21 22:17:56,877][Drone 3][INFO][COMMANDS] - Processing ANALYZE_IMAGE command
[2025-11-21 22:17:56,877][Drone 3][INFO][ANALYZE_IMAGE] - Analyzing image...
[2025-11-21 22:17:56,877][Drone 3][INFO][ANALYZE_IMAGE] - Starting analysis for agricultural image: Images/Camera/40.207848_-3.467152.jpg
[2025-11-21 22:17:56,878][Drone 3][INFO][ANALYZE_IMAGE] - Executing agricultural model: Images/Models/Grape_Diseases_Hailo8/init_grape_diseases_hailo8.py
[2025-11-21 22:18:00,172][Drone 3][INFO][ANALYZE_IMAGE] - Model execution completed with output: {'Black_measles': 2.2, 'Black_rot': 1.7, 'Isariopsis': 1.8599999999999999}
[2025-11-21 22:18:00,173][Drone 3][INFO][ANALYZE_IMAGE] - Executing agricultural model: Images/Models/Grape_Bunch_Hailo8/init_grape_bunch_hailo8.py
[2025-11-21 22:18:01,785][Drone 3][INFO][ANALYZE_IMAGE] - Model execution completed with output: {'Grape_bunch': 1.95}
[2025-11-21 22:18:02,785][Drone 3][INFO][ANALYZE_IMAGE] - Analysis completed
[2025-11-21 22:18:02,786][Drone 3][INFO][PM_MANAGER] - Running PM generator: PrescriptionMap/pm_generation/ISOBUS/pm_isobus.py
[2025-11-21 22:18:02,799][Drone 3][INFO][PM_MANAGER] - Running PM generator: PrescriptionMap/pm_generation/Drone/pm_drone.py
[2025-11-21 22:18:02,853][Drone 3][INFO][PM_MANAGER] - PM output [0]: 
Script execution failed: PrescriptionMap/pm_generation/ISOBUS/pm_isobus.py
Return code: 1
Stderr: Traceback (most recent call last):
  File "/home/estela/Fleet_Manager/Drone_3/PrescriptionMap/pm_generation/ISOBUS/pm_isobus.py", line 798, in <module>
    generate_pm(amount, grid, long, lat)
  File "/home/estela/Fleet_Manager/Drone_3/PrescriptionMap/pm_generation/ISOBUS/pm_isobus.py", line 343, in generate_pm
    with open(path, "w") as f:
         ^^^^^^^^^^^^^^^
FileNotFoundError: [Errno 2] No such file or directory: 'PrescriptionMap/pm_generation/ISOBUS/PMs/isobus_pm.json'
[2025-11-21 22:18:02,855][Drone 3][INFO][PM_MANAGER] - PM output [1]: 
Drone PM: Black_measles.json at [0][4] = 2.2
Drone PM: Black_rot.json at [0][4] = 1.7
Drone PM: Isariopsis.json at [0][4] = 1.8599999999999999
Drone PM: Grape_bunch.json at [0][4] = 1.95
[2025-11-21 22:18:02,858][Drone 3][INFO][COMMANDS] - Command executed successfully
[2025-11-21 22:18:02,861][Drone 3][INFO][gRPC Commands] - Feedback sent to ROS2
[2025-11-21 22:18:03,879][Drone 3][INFO][gRPC Commands] - Command received
[2025-11-21 22:18:03,880][Drone 3][INFO][COMMANDS] - Processing NAV_WAYPOINT command
[2025-11-21 22:18:03,880][Drone 3][INFO][NAV_WAYPOINT] - Going to WP...
[2025-11-21 22:18:05,495][Drone 3][INFO][gRPC Metrics] - System Metrics sent to ROS2
[2025-11-21 22:18:13,882][Drone 3][INFO][NAV_WAYPOINT] - Waypoint reached
[2025-11-21 22:18:13,882][Drone 3][INFO][COMMANDS] - Command executed successfully
[2025-11-21 22:18:13,885][Drone 3][INFO][gRPC Commands] - Feedback sent to ROS2
[2025-11-21 22:18:14,910][Drone 3][INFO][gRPC Commands] - Command received
[2025-11-21 22:18:14,911][Drone 3][INFO][COMMANDS] - Processing CAMERA_IMAGE command
[2025-11-21 22:18:14,911][Drone 3][INFO][CAMERA_IMAGE] - Taking picture...
[2025-11-21 22:18:15,529][Drone 3][INFO][gRPC Metrics] - System Metrics sent to ROS2
[2025-11-21 22:18:15,951][Drone 3][INFO][CAMERA_IMAGE] - Picture taken successfully as 40.207842_-3.467042.jpg
[2025-11-21 22:18:15,951][Drone 3][INFO][COMMANDS] - Command executed successfully
[2025-11-21 22:18:15,955][Drone 3][INFO][gRPC Commands] - Feedback sent to ROS2
[2025-11-21 22:18:16,976][Drone 3][INFO][gRPC Commands] - Command received
[2025-11-21 22:18:16,976][Drone 3][INFO][COMMANDS] - Processing ANALYZE_IMAGE command
[2025-11-21 22:18:16,976][Drone 3][INFO][ANALYZE_IMAGE] - Analyzing image...
[2025-11-21 22:18:16,976][Drone 3][INFO][ANALYZE_IMAGE] - Starting analysis for agricultural image: Images/Camera/40.207842_-3.467042.jpg
[2025-11-21 22:18:16,976][Drone 3][INFO][ANALYZE_IMAGE] - Executing agricultural model: Images/Models/Grape_Diseases_Hailo8/init_grape_diseases_hailo8.py
[2025-11-21 22:18:20,476][Drone 3][INFO][ANALYZE_IMAGE] - Model execution completed with output: {'Black_measles': 2.2, 'Black_rot': 1.7, 'Isariopsis': 2.36}
[2025-11-21 22:18:20,477][Drone 3][INFO][ANALYZE_IMAGE] - Executing agricultural model: Images/Models/Grape_Bunch_Hailo8/init_grape_bunch_hailo8.py
[2025-11-21 22:18:22,095][Drone 3][INFO][ANALYZE_IMAGE] - Model execution completed with output: {'Grape_bunch': 5.95}
[2025-11-21 22:18:23,096][Drone 3][INFO][ANALYZE_IMAGE] - Analysis completed
[2025-11-21 22:18:23,097][Drone 3][INFO][PM_MANAGER] - Running PM generator: PrescriptionMap/pm_generation/ISOBUS/pm_isobus.py
[2025-11-21 22:18:23,109][Drone 3][INFO][PM_MANAGER] - Running PM generator: PrescriptionMap/pm_generation/Drone/pm_drone.py
[2025-11-21 22:18:23,161][Drone 3][INFO][PM_MANAGER] - PM output [0]: 
Script execution failed: PrescriptionMap/pm_generation/ISOBUS/pm_isobus.py
Return code: 1
Stderr: Traceback (most recent call last):
  File "/home/estela/Fleet_Manager/Drone_3/PrescriptionMap/pm_generation/ISOBUS/pm_isobus.py", line 798, in <module>
    generate_pm(amount, grid, long, lat)
  File "/home/estela/Fleet_Manager/Drone_3/PrescriptionMap/pm_generation/ISOBUS/pm_isobus.py", line 343, in generate_pm
    with open(path, "w") as f:
         ^^^^^^^^^^^^^^^
FileNotFoundError: [Errno 2] No such file or directory: 'PrescriptionMap/pm_generation/ISOBUS/PMs/isobus_pm.json'
[2025-11-21 22:18:23,164][Drone 3][INFO][PM_MANAGER] - PM output [1]: 
Drone PM: Black_measles.json at [0][5] = 2.2
Drone PM: Black_rot.json at [0][5] = 1.7
Drone PM: Isariopsis.json at [0][5] = 2.36
Drone PM: Grape_bunch.json at [0][5] = 5.95
[2025-11-21 22:18:23,167][Drone 3][INFO][COMMANDS] - Command executed successfully
[2025-11-21 22:18:23,170][Drone 3][INFO][gRPC Commands] - Feedback sent to ROS2
[2025-11-21 22:18:24,190][Drone 3][INFO][gRPC Commands] - Command received
[2025-11-21 22:18:24,190][Drone 3][INFO][COMMANDS] - Processing NAV_WAYPOINT command
[2025-11-21 22:18:24,190][Drone 3][INFO][NAV_WAYPOINT] - Going to WP...
[2025-11-21 22:18:25,565][Drone 3][INFO][gRPC Metrics] - System Metrics sent to ROS2
[2025-11-21 22:18:34,191][Drone 3][INFO][NAV_WAYPOINT] - Waypoint reached
[2025-11-21 22:18:34,191][Drone 3][INFO][COMMANDS] - Command executed successfully
[2025-11-21 22:18:34,194][Drone 3][INFO][gRPC Commands] - Feedback sent to ROS2
[2025-11-21 22:18:35,218][Drone 3][INFO][gRPC Commands] - Command received
[2025-11-21 22:18:35,218][Drone 3][INFO][COMMANDS] - Processing CAMERA_IMAGE command
[2025-11-21 22:18:35,219][Drone 3][INFO][CAMERA_IMAGE] - Taking picture...
[2025-11-21 22:18:35,598][Drone 3][INFO][gRPC Metrics] - System Metrics sent to ROS2
[2025-11-21 22:18:36,257][Drone 3][INFO][CAMERA_IMAGE] - Picture taken successfully as 40.207835_-3.466932.jpg
[2025-11-21 22:18:36,257][Drone 3][INFO][COMMANDS] - Command executed successfully
[2025-11-21 22:18:36,260][Drone 3][INFO][gRPC Commands] - Feedback sent to ROS2
[2025-11-21 22:18:37,285][Drone 3][INFO][gRPC Commands] - Command received
[2025-11-21 22:18:37,285][Drone 3][INFO][COMMANDS] - Processing ANALYZE_IMAGE command
[2025-11-21 22:18:37,285][Drone 3][INFO][ANALYZE_IMAGE] - Analyzing image...
[2025-11-21 22:18:37,285][Drone 3][INFO][ANALYZE_IMAGE] - Starting analysis for agricultural image: Images/Camera/40.207835_-3.466932.jpg
[2025-11-21 22:18:37,286][Drone 3][INFO][ANALYZE_IMAGE] - Executing agricultural model: Images/Models/Grape_Diseases_Hailo8/init_grape_diseases_hailo8.py
[2025-11-21 22:18:40,903][Drone 3][INFO][ANALYZE_IMAGE] - Model execution completed with output: {'Black_measles': 2.2, 'Black_rot': 1.7, 'Isariopsis': 1.8599999999999999}
[2025-11-21 22:18:40,904][Drone 3][INFO][ANALYZE_IMAGE] - Executing agricultural model: Images/Models/Grape_Bunch_Hailo8/init_grape_bunch_hailo8.py
[2025-11-21 22:18:42,544][Drone 3][INFO][ANALYZE_IMAGE] - Model execution completed with output: {'Grape_bunch': 9.95}
[2025-11-21 22:18:43,545][Drone 3][INFO][ANALYZE_IMAGE] - Analysis completed
[2025-11-21 22:18:43,546][Drone 3][INFO][PM_MANAGER] - Running PM generator: PrescriptionMap/pm_generation/ISOBUS/pm_isobus.py
[2025-11-21 22:18:43,557][Drone 3][INFO][PM_MANAGER] - Running PM generator: PrescriptionMap/pm_generation/Drone/pm_drone.py
[2025-11-21 22:18:43,613][Drone 3][INFO][PM_MANAGER] - PM output [0]: 
Script execution failed: PrescriptionMap/pm_generation/ISOBUS/pm_isobus.py
Return code: 1
Stderr: Traceback (most recent call last):
  File "/home/estela/Fleet_Manager/Drone_3/PrescriptionMap/pm_generation/ISOBUS/pm_isobus.py", line 798, in <module>
    generate_pm(amount, grid, long, lat)
  File "/home/estela/Fleet_Manager/Drone_3/PrescriptionMap/pm_generation/ISOBUS/pm_isobus.py", line 343, in generate_pm
    with open(path, "w") as f:
         ^^^^^^^^^^^^^^^
FileNotFoundError: [Errno 2] No such file or directory: 'PrescriptionMap/pm_generation/ISOBUS/PMs/isobus_pm.json'
[2025-11-21 22:18:43,614][Drone 3][INFO][PM_MANAGER] - PM output [1]: 
Drone PM: Black_measles.json at [0][6] = 2.2
Drone PM: Black_rot.json at [0][6] = 1.7
Drone PM: Isariopsis.json at [0][6] = 1.8599999999999999
Drone PM: Grape_bunch.json at [0][6] = 9.95
[2025-11-21 22:18:43,616][Drone 3][INFO][COMMANDS] - Command executed successfully
[2025-11-21 22:18:43,620][Drone 3][INFO][gRPC Commands] - Feedback sent to ROS2
[2025-11-21 22:18:44,640][Drone 3][INFO][gRPC Commands] - Command received
[2025-11-21 22:18:44,641][Drone 3][INFO][COMMANDS] - Processing NAV_WAYPOINT command
[2025-11-21 22:18:44,641][Drone 3][INFO][NAV_WAYPOINT] - Going to WP...
[2025-11-21 22:18:45,631][Drone 3][INFO][gRPC Metrics] - System Metrics sent to ROS2
[2025-11-21 22:18:54,641][Drone 3][INFO][NAV_WAYPOINT] - Waypoint reached
[2025-11-21 22:18:54,641][Drone 3][INFO][COMMANDS] - Command executed successfully
[2025-11-21 22:18:54,646][Drone 3][INFO][gRPC Commands] - Feedback sent to ROS2
[2025-11-21 22:18:55,665][Drone 3][INFO][gRPC Metrics] - System Metrics sent to ROS2
[2025-11-21 22:18:55,674][Drone 3][INFO][gRPC Commands] - Command received
[2025-11-21 22:18:55,674][Drone 3][INFO][COMMANDS] - Processing CAMERA_IMAGE command
[2025-11-21 22:18:55,674][Drone 3][INFO][CAMERA_IMAGE] - Taking picture...
[2025-11-21 22:18:56,715][Drone 3][INFO][CAMERA_IMAGE] - Picture taken successfully as 40.207758_-3.466904.jpg
[2025-11-21 22:18:56,715][Drone 3][INFO][COMMANDS] - Command executed successfully
[2025-11-21 22:18:56,718][Drone 3][INFO][gRPC Commands] - Feedback sent to ROS2
[2025-11-21 22:18:57,738][Drone 3][INFO][gRPC Commands] - Command received
[2025-11-21 22:18:57,738][Drone 3][INFO][COMMANDS] - Processing ANALYZE_IMAGE command
[2025-11-21 22:18:57,738][Drone 3][INFO][ANALYZE_IMAGE] - Analyzing image...
[2025-11-21 22:18:57,738][Drone 3][INFO][ANALYZE_IMAGE] - Starting analysis for agricultural image: Images/Camera/40.207758_-3.466904.jpg
[2025-11-21 22:18:57,739][Drone 3][INFO][ANALYZE_IMAGE] - Executing agricultural model: Images/Models/Grape_Diseases_Hailo8/init_grape_diseases_hailo8.py
[2025-11-21 22:19:01,014][Drone 3][INFO][ANALYZE_IMAGE] - Model execution completed with output: {'Black_measles': 2.2, 'Black_rot': 2.2, 'Isariopsis': 1.8599999999999999}
[2025-11-21 22:19:01,015][Drone 3][INFO][ANALYZE_IMAGE] - Executing agricultural model: Images/Models/Grape_Bunch_Hailo8/init_grape_bunch_hailo8.py
[2025-11-21 22:19:02,675][Drone 3][INFO][ANALYZE_IMAGE] - Model execution completed with output: {'Grape_bunch': 5.95}
[2025-11-21 22:19:03,676][Drone 3][INFO][ANALYZE_IMAGE] - Analysis completed
[2025-11-21 22:19:03,679][Drone 3][INFO][PM_MANAGER] - Running PM generator: PrescriptionMap/pm_generation/ISOBUS/pm_isobus.py
[2025-11-21 22:19:06,273][Drone 3][INFO][PM_MANAGER] - Running PM generator: PrescriptionMap/pm_generation/Drone/pm_drone.py
[2025-11-21 22:19:06,330][Drone 3][INFO][PM_MANAGER] - PM output [0]: 
Script execution failed: PrescriptionMap/pm_generation/ISOBUS/pm_isobus.py
Return code: 1
Stderr: Traceback (most recent call last):
  File "/home/estela/Fleet_Manager/Drone_3/PrescriptionMap/pm_generation/ISOBUS/pm_isobus.py", line 798, in <module>
    generate_pm(amount, grid, long, lat)
  File "/home/estela/Fleet_Manager/Drone_3/PrescriptionMap/pm_generation/ISOBUS/pm_isobus.py", line 343, in generate_pm
    with open(path, "w") as f:
         ^^^^^^^^^^^^^^^
FileNotFoundError: [Errno 2] No such file or directory: 'PrescriptionMap/pm_generation/ISOBUS/PMs/isobus_pm.json'
[2025-11-21 22:19:06,334][Drone 3][INFO][PM_MANAGER] - PM output [1]: 
Drone PM: Black_measles.json at [1][6] = 2.2
Drone PM: Black_rot.json at [1][6] = 2.2
Drone PM: Isariopsis.json at [1][6] = 1.8599999999999999
Drone PM: Grape_bunch.json at [1][6] = 5.95
[2025-11-21 22:19:06,338][Drone 3][INFO][COMMANDS] - Command executed successfully
[2025-11-21 22:19:06,341][Drone 3][INFO][gRPC Commands] - Feedback sent to ROS2
[2025-11-21 22:19:06,369][Drone 3][INFO][gRPC Metrics] - System Metrics sent to ROS2
[2025-11-21 22:19:07,360][Drone 3][INFO][gRPC Commands] - Command received
[2025-11-21 22:19:07,360][Drone 3][INFO][COMMANDS] - Processing NAV_WAYPOINT command
[2025-11-21 22:19:07,361][Drone 3][INFO][NAV_WAYPOINT] - Going to WP...
[2025-11-21 22:19:16,402][Drone 3][INFO][gRPC Metrics] - System Metrics sent to ROS2
[2025-11-21 22:19:17,361][Drone 3][INFO][NAV_WAYPOINT] - Waypoint reached
[2025-11-21 22:19:17,361][Drone 3][INFO][COMMANDS] - Command executed successfully
[2025-11-21 22:19:17,364][Drone 3][INFO][gRPC Commands] - Feedback sent to ROS2
[2025-11-21 22:19:18,385][Drone 3][INFO][gRPC Commands] - Command received
[2025-11-21 22:19:18,385][Drone 3][INFO][COMMANDS] - Processing CAMERA_IMAGE command
[2025-11-21 22:19:18,386][Drone 3][INFO][CAMERA_IMAGE] - Taking picture...
[2025-11-21 22:19:19,423][Drone 3][INFO][CAMERA_IMAGE] - Picture taken successfully as 40.207765_-3.467014.jpg
[2025-11-21 22:19:19,424][Drone 3][INFO][COMMANDS] - Command executed successfully
[2025-11-21 22:19:19,427][Drone 3][INFO][gRPC Commands] - Feedback sent to ROS2
[2025-11-21 22:19:20,450][Drone 3][INFO][gRPC Commands] - Command received
[2025-11-21 22:19:20,451][Drone 3][INFO][COMMANDS] - Processing ANALYZE_IMAGE command
[2025-11-21 22:19:20,451][Drone 3][INFO][ANALYZE_IMAGE] - Analyzing image...
[2025-11-21 22:19:20,451][Drone 3][INFO][ANALYZE_IMAGE] - Starting analysis for agricultural image: Images/Camera/40.207765_-3.467014.jpg
[2025-11-21 22:19:20,452][Drone 3][INFO][ANALYZE_IMAGE] - Executing agricultural model: Images/Models/Grape_Diseases_Hailo8/init_grape_diseases_hailo8.py
[2025-11-21 22:19:24,124][Drone 3][INFO][ANALYZE_IMAGE] - Model execution completed with output: {'Black_measles': 2.2, 'Black_rot': 1.7, 'Isariopsis': 1.8599999999999999}
[2025-11-21 22:19:24,125][Drone 3][INFO][ANALYZE_IMAGE] - Executing agricultural model: Images/Models/Grape_Bunch_Hailo8/init_grape_bunch_hailo8.py
[2025-11-21 22:19:25,751][Drone 3][INFO][ANALYZE_IMAGE] - Model execution completed with output: {'Grape_bunch': 3.95}
[2025-11-21 22:19:26,435][Drone 3][INFO][gRPC Metrics] - System Metrics sent to ROS2
[2025-11-21 22:19:26,752][Drone 3][INFO][ANALYZE_IMAGE] - Analysis completed
[2025-11-21 22:19:26,753][Drone 3][INFO][PM_MANAGER] - Running PM generator: PrescriptionMap/pm_generation/ISOBUS/pm_isobus.py
[2025-11-21 22:19:26,764][Drone 3][INFO][PM_MANAGER] - Running PM generator: PrescriptionMap/pm_generation/Drone/pm_drone.py
[2025-11-21 22:19:26,816][Drone 3][INFO][PM_MANAGER] - PM output [0]: 
Script execution failed: PrescriptionMap/pm_generation/ISOBUS/pm_isobus.py
Return code: 1
Stderr: Traceback (most recent call last):
  File "/home/estela/Fleet_Manager/Drone_3/PrescriptionMap/pm_generation/ISOBUS/pm_isobus.py", line 798, in <module>
    generate_pm(amount, grid, long, lat)
  File "/home/estela/Fleet_Manager/Drone_3/PrescriptionMap/pm_generation/ISOBUS/pm_isobus.py", line 343, in generate_pm
    with open(path, "w") as f:
         ^^^^^^^^^^^^^^^
FileNotFoundError: [Errno 2] No such file or directory: 'PrescriptionMap/pm_generation/ISOBUS/PMs/isobus_pm.json'
[2025-11-21 22:19:26,818][Drone 3][INFO][PM_MANAGER] - PM output [1]: 
Drone PM: Black_measles.json at [1][5] = 2.2
Drone PM: Black_rot.json at [1][5] = 1.7
Drone PM: Isariopsis.json at [1][5] = 1.8599999999999999
Drone PM: Grape_bunch.json at [1][5] = 3.95
[2025-11-21 22:19:26,821][Drone 3][INFO][COMMANDS] - Command executed successfully
[2025-11-21 22:19:26,824][Drone 3][INFO][gRPC Commands] - Feedback sent to ROS2
[2025-11-21 22:19:27,866][Drone 3][INFO][gRPC Commands] - Command received
[2025-11-21 22:19:27,866][Drone 3][INFO][COMMANDS] - Processing NAV_WAYPOINT command
[2025-11-21 22:19:27,867][Drone 3][INFO][NAV_WAYPOINT] - Going to WP...
[2025-11-21 22:19:36,469][Drone 3][INFO][gRPC Metrics] - System Metrics sent to ROS2
[2025-11-21 22:19:37,867][Drone 3][INFO][NAV_WAYPOINT] - Waypoint reached
[2025-11-21 22:19:37,867][Drone 3][INFO][COMMANDS] - Command executed successfully
[2025-11-21 22:19:37,871][Drone 3][INFO][gRPC Commands] - Feedback sent to ROS2
[2025-11-21 22:19:38,891][Drone 3][INFO][gRPC Commands] - Command received
[2025-11-21 22:19:38,891][Drone 3][INFO][COMMANDS] - Processing CAMERA_IMAGE command
[2025-11-21 22:19:38,891][Drone 3][INFO][CAMERA_IMAGE] - Taking picture...
[2025-11-21 22:19:39,929][Drone 3][INFO][CAMERA_IMAGE] - Picture taken successfully as 40.207771_-3.467124.jpg
[2025-11-21 22:19:39,930][Drone 3][INFO][COMMANDS] - Command executed successfully
[2025-11-21 22:19:39,934][Drone 3][INFO][gRPC Commands] - Feedback sent to ROS2
[2025-11-21 22:19:40,958][Drone 3][INFO][gRPC Commands] - Command received
[2025-11-21 22:19:40,959][Drone 3][INFO][COMMANDS] - Processing ANALYZE_IMAGE command
[2025-11-21 22:19:40,959][Drone 3][INFO][ANALYZE_IMAGE] - Analyzing image...
[2025-11-21 22:19:40,959][Drone 3][INFO][ANALYZE_IMAGE] - Starting analysis for agricultural image: Images/Camera/40.207771_-3.467124.jpg
[2025-11-21 22:19:40,960][Drone 3][INFO][ANALYZE_IMAGE] - Executing agricultural model: Images/Models/Grape_Diseases_Hailo8/init_grape_diseases_hailo8.py
[2025-11-21 22:19:44,354][Drone 3][INFO][ANALYZE_IMAGE] - Model execution completed with output: {'Black_measles': 2.7, 'Black_rot': 2.2, 'Isariopsis': 3.3600000000000003}
[2025-11-21 22:19:44,354][Drone 3][INFO][ANALYZE_IMAGE] - Executing agricultural model: Images/Models/Grape_Bunch_Hailo8/init_grape_bunch_hailo8.py
[2025-11-21 22:19:45,976][Drone 3][INFO][ANALYZE_IMAGE] - Model execution completed with output: {'Grape_bunch': 3.95}
[2025-11-21 22:19:46,502][Drone 3][INFO][gRPC Metrics] - System Metrics sent to ROS2
[2025-11-21 22:19:46,976][Drone 3][INFO][ANALYZE_IMAGE] - Analysis completed
[2025-11-21 22:19:46,977][Drone 3][INFO][PM_MANAGER] - Running PM generator: PrescriptionMap/pm_generation/ISOBUS/pm_isobus.py
[2025-11-21 22:19:46,992][Drone 3][INFO][PM_MANAGER] - Running PM generator: PrescriptionMap/pm_generation/Drone/pm_drone.py
[2025-11-21 22:19:47,052][Drone 3][INFO][PM_MANAGER] - PM output [0]: 
Drone PM: Black_measles.json at [1][4] = 2.7
Drone PM: Black_rot.json at [1][4] = 2.2
Drone PM: Isariopsis.json at [1][4] = 3.3600000000000003
Drone PM: Grape_bunch.json at [1][4] = 3.95
[2025-11-21 22:19:47,055][Drone 3][INFO][PM_MANAGER] - PM output [1]: 
Script execution failed: PrescriptionMap/pm_generation/ISOBUS/pm_isobus.py
Return code: 1
Stderr: Traceback (most recent call last):
  File "/home/estela/Fleet_Manager/Drone_3/PrescriptionMap/pm_generation/ISOBUS/pm_isobus.py", line 798, in <module>
    generate_pm(amount, grid, long, lat)
  File "/home/estela/Fleet_Manager/Drone_3/PrescriptionMap/pm_generation/ISOBUS/pm_isobus.py", line 343, in generate_pm
    with open(path, "w") as f:
         ^^^^^^^^^^^^^^^
FileNotFoundError: [Errno 2] No such file or directory: 'PrescriptionMap/pm_generation/ISOBUS/PMs/isobus_pm.json'
[2025-11-21 22:19:47,058][Drone 3][INFO][COMMANDS] - Command executed successfully
[2025-11-21 22:19:47,062][Drone 3][INFO][gRPC Commands] - Feedback sent to ROS2
[2025-11-21 22:19:48,086][Drone 3][INFO][gRPC Commands] - Command received
[2025-11-21 22:19:48,087][Drone 3][INFO][COMMANDS] - Processing NAV_WAYPOINT command
[2025-11-21 22:19:48,087][Drone 3][INFO][NAV_WAYPOINT] - Going to WP...
[2025-11-21 22:19:56,539][Drone 3][INFO][gRPC Metrics] - System Metrics sent to ROS2
[2025-11-21 22:19:58,087][Drone 3][INFO][NAV_WAYPOINT] - Waypoint reached
[2025-11-21 22:19:58,087][Drone 3][INFO][COMMANDS] - Command executed successfully
[2025-11-21 22:19:58,090][Drone 3][INFO][gRPC Commands] - Feedback sent to ROS2
[2025-11-21 22:19:59,116][Drone 3][INFO][gRPC Commands] - Command received
[2025-11-21 22:19:59,117][Drone 3][INFO][COMMANDS] - Processing CAMERA_IMAGE command
[2025-11-21 22:19:59,117][Drone 3][INFO][CAMERA_IMAGE] - Taking picture...
[2025-11-21 22:20:00,156][Drone 3][INFO][CAMERA_IMAGE] - Picture taken successfully as 40.207778_-3.467234.jpg
[2025-11-21 22:20:00,157][Drone 3][INFO][COMMANDS] - Command executed successfully
[2025-11-21 22:20:00,159][Drone 3][INFO][gRPC Commands] - Feedback sent to ROS2
[2025-11-21 22:20:01,203][Drone 3][INFO][gRPC Commands] - Command received
[2025-11-21 22:20:01,204][Drone 3][INFO][COMMANDS] - Processing ANALYZE_IMAGE command
[2025-11-21 22:20:01,204][Drone 3][INFO][ANALYZE_IMAGE] - Analyzing image...
[2025-11-21 22:20:01,204][Drone 3][INFO][ANALYZE_IMAGE] - Starting analysis for agricultural image: Images/Camera/40.207778_-3.467234.jpg
[2025-11-21 22:20:01,205][Drone 3][INFO][ANALYZE_IMAGE] - Executing agricultural model: Images/Models/Grape_Diseases_Hailo8/init_grape_diseases_hailo8.py
[2025-11-21 22:20:04,367][Drone 3][INFO][ANALYZE_IMAGE] - Model execution completed with output: {'Black_measles': 2.2, 'Black_rot': 1.7, 'Isariopsis': 1.8599999999999999}
[2025-11-21 22:20:04,368][Drone 3][INFO][ANALYZE_IMAGE] - Executing agricultural model: Images/Models/Grape_Bunch_Hailo8/init_grape_bunch_hailo8.py
[2025-11-21 22:20:06,022][Drone 3][INFO][ANALYZE_IMAGE] - Model execution completed with output: {'Grape_bunch': 1.95}
[2025-11-21 22:20:06,572][Drone 3][INFO][gRPC Metrics] - System Metrics sent to ROS2
[2025-11-21 22:20:07,022][Drone 3][INFO][ANALYZE_IMAGE] - Analysis completed
[2025-11-21 22:20:07,023][Drone 3][INFO][PM_MANAGER] - Running PM generator: PrescriptionMap/pm_generation/ISOBUS/pm_isobus.py
[2025-11-21 22:20:07,036][Drone 3][INFO][PM_MANAGER] - Running PM generator: PrescriptionMap/pm_generation/Drone/pm_drone.py
[2025-11-21 22:20:07,087][Drone 3][INFO][PM_MANAGER] - PM output [0]: 
Drone PM: Black_measles.json at [1][3] = 2.2
Drone PM: Black_rot.json at [1][3] = 1.7
Drone PM: Isariopsis.json at [1][3] = 1.8599999999999999
Drone PM: Grape_bunch.json at [1][3] = 1.95
[2025-11-21 22:20:07,089][Drone 3][INFO][PM_MANAGER] - PM output [1]: 
Script execution failed: PrescriptionMap/pm_generation/ISOBUS/pm_isobus.py
Return code: 1
Stderr: Traceback (most recent call last):
  File "/home/estela/Fleet_Manager/Drone_3/PrescriptionMap/pm_generation/ISOBUS/pm_isobus.py", line 798, in <module>
    generate_pm(amount, grid, long, lat)
  File "/home/estela/Fleet_Manager/Drone_3/PrescriptionMap/pm_generation/ISOBUS/pm_isobus.py", line 343, in generate_pm
    with open(path, "w") as f:
         ^^^^^^^^^^^^^^^
FileNotFoundError: [Errno 2] No such file or directory: 'PrescriptionMap/pm_generation/ISOBUS/PMs/isobus_pm.json'
[2025-11-21 22:20:07,091][Drone 3][INFO][COMMANDS] - Command executed successfully
[2025-11-21 22:20:07,095][Drone 3][INFO][gRPC Commands] - Feedback sent to ROS2
[2025-11-21 22:20:08,117][Drone 3][INFO][gRPC Commands] - Command received
[2025-11-21 22:20:08,117][Drone 3][INFO][COMMANDS] - Processing NAV_WAYPOINT command
[2025-11-21 22:20:08,117][Drone 3][INFO][NAV_WAYPOINT] - Going to WP...
[2025-11-21 22:20:16,607][Drone 3][INFO][gRPC Metrics] - System Metrics sent to ROS2
[2025-11-21 22:20:18,118][Drone 3][INFO][NAV_WAYPOINT] - Waypoint reached
[2025-11-21 22:20:18,118][Drone 3][INFO][COMMANDS] - Command executed successfully
[2025-11-21 22:20:18,120][Drone 3][INFO][gRPC Commands] - Feedback sent to ROS2
[2025-11-21 22:20:19,142][Drone 3][INFO][gRPC Commands] - Command received
[2025-11-21 22:20:19,143][Drone 3][INFO][COMMANDS] - Processing CAMERA_IMAGE command
[2025-11-21 22:20:19,143][Drone 3][INFO][CAMERA_IMAGE] - Taking picture...
[2025-11-21 22:20:20,181][Drone 3][INFO][CAMERA_IMAGE] - Picture taken successfully as 40.207785_-3.467344.jpg
[2025-11-21 22:20:20,181][Drone 3][INFO][COMMANDS] - Command executed successfully
[2025-11-21 22:20:20,184][Drone 3][INFO][gRPC Commands] - Feedback sent to ROS2
[2025-11-21 22:20:21,205][Drone 3][INFO][gRPC Commands] - Command received
[2025-11-21 22:20:21,205][Drone 3][INFO][COMMANDS] - Processing ANALYZE_IMAGE command
[2025-11-21 22:20:21,205][Drone 3][INFO][ANALYZE_IMAGE] - Analyzing image...
[2025-11-21 22:20:21,205][Drone 3][INFO][ANALYZE_IMAGE] - Starting analysis for agricultural image: Images/Camera/40.207785_-3.467344.jpg
[2025-11-21 22:20:21,206][Drone 3][INFO][ANALYZE_IMAGE] - Executing agricultural model: Images/Models/Grape_Diseases_Hailo8/init_grape_diseases_hailo8.py
[2025-11-21 22:20:24,605][Drone 3][INFO][ANALYZE_IMAGE] - Model execution completed with output: {'Black_measles': 2.2, 'Black_rot': 1.7, 'Isariopsis': 1.8599999999999999}
[2025-11-21 22:20:24,605][Drone 3][INFO][ANALYZE_IMAGE] - Executing agricultural model: Images/Models/Grape_Bunch_Hailo8/init_grape_bunch_hailo8.py
[2025-11-21 22:20:26,261][Drone 3][INFO][ANALYZE_IMAGE] - Model execution completed with output: {'Grape_bunch': 3.95}
[2025-11-21 22:20:26,641][Drone 3][INFO][gRPC Metrics] - System Metrics sent to ROS2
[2025-11-21 22:20:27,261][Drone 3][INFO][ANALYZE_IMAGE] - Analysis completed
[2025-11-21 22:20:27,262][Drone 3][INFO][PM_MANAGER] - Running PM generator: PrescriptionMap/pm_generation/ISOBUS/pm_isobus.py
[2025-11-21 22:20:27,273][Drone 3][INFO][PM_MANAGER] - Running PM generator: PrescriptionMap/pm_generation/Drone/pm_drone.py
[2025-11-21 22:20:27,328][Drone 3][INFO][PM_MANAGER] - PM output [0]: 
Drone PM: Black_measles.json at [1][2] = 2.2
Drone PM: Black_rot.json at [1][2] = 1.7
Drone PM: Isariopsis.json at [1][2] = 1.8599999999999999
Drone PM: Grape_bunch.json at [1][2] = 3.95
[2025-11-21 22:20:27,331][Drone 3][INFO][PM_MANAGER] - PM output [1]: 
Script execution failed: PrescriptionMap/pm_generation/ISOBUS/pm_isobus.py
Return code: 1
Stderr: Traceback (most recent call last):
  File "/home/estela/Fleet_Manager/Drone_3/PrescriptionMap/pm_generation/ISOBUS/pm_isobus.py", line 798, in <module>
    generate_pm(amount, grid, long, lat)
  File "/home/estela/Fleet_Manager/Drone_3/PrescriptionMap/pm_generation/ISOBUS/pm_isobus.py", line 343, in generate_pm
    with open(path, "w") as f:
         ^^^^^^^^^^^^^^^
FileNotFoundError: [Errno 2] No such file or directory: 'PrescriptionMap/pm_generation/ISOBUS/PMs/isobus_pm.json'
[2025-11-21 22:20:27,335][Drone 3][INFO][COMMANDS] - Command executed successfully
[2025-11-21 22:20:27,337][Drone 3][INFO][gRPC Commands] - Feedback sent to ROS2
[2025-11-21 22:20:28,412][Drone 3][INFO][gRPC Commands] - Command received
[2025-11-21 22:20:28,412][Drone 3][INFO][COMMANDS] - Processing NAV_WAYPOINT command
[2025-11-21 22:20:28,412][Drone 3][INFO][NAV_WAYPOINT] - Going to WP...
[2025-11-21 22:20:36,676][Drone 3][INFO][gRPC Metrics] - System Metrics sent to ROS2
[2025-11-21 22:20:38,412][Drone 3][INFO][NAV_WAYPOINT] - Waypoint reached
[2025-11-21 22:20:38,413][Drone 3][INFO][COMMANDS] - Command executed successfully
[2025-11-21 22:20:38,416][Drone 3][INFO][gRPC Commands] - Feedback sent to ROS2
[2025-11-21 22:20:39,438][Drone 3][INFO][gRPC Commands] - Command received
[2025-11-21 22:20:39,438][Drone 3][INFO][COMMANDS] - Processing CAMERA_IMAGE command
[2025-11-21 22:20:39,438][Drone 3][INFO][CAMERA_IMAGE] - Taking picture...
[2025-11-21 22:20:40,476][Drone 3][INFO][CAMERA_IMAGE] - Picture taken successfully as 40.207791_-3.467454.jpg
[2025-11-21 22:20:40,476][Drone 3][INFO][COMMANDS] - Command executed successfully
[2025-11-21 22:20:40,479][Drone 3][INFO][gRPC Commands] - Feedback sent to ROS2
[2025-11-21 22:20:41,501][Drone 3][INFO][gRPC Commands] - Command received
[2025-11-21 22:20:41,501][Drone 3][INFO][COMMANDS] - Processing ANALYZE_IMAGE command
[2025-11-21 22:20:41,502][Drone 3][INFO][ANALYZE_IMAGE] - Analyzing image...
[2025-11-21 22:20:41,502][Drone 3][INFO][ANALYZE_IMAGE] - Starting analysis for agricultural image: Images/Camera/40.207791_-3.467454.jpg
[2025-11-21 22:20:41,502][Drone 3][INFO][ANALYZE_IMAGE] - Executing agricultural model: Images/Models/Grape_Diseases_Hailo8/init_grape_diseases_hailo8.py
[2025-11-21 22:20:44,958][Drone 3][INFO][ANALYZE_IMAGE] - Model execution completed with output: {'Black_measles': 2.2, 'Black_rot': 1.7, 'Isariopsis': 1.8599999999999999}
[2025-11-21 22:20:44,958][Drone 3][INFO][ANALYZE_IMAGE] - Executing agricultural model: Images/Models/Grape_Bunch_Hailo8/init_grape_bunch_hailo8.py
[2025-11-21 22:20:46,624][Drone 3][INFO][ANALYZE_IMAGE] - Model execution completed with output: {'Grape_bunch': 5.95}
[2025-11-21 22:20:46,708][Drone 3][INFO][gRPC Metrics] - System Metrics sent to ROS2
[2025-11-21 22:20:47,624][Drone 3][INFO][ANALYZE_IMAGE] - Analysis completed
[2025-11-21 22:20:47,625][Drone 3][INFO][PM_MANAGER] - Running PM generator: PrescriptionMap/pm_generation/ISOBUS/pm_isobus.py
[2025-11-21 22:20:47,637][Drone 3][INFO][PM_MANAGER] - Running PM generator: PrescriptionMap/pm_generation/Drone/pm_drone.py
[2025-11-21 22:20:47,697][Drone 3][INFO][PM_MANAGER] - PM output [0]: 
Script execution failed: PrescriptionMap/pm_generation/ISOBUS/pm_isobus.py
Return code: 1
Stderr: Traceback (most recent call last):
  File "/home/estela/Fleet_Manager/Drone_3/PrescriptionMap/pm_generation/ISOBUS/pm_isobus.py", line 798, in <module>
    generate_pm(amount, grid, long, lat)
  File "/home/estela/Fleet_Manager/Drone_3/PrescriptionMap/pm_generation/ISOBUS/pm_isobus.py", line 343, in generate_pm
    with open(path, "w") as f:
         ^^^^^^^^^^^^^^^
FileNotFoundError: [Errno 2] No such file or directory: 'PrescriptionMap/pm_generation/ISOBUS/PMs/isobus_pm.json'
[2025-11-21 22:20:47,697][Drone 3][INFO][PM_MANAGER] - PM output [1]: 
Drone PM: Black_measles.json at [1][1] = 2.2
Drone PM: Black_rot.json at [1][1] = 1.7
Drone PM: Isariopsis.json at [1][1] = 1.8599999999999999
Drone PM: Grape_bunch.json at [1][1] = 5.95
[2025-11-21 22:20:47,701][Drone 3][INFO][COMMANDS] - Command executed successfully
[2025-11-21 22:20:47,706][Drone 3][INFO][gRPC Commands] - Feedback sent to ROS2
[2025-11-21 22:20:48,728][Drone 3][INFO][gRPC Commands] - Command received
[2025-11-21 22:20:48,728][Drone 3][INFO][COMMANDS] - Processing NAV_WAYPOINT command
[2025-11-21 22:20:48,729][Drone 3][INFO][NAV_WAYPOINT] - Going to WP...
[2025-11-21 22:20:56,743][Drone 3][INFO][gRPC Metrics] - System Metrics sent to ROS2
[2025-11-21 22:20:58,729][Drone 3][INFO][NAV_WAYPOINT] - Waypoint reached
[2025-11-21 22:20:58,729][Drone 3][INFO][COMMANDS] - Command executed successfully
[2025-11-21 22:20:58,732][Drone 3][INFO][gRPC Commands] - Feedback sent to ROS2
[2025-11-21 22:20:59,752][Drone 3][INFO][gRPC Commands] - Command received
[2025-11-21 22:20:59,752][Drone 3][INFO][COMMANDS] - Processing CAMERA_IMAGE command
[2025-11-21 22:20:59,752][Drone 3][INFO][CAMERA_IMAGE] - Taking picture...
[2025-11-21 22:21:00,792][Drone 3][INFO][CAMERA_IMAGE] - Picture taken successfully as 40.207798_-3.467564.jpg
[2025-11-21 22:21:00,792][Drone 3][INFO][COMMANDS] - Command executed successfully
[2025-11-21 22:21:00,795][Drone 3][INFO][gRPC Commands] - Feedback sent to ROS2
[2025-11-21 22:21:01,816][Drone 3][INFO][gRPC Commands] - Command received
[2025-11-21 22:21:01,816][Drone 3][INFO][COMMANDS] - Processing ANALYZE_IMAGE command
[2025-11-21 22:21:01,817][Drone 3][INFO][ANALYZE_IMAGE] - Analyzing image...
[2025-11-21 22:21:01,817][Drone 3][INFO][ANALYZE_IMAGE] - Starting analysis for agricultural image: Images/Camera/40.207798_-3.467564.jpg
[2025-11-21 22:21:01,817][Drone 3][INFO][ANALYZE_IMAGE] - Executing agricultural model: Images/Models/Grape_Diseases_Hailo8/init_grape_diseases_hailo8.py
[2025-11-21 22:21:05,523][Drone 3][INFO][ANALYZE_IMAGE] - Model execution completed with output: {'Black_measles': 2.2, 'Black_rot': 1.7, 'Isariopsis': 1.8599999999999999}
[2025-11-21 22:21:05,524][Drone 3][INFO][ANALYZE_IMAGE] - Executing agricultural model: Images/Models/Grape_Bunch_Hailo8/init_grape_bunch_hailo8.py
[2025-11-21 22:21:06,777][Drone 3][INFO][gRPC Metrics] - System Metrics sent to ROS2
[2025-11-21 22:21:07,146][Drone 3][INFO][ANALYZE_IMAGE] - Model execution completed with output: {'Grape_bunch': 9.95}
[2025-11-21 22:21:08,147][Drone 3][INFO][ANALYZE_IMAGE] - Analysis completed
[2025-11-21 22:21:08,148][Drone 3][INFO][PM_MANAGER] - Running PM generator: PrescriptionMap/pm_generation/ISOBUS/pm_isobus.py
[2025-11-21 22:21:08,178][Drone 3][INFO][PM_MANAGER] - Running PM generator: PrescriptionMap/pm_generation/Drone/pm_drone.py
[2025-11-21 22:21:08,231][Drone 3][INFO][PM_MANAGER] - PM output [0]: 
Script execution failed: PrescriptionMap/pm_generation/ISOBUS/pm_isobus.py
Return code: 1
Stderr: Traceback (most recent call last):
  File "/home/estela/Fleet_Manager/Drone_3/PrescriptionMap/pm_generation/ISOBUS/pm_isobus.py", line 798, in <module>
    generate_pm(amount, grid, long, lat)
  File "/home/estela/Fleet_Manager/Drone_3/PrescriptionMap/pm_generation/ISOBUS/pm_isobus.py", line 343, in generate_pm
    with open(path, "w") as f:
         ^^^^^^^^^^^^^^^
FileNotFoundError: [Errno 2] No such file or directory: 'PrescriptionMap/pm_generation/ISOBUS/PMs/isobus_pm.json'
[2025-11-21 22:21:08,235][Drone 3][INFO][PM_MANAGER] - PM output [1]: 
Drone PM: Black_measles.json at [1][0] = 2.2
Drone PM: Black_rot.json at [1][0] = 1.7
Drone PM: Isariopsis.json at [1][0] = 1.8599999999999999
Drone PM: Grape_bunch.json at [1][0] = 9.95
[2025-11-21 22:21:08,237][Drone 3][INFO][COMMANDS] - Command executed successfully
[2025-11-21 22:21:08,241][Drone 3][INFO][gRPC Commands] - Feedback sent to ROS2
[2025-11-21 22:21:09,266][Drone 3][INFO][gRPC Commands] - Command received
[2025-11-21 22:21:09,266][Drone 3][INFO][COMMANDS] - Processing NAV_WAYPOINT command
[2025-11-21 22:21:09,266][Drone 3][INFO][NAV_WAYPOINT] - Going to WP...
[2025-11-21 22:21:16,810][Drone 3][INFO][gRPC Metrics] - System Metrics sent to ROS2
[2025-11-21 22:21:19,266][Drone 3][INFO][NAV_WAYPOINT] - Waypoint reached
[2025-11-21 22:21:19,270][Drone 3][INFO][COMMANDS] - Command executed successfully
[2025-11-21 22:21:19,273][Drone 3][INFO][gRPC Commands] - Feedback sent to ROS2
[2025-11-21 22:21:20,294][Drone 3][INFO][gRPC Commands] - Command received
[2025-11-21 22:21:20,294][Drone 3][INFO][COMMANDS] - Processing CAMERA_IMAGE command
[2025-11-21 22:21:20,294][Drone 3][INFO][CAMERA_IMAGE] - Taking picture...
[2025-11-21 22:21:21,332][Drone 3][INFO][CAMERA_IMAGE] - Picture taken successfully as 40.207721_-3.467536.jpg
[2025-11-21 22:21:21,332][Drone 3][INFO][COMMANDS] - Command executed successfully
[2025-11-21 22:21:21,335][Drone 3][INFO][gRPC Commands] - Feedback sent to ROS2
[2025-11-21 22:21:22,379][Drone 3][INFO][gRPC Commands] - Command received
[2025-11-21 22:21:22,380][Drone 3][INFO][COMMANDS] - Processing ANALYZE_IMAGE command
[2025-11-21 22:21:22,380][Drone 3][INFO][ANALYZE_IMAGE] - Analyzing image...
[2025-11-21 22:21:22,380][Drone 3][INFO][ANALYZE_IMAGE] - Starting analysis for agricultural image: Images/Camera/40.207721_-3.467536.jpg
[2025-11-21 22:21:22,380][Drone 3][INFO][ANALYZE_IMAGE] - Executing agricultural model: Images/Models/Grape_Diseases_Hailo8/init_grape_diseases_hailo8.py
[2025-11-21 22:21:25,532][Drone 3][INFO][ANALYZE_IMAGE] - Model execution completed with output: {'Black_measles': 2.2, 'Black_rot': 1.7, 'Isariopsis': 1.8599999999999999}
[2025-11-21 22:21:25,533][Drone 3][INFO][ANALYZE_IMAGE] - Executing agricultural model: Images/Models/Grape_Bunch_Hailo8/init_grape_bunch_hailo8.py
[2025-11-21 22:21:26,849][Drone 3][INFO][gRPC Metrics] - System Metrics sent to ROS2
[2025-11-21 22:21:27,146][Drone 3][INFO][ANALYZE_IMAGE] - Model execution completed with output: {'Grape_bunch': 1.95}
[2025-11-21 22:21:28,146][Drone 3][INFO][ANALYZE_IMAGE] - Analysis completed
[2025-11-21 22:21:28,147][Drone 3][INFO][PM_MANAGER] - Running PM generator: PrescriptionMap/pm_generation/ISOBUS/pm_isobus.py
[2025-11-21 22:21:28,159][Drone 3][INFO][PM_MANAGER] - Running PM generator: PrescriptionMap/pm_generation/Drone/pm_drone.py
[2025-11-21 22:21:28,210][Drone 3][INFO][PM_MANAGER] - PM output [0]: 
Script execution failed: PrescriptionMap/pm_generation/ISOBUS/pm_isobus.py
Return code: 1
Stderr: Traceback (most recent call last):
  File "/home/estela/Fleet_Manager/Drone_3/PrescriptionMap/pm_generation/ISOBUS/pm_isobus.py", line 798, in <module>
    generate_pm(amount, grid, long, lat)
  File "/home/estela/Fleet_Manager/Drone_3/PrescriptionMap/pm_generation/ISOBUS/pm_isobus.py", line 343, in generate_pm
    with open(path, "w") as f:
         ^^^^^^^^^^^^^^^
FileNotFoundError: [Errno 2] No such file or directory: 'PrescriptionMap/pm_generation/ISOBUS/PMs/isobus_pm.json'
[2025-11-21 22:21:28,217][Drone 3][INFO][PM_MANAGER] - PM output [1]: 
Drone PM: Black_measles.json at [2][0] = 2.2
Drone PM: Black_rot.json at [2][0] = 1.7
Drone PM: Isariopsis.json at [2][0] = 1.8599999999999999
Drone PM: Grape_bunch.json at [2][0] = 1.95
[2025-11-21 22:21:28,220][Drone 3][INFO][COMMANDS] - Command executed successfully
[2025-11-21 22:21:28,223][Drone 3][INFO][gRPC Commands] - Feedback sent to ROS2
[2025-11-21 22:21:29,246][Drone 3][INFO][gRPC Commands] - Command received
[2025-11-21 22:21:29,247][Drone 3][INFO][COMMANDS] - Processing NAV_WAYPOINT command
[2025-11-21 22:21:29,247][Drone 3][INFO][NAV_WAYPOINT] - Going to WP...
[2025-11-21 22:21:36,886][Drone 3][INFO][gRPC Metrics] - System Metrics sent to ROS2
[2025-11-21 22:21:39,247][Drone 3][INFO][NAV_WAYPOINT] - Waypoint reached
[2025-11-21 22:21:39,247][Drone 3][INFO][COMMANDS] - Command executed successfully
[2025-11-21 22:21:39,250][Drone 3][INFO][gRPC Commands] - Feedback sent to ROS2
[2025-11-21 22:21:40,274][Drone 3][INFO][gRPC Commands] - Command received
[2025-11-21 22:21:40,274][Drone 3][INFO][COMMANDS] - Processing CAMERA_IMAGE command
[2025-11-21 22:21:40,274][Drone 3][INFO][CAMERA_IMAGE] - Taking picture...
[2025-11-21 22:21:41,312][Drone 3][INFO][CAMERA_IMAGE] - Picture taken successfully as 40.207714_-3.467426.jpg
[2025-11-21 22:21:41,312][Drone 3][INFO][COMMANDS] - Command executed successfully
[2025-11-21 22:21:41,315][Drone 3][INFO][gRPC Commands] - Feedback sent to ROS2
[2025-11-21 22:21:42,335][Drone 3][INFO][gRPC Commands] - Command received
[2025-11-21 22:21:42,335][Drone 3][INFO][COMMANDS] - Processing ANALYZE_IMAGE command
[2025-11-21 22:21:42,335][Drone 3][INFO][ANALYZE_IMAGE] - Analyzing image...
[2025-11-21 22:21:42,336][Drone 3][INFO][ANALYZE_IMAGE] - Starting analysis for agricultural image: Images/Camera/40.207714_-3.467426.jpg
[2025-11-21 22:21:42,336][Drone 3][INFO][ANALYZE_IMAGE] - Executing agricultural model: Images/Models/Grape_Diseases_Hailo8/init_grape_diseases_hailo8.py
[2025-11-21 22:21:45,677][Drone 3][INFO][ANALYZE_IMAGE] - Model execution completed with output: {'Black_measles': 2.2, 'Black_rot': 2.2, 'Isariopsis': 1.8599999999999999}
[2025-11-21 22:21:45,677][Drone 3][INFO][ANALYZE_IMAGE] - Executing agricultural model: Images/Models/Grape_Bunch_Hailo8/init_grape_bunch_hailo8.py
[2025-11-21 22:21:46,921][Drone 3][INFO][gRPC Metrics] - System Metrics sent to ROS2
[2025-11-21 22:21:47,310][Drone 3][INFO][ANALYZE_IMAGE] - Model execution completed with output: {'Grape_bunch': 5.95}
[2025-11-21 22:21:48,310][Drone 3][INFO][ANALYZE_IMAGE] - Analysis completed
[2025-11-21 22:21:48,311][Drone 3][INFO][PM_MANAGER] - Running PM generator: PrescriptionMap/pm_generation/ISOBUS/pm_isobus.py
[2025-11-21 22:21:50,309][Drone 3][INFO][PM_MANAGER] - Running PM generator: PrescriptionMap/pm_generation/Drone/pm_drone.py
[2025-11-21 22:21:50,361][Drone 3][INFO][PM_MANAGER] - PM output [0]: 
Drone PM: Black_measles.json at [2][1] = 2.2
Drone PM: Black_rot.json at [2][1] = 2.2
Drone PM: Isariopsis.json at [2][1] = 1.8599999999999999
Drone PM: Grape_bunch.json at [2][1] = 5.95
[2025-11-21 22:21:50,368][Drone 3][INFO][PM_MANAGER] - PM output [1]: 
Script execution failed: PrescriptionMap/pm_generation/ISOBUS/pm_isobus.py
Return code: 1
Stderr: Traceback (most recent call last):
  File "/home/estela/Fleet_Manager/Drone_3/PrescriptionMap/pm_generation/ISOBUS/pm_isobus.py", line 798, in <module>
    generate_pm(amount, grid, long, lat)
  File "/home/estela/Fleet_Manager/Drone_3/PrescriptionMap/pm_generation/ISOBUS/pm_isobus.py", line 343, in generate_pm
    with open(path, "w") as f:
         ^^^^^^^^^^^^^^^
FileNotFoundError: [Errno 2] No such file or directory: 'PrescriptionMap/pm_generation/ISOBUS/PMs/isobus_pm.json'
[2025-11-21 22:21:50,371][Drone 3][INFO][COMMANDS] - Command executed successfully
[2025-11-21 22:21:50,374][Drone 3][INFO][gRPC Commands] - Feedback sent to ROS2
[2025-11-21 22:21:51,413][Drone 3][INFO][gRPC Commands] - Command received
[2025-11-21 22:21:51,414][Drone 3][INFO][COMMANDS] - Processing NAV_WAYPOINT command
[2025-11-21 22:21:51,414][Drone 3][INFO][NAV_WAYPOINT] - Going to WP...
[2025-11-21 22:21:56,955][Drone 3][INFO][gRPC Metrics] - System Metrics sent to ROS2
[2025-11-21 22:22:01,414][Drone 3][INFO][NAV_WAYPOINT] - Waypoint reached
[2025-11-21 22:22:01,414][Drone 3][INFO][COMMANDS] - Command executed successfully
[2025-11-21 22:22:01,417][Drone 3][INFO][gRPC Commands] - Feedback sent to ROS2
[2025-11-21 22:22:02,438][Drone 3][INFO][gRPC Commands] - Command received
[2025-11-21 22:22:02,439][Drone 3][INFO][COMMANDS] - Processing CAMERA_IMAGE command
[2025-11-21 22:22:02,439][Drone 3][INFO][CAMERA_IMAGE] - Taking picture...
[2025-11-21 22:22:03,479][Drone 3][INFO][CAMERA_IMAGE] - Picture taken successfully as 40.207708_-3.467326.jpg
[2025-11-21 22:22:03,479][Drone 3][INFO][COMMANDS] - Command executed successfully
[2025-11-21 22:22:03,482][Drone 3][INFO][gRPC Commands] - Feedback sent to ROS2
[2025-11-21 22:22:04,503][Drone 3][INFO][gRPC Commands] - Command received
[2025-11-21 22:22:04,504][Drone 3][INFO][COMMANDS] - Processing ANALYZE_IMAGE command
[2025-11-21 22:22:04,504][Drone 3][INFO][ANALYZE_IMAGE] - Analyzing image...
[2025-11-21 22:22:04,504][Drone 3][INFO][ANALYZE_IMAGE] - Starting analysis for agricultural image: Images/Camera/40.207708_-3.467326.jpg
[2025-11-21 22:22:04,505][Drone 3][INFO][ANALYZE_IMAGE] - Executing agricultural model: Images/Models/Grape_Diseases_Hailo8/init_grape_diseases_hailo8.py
[2025-11-21 22:22:06,990][Drone 3][INFO][gRPC Metrics] - System Metrics sent to ROS2
[2025-11-21 22:22:08,023][Drone 3][INFO][ANALYZE_IMAGE] - Model execution completed with output: {'Black_measles': 2.7, 'Black_rot': 2.2, 'Isariopsis': 2.86}
[2025-11-21 22:22:08,023][Drone 3][INFO][ANALYZE_IMAGE] - Executing agricultural model: Images/Models/Grape_Bunch_Hailo8/init_grape_bunch_hailo8.py
[2025-11-21 22:22:09,653][Drone 3][INFO][ANALYZE_IMAGE] - Model execution completed with output: {'Grape_bunch': 7.95}
[2025-11-21 22:22:10,653][Drone 3][INFO][ANALYZE_IMAGE] - Analysis completed
[2025-11-21 22:22:10,654][Drone 3][INFO][PM_MANAGER] - Running PM generator: PrescriptionMap/pm_generation/ISOBUS/pm_isobus.py
[2025-11-21 22:22:10,665][Drone 3][INFO][PM_MANAGER] - Running PM generator: PrescriptionMap/pm_generation/Drone/pm_drone.py
[2025-11-21 22:22:10,716][Drone 3][INFO][PM_MANAGER] - PM output [0]: 
Drone PM: Black_measles.json at [2][2] = 2.7
Drone PM: Black_rot.json at [2][2] = 2.2
Drone PM: Isariopsis.json at [2][2] = 2.86
Drone PM: Grape_bunch.json at [2][2] = 7.95
[2025-11-21 22:22:10,721][Drone 3][INFO][PM_MANAGER] - PM output [1]: 
Script execution failed: PrescriptionMap/pm_generation/ISOBUS/pm_isobus.py
Return code: 1
Stderr: Traceback (most recent call last):
  File "/home/estela/Fleet_Manager/Drone_3/PrescriptionMap/pm_generation/ISOBUS/pm_isobus.py", line 798, in <module>
    generate_pm(amount, grid, long, lat)
  File "/home/estela/Fleet_Manager/Drone_3/PrescriptionMap/pm_generation/ISOBUS/pm_isobus.py", line 343, in generate_pm
    with open(path, "w") as f:
         ^^^^^^^^^^^^^^^
FileNotFoundError: [Errno 2] No such file or directory: 'PrescriptionMap/pm_generation/ISOBUS/PMs/isobus_pm.json'
[2025-11-21 22:22:10,723][Drone 3][INFO][COMMANDS] - Command executed successfully
[2025-11-21 22:22:10,727][Drone 3][INFO][gRPC Commands] - Feedback sent to ROS2
[2025-11-21 22:22:11,746][Drone 3][INFO][gRPC Commands] - Command received
[2025-11-21 22:22:11,746][Drone 3][INFO][COMMANDS] - Processing NAV_WAYPOINT command
[2025-11-21 22:22:11,746][Drone 3][INFO][NAV_WAYPOINT] - Going to WP...
[2025-11-21 22:22:17,026][Drone 3][INFO][gRPC Metrics] - System Metrics sent to ROS2
[2025-11-21 22:22:21,747][Drone 3][INFO][NAV_WAYPOINT] - Waypoint reached
[2025-11-21 22:22:21,747][Drone 3][INFO][COMMANDS] - Command executed successfully
[2025-11-21 22:22:21,750][Drone 3][INFO][gRPC Commands] - Feedback sent to ROS2
[2025-11-21 22:22:22,802][Drone 3][INFO][gRPC Commands] - Command received
[2025-11-21 22:22:22,802][Drone 3][INFO][COMMANDS] - Processing CAMERA_IMAGE command
[2025-11-21 22:22:22,802][Drone 3][INFO][CAMERA_IMAGE] - Taking picture...
[2025-11-21 22:22:23,842][Drone 3][INFO][CAMERA_IMAGE] - Picture taken successfully as 40.207701_-3.467206.jpg
[2025-11-21 22:22:23,842][Drone 3][INFO][COMMANDS] - Command executed successfully
[2025-11-21 22:22:23,845][Drone 3][INFO][gRPC Commands] - Feedback sent to ROS2
[2025-11-21 22:22:24,862][Drone 3][INFO][gRPC Commands] - Command received
[2025-11-21 22:22:24,863][Drone 3][INFO][COMMANDS] - Processing ANALYZE_IMAGE command
[2025-11-21 22:22:24,863][Drone 3][INFO][ANALYZE_IMAGE] - Analyzing image...
[2025-11-21 22:22:24,863][Drone 3][INFO][ANALYZE_IMAGE] - Starting analysis for agricultural image: Images/Camera/40.207701_-3.467206.jpg
[2025-11-21 22:22:24,864][Drone 3][INFO][ANALYZE_IMAGE] - Executing agricultural model: Images/Models/Grape_Diseases_Hailo8/init_grape_diseases_hailo8.py
[2025-11-21 22:22:27,065][Drone 3][INFO][gRPC Metrics] - System Metrics sent to ROS2
[2025-11-21 22:22:28,421][Drone 3][INFO][ANALYZE_IMAGE] - Model execution completed with output: {'Black_measles': 2.7, 'Black_rot': 2.2, 'Isariopsis': 3.3600000000000003}
[2025-11-21 22:22:28,422][Drone 3][INFO][ANALYZE_IMAGE] - Executing agricultural model: Images/Models/Grape_Bunch_Hailo8/init_grape_bunch_hailo8.py
[2025-11-21 22:22:30,044][Drone 3][INFO][ANALYZE_IMAGE] - Model execution completed with output: {'Grape_bunch': 3.95}
[2025-11-21 22:22:31,045][Drone 3][INFO][ANALYZE_IMAGE] - Analysis completed
[2025-11-21 22:22:31,046][Drone 3][INFO][PM_MANAGER] - Running PM generator: PrescriptionMap/pm_generation/ISOBUS/pm_isobus.py
[2025-11-21 22:22:31,058][Drone 3][INFO][PM_MANAGER] - Running PM generator: PrescriptionMap/pm_generation/Drone/pm_drone.py
[2025-11-21 22:22:31,113][Drone 3][INFO][PM_MANAGER] - PM output [0]: 
Drone PM: Black_measles.json at [2][3] = 2.7
Drone PM: Black_rot.json at [2][3] = 2.2
Drone PM: Isariopsis.json at [2][3] = 3.3600000000000003
Drone PM: Grape_bunch.json at [2][3] = 3.95
[2025-11-21 22:22:31,114][Drone 3][INFO][PM_MANAGER] - PM output [1]: 
Script execution failed: PrescriptionMap/pm_generation/ISOBUS/pm_isobus.py
Return code: 1
Stderr: Traceback (most recent call last):
  File "/home/estela/Fleet_Manager/Drone_3/PrescriptionMap/pm_generation/ISOBUS/pm_isobus.py", line 798, in <module>
    generate_pm(amount, grid, long, lat)
  File "/home/estela/Fleet_Manager/Drone_3/PrescriptionMap/pm_generation/ISOBUS/pm_isobus.py", line 343, in generate_pm
    with open(path, "w") as f:
         ^^^^^^^^^^^^^^^
FileNotFoundError: [Errno 2] No such file or directory: 'PrescriptionMap/pm_generation/ISOBUS/PMs/isobus_pm.json'
[2025-11-21 22:22:31,116][Drone 3][INFO][COMMANDS] - Command executed successfully
[2025-11-21 22:22:31,120][Drone 3][INFO][gRPC Commands] - Feedback sent to ROS2
[2025-11-21 22:22:32,139][Drone 3][INFO][gRPC Commands] - Command received
[2025-11-21 22:22:32,139][Drone 3][INFO][COMMANDS] - Processing NAV_WAYPOINT command
[2025-11-21 22:22:32,139][Drone 3][INFO][NAV_WAYPOINT] - Going to WP...
[2025-11-21 22:22:37,101][Drone 3][INFO][gRPC Metrics] - System Metrics sent to ROS2
[2025-11-21 22:22:42,140][Drone 3][INFO][NAV_WAYPOINT] - Waypoint reached
[2025-11-21 22:22:42,140][Drone 3][INFO][COMMANDS] - Command executed successfully
[2025-11-21 22:22:42,143][Drone 3][INFO][gRPC Commands] - Feedback sent to ROS2
[2025-11-21 22:22:43,165][Drone 3][INFO][gRPC Commands] - Command received
[2025-11-21 22:22:43,165][Drone 3][INFO][COMMANDS] - Processing CAMERA_IMAGE command
[2025-11-21 22:22:43,165][Drone 3][INFO][CAMERA_IMAGE] - Taking picture...
[2025-11-21 22:22:44,208][Drone 3][INFO][CAMERA_IMAGE] - Picture taken successfully as 40.207694_-3.467096.jpg
[2025-11-21 22:22:44,208][Drone 3][INFO][COMMANDS] - Command executed successfully
[2025-11-21 22:22:44,211][Drone 3][INFO][gRPC Commands] - Feedback sent to ROS2
[2025-11-21 22:22:45,242][Drone 3][INFO][gRPC Commands] - Command received
[2025-11-21 22:22:45,243][Drone 3][INFO][COMMANDS] - Processing ANALYZE_IMAGE command
[2025-11-21 22:22:45,243][Drone 3][INFO][ANALYZE_IMAGE] - Analyzing image...
[2025-11-21 22:22:45,243][Drone 3][INFO][ANALYZE_IMAGE] - Starting analysis for agricultural image: Images/Camera/40.207694_-3.467096.jpg
[2025-11-21 22:22:45,243][Drone 3][INFO][ANALYZE_IMAGE] - Executing agricultural model: Images/Models/Grape_Diseases_Hailo8/init_grape_diseases_hailo8.py
[2025-11-21 22:22:47,137][Drone 3][INFO][gRPC Metrics] - System Metrics sent to ROS2
[2025-11-21 22:22:48,516][Drone 3][INFO][ANALYZE_IMAGE] - Model execution completed with output: {'Black_measles': 2.2, 'Black_rot': 2.2, 'Isariopsis': 1.8599999999999999}
[2025-11-21 22:22:48,517][Drone 3][INFO][ANALYZE_IMAGE] - Executing agricultural model: Images/Models/Grape_Bunch_Hailo8/init_grape_bunch_hailo8.py
[2025-11-21 22:22:50,217][Drone 3][INFO][ANALYZE_IMAGE] - Model execution completed with output: {'Grape_bunch': 1.95}
[2025-11-21 22:22:51,218][Drone 3][INFO][ANALYZE_IMAGE] - Analysis completed
[2025-11-21 22:22:51,219][Drone 3][INFO][PM_MANAGER] - Running PM generator: PrescriptionMap/pm_generation/ISOBUS/pm_isobus.py
[2025-11-21 22:22:51,231][Drone 3][INFO][PM_MANAGER] - Running PM generator: PrescriptionMap/pm_generation/Drone/pm_drone.py
[2025-11-21 22:22:51,289][Drone 3][INFO][PM_MANAGER] - PM output [0]: 
Script execution failed: PrescriptionMap/pm_generation/ISOBUS/pm_isobus.py
Return code: 1
Stderr: Traceback (most recent call last):
  File "/home/estela/Fleet_Manager/Drone_3/PrescriptionMap/pm_generation/ISOBUS/pm_isobus.py", line 798, in <module>
    generate_pm(amount, grid, long, lat)
  File "/home/estela/Fleet_Manager/Drone_3/PrescriptionMap/pm_generation/ISOBUS/pm_isobus.py", line 343, in generate_pm
    with open(path, "w") as f:
         ^^^^^^^^^^^^^^^
FileNotFoundError: [Errno 2] No such file or directory: 'PrescriptionMap/pm_generation/ISOBUS/PMs/isobus_pm.json'
[2025-11-21 22:22:51,291][Drone 3][INFO][PM_MANAGER] - PM output [1]: 
Drone PM: Black_measles.json at [2][4] = 2.2
Drone PM: Black_rot.json at [2][4] = 2.2
Drone PM: Isariopsis.json at [2][4] = 1.8599999999999999
Drone PM: Grape_bunch.json at [2][4] = 1.95
[2025-11-21 22:22:51,293][Drone 3][INFO][COMMANDS] - Command executed successfully
[2025-11-21 22:22:51,296][Drone 3][INFO][gRPC Commands] - Feedback sent to ROS2
[2025-11-21 22:22:52,319][Drone 3][INFO][gRPC Commands] - Command received
[2025-11-21 22:22:52,319][Drone 3][INFO][COMMANDS] - Processing NAV_WAYPOINT command
[2025-11-21 22:22:52,320][Drone 3][INFO][NAV_WAYPOINT] - Going to WP...
[2025-11-21 22:22:57,170][Drone 3][INFO][gRPC Metrics] - System Metrics sent to ROS2
[2025-11-21 22:23:02,320][Drone 3][INFO][NAV_WAYPOINT] - Waypoint reached
[2025-11-21 22:23:02,320][Drone 3][INFO][COMMANDS] - Command executed successfully
[2025-11-21 22:23:02,323][Drone 3][INFO][gRPC Commands] - Feedback sent to ROS2
[2025-11-21 22:23:03,345][Drone 3][INFO][gRPC Commands] - Command received
[2025-11-21 22:23:03,346][Drone 3][INFO][COMMANDS] - Processing CAMERA_IMAGE command
[2025-11-21 22:23:03,346][Drone 3][INFO][CAMERA_IMAGE] - Taking picture...
[2025-11-21 22:23:04,383][Drone 3][INFO][CAMERA_IMAGE] - Picture taken successfully as 40.207688_-3.466986.jpg
[2025-11-21 22:23:04,383][Drone 3][INFO][COMMANDS] - Command executed successfully
[2025-11-21 22:23:04,387][Drone 3][INFO][gRPC Commands] - Feedback sent to ROS2
[2025-11-21 22:23:05,406][Drone 3][INFO][gRPC Commands] - Command received
[2025-11-21 22:23:05,406][Drone 3][INFO][COMMANDS] - Processing ANALYZE_IMAGE command
[2025-11-21 22:23:05,406][Drone 3][INFO][ANALYZE_IMAGE] - Analyzing image...
[2025-11-21 22:23:05,406][Drone 3][INFO][ANALYZE_IMAGE] - Starting analysis for agricultural image: Images/Camera/40.207688_-3.466986.jpg
[2025-11-21 22:23:05,407][Drone 3][INFO][ANALYZE_IMAGE] - Executing agricultural model: Images/Models/Grape_Diseases_Hailo8/init_grape_diseases_hailo8.py
[2025-11-21 22:23:07,210][Drone 3][INFO][gRPC Metrics] - System Metrics sent to ROS2
[2025-11-21 22:23:08,578][Drone 3][INFO][ANALYZE_IMAGE] - Model execution completed with output: {'Black_measles': 2.2, 'Black_rot': 1.7, 'Isariopsis': 1.8599999999999999}
[2025-11-21 22:23:08,578][Drone 3][INFO][ANALYZE_IMAGE] - Executing agricultural model: Images/Models/Grape_Bunch_Hailo8/init_grape_bunch_hailo8.py
[2025-11-21 22:23:10,189][Drone 3][INFO][ANALYZE_IMAGE] - Model execution completed with output: {'Grape_bunch': 1.95}
[2025-11-21 22:23:11,189][Drone 3][INFO][ANALYZE_IMAGE] - Analysis completed
[2025-11-21 22:23:11,190][Drone 3][INFO][PM_MANAGER] - Running PM generator: PrescriptionMap/pm_generation/ISOBUS/pm_isobus.py
[2025-11-21 22:23:11,239][Drone 3][INFO][PM_MANAGER] - Running PM generator: PrescriptionMap/pm_generation/Drone/pm_drone.py
[2025-11-21 22:23:11,299][Drone 3][INFO][PM_MANAGER] - PM output [0]: 
Drone PM: Black_measles.json at [2][5] = 2.2
Drone PM: Black_rot.json at [2][5] = 1.7
Drone PM: Isariopsis.json at [2][5] = 1.8599999999999999
Drone PM: Grape_bunch.json at [2][5] = 1.95
[2025-11-21 22:23:11,299][Drone 3][INFO][PM_MANAGER] - PM output [1]: 
Script execution failed: PrescriptionMap/pm_generation/ISOBUS/pm_isobus.py
Return code: 1
Stderr: Traceback (most recent call last):
  File "/home/estela/Fleet_Manager/Drone_3/PrescriptionMap/pm_generation/ISOBUS/pm_isobus.py", line 798, in <module>
    generate_pm(amount, grid, long, lat)
  File "/home/estela/Fleet_Manager/Drone_3/PrescriptionMap/pm_generation/ISOBUS/pm_isobus.py", line 343, in generate_pm
    with open(path, "w") as f:
         ^^^^^^^^^^^^^^^
FileNotFoundError: [Errno 2] No such file or directory: 'PrescriptionMap/pm_generation/ISOBUS/PMs/isobus_pm.json'
[2025-11-21 22:23:11,302][Drone 3][INFO][COMMANDS] - Command executed successfully
[2025-11-21 22:23:11,305][Drone 3][INFO][gRPC Commands] - Feedback sent to ROS2
[2025-11-21 22:23:12,347][Drone 3][INFO][gRPC Commands] - Command received
[2025-11-21 22:23:12,347][Drone 3][INFO][COMMANDS] - Processing NAV_WAYPOINT command
[2025-11-21 22:23:12,347][Drone 3][INFO][NAV_WAYPOINT] - Going to WP...
[2025-11-21 22:23:17,245][Drone 3][INFO][gRPC Metrics] - System Metrics sent to ROS2
[2025-11-21 22:23:22,347][Drone 3][INFO][NAV_WAYPOINT] - Waypoint reached
[2025-11-21 22:23:22,348][Drone 3][INFO][COMMANDS] - Command executed successfully
[2025-11-21 22:23:22,352][Drone 3][INFO][gRPC Commands] - Feedback sent to ROS2
[2025-11-21 22:23:23,388][Drone 3][INFO][gRPC Commands] - Command received
[2025-11-21 22:23:23,388][Drone 3][INFO][COMMANDS] - Processing CAMERA_IMAGE command
[2025-11-21 22:23:23,388][Drone 3][INFO][CAMERA_IMAGE] - Taking picture...
[2025-11-21 22:23:24,427][Drone 3][INFO][CAMERA_IMAGE] - Picture taken successfully as 40.207682_-3.466874.jpg
[2025-11-21 22:23:24,428][Drone 3][INFO][COMMANDS] - Command executed successfully
[2025-11-21 22:23:24,430][Drone 3][INFO][gRPC Commands] - Feedback sent to ROS2
[2025-11-21 22:23:25,452][Drone 3][INFO][gRPC Commands] - Command received
[2025-11-21 22:23:25,453][Drone 3][INFO][COMMANDS] - Processing ANALYZE_IMAGE command
[2025-11-21 22:23:25,453][Drone 3][INFO][ANALYZE_IMAGE] - Analyzing image...
[2025-11-21 22:23:25,453][Drone 3][INFO][ANALYZE_IMAGE] - Starting analysis for agricultural image: Images/Camera/40.207682_-3.466874.jpg
[2025-11-21 22:23:25,454][Drone 3][INFO][ANALYZE_IMAGE] - Executing agricultural model: Images/Models/Grape_Diseases_Hailo8/init_grape_diseases_hailo8.py
[2025-11-21 22:23:27,281][Drone 3][INFO][gRPC Metrics] - System Metrics sent to ROS2
[2025-11-21 22:23:29,031][Drone 3][INFO][ANALYZE_IMAGE] - Model execution completed with output: {'Black_measles': 2.2, 'Black_rot': 1.7, 'Isariopsis': 2.36}
[2025-11-21 22:23:29,031][Drone 3][INFO][ANALYZE_IMAGE] - Executing agricultural model: Images/Models/Grape_Bunch_Hailo8/init_grape_bunch_hailo8.py
[2025-11-21 22:23:30,661][Drone 3][INFO][ANALYZE_IMAGE] - Model execution completed with output: {'Grape_bunch': 5.95}
[2025-11-21 22:23:31,662][Drone 3][INFO][ANALYZE_IMAGE] - Analysis completed
[2025-11-21 22:23:31,663][Drone 3][INFO][PM_MANAGER] - Running PM generator: PrescriptionMap/pm_generation/ISOBUS/pm_isobus.py
[2025-11-21 22:23:31,676][Drone 3][INFO][PM_MANAGER] - Running PM generator: PrescriptionMap/pm_generation/Drone/pm_drone.py
[2025-11-21 22:23:31,727][Drone 3][INFO][PM_MANAGER] - PM output [0]: 
Drone PM: Black_measles.json at [2][6] = 2.2
Drone PM: Black_rot.json at [2][6] = 1.7
Drone PM: Isariopsis.json at [2][6] = 2.36
Drone PM: Grape_bunch.json at [2][6] = 5.95
[2025-11-21 22:23:31,730][Drone 3][INFO][PM_MANAGER] - PM output [1]: 
Script execution failed: PrescriptionMap/pm_generation/ISOBUS/pm_isobus.py
Return code: 1
Stderr: Traceback (most recent call last):
  File "/home/estela/Fleet_Manager/Drone_3/PrescriptionMap/pm_generation/ISOBUS/pm_isobus.py", line 798, in <module>
    generate_pm(amount, grid, long, lat)
  File "/home/estela/Fleet_Manager/Drone_3/PrescriptionMap/pm_generation/ISOBUS/pm_isobus.py", line 343, in generate_pm
    with open(path, "w") as f:
         ^^^^^^^^^^^^^^^
FileNotFoundError: [Errno 2] No such file or directory: 'PrescriptionMap/pm_generation/ISOBUS/PMs/isobus_pm.json'
[2025-11-21 22:23:31,733][Drone 3][INFO][COMMANDS] - Command executed successfully
[2025-11-21 22:23:31,736][Drone 3][INFO][gRPC Commands] - Feedback sent to ROS2
[2025-11-21 22:23:32,755][Drone 3][INFO][gRPC Commands] - Command received
[2025-11-21 22:23:32,755][Drone 3][INFO][COMMANDS] - Processing NAV_HOME command
[2025-11-21 22:23:32,755][Drone 3][INFO][NAV_HOME] - Returning home...
[2025-11-21 22:23:32,756][Drone 3][INFO][gRPC PM] - Sending PM to ROS2
[2025-11-21 22:23:32,758][Drone 3][INFO][gRPC PM] - ACK received from ROS2
[2025-11-21 22:23:32,759][Drone 3][INFO][PM Manager] - Moved sent file to Finished: Isariopsis.json -> 20251121_222332_Isariopsis.json
[2025-11-21 22:23:32,760][Drone 3][INFO][gRPC PM] - Sending PM to ROS2
[2025-11-21 22:23:32,765][Drone 3][INFO][gRPC PM] - ACK received from ROS2
[2025-11-21 22:23:32,766][Drone 3][INFO][PM Manager] - Moved sent file to Finished: Black_measles.json -> 20251121_222332_Black_measles.json
[2025-11-21 22:23:32,768][Drone 3][INFO][gRPC PM] - Sending PM to ROS2
[2025-11-21 22:23:32,773][Drone 3][INFO][gRPC PM] - ACK received from ROS2
[2025-11-21 22:23:32,774][Drone 3][INFO][PM Manager] - Moved sent file to Finished: Black_rot.json -> 20251121_222332_Black_rot.json
[2025-11-21 22:23:32,775][Drone 3][INFO][gRPC PM] - Sending PM to ROS2
[2025-11-21 22:23:32,782][Drone 3][INFO][gRPC PM] - ACK received from ROS2
[2025-11-21 22:23:32,783][Drone 3][INFO][PM Manager] - Moved sent file to Finished: Grape_bunch.json -> 20251121_222332_Grape_bunch.json
[2025-11-21 22:23:37,313][Drone 3][INFO][gRPC Metrics] - System Metrics sent to ROS2
[2025-11-21 22:23:42,783][Drone 3][INFO][NAV_HOME] - Return home successful
[2025-11-21 22:23:42,783][Drone 3][INFO][COMMANDS] - Command executed successfully
[2025-11-21 22:23:42,786][Drone 3][INFO][gRPC Commands] - Feedback sent to ROS2
[2025-11-21 22:23:43,806][Drone 3][INFO][gRPC Commands] - Command received
[2025-11-21 22:23:43,806][Drone 3][INFO][COMMANDS] - Processing NAV_LAND command
[2025-11-21 22:23:43,807][Drone 3][INFO][NAV_LAND] - Landing...
[2025-11-21 22:23:47,353][Drone 3][INFO][gRPC Metrics] - System Metrics sent to ROS2
[2025-11-21 22:23:53,807][Drone 3][INFO][NAV_LAND] - Landing successful
[2025-11-21 22:23:53,807][Drone 3][INFO][COMMANDS] - Command executed successfully
[2025-11-21 22:23:53,811][Drone 3][INFO][gRPC Commands] - Feedback sent to ROS2
[2025-11-21 22:23:57,386][Drone 3][INFO][gRPC Metrics] - System Metrics sent to ROS2
[2025-11-21 22:24:07,418][Drone 3][INFO][gRPC Metrics] - System Metrics sent to ROS2
[2025-11-21 22:24:17,455][Drone 3][INFO][gRPC Metrics] - System Metrics sent to ROS2
[2025-11-21 22:24:27,489][Drone 3][INFO][gRPC Metrics] - System Metrics sent to ROS2
[2025-11-21 22:24:37,523][Drone 3][INFO][gRPC Metrics] - System Metrics sent to ROS2
[2025-11-21 22:24:47,562][Drone 3][INFO][gRPC Metrics] - System Metrics sent to ROS2
[2025-11-21 22:24:57,598][Drone 3][INFO][gRPC Metrics] - System Metrics sent to ROS2
[2025-11-21 22:25:07,637][Drone 3][INFO][gRPC Metrics] - System Metrics sent to ROS2
[2025-11-21 22:25:17,677][Drone 3][INFO][gRPC Metrics] - System Metrics sent to ROS2
[2025-11-21 22:25:27,710][Drone 3][INFO][gRPC Metrics] - System Metrics sent to ROS2
[2025-11-21 22:25:37,747][Drone 3][INFO][gRPC Metrics] - System Metrics sent to ROS2
[2025-11-21 22:25:47,784][Drone 3][INFO][gRPC Metrics] - System Metrics sent to ROS2
[2025-11-21 22:25:57,819][Drone 3][INFO][gRPC Metrics] - System Metrics sent to ROS2
[2025-11-21 22:26:07,852][Drone 3][INFO][gRPC Metrics] - System Metrics sent to ROS2
[2025-11-21 22:26:17,888][Drone 3][INFO][gRPC Metrics] - System Metrics sent to ROS2
[2025-11-21 22:26:27,921][Drone 3][INFO][gRPC Metrics] - System Metrics sent to ROS2
[2025-11-21 22:26:37,955][Drone 3][INFO][gRPC Metrics] - System Metrics sent to ROS2
[2025-11-21 22:26:47,988][Drone 3][INFO][gRPC Metrics] - System Metrics sent to ROS2
[2025-11-21 22:26:58,024][Drone 3][INFO][gRPC Metrics] - System Metrics sent to ROS2
[2025-11-21 22:27:08,059][Drone 3][INFO][gRPC Metrics] - System Metrics sent to ROS2
[2025-11-21 22:27:18,092][Drone 3][INFO][gRPC Metrics] - System Metrics sent to ROS2
[2025-11-21 22:27:28,124][Drone 3][INFO][gRPC Metrics] - System Metrics sent to ROS2
[2025-11-21 22:27:38,161][Drone 3][INFO][gRPC Metrics] - System Metrics sent to ROS2
[2025-11-21 22:27:48,201][Drone 3][INFO][gRPC Metrics] - System Metrics sent to ROS2
[2025-11-21 22:27:58,242][Drone 3][INFO][gRPC Metrics] - System Metrics sent to ROS2
[2025-11-21 22:28:08,315][Drone 3][INFO][gRPC Metrics] - System Metrics sent to ROS2
[2025-11-21 22:28:18,350][Drone 3][INFO][gRPC Metrics] - System Metrics sent to ROS2
[2025-11-21 22:28:28,387][Drone 3][INFO][gRPC Metrics] - System Metrics sent to ROS2
[2025-11-21 22:28:38,420][Drone 3][INFO][gRPC Metrics] - System Metrics sent to ROS2
