[2025-11-21 14:52:23,911][Drone 2][INFO][Init Drone] - Complete cleanup finished
[2025-11-21 14:52:23,912][Drone 2][INFO][gRPC Metrics] - Metrics client thread started successfully
[2025-11-21 14:52:23,914][Drone 2][INFO][Init Drone] - All system components initialized successfully
[2025-11-21 14:52:23,926][Drone 2][INFO][gRPC Commands] - Server running on port 51001
[2025-11-21 14:52:23,954][Drone 2][INFO][gRPC Metrics] - System Metrics sent to ROS2
[2025-11-21 14:52:33,987][Drone 2][INFO][gRPC Metrics] - System Metrics sent to ROS2
[2025-11-21 14:52:44,121][Drone 2][INFO][gRPC Metrics] - System Metrics sent to ROS2
[2025-11-21 14:52:54,159][Drone 2][INFO][gRPC Metrics] - System Metrics sent to ROS2
[2025-11-21 14:53:04,196][Drone 2][INFO][gRPC Metrics] - System Metrics sent to ROS2
[2025-11-21 14:53:14,237][Drone 2][INFO][gRPC Metrics] - System Metrics sent to ROS2
[2025-11-21 14:53:24,270][Drone 2][INFO][gRPC Metrics] - System Metrics sent to ROS2
[2025-11-21 14:53:34,305][Drone 2][INFO][gRPC Metrics] - System Metrics sent to ROS2
[2025-11-21 14:53:44,338][Drone 2][INFO][gRPC Metrics] - System Metrics sent to ROS2
[2025-11-21 14:53:54,381][Drone 2][INFO][gRPC Metrics] - System Metrics sent to ROS2
[2025-11-21 14:54:04,414][Drone 2][INFO][gRPC Metrics] - System Metrics sent to ROS2
[2025-11-21 14:54:14,446][Drone 2][INFO][gRPC Metrics] - System Metrics sent to ROS2
[2025-11-21 14:54:24,479][Drone 2][INFO][gRPC Metrics] - System Metrics sent to ROS2
[2025-11-21 14:54:34,513][Drone 2][INFO][gRPC Metrics] - System Metrics sent to ROS2
[2025-11-21 14:54:44,546][Drone 2][INFO][gRPC Metrics] - System Metrics sent to ROS2
[2025-11-21 14:54:54,579][Drone 2][INFO][gRPC Metrics] - System Metrics sent to ROS2
[2025-11-21 14:55:04,612][Drone 2][INFO][gRPC Metrics] - System Metrics sent to ROS2
[2025-11-21 14:55:14,645][Drone 2][INFO][gRPC Metrics] - System Metrics sent to ROS2
[2025-11-21 14:55:24,678][Drone 2][INFO][gRPC Metrics] - System Metrics sent to ROS2
[2025-11-21 14:55:34,711][Drone 2][INFO][gRPC Metrics] - System Metrics sent to ROS2
[2025-11-21 14:55:46,799][Drone 2][ERROR][gRPC Metrics] - Connection error: <_InactiveRpcError of RPC that terminated with:
	status = StatusCode.UNAVAILABLE
	details = "Socket closed"
	debug_error_string = "UNKNOWN:Error received from peer  {grpc_message:"Socket closed", grpc_status:14}"
>
[2025-11-21 20:56:03,647][Drone 2][INFO][Init Drone] - Complete cleanup finished
[2025-11-21 20:56:03,649][Drone 2][INFO][gRPC Metrics] - Metrics client thread started successfully
[2025-11-21 20:56:03,650][Drone 2][INFO][Init Drone] - All system components initialized successfully
[2025-11-21 20:56:03,662][Drone 2][INFO][gRPC Commands] - Server running on port 51001
[2025-11-21 20:56:03,689][Drone 2][INFO][gRPC Metrics] - System Metrics sent to ROS2
[2025-11-21 20:56:13,728][Drone 2][INFO][gRPC Metrics] - System Metrics sent to ROS2
[2025-11-21 20:56:23,761][Drone 2][INFO][gRPC Metrics] - System Metrics sent to ROS2
[2025-11-21 20:56:33,795][Drone 2][INFO][gRPC Metrics] - System Metrics sent to ROS2
[2025-11-21 20:56:43,829][Drone 2][INFO][gRPC Metrics] - System Metrics sent to ROS2
[2025-11-21 20:56:53,866][Drone 2][INFO][gRPC Metrics] - System Metrics sent to ROS2
[2025-11-21 20:57:03,899][Drone 2][INFO][gRPC Metrics] - System Metrics sent to ROS2
[2025-11-21 20:57:13,934][Drone 2][INFO][gRPC Metrics] - System Metrics sent to ROS2
[2025-11-21 20:57:19,707][Drone 2][INFO][gRPC Commands] - Command received
[2025-11-21 20:57:19,708][Drone 2][INFO][COMMANDS] - Processing NAV_WAYPOINT command
[2025-11-21 20:57:19,708][Drone 2][INFO][NAV_WAYPOINT] - Going to WP...
[2025-11-21 20:57:23,968][Drone 2][INFO][gRPC Metrics] - System Metrics sent to ROS2
[2025-11-21 20:57:29,708][Drone 2][INFO][NAV_WAYPOINT] - Waypoint reached
[2025-11-21 20:57:29,708][Drone 2][INFO][COMMANDS] - Command executed successfully
[2025-11-21 20:57:29,711][Drone 2][INFO][gRPC Commands] - Feedback sent to ROS2
[2025-11-21 20:57:30,739][Drone 2][INFO][gRPC Commands] - Command received
[2025-11-21 20:57:30,740][Drone 2][INFO][COMMANDS] - Processing CAMERA_IMAGE command
[2025-11-21 20:57:30,740][Drone 2][INFO][CAMERA_IMAGE] - Taking picture...
[2025-11-21 20:57:31,794][Drone 2][INFO][CAMERA_IMAGE] - Picture taken successfully as 40.209544_-3.465575.jpg
[2025-11-21 20:57:31,794][Drone 2][INFO][COMMANDS] - Command executed successfully
[2025-11-21 20:57:31,797][Drone 2][INFO][gRPC Commands] - Feedback sent to ROS2
[2025-11-21 20:57:32,822][Drone 2][INFO][gRPC Commands] - Command received
[2025-11-21 20:57:32,822][Drone 2][INFO][COMMANDS] - Processing ANALYZE_IMAGE command
[2025-11-21 20:57:32,822][Drone 2][INFO][ANALYZE_IMAGE] - Analyzing image...
[2025-11-21 20:57:32,823][Drone 2][INFO][ANALYZE_IMAGE] - Starting analysis for agricultural image: Images/Camera/40.209544_-3.465575.jpg
[2025-11-21 20:57:32,823][Drone 2][INFO][ANALYZE_IMAGE] - Executing agricultural model: Images/Models/Grape_Bunch_Hailo8/init_grape_bunch_hailo8.py
[2025-11-21 20:57:34,003][Drone 2][INFO][gRPC Metrics] - System Metrics sent to ROS2
[2025-11-21 20:57:37,096][Drone 2][INFO][ANALYZE_IMAGE] - Model execution completed with output: {'Grape_bunch': 5.95}
[2025-11-21 20:57:38,096][Drone 2][INFO][ANALYZE_IMAGE] - Analysis completed
[2025-11-21 20:57:38,099][Drone 2][INFO][PM_MANAGER] - Running PM generator: PrescriptionMap/pm_generation/ISOBUS/pm_isobus.py
[2025-11-21 20:57:38,163][Drone 2][INFO][PM_MANAGER] - PM output [0]: 
Script execution failed: PrescriptionMap/pm_generation/ISOBUS/pm_isobus.py
Return code: 1
Stderr: Traceback (most recent call last):
  File "/home/estela/Fleet_Manager/Drone/PrescriptionMap/pm_generation/ISOBUS/pm_isobus.py", line 798, in <module>
    generate_pm(amount, grid, long, lat)
  File "/home/estela/Fleet_Manager/Drone/PrescriptionMap/pm_generation/ISOBUS/pm_isobus.py", line 343, in generate_pm
    with open(path, "w") as f:
         ^^^^^^^^^^^^^^^
FileNotFoundError: [Errno 2] No such file or directory: 'PrescriptionMap/pm_generation/ISOBUS/PMs/isobus_pm.json'
[2025-11-21 20:57:38,166][Drone 2][INFO][COMMANDS] - Command executed successfully
[2025-11-21 20:57:38,169][Drone 2][INFO][gRPC Commands] - Feedback sent to ROS2
[2025-11-21 20:57:44,041][Drone 2][INFO][gRPC Metrics] - System Metrics sent to ROS2
[2025-11-21 20:57:54,074][Drone 2][INFO][gRPC Metrics] - System Metrics sent to ROS2
[2025-11-21 20:57:56,015][Drone 2][INFO][gRPC Commands] - Command received
[2025-11-21 20:57:56,015][Drone 2][INFO][COMMANDS] - Processing NAV_WAYPOINT command
[2025-11-21 20:57:56,016][Drone 2][INFO][NAV_WAYPOINT] - Going to WP...
[2025-11-21 20:58:04,107][Drone 2][INFO][gRPC Metrics] - System Metrics sent to ROS2
[2025-11-21 20:58:06,018][Drone 2][INFO][NAV_WAYPOINT] - Waypoint reached
[2025-11-21 20:58:06,019][Drone 2][INFO][COMMANDS] - Command executed successfully
[2025-11-21 20:58:06,022][Drone 2][INFO][gRPC Commands] - Feedback sent to ROS2
[2025-11-21 20:58:09,169][Drone 2][INFO][gRPC Commands] - Command received
[2025-11-21 20:58:09,169][Drone 2][INFO][COMMANDS] - Processing ANALYZE_IMAGE command
[2025-11-21 20:58:09,169][Drone 2][INFO][ANALYZE_IMAGE] - Analyzing image...
[2025-11-21 20:58:09,169][Drone 2][INFO][ANALYZE_IMAGE] - Starting analysis for agricultural image: Images/Camera/40.209544_-3.466066.jpg
[2025-11-21 20:58:09,169][Drone 2][INFO][ANALYZE_IMAGE] - Executing agricultural model: Images/Models/Grape_Bunch_Hailo8/init_grape_bunch_hailo8.py
[2025-11-21 20:58:14,140][Drone 2][INFO][gRPC Metrics] - System Metrics sent to ROS2
[2025-11-21 20:58:24,277][Drone 2][INFO][gRPC Metrics] - System Metrics sent to ROS2
[2025-11-21 20:58:34,309][Drone 2][INFO][gRPC Metrics] - System Metrics sent to ROS2
[2025-11-21 21:09:57,235][Drone 2][INFO][Init Drone] - Complete cleanup finished
[2025-11-21 21:09:57,236][Drone 2][INFO][gRPC Metrics] - Metrics client thread started successfully
[2025-11-21 21:09:57,236][Drone 2][INFO][Init Drone] - All system components initialized successfully
[2025-11-21 21:09:57,249][Drone 2][INFO][gRPC Commands] - Server running on port 51001
[2025-11-21 21:09:57,277][Drone 2][INFO][gRPC Metrics] - System Metrics sent to ROS2
[2025-11-21 21:10:07,309][Drone 2][INFO][gRPC Metrics] - System Metrics sent to ROS2
[2025-11-21 21:10:17,343][Drone 2][INFO][gRPC Metrics] - System Metrics sent to ROS2
[2025-11-21 21:14:24,485][Drone 2][INFO][Init Drone] - Complete cleanup finished
[2025-11-21 21:14:24,486][Drone 2][INFO][gRPC Metrics] - Metrics client thread started successfully
[2025-11-21 21:14:24,487][Drone 2][INFO][Init Drone] - All system components initialized successfully
[2025-11-21 21:14:24,499][Drone 2][INFO][gRPC Commands] - Server running on port 52001
[2025-11-21 21:14:24,526][Drone 2][INFO][gRPC Metrics] - System Metrics sent to ROS2
[2025-11-21 21:14:34,559][Drone 2][INFO][gRPC Metrics] - System Metrics sent to ROS2
[2025-11-21 21:14:44,595][Drone 2][INFO][gRPC Metrics] - System Metrics sent to ROS2
[2025-11-21 21:14:54,627][Drone 2][INFO][gRPC Metrics] - System Metrics sent to ROS2
[2025-11-21 21:15:04,660][Drone 2][INFO][gRPC Metrics] - System Metrics sent to ROS2
[2025-11-21 21:15:14,695][Drone 2][INFO][gRPC Metrics] - System Metrics sent to ROS2
[2025-11-21 21:15:24,727][Drone 2][INFO][gRPC Metrics] - System Metrics sent to ROS2
[2025-11-21 21:15:34,759][Drone 2][INFO][gRPC Metrics] - System Metrics sent to ROS2
[2025-11-21 21:15:44,792][Drone 2][INFO][gRPC Metrics] - System Metrics sent to ROS2
[2025-11-21 21:15:54,824][Drone 2][INFO][gRPC Metrics] - System Metrics sent to ROS2
[2025-11-21 21:16:04,857][Drone 2][INFO][gRPC Metrics] - System Metrics sent to ROS2
[2025-11-21 21:16:14,892][Drone 2][INFO][gRPC Metrics] - System Metrics sent to ROS2
[2025-11-21 21:16:24,928][Drone 2][INFO][gRPC Metrics] - System Metrics sent to ROS2
[2025-11-21 21:16:34,961][Drone 2][INFO][gRPC Metrics] - System Metrics sent to ROS2
[2025-11-21 21:16:44,994][Drone 2][INFO][gRPC Metrics] - System Metrics sent to ROS2
[2025-11-21 21:16:55,030][Drone 2][INFO][gRPC Metrics] - System Metrics sent to ROS2
[2025-11-21 21:17:05,062][Drone 2][INFO][gRPC Metrics] - System Metrics sent to ROS2
[2025-11-21 21:17:15,100][Drone 2][INFO][gRPC Metrics] - System Metrics sent to ROS2
[2025-11-21 21:17:25,132][Drone 2][INFO][gRPC Metrics] - System Metrics sent to ROS2
[2025-11-21 21:17:35,165][Drone 2][INFO][gRPC Metrics] - System Metrics sent to ROS2
[2025-11-21 21:17:45,197][Drone 2][INFO][gRPC Metrics] - System Metrics sent to ROS2
[2025-11-21 21:17:55,237][Drone 2][INFO][gRPC Metrics] - System Metrics sent to ROS2
[2025-11-21 21:18:05,271][Drone 2][INFO][gRPC Metrics] - System Metrics sent to ROS2
[2025-11-21 21:18:15,303][Drone 2][INFO][gRPC Metrics] - System Metrics sent to ROS2
[2025-11-21 21:18:25,338][Drone 2][INFO][gRPC Metrics] - System Metrics sent to ROS2
[2025-11-21 21:18:35,371][Drone 2][INFO][gRPC Metrics] - System Metrics sent to ROS2
[2025-11-21 21:18:45,405][Drone 2][INFO][gRPC Metrics] - System Metrics sent to ROS2
[2025-11-21 21:18:55,442][Drone 2][INFO][gRPC Metrics] - System Metrics sent to ROS2
[2025-11-21 21:19:05,480][Drone 2][INFO][gRPC Metrics] - System Metrics sent to ROS2
[2025-11-21 21:19:15,515][Drone 2][INFO][gRPC Metrics] - System Metrics sent to ROS2
[2025-11-21 21:19:17,203][Drone 2][INFO][gRPC Commands] - Command received
[2025-11-21 21:19:17,204][Drone 2][INFO][COMMANDS] - Processing NAV_TAKEOFF command
[2025-11-21 21:19:17,204][Drone 2][INFO][NAV_TAKEOFF] - Taking off...
[2025-11-21 21:19:25,547][Drone 2][INFO][gRPC Metrics] - System Metrics sent to ROS2
[2025-11-21 21:19:27,204][Drone 2][INFO][NAV_TAKEOFF] - Takeoff successful
[2025-11-21 21:19:27,205][Drone 2][INFO][COMMANDS] - Command executed successfully
[2025-11-21 21:19:27,208][Drone 2][INFO][gRPC Commands] - Feedback sent to ROS2
[2025-11-21 21:19:28,231][Drone 2][INFO][gRPC Commands] - Command received
[2025-11-21 21:19:28,232][Drone 2][INFO][COMMANDS] - Processing NAV_WAYPOINT command
[2025-11-21 21:19:28,232][Drone 2][INFO][NAV_WAYPOINT] - Going to WP...
[2025-11-21 21:19:35,579][Drone 2][INFO][gRPC Metrics] - System Metrics sent to ROS2
[2025-11-21 21:19:38,232][Drone 2][INFO][NAV_WAYPOINT] - Waypoint reached
[2025-11-21 21:19:38,232][Drone 2][INFO][COMMANDS] - Command executed successfully
[2025-11-21 21:19:38,235][Drone 2][INFO][gRPC Commands] - Feedback sent to ROS2
[2025-11-21 21:19:39,254][Drone 2][INFO][gRPC Commands] - Command received
[2025-11-21 21:19:39,255][Drone 2][INFO][COMMANDS] - Processing NAV_WAYPOINT command
[2025-11-21 21:19:39,255][Drone 2][INFO][NAV_WAYPOINT] - Going to WP...
[2025-11-21 21:19:45,613][Drone 2][INFO][gRPC Metrics] - System Metrics sent to ROS2
[2025-11-21 21:19:49,255][Drone 2][INFO][NAV_WAYPOINT] - Waypoint reached
[2025-11-21 21:19:49,255][Drone 2][INFO][COMMANDS] - Command executed successfully
[2025-11-21 21:19:49,259][Drone 2][INFO][gRPC Commands] - Feedback sent to ROS2
[2025-11-21 21:19:50,280][Drone 2][INFO][gRPC Commands] - Command received
[2025-11-21 21:19:50,280][Drone 2][INFO][COMMANDS] - Processing SPRAY command
[2025-11-21 21:19:50,281][Drone 2][INFO][SPRAY] - Spraying...
[2025-11-21 21:19:55,646][Drone 2][INFO][gRPC Metrics] - System Metrics sent to ROS2
[2025-11-21 21:20:00,281][Drone 2][INFO][SPRAY] - Spray operation successful
[2025-11-21 21:20:00,281][Drone 2][INFO][COMMANDS] - Command executed successfully
[2025-11-21 21:20:00,284][Drone 2][INFO][gRPC Commands] - Feedback sent to ROS2
[2025-11-21 21:20:01,305][Drone 2][INFO][gRPC Commands] - Command received
[2025-11-21 21:20:01,306][Drone 2][INFO][COMMANDS] - Processing NAV_WAYPOINT command
[2025-11-21 21:20:01,306][Drone 2][INFO][NAV_WAYPOINT] - Going to WP...
[2025-11-21 21:20:05,679][Drone 2][INFO][gRPC Metrics] - System Metrics sent to ROS2
[2025-11-21 21:20:11,306][Drone 2][INFO][NAV_WAYPOINT] - Waypoint reached
[2025-11-21 21:20:11,306][Drone 2][INFO][COMMANDS] - Command executed successfully
[2025-11-21 21:20:11,309][Drone 2][INFO][gRPC Commands] - Feedback sent to ROS2
[2025-11-21 21:20:12,334][Drone 2][INFO][gRPC Commands] - Command received
[2025-11-21 21:20:12,334][Drone 2][INFO][COMMANDS] - Processing SPRAY command
[2025-11-21 21:20:12,334][Drone 2][INFO][SPRAY] - Spraying...
[2025-11-21 21:20:15,715][Drone 2][INFO][gRPC Metrics] - System Metrics sent to ROS2
[2025-11-21 21:20:22,335][Drone 2][INFO][SPRAY] - Spray operation successful
[2025-11-21 21:20:22,335][Drone 2][INFO][COMMANDS] - Command executed successfully
[2025-11-21 21:20:22,338][Drone 2][INFO][gRPC Commands] - Feedback sent to ROS2
[2025-11-21 21:20:23,367][Drone 2][INFO][gRPC Commands] - Command received
[2025-11-21 21:20:23,368][Drone 2][INFO][COMMANDS] - Processing NAV_WAYPOINT command
[2025-11-21 21:20:23,368][Drone 2][INFO][NAV_WAYPOINT] - Going to WP...
[2025-11-21 21:20:25,749][Drone 2][INFO][gRPC Metrics] - System Metrics sent to ROS2
[2025-11-21 21:20:33,368][Drone 2][INFO][NAV_WAYPOINT] - Waypoint reached
[2025-11-21 21:20:33,368][Drone 2][INFO][COMMANDS] - Command executed successfully
[2025-11-21 21:20:33,373][Drone 2][INFO][gRPC Commands] - Feedback sent to ROS2
[2025-11-21 21:20:34,399][Drone 2][INFO][gRPC Commands] - Command received
[2025-11-21 21:20:34,399][Drone 2][INFO][COMMANDS] - Processing SPRAY command
[2025-11-21 21:20:34,399][Drone 2][INFO][SPRAY] - Spraying...
[2025-11-21 21:20:35,783][Drone 2][INFO][gRPC Metrics] - System Metrics sent to ROS2
[2025-11-21 21:20:44,399][Drone 2][INFO][SPRAY] - Spray operation successful
[2025-11-21 21:20:44,400][Drone 2][INFO][COMMANDS] - Command executed successfully
[2025-11-21 21:20:44,403][Drone 2][INFO][gRPC Commands] - Feedback sent to ROS2
[2025-11-21 21:20:45,428][Drone 2][INFO][gRPC Commands] - Command received
[2025-11-21 21:20:45,428][Drone 2][INFO][COMMANDS] - Processing NAV_WAYPOINT command
[2025-11-21 21:20:45,428][Drone 2][INFO][NAV_WAYPOINT] - Going to WP...
[2025-11-21 21:20:45,815][Drone 2][INFO][gRPC Metrics] - System Metrics sent to ROS2
[2025-11-21 21:20:55,429][Drone 2][INFO][NAV_WAYPOINT] - Waypoint reached
[2025-11-21 21:20:55,429][Drone 2][INFO][COMMANDS] - Command executed successfully
[2025-11-21 21:20:55,432][Drone 2][INFO][gRPC Commands] - Feedback sent to ROS2
[2025-11-21 21:20:55,848][Drone 2][INFO][gRPC Metrics] - System Metrics sent to ROS2
[2025-11-21 21:20:56,459][Drone 2][INFO][gRPC Commands] - Command received
[2025-11-21 21:20:56,459][Drone 2][INFO][COMMANDS] - Processing SPRAY command
[2025-11-21 21:20:56,460][Drone 2][INFO][SPRAY] - Spraying...
[2025-11-21 21:21:05,881][Drone 2][INFO][gRPC Metrics] - System Metrics sent to ROS2
[2025-11-21 21:21:06,460][Drone 2][INFO][SPRAY] - Spray operation successful
[2025-11-21 21:21:06,460][Drone 2][INFO][COMMANDS] - Command executed successfully
[2025-11-21 21:21:06,463][Drone 2][INFO][gRPC Commands] - Feedback sent to ROS2
[2025-11-21 21:21:07,487][Drone 2][INFO][gRPC Commands] - Command received
[2025-11-21 21:21:07,488][Drone 2][INFO][COMMANDS] - Processing NAV_WAYPOINT command
[2025-11-21 21:21:07,488][Drone 2][INFO][NAV_WAYPOINT] - Going to WP...
[2025-11-21 21:21:15,913][Drone 2][INFO][gRPC Metrics] - System Metrics sent to ROS2
[2025-11-21 21:21:17,488][Drone 2][INFO][NAV_WAYPOINT] - Waypoint reached
[2025-11-21 21:21:17,488][Drone 2][INFO][COMMANDS] - Command executed successfully
[2025-11-21 21:21:17,491][Drone 2][INFO][gRPC Commands] - Feedback sent to ROS2
[2025-11-21 21:21:18,517][Drone 2][INFO][gRPC Commands] - Command received
[2025-11-21 21:21:18,517][Drone 2][INFO][COMMANDS] - Processing SPRAY command
[2025-11-21 21:21:18,518][Drone 2][INFO][SPRAY] - Spraying...
[2025-11-21 21:21:25,945][Drone 2][INFO][gRPC Metrics] - System Metrics sent to ROS2
[2025-11-21 21:21:28,518][Drone 2][INFO][SPRAY] - Spray operation successful
[2025-11-21 21:21:28,518][Drone 2][INFO][COMMANDS] - Command executed successfully
[2025-11-21 21:21:28,521][Drone 2][INFO][gRPC Commands] - Feedback sent to ROS2
[2025-11-21 21:21:29,546][Drone 2][INFO][gRPC Commands] - Command received
[2025-11-21 21:21:29,546][Drone 2][INFO][COMMANDS] - Processing NAV_WAYPOINT command
[2025-11-21 21:21:29,546][Drone 2][INFO][NAV_WAYPOINT] - Going to WP...
[2025-11-21 21:21:35,983][Drone 2][INFO][gRPC Metrics] - System Metrics sent to ROS2
[2025-11-21 21:21:39,546][Drone 2][INFO][NAV_WAYPOINT] - Waypoint reached
[2025-11-21 21:21:39,547][Drone 2][INFO][COMMANDS] - Command executed successfully
[2025-11-21 21:21:39,549][Drone 2][INFO][gRPC Commands] - Feedback sent to ROS2
[2025-11-21 21:21:40,572][Drone 2][INFO][gRPC Commands] - Command received
[2025-11-21 21:21:40,573][Drone 2][INFO][COMMANDS] - Processing SPRAY command
[2025-11-21 21:21:40,573][Drone 2][INFO][SPRAY] - Spraying...
[2025-11-21 21:21:46,018][Drone 2][INFO][gRPC Metrics] - System Metrics sent to ROS2
[2025-11-21 21:21:50,573][Drone 2][INFO][SPRAY] - Spray operation successful
[2025-11-21 21:21:50,573][Drone 2][INFO][COMMANDS] - Command executed successfully
[2025-11-21 21:21:50,576][Drone 2][INFO][gRPC Commands] - Feedback sent to ROS2
[2025-11-21 21:21:51,602][Drone 2][INFO][gRPC Commands] - Command received
[2025-11-21 21:21:51,602][Drone 2][INFO][COMMANDS] - Processing NAV_WAYPOINT command
[2025-11-21 21:21:51,605][Drone 2][INFO][NAV_WAYPOINT] - Going to WP...
[2025-11-21 21:21:56,050][Drone 2][INFO][gRPC Metrics] - System Metrics sent to ROS2
[2025-11-21 21:22:01,605][Drone 2][INFO][NAV_WAYPOINT] - Waypoint reached
[2025-11-21 21:22:01,605][Drone 2][INFO][COMMANDS] - Command executed successfully
[2025-11-21 21:22:01,608][Drone 2][INFO][gRPC Commands] - Feedback sent to ROS2
[2025-11-21 21:22:02,668][Drone 2][INFO][gRPC Commands] - Command received
[2025-11-21 21:22:02,668][Drone 2][INFO][COMMANDS] - Processing SPRAY command
[2025-11-21 21:22:02,668][Drone 2][INFO][SPRAY] - Spraying...
[2025-11-21 21:22:06,083][Drone 2][INFO][gRPC Metrics] - System Metrics sent to ROS2
[2025-11-21 21:22:12,668][Drone 2][INFO][SPRAY] - Spray operation successful
[2025-11-21 21:22:12,669][Drone 2][INFO][COMMANDS] - Command executed successfully
[2025-11-21 21:22:12,671][Drone 2][INFO][gRPC Commands] - Feedback sent to ROS2
[2025-11-21 21:22:13,701][Drone 2][INFO][gRPC Commands] - Command received
[2025-11-21 21:22:13,702][Drone 2][INFO][COMMANDS] - Processing NAV_WAYPOINT command
[2025-11-21 21:22:13,702][Drone 2][INFO][NAV_WAYPOINT] - Going to WP...
[2025-11-21 21:22:16,119][Drone 2][INFO][gRPC Metrics] - System Metrics sent to ROS2
[2025-11-21 21:22:23,702][Drone 2][INFO][NAV_WAYPOINT] - Waypoint reached
[2025-11-21 21:22:23,703][Drone 2][INFO][COMMANDS] - Command executed successfully
[2025-11-21 21:22:23,706][Drone 2][INFO][gRPC Commands] - Feedback sent to ROS2
[2025-11-21 21:22:24,731][Drone 2][INFO][gRPC Commands] - Command received
[2025-11-21 21:22:24,731][Drone 2][INFO][COMMANDS] - Processing SPRAY command
[2025-11-21 21:22:24,732][Drone 2][INFO][SPRAY] - Spraying...
[2025-11-21 21:22:26,159][Drone 2][INFO][gRPC Metrics] - System Metrics sent to ROS2
[2025-11-21 21:22:34,732][Drone 2][INFO][SPRAY] - Spray operation successful
[2025-11-21 21:22:34,732][Drone 2][INFO][COMMANDS] - Command executed successfully
[2025-11-21 21:22:34,735][Drone 2][INFO][gRPC Commands] - Feedback sent to ROS2
[2025-11-21 21:22:35,765][Drone 2][INFO][gRPC Commands] - Command received
[2025-11-21 21:22:35,766][Drone 2][INFO][COMMANDS] - Processing NAV_WAYPOINT command
[2025-11-21 21:22:35,766][Drone 2][INFO][NAV_WAYPOINT] - Going to WP...
[2025-11-21 21:22:36,196][Drone 2][INFO][gRPC Metrics] - System Metrics sent to ROS2
[2025-11-21 21:22:45,766][Drone 2][INFO][NAV_WAYPOINT] - Waypoint reached
[2025-11-21 21:22:45,767][Drone 2][INFO][COMMANDS] - Command executed successfully
[2025-11-21 21:22:45,770][Drone 2][INFO][gRPC Commands] - Feedback sent to ROS2
[2025-11-21 21:22:46,228][Drone 2][INFO][gRPC Metrics] - System Metrics sent to ROS2
[2025-11-21 21:22:46,796][Drone 2][INFO][gRPC Commands] - Command received
[2025-11-21 21:22:46,796][Drone 2][INFO][COMMANDS] - Processing SPRAY command
[2025-11-21 21:22:46,796][Drone 2][INFO][SPRAY] - Spraying...
[2025-11-21 21:22:56,264][Drone 2][INFO][gRPC Metrics] - System Metrics sent to ROS2
[2025-11-21 21:22:56,797][Drone 2][INFO][SPRAY] - Spray operation successful
[2025-11-21 21:22:56,797][Drone 2][INFO][COMMANDS] - Command executed successfully
[2025-11-21 21:22:56,800][Drone 2][INFO][gRPC Commands] - Feedback sent to ROS2
[2025-11-21 21:22:57,828][Drone 2][INFO][gRPC Commands] - Command received
[2025-11-21 21:22:57,828][Drone 2][INFO][COMMANDS] - Processing NAV_WAYPOINT command
[2025-11-21 21:22:57,828][Drone 2][INFO][NAV_WAYPOINT] - Going to WP...
[2025-11-21 21:23:06,304][Drone 2][INFO][gRPC Metrics] - System Metrics sent to ROS2
[2025-11-21 21:23:07,828][Drone 2][INFO][NAV_WAYPOINT] - Waypoint reached
[2025-11-21 21:23:07,829][Drone 2][INFO][COMMANDS] - Command executed successfully
[2025-11-21 21:23:07,831][Drone 2][INFO][gRPC Commands] - Feedback sent to ROS2
[2025-11-21 21:23:08,855][Drone 2][INFO][gRPC Commands] - Command received
[2025-11-21 21:23:08,856][Drone 2][INFO][COMMANDS] - Processing SPRAY command
[2025-11-21 21:23:08,856][Drone 2][INFO][SPRAY] - Spraying...
[2025-11-21 21:23:16,336][Drone 2][INFO][gRPC Metrics] - System Metrics sent to ROS2
[2025-11-21 21:23:18,856][Drone 2][INFO][SPRAY] - Spray operation successful
[2025-11-21 21:23:18,857][Drone 2][INFO][COMMANDS] - Command executed successfully
[2025-11-21 21:23:18,859][Drone 2][INFO][gRPC Commands] - Feedback sent to ROS2
[2025-11-21 21:23:19,884][Drone 2][INFO][gRPC Commands] - Command received
[2025-11-21 21:23:19,885][Drone 2][INFO][COMMANDS] - Processing NAV_WAYPOINT command
[2025-11-21 21:23:19,885][Drone 2][INFO][NAV_WAYPOINT] - Going to WP...
[2025-11-21 21:23:26,369][Drone 2][INFO][gRPC Metrics] - System Metrics sent to ROS2
[2025-11-21 21:23:29,885][Drone 2][INFO][NAV_WAYPOINT] - Waypoint reached
[2025-11-21 21:23:29,886][Drone 2][INFO][COMMANDS] - Command executed successfully
[2025-11-21 21:23:29,889][Drone 2][INFO][gRPC Commands] - Feedback sent to ROS2
[2025-11-21 21:23:30,913][Drone 2][INFO][gRPC Commands] - Command received
[2025-11-21 21:23:30,913][Drone 2][INFO][COMMANDS] - Processing SPRAY command
[2025-11-21 21:23:30,913][Drone 2][INFO][SPRAY] - Spraying...
[2025-11-21 21:23:36,403][Drone 2][INFO][gRPC Metrics] - System Metrics sent to ROS2
[2025-11-21 21:23:40,913][Drone 2][INFO][SPRAY] - Spray operation successful
[2025-11-21 21:23:40,914][Drone 2][INFO][COMMANDS] - Command executed successfully
[2025-11-21 21:23:40,916][Drone 2][INFO][gRPC Commands] - Feedback sent to ROS2
[2025-11-21 21:23:41,941][Drone 2][INFO][gRPC Commands] - Command received
[2025-11-21 21:23:41,941][Drone 2][INFO][COMMANDS] - Processing NAV_WAYPOINT command
[2025-11-21 21:23:41,941][Drone 2][INFO][NAV_WAYPOINT] - Going to WP...
[2025-11-21 21:23:46,436][Drone 2][INFO][gRPC Metrics] - System Metrics sent to ROS2
[2025-11-21 21:23:51,941][Drone 2][INFO][NAV_WAYPOINT] - Waypoint reached
[2025-11-21 21:23:51,942][Drone 2][INFO][COMMANDS] - Command executed successfully
[2025-11-21 21:23:51,946][Drone 2][INFO][gRPC Commands] - Feedback sent to ROS2
[2025-11-21 21:23:52,973][Drone 2][INFO][gRPC Commands] - Command received
[2025-11-21 21:23:52,973][Drone 2][INFO][COMMANDS] - Processing SPRAY command
[2025-11-21 21:23:52,973][Drone 2][INFO][SPRAY] - Spraying...
[2025-11-21 21:23:56,469][Drone 2][INFO][gRPC Metrics] - System Metrics sent to ROS2
[2025-11-21 21:24:02,973][Drone 2][INFO][SPRAY] - Spray operation successful
[2025-11-21 21:24:02,974][Drone 2][INFO][COMMANDS] - Command executed successfully
[2025-11-21 21:24:02,979][Drone 2][INFO][gRPC Commands] - Feedback sent to ROS2
[2025-11-21 21:24:04,029][Drone 2][INFO][gRPC Commands] - Command received
[2025-11-21 21:24:04,029][Drone 2][INFO][COMMANDS] - Processing NAV_WAYPOINT command
[2025-11-21 21:24:04,029][Drone 2][INFO][NAV_WAYPOINT] - Going to WP...
[2025-11-21 21:24:06,501][Drone 2][INFO][gRPC Metrics] - System Metrics sent to ROS2
[2025-11-21 21:24:14,030][Drone 2][INFO][NAV_WAYPOINT] - Waypoint reached
[2025-11-21 21:24:14,030][Drone 2][INFO][COMMANDS] - Command executed successfully
[2025-11-21 21:24:14,033][Drone 2][INFO][gRPC Commands] - Feedback sent to ROS2
[2025-11-21 21:24:15,060][Drone 2][INFO][gRPC Commands] - Command received
[2025-11-21 21:24:15,060][Drone 2][INFO][COMMANDS] - Processing SPRAY command
[2025-11-21 21:24:15,060][Drone 2][INFO][SPRAY] - Spraying...
[2025-11-21 21:24:16,534][Drone 2][INFO][gRPC Metrics] - System Metrics sent to ROS2
[2025-11-21 21:24:25,061][Drone 2][INFO][SPRAY] - Spray operation successful
[2025-11-21 21:24:25,061][Drone 2][INFO][COMMANDS] - Command executed successfully
[2025-11-21 21:24:25,064][Drone 2][INFO][gRPC Commands] - Feedback sent to ROS2
[2025-11-21 21:24:26,087][Drone 2][INFO][gRPC Commands] - Command received
[2025-11-21 21:24:26,088][Drone 2][INFO][COMMANDS] - Processing NAV_WAYPOINT command
[2025-11-21 21:24:26,088][Drone 2][INFO][NAV_WAYPOINT] - Going to WP...
[2025-11-21 21:24:26,567][Drone 2][INFO][gRPC Metrics] - System Metrics sent to ROS2
[2025-11-21 21:24:36,088][Drone 2][INFO][NAV_WAYPOINT] - Waypoint reached
[2025-11-21 21:24:36,088][Drone 2][INFO][COMMANDS] - Command executed successfully
[2025-11-21 21:24:36,091][Drone 2][INFO][gRPC Commands] - Feedback sent to ROS2
[2025-11-21 21:24:36,600][Drone 2][INFO][gRPC Metrics] - System Metrics sent to ROS2
[2025-11-21 21:24:37,112][Drone 2][INFO][gRPC Commands] - Command received
[2025-11-21 21:24:37,113][Drone 2][INFO][COMMANDS] - Processing SPRAY command
[2025-11-21 21:24:37,113][Drone 2][INFO][SPRAY] - Spraying...
[2025-11-21 21:24:46,634][Drone 2][INFO][gRPC Metrics] - System Metrics sent to ROS2
[2025-11-21 21:24:47,113][Drone 2][INFO][SPRAY] - Spray operation successful
[2025-11-21 21:24:47,113][Drone 2][INFO][COMMANDS] - Command executed successfully
[2025-11-21 21:24:47,117][Drone 2][INFO][gRPC Commands] - Feedback sent to ROS2
[2025-11-21 21:24:48,139][Drone 2][INFO][gRPC Commands] - Command received
[2025-11-21 21:24:48,140][Drone 2][INFO][COMMANDS] - Processing NAV_HOME command
[2025-11-21 21:24:48,140][Drone 2][INFO][NAV_HOME] - Returning home...
[2025-11-21 21:24:56,666][Drone 2][INFO][gRPC Metrics] - System Metrics sent to ROS2
[2025-11-21 21:24:58,141][Drone 2][INFO][NAV_HOME] - Return home successful
[2025-11-21 21:24:58,141][Drone 2][INFO][COMMANDS] - Command executed successfully
[2025-11-21 21:24:58,144][Drone 2][INFO][gRPC Commands] - Feedback sent to ROS2
[2025-11-21 21:24:59,169][Drone 2][INFO][gRPC Commands] - Command received
[2025-11-21 21:24:59,170][Drone 2][INFO][COMMANDS] - Processing NAV_LAND command
[2025-11-21 21:24:59,170][Drone 2][INFO][NAV_LAND] - Landing...
[2025-11-21 21:25:06,699][Drone 2][INFO][gRPC Metrics] - System Metrics sent to ROS2
[2025-11-21 21:25:09,170][Drone 2][INFO][NAV_LAND] - Landing successful
[2025-11-21 21:25:09,170][Drone 2][INFO][COMMANDS] - Command executed successfully
[2025-11-21 21:25:09,173][Drone 2][INFO][gRPC Commands] - Feedback sent to ROS2
[2025-11-21 21:25:16,731][Drone 2][INFO][gRPC Metrics] - System Metrics sent to ROS2
[2025-11-21 21:25:26,764][Drone 2][INFO][gRPC Metrics] - System Metrics sent to ROS2
[2025-11-21 21:25:36,799][Drone 2][INFO][gRPC Metrics] - System Metrics sent to ROS2
[2025-11-21 21:25:46,833][Drone 2][INFO][gRPC Metrics] - System Metrics sent to ROS2
[2025-11-21 21:25:56,868][Drone 2][INFO][gRPC Metrics] - System Metrics sent to ROS2
[2025-11-21 21:26:06,900][Drone 2][INFO][gRPC Metrics] - System Metrics sent to ROS2
[2025-11-21 21:26:16,933][Drone 2][INFO][gRPC Metrics] - System Metrics sent to ROS2
[2025-11-21 21:26:26,965][Drone 2][INFO][gRPC Metrics] - System Metrics sent to ROS2
[2025-11-21 21:26:37,099][Drone 2][INFO][gRPC Metrics] - System Metrics sent to ROS2
[2025-11-21 21:26:47,131][Drone 2][INFO][gRPC Metrics] - System Metrics sent to ROS2
[2025-11-21 21:26:57,167][Drone 2][INFO][gRPC Metrics] - System Metrics sent to ROS2
[2025-11-21 21:27:07,200][Drone 2][INFO][gRPC Metrics] - System Metrics sent to ROS2
[2025-11-21 21:27:17,233][Drone 2][INFO][gRPC Metrics] - System Metrics sent to ROS2
[2025-11-21 21:27:27,265][Drone 2][INFO][gRPC Metrics] - System Metrics sent to ROS2
[2025-11-21 21:27:37,298][Drone 2][INFO][gRPC Metrics] - System Metrics sent to ROS2
[2025-11-21 21:27:47,334][Drone 2][INFO][gRPC Metrics] - System Metrics sent to ROS2
[2025-11-21 21:27:57,367][Drone 2][INFO][gRPC Metrics] - System Metrics sent to ROS2
[2025-11-21 21:28:07,400][Drone 2][INFO][gRPC Metrics] - System Metrics sent to ROS2
[2025-11-21 21:28:17,436][Drone 2][INFO][gRPC Metrics] - System Metrics sent to ROS2
[2025-11-21 21:28:27,474][Drone 2][INFO][gRPC Metrics] - System Metrics sent to ROS2
[2025-11-21 21:28:37,511][Drone 2][INFO][gRPC Metrics] - System Metrics sent to ROS2
[2025-11-21 21:28:47,545][Drone 2][INFO][gRPC Metrics] - System Metrics sent to ROS2
[2025-11-21 21:28:57,577][Drone 2][INFO][gRPC Metrics] - System Metrics sent to ROS2
[2025-11-21 21:29:07,614][Drone 2][INFO][gRPC Metrics] - System Metrics sent to ROS2
[2025-11-21 21:29:17,650][Drone 2][INFO][gRPC Metrics] - System Metrics sent to ROS2
[2025-11-21 21:29:27,691][Drone 2][INFO][gRPC Metrics] - System Metrics sent to ROS2
[2025-11-21 21:29:37,727][Drone 2][INFO][gRPC Metrics] - System Metrics sent to ROS2
[2025-11-21 21:29:47,760][Drone 2][INFO][gRPC Metrics] - System Metrics sent to ROS2
[2025-11-21 21:29:57,799][Drone 2][INFO][gRPC Metrics] - System Metrics sent to ROS2
[2025-11-21 21:30:07,835][Drone 2][INFO][gRPC Metrics] - System Metrics sent to ROS2
[2025-11-21 21:30:17,871][Drone 2][INFO][gRPC Metrics] - System Metrics sent to ROS2
[2025-11-21 21:30:27,908][Drone 2][INFO][gRPC Metrics] - System Metrics sent to ROS2
[2025-11-21 21:30:37,941][Drone 2][INFO][gRPC Metrics] - System Metrics sent to ROS2
[2025-11-21 21:30:47,979][Drone 2][INFO][gRPC Metrics] - System Metrics sent to ROS2
[2025-11-21 21:30:58,013][Drone 2][INFO][gRPC Metrics] - System Metrics sent to ROS2
[2025-11-21 21:31:08,051][Drone 2][INFO][gRPC Metrics] - System Metrics sent to ROS2
[2025-11-21 21:31:18,088][Drone 2][INFO][gRPC Metrics] - System Metrics sent to ROS2
[2025-11-21 21:31:28,122][Drone 2][INFO][gRPC Metrics] - System Metrics sent to ROS2
[2025-11-21 21:31:30,025][Drone 2][INFO][gRPC Commands] - Command received
[2025-11-21 21:31:30,026][Drone 2][INFO][COMMANDS] - Processing NAV_TAKEOFF command
[2025-11-21 21:31:30,026][Drone 2][INFO][NAV_TAKEOFF] - Taking off...
[2025-11-21 21:31:38,155][Drone 2][INFO][gRPC Metrics] - System Metrics sent to ROS2
[2025-11-21 21:31:40,027][Drone 2][INFO][NAV_TAKEOFF] - Takeoff successful
[2025-11-21 21:31:40,027][Drone 2][INFO][COMMANDS] - Command executed successfully
[2025-11-21 21:31:40,032][Drone 2][INFO][gRPC Commands] - Feedback sent to ROS2
[2025-11-21 21:31:41,059][Drone 2][INFO][gRPC Commands] - Command received
[2025-11-21 21:31:41,060][Drone 2][INFO][COMMANDS] - Processing NAV_WAYPOINT command
[2025-11-21 21:31:41,060][Drone 2][INFO][NAV_WAYPOINT] - Going to WP...
[2025-11-21 21:31:48,230][Drone 2][INFO][gRPC Metrics] - System Metrics sent to ROS2
[2025-11-21 21:31:51,060][Drone 2][INFO][NAV_WAYPOINT] - Waypoint reached
[2025-11-21 21:31:51,061][Drone 2][INFO][COMMANDS] - Command executed successfully
[2025-11-21 21:31:51,064][Drone 2][INFO][gRPC Commands] - Feedback sent to ROS2
[2025-11-21 21:31:52,084][Drone 2][INFO][gRPC Commands] - Command received
[2025-11-21 21:31:52,085][Drone 2][INFO][COMMANDS] - Processing NAV_WAYPOINT command
[2025-11-21 21:31:52,085][Drone 2][INFO][NAV_WAYPOINT] - Going to WP...
[2025-11-21 21:31:58,263][Drone 2][INFO][gRPC Metrics] - System Metrics sent to ROS2
[2025-11-21 21:32:02,085][Drone 2][INFO][NAV_WAYPOINT] - Waypoint reached
[2025-11-21 21:32:02,086][Drone 2][INFO][COMMANDS] - Command executed successfully
[2025-11-21 21:32:02,089][Drone 2][INFO][gRPC Commands] - Feedback sent to ROS2
[2025-11-21 21:32:03,114][Drone 2][INFO][gRPC Commands] - Command received
[2025-11-21 21:32:03,114][Drone 2][INFO][COMMANDS] - Processing SPRAY command
[2025-11-21 21:32:03,114][Drone 2][INFO][SPRAY] - Spraying...
[2025-11-21 21:32:08,296][Drone 2][INFO][gRPC Metrics] - System Metrics sent to ROS2
[2025-11-21 21:32:13,114][Drone 2][INFO][SPRAY] - Spray operation successful
[2025-11-21 21:32:13,115][Drone 2][INFO][COMMANDS] - Command executed successfully
[2025-11-21 21:32:13,118][Drone 2][INFO][gRPC Commands] - Feedback sent to ROS2
[2025-11-21 21:32:14,149][Drone 2][INFO][gRPC Commands] - Command received
[2025-11-21 21:32:14,149][Drone 2][INFO][COMMANDS] - Processing NAV_WAYPOINT command
[2025-11-21 21:32:14,149][Drone 2][INFO][NAV_WAYPOINT] - Going to WP...
[2025-11-21 21:32:18,328][Drone 2][INFO][gRPC Metrics] - System Metrics sent to ROS2
[2025-11-21 21:32:24,149][Drone 2][INFO][NAV_WAYPOINT] - Waypoint reached
[2025-11-21 21:32:24,150][Drone 2][INFO][COMMANDS] - Command executed successfully
[2025-11-21 21:32:24,153][Drone 2][INFO][gRPC Commands] - Feedback sent to ROS2
[2025-11-21 21:32:25,178][Drone 2][INFO][gRPC Commands] - Command received
[2025-11-21 21:32:25,178][Drone 2][INFO][COMMANDS] - Processing SPRAY command
[2025-11-21 21:32:25,178][Drone 2][INFO][SPRAY] - Spraying...
[2025-11-21 21:32:28,362][Drone 2][INFO][gRPC Metrics] - System Metrics sent to ROS2
[2025-11-21 21:32:35,179][Drone 2][INFO][SPRAY] - Spray operation successful
[2025-11-21 21:32:35,179][Drone 2][INFO][COMMANDS] - Command executed successfully
[2025-11-21 21:32:35,182][Drone 2][INFO][gRPC Commands] - Feedback sent to ROS2
[2025-11-21 21:32:38,396][Drone 2][INFO][gRPC Metrics] - System Metrics sent to ROS2
[2025-11-21 21:32:40,205][Drone 2][INFO][gRPC Commands] - Command received
[2025-11-21 21:32:40,206][Drone 2][INFO][COMMANDS] - Processing NAV_WAYPOINT command
[2025-11-21 21:32:40,206][Drone 2][INFO][NAV_WAYPOINT] - Going to WP...
[2025-11-21 21:32:48,428][Drone 2][INFO][gRPC Metrics] - System Metrics sent to ROS2
[2025-11-21 21:32:50,206][Drone 2][INFO][NAV_WAYPOINT] - Waypoint reached
[2025-11-21 21:32:50,206][Drone 2][INFO][COMMANDS] - Command executed successfully
[2025-11-21 21:32:50,209][Drone 2][INFO][gRPC Commands] - Feedback sent to ROS2
[2025-11-21 21:32:51,237][Drone 2][INFO][gRPC Commands] - Command received
[2025-11-21 21:32:51,237][Drone 2][INFO][COMMANDS] - Processing SPRAY command
[2025-11-21 21:32:51,237][Drone 2][INFO][SPRAY] - Spraying...
[2025-11-21 21:32:58,465][Drone 2][INFO][gRPC Metrics] - System Metrics sent to ROS2
[2025-11-21 21:33:01,238][Drone 2][INFO][SPRAY] - Spray operation successful
[2025-11-21 21:33:01,238][Drone 2][INFO][COMMANDS] - Command executed successfully
[2025-11-21 21:33:01,241][Drone 2][INFO][gRPC Commands] - Feedback sent to ROS2
[2025-11-21 21:33:02,264][Drone 2][INFO][gRPC Commands] - Command received
[2025-11-21 21:33:02,264][Drone 2][INFO][COMMANDS] - Processing NAV_WAYPOINT command
[2025-11-21 21:33:02,264][Drone 2][INFO][NAV_WAYPOINT] - Going to WP...
[2025-11-21 21:33:08,502][Drone 2][INFO][gRPC Metrics] - System Metrics sent to ROS2
[2025-11-21 21:33:12,265][Drone 2][INFO][NAV_WAYPOINT] - Waypoint reached
[2025-11-21 21:33:12,265][Drone 2][INFO][COMMANDS] - Command executed successfully
[2025-11-21 21:33:12,268][Drone 2][INFO][gRPC Commands] - Feedback sent to ROS2
[2025-11-21 21:33:13,291][Drone 2][INFO][gRPC Commands] - Command received
[2025-11-21 21:33:13,292][Drone 2][INFO][COMMANDS] - Processing SPRAY command
[2025-11-21 21:33:13,292][Drone 2][INFO][SPRAY] - Spraying...
[2025-11-21 21:33:18,534][Drone 2][INFO][gRPC Metrics] - System Metrics sent to ROS2
[2025-11-21 21:33:23,292][Drone 2][INFO][SPRAY] - Spray operation successful
[2025-11-21 21:33:23,292][Drone 2][INFO][COMMANDS] - Command executed successfully
[2025-11-21 21:33:23,295][Drone 2][INFO][gRPC Commands] - Feedback sent to ROS2
[2025-11-21 21:33:24,343][Drone 2][INFO][gRPC Commands] - Command received
[2025-11-21 21:33:24,344][Drone 2][INFO][COMMANDS] - Processing NAV_WAYPOINT command
[2025-11-21 21:33:24,344][Drone 2][INFO][NAV_WAYPOINT] - Going to WP...
[2025-11-21 21:33:28,567][Drone 2][INFO][gRPC Metrics] - System Metrics sent to ROS2
[2025-11-21 21:33:34,344][Drone 2][INFO][NAV_WAYPOINT] - Waypoint reached
[2025-11-21 21:33:34,344][Drone 2][INFO][COMMANDS] - Command executed successfully
[2025-11-21 21:33:34,347][Drone 2][INFO][gRPC Commands] - Feedback sent to ROS2
[2025-11-21 21:33:35,372][Drone 2][INFO][gRPC Commands] - Command received
[2025-11-21 21:33:35,372][Drone 2][INFO][COMMANDS] - Processing SPRAY command
[2025-11-21 21:33:35,373][Drone 2][INFO][SPRAY] - Spraying...
[2025-11-21 21:33:38,599][Drone 2][INFO][gRPC Metrics] - System Metrics sent to ROS2
[2025-11-21 21:33:45,373][Drone 2][INFO][SPRAY] - Spray operation successful
[2025-11-21 21:33:45,373][Drone 2][INFO][COMMANDS] - Command executed successfully
[2025-11-21 21:33:45,376][Drone 2][INFO][gRPC Commands] - Feedback sent to ROS2
[2025-11-21 21:33:46,399][Drone 2][INFO][gRPC Commands] - Command received
[2025-11-21 21:33:46,399][Drone 2][INFO][COMMANDS] - Processing NAV_WAYPOINT command
[2025-11-21 21:33:46,399][Drone 2][INFO][NAV_WAYPOINT] - Going to WP...
[2025-11-21 21:33:48,632][Drone 2][INFO][gRPC Metrics] - System Metrics sent to ROS2
[2025-11-21 21:33:56,400][Drone 2][INFO][NAV_WAYPOINT] - Waypoint reached
[2025-11-21 21:33:56,400][Drone 2][INFO][COMMANDS] - Command executed successfully
[2025-11-21 21:33:56,403][Drone 2][INFO][gRPC Commands] - Feedback sent to ROS2
[2025-11-21 21:33:57,423][Drone 2][INFO][gRPC Commands] - Command received
[2025-11-21 21:33:57,424][Drone 2][INFO][COMMANDS] - Processing SPRAY command
[2025-11-21 21:33:57,424][Drone 2][INFO][SPRAY] - Spraying...
[2025-11-21 21:33:58,664][Drone 2][INFO][gRPC Metrics] - System Metrics sent to ROS2
[2025-11-21 21:34:07,425][Drone 2][INFO][SPRAY] - Spray operation successful
[2025-11-21 21:34:07,425][Drone 2][INFO][COMMANDS] - Command executed successfully
[2025-11-21 21:34:07,428][Drone 2][INFO][gRPC Commands] - Feedback sent to ROS2
[2025-11-21 21:34:08,448][Drone 2][INFO][gRPC Commands] - Command received
[2025-11-21 21:34:08,448][Drone 2][INFO][COMMANDS] - Processing NAV_WAYPOINT command
[2025-11-21 21:34:08,449][Drone 2][INFO][NAV_WAYPOINT] - Going to WP...
[2025-11-21 21:34:08,699][Drone 2][INFO][gRPC Metrics] - System Metrics sent to ROS2
[2025-11-21 21:34:18,449][Drone 2][INFO][NAV_WAYPOINT] - Waypoint reached
[2025-11-21 21:34:18,449][Drone 2][INFO][COMMANDS] - Command executed successfully
[2025-11-21 21:34:18,454][Drone 2][INFO][gRPC Commands] - Feedback sent to ROS2
[2025-11-21 21:34:18,732][Drone 2][INFO][gRPC Metrics] - System Metrics sent to ROS2
[2025-11-21 21:34:19,481][Drone 2][INFO][gRPC Commands] - Command received
[2025-11-21 21:34:19,482][Drone 2][INFO][COMMANDS] - Processing SPRAY command
[2025-11-21 21:34:19,482][Drone 2][INFO][SPRAY] - Spraying...
[2025-11-21 21:34:28,765][Drone 2][INFO][gRPC Metrics] - System Metrics sent to ROS2
[2025-11-21 21:34:29,482][Drone 2][INFO][SPRAY] - Spray operation successful
[2025-11-21 21:34:29,482][Drone 2][INFO][COMMANDS] - Command executed successfully
[2025-11-21 21:34:29,488][Drone 2][INFO][gRPC Commands] - Feedback sent to ROS2
[2025-11-21 21:34:30,512][Drone 2][INFO][gRPC Commands] - Command received
[2025-11-21 21:34:30,513][Drone 2][INFO][COMMANDS] - Processing NAV_WAYPOINT command
[2025-11-21 21:34:30,513][Drone 2][INFO][NAV_WAYPOINT] - Going to WP...
[2025-11-21 21:34:38,798][Drone 2][INFO][gRPC Metrics] - System Metrics sent to ROS2
[2025-11-21 21:34:40,513][Drone 2][INFO][NAV_WAYPOINT] - Waypoint reached
[2025-11-21 21:34:40,513][Drone 2][INFO][COMMANDS] - Command executed successfully
[2025-11-21 21:34:40,516][Drone 2][INFO][gRPC Commands] - Feedback sent to ROS2
[2025-11-21 21:34:41,567][Drone 2][INFO][gRPC Commands] - Command received
[2025-11-21 21:34:41,568][Drone 2][INFO][COMMANDS] - Processing SPRAY command
[2025-11-21 21:34:41,568][Drone 2][INFO][SPRAY] - Spraying...
[2025-11-21 21:34:48,832][Drone 2][INFO][gRPC Metrics] - System Metrics sent to ROS2
[2025-11-21 21:34:51,568][Drone 2][INFO][SPRAY] - Spray operation successful
[2025-11-21 21:34:51,569][Drone 2][INFO][COMMANDS] - Command executed successfully
[2025-11-21 21:34:51,571][Drone 2][INFO][gRPC Commands] - Feedback sent to ROS2
[2025-11-21 21:34:52,618][Drone 2][INFO][gRPC Commands] - Command received
[2025-11-21 21:34:52,618][Drone 2][INFO][COMMANDS] - Processing NAV_WAYPOINT command
[2025-11-21 21:34:52,618][Drone 2][INFO][NAV_WAYPOINT] - Going to WP...
[2025-11-21 21:34:58,868][Drone 2][INFO][gRPC Metrics] - System Metrics sent to ROS2
[2025-11-21 21:35:02,619][Drone 2][INFO][NAV_WAYPOINT] - Waypoint reached
[2025-11-21 21:35:02,619][Drone 2][INFO][COMMANDS] - Command executed successfully
[2025-11-21 21:35:02,623][Drone 2][INFO][gRPC Commands] - Feedback sent to ROS2
[2025-11-21 21:35:03,646][Drone 2][INFO][gRPC Commands] - Command received
[2025-11-21 21:35:03,647][Drone 2][INFO][COMMANDS] - Processing SPRAY command
[2025-11-21 21:35:03,647][Drone 2][INFO][SPRAY] - Spraying...
[2025-11-21 21:35:08,901][Drone 2][INFO][gRPC Metrics] - System Metrics sent to ROS2
[2025-11-21 21:35:13,647][Drone 2][INFO][SPRAY] - Spray operation successful
[2025-11-21 21:35:13,648][Drone 2][INFO][COMMANDS] - Command executed successfully
[2025-11-21 21:35:13,652][Drone 2][INFO][gRPC Commands] - Feedback sent to ROS2
[2025-11-21 21:35:14,679][Drone 2][INFO][gRPC Commands] - Command received
[2025-11-21 21:35:14,680][Drone 2][INFO][COMMANDS] - Processing NAV_WAYPOINT command
[2025-11-21 21:35:14,680][Drone 2][INFO][NAV_WAYPOINT] - Going to WP...
[2025-11-21 21:35:18,938][Drone 2][INFO][gRPC Metrics] - System Metrics sent to ROS2
[2025-11-21 21:35:24,681][Drone 2][INFO][NAV_WAYPOINT] - Waypoint reached
[2025-11-21 21:35:24,681][Drone 2][INFO][COMMANDS] - Command executed successfully
[2025-11-21 21:35:24,684][Drone 2][INFO][gRPC Commands] - Feedback sent to ROS2
[2025-11-21 21:35:25,708][Drone 2][INFO][gRPC Commands] - Command received
[2025-11-21 21:35:25,708][Drone 2][INFO][COMMANDS] - Processing SPRAY command
[2025-11-21 21:35:25,709][Drone 2][INFO][SPRAY] - Spraying...
[2025-11-21 21:35:28,975][Drone 2][INFO][gRPC Metrics] - System Metrics sent to ROS2
[2025-11-21 21:35:35,709][Drone 2][INFO][SPRAY] - Spray operation successful
[2025-11-21 21:35:35,709][Drone 2][INFO][COMMANDS] - Command executed successfully
[2025-11-21 21:35:35,713][Drone 2][INFO][gRPC Commands] - Feedback sent to ROS2
[2025-11-21 21:35:36,740][Drone 2][INFO][gRPC Commands] - Command received
[2025-11-21 21:35:36,741][Drone 2][INFO][COMMANDS] - Processing NAV_WAYPOINT command
[2025-11-21 21:35:36,741][Drone 2][INFO][NAV_WAYPOINT] - Going to WP...
[2025-11-21 21:35:39,013][Drone 2][INFO][gRPC Metrics] - System Metrics sent to ROS2
[2025-11-21 21:35:46,741][Drone 2][INFO][NAV_WAYPOINT] - Waypoint reached
[2025-11-21 21:35:46,741][Drone 2][INFO][COMMANDS] - Command executed successfully
[2025-11-21 21:35:46,745][Drone 2][INFO][gRPC Commands] - Feedback sent to ROS2
[2025-11-21 21:35:47,772][Drone 2][INFO][gRPC Commands] - Command received
[2025-11-21 21:35:47,773][Drone 2][INFO][COMMANDS] - Processing SPRAY command
[2025-11-21 21:35:47,773][Drone 2][INFO][SPRAY] - Spraying...
[2025-11-21 21:35:49,051][Drone 2][INFO][gRPC Metrics] - System Metrics sent to ROS2
[2025-11-21 21:35:57,773][Drone 2][INFO][SPRAY] - Spray operation successful
[2025-11-21 21:35:57,774][Drone 2][INFO][COMMANDS] - Command executed successfully
[2025-11-21 21:35:57,777][Drone 2][INFO][gRPC Commands] - Feedback sent to ROS2
[2025-11-21 21:35:58,804][Drone 2][INFO][gRPC Commands] - Command received
[2025-11-21 21:35:58,805][Drone 2][INFO][COMMANDS] - Processing NAV_WAYPOINT command
[2025-11-21 21:35:58,805][Drone 2][INFO][NAV_WAYPOINT] - Going to WP...
[2025-11-21 21:35:59,087][Drone 2][INFO][gRPC Metrics] - System Metrics sent to ROS2
[2025-11-21 21:36:08,805][Drone 2][INFO][NAV_WAYPOINT] - Waypoint reached
[2025-11-21 21:36:08,805][Drone 2][INFO][COMMANDS] - Command executed successfully
[2025-11-21 21:36:08,809][Drone 2][INFO][gRPC Commands] - Feedback sent to ROS2
[2025-11-21 21:36:09,125][Drone 2][INFO][gRPC Metrics] - System Metrics sent to ROS2
[2025-11-21 21:36:09,835][Drone 2][INFO][gRPC Commands] - Command received
[2025-11-21 21:36:09,836][Drone 2][INFO][COMMANDS] - Processing SPRAY command
[2025-11-21 21:36:09,836][Drone 2][INFO][SPRAY] - Spraying...
[2025-11-21 21:36:19,162][Drone 2][INFO][gRPC Metrics] - System Metrics sent to ROS2
[2025-11-21 21:36:19,836][Drone 2][INFO][SPRAY] - Spray operation successful
[2025-11-21 21:36:19,837][Drone 2][INFO][COMMANDS] - Command executed successfully
[2025-11-21 21:36:19,840][Drone 2][INFO][gRPC Commands] - Feedback sent to ROS2
[2025-11-21 21:36:20,867][Drone 2][INFO][gRPC Commands] - Command received
[2025-11-21 21:36:20,868][Drone 2][INFO][COMMANDS] - Processing NAV_WAYPOINT command
[2025-11-21 21:36:20,868][Drone 2][INFO][NAV_WAYPOINT] - Going to WP...
[2025-11-21 21:36:29,200][Drone 2][INFO][gRPC Metrics] - System Metrics sent to ROS2
[2025-11-21 21:36:30,868][Drone 2][INFO][NAV_WAYPOINT] - Waypoint reached
[2025-11-21 21:36:30,868][Drone 2][INFO][COMMANDS] - Command executed successfully
[2025-11-21 21:36:30,872][Drone 2][INFO][gRPC Commands] - Feedback sent to ROS2
[2025-11-21 21:36:31,898][Drone 2][INFO][gRPC Commands] - Command received
[2025-11-21 21:36:31,898][Drone 2][INFO][COMMANDS] - Processing SPRAY command
[2025-11-21 21:36:31,899][Drone 2][INFO][SPRAY] - Spraying...
[2025-11-21 21:36:39,236][Drone 2][INFO][gRPC Metrics] - System Metrics sent to ROS2
[2025-11-21 21:36:41,899][Drone 2][INFO][SPRAY] - Spray operation successful
[2025-11-21 21:36:41,899][Drone 2][INFO][COMMANDS] - Command executed successfully
[2025-11-21 21:36:41,903][Drone 2][INFO][gRPC Commands] - Feedback sent to ROS2
[2025-11-21 21:36:42,928][Drone 2][INFO][gRPC Commands] - Command received
[2025-11-21 21:36:42,929][Drone 2][INFO][COMMANDS] - Processing NAV_WAYPOINT command
[2025-11-21 21:36:42,929][Drone 2][INFO][NAV_WAYPOINT] - Going to WP...
[2025-11-21 21:36:49,272][Drone 2][INFO][gRPC Metrics] - System Metrics sent to ROS2
[2025-11-21 21:36:52,929][Drone 2][INFO][NAV_WAYPOINT] - Waypoint reached
[2025-11-21 21:36:52,930][Drone 2][INFO][COMMANDS] - Command executed successfully
[2025-11-21 21:36:52,933][Drone 2][INFO][gRPC Commands] - Feedback sent to ROS2
[2025-11-21 21:36:53,963][Drone 2][INFO][gRPC Commands] - Command received
[2025-11-21 21:36:53,963][Drone 2][INFO][COMMANDS] - Processing SPRAY command
[2025-11-21 21:36:53,963][Drone 2][INFO][SPRAY] - Spraying...
[2025-11-21 21:36:59,305][Drone 2][INFO][gRPC Metrics] - System Metrics sent to ROS2
[2025-11-21 21:37:03,963][Drone 2][INFO][SPRAY] - Spray operation successful
[2025-11-21 21:37:03,964][Drone 2][INFO][COMMANDS] - Command executed successfully
[2025-11-21 21:37:03,968][Drone 2][INFO][gRPC Commands] - Feedback sent to ROS2
[2025-11-21 21:37:05,028][Drone 2][INFO][gRPC Commands] - Command received
[2025-11-21 21:37:05,028][Drone 2][INFO][COMMANDS] - Processing NAV_HOME command
[2025-11-21 21:37:05,029][Drone 2][INFO][NAV_HOME] - Returning home...
[2025-11-21 21:37:09,341][Drone 2][INFO][gRPC Metrics] - System Metrics sent to ROS2
[2025-11-21 21:37:15,029][Drone 2][INFO][NAV_HOME] - Return home successful
[2025-11-21 21:37:15,030][Drone 2][INFO][COMMANDS] - Command executed successfully
[2025-11-21 21:37:15,033][Drone 2][INFO][gRPC Commands] - Feedback sent to ROS2
[2025-11-21 21:37:16,058][Drone 2][INFO][gRPC Commands] - Command received
[2025-11-21 21:37:16,058][Drone 2][INFO][COMMANDS] - Processing NAV_LAND command
[2025-11-21 21:37:16,058][Drone 2][INFO][NAV_LAND] - Landing...
[2025-11-21 21:37:19,380][Drone 2][INFO][gRPC Metrics] - System Metrics sent to ROS2
[2025-11-21 21:37:26,059][Drone 2][INFO][NAV_LAND] - Landing successful
[2025-11-21 21:37:26,060][Drone 2][INFO][COMMANDS] - Command executed successfully
[2025-11-21 21:37:26,064][Drone 2][INFO][gRPC Commands] - Feedback sent to ROS2
[2025-11-21 21:37:29,420][Drone 2][INFO][gRPC Metrics] - System Metrics sent to ROS2
[2025-11-21 21:37:39,459][Drone 2][INFO][gRPC Metrics] - System Metrics sent to ROS2
[2025-11-21 21:37:49,495][Drone 2][INFO][gRPC Metrics] - System Metrics sent to ROS2
[2025-11-21 21:37:59,532][Drone 2][INFO][gRPC Metrics] - System Metrics sent to ROS2
[2025-11-21 21:38:09,568][Drone 2][INFO][gRPC Metrics] - System Metrics sent to ROS2
[2025-11-21 21:38:19,604][Drone 2][INFO][gRPC Metrics] - System Metrics sent to ROS2
[2025-11-21 21:38:29,640][Drone 2][INFO][gRPC Metrics] - System Metrics sent to ROS2
[2025-11-21 21:38:39,680][Drone 2][INFO][gRPC Metrics] - System Metrics sent to ROS2
[2025-11-21 21:38:49,714][Drone 2][INFO][gRPC Metrics] - System Metrics sent to ROS2
[2025-11-21 21:38:59,747][Drone 2][INFO][gRPC Metrics] - System Metrics sent to ROS2
[2025-11-21 21:39:09,786][Drone 2][INFO][gRPC Metrics] - System Metrics sent to ROS2
[2025-11-21 21:39:19,818][Drone 2][INFO][gRPC Metrics] - System Metrics sent to ROS2
[2025-11-21 21:39:29,854][Drone 2][INFO][gRPC Metrics] - System Metrics sent to ROS2
[2025-11-21 21:39:39,891][Drone 2][INFO][gRPC Metrics] - System Metrics sent to ROS2
[2025-11-21 21:39:49,927][Drone 2][INFO][gRPC Metrics] - System Metrics sent to ROS2
[2025-11-21 21:39:59,965][Drone 2][INFO][gRPC Metrics] - System Metrics sent to ROS2
[2025-11-21 21:40:10,001][Drone 2][INFO][gRPC Metrics] - System Metrics sent to ROS2
[2025-11-21 21:40:20,038][Drone 2][INFO][gRPC Metrics] - System Metrics sent to ROS2
[2025-11-21 21:40:30,080][Drone 2][INFO][gRPC Metrics] - System Metrics sent to ROS2
[2025-11-21 21:40:40,116][Drone 2][INFO][gRPC Metrics] - System Metrics sent to ROS2
[2025-11-21 21:40:50,151][Drone 2][INFO][gRPC Metrics] - System Metrics sent to ROS2
[2025-11-21 21:41:00,187][Drone 2][INFO][gRPC Metrics] - System Metrics sent to ROS2
[2025-11-21 21:41:10,222][Drone 2][INFO][gRPC Metrics] - System Metrics sent to ROS2
[2025-11-21 21:41:20,258][Drone 2][INFO][gRPC Metrics] - System Metrics sent to ROS2
[2025-11-21 21:41:30,291][Drone 2][INFO][gRPC Metrics] - System Metrics sent to ROS2
[2025-11-21 21:41:40,323][Drone 2][INFO][gRPC Metrics] - System Metrics sent to ROS2
[2025-11-21 21:41:50,359][Drone 2][INFO][gRPC Metrics] - System Metrics sent to ROS2
[2025-11-21 21:42:00,396][Drone 2][INFO][gRPC Metrics] - System Metrics sent to ROS2
[2025-11-21 21:42:10,429][Drone 2][INFO][gRPC Metrics] - System Metrics sent to ROS2
[2025-11-21 21:42:20,466][Drone 2][INFO][gRPC Metrics] - System Metrics sent to ROS2
[2025-11-21 21:42:30,506][Drone 2][INFO][gRPC Metrics] - System Metrics sent to ROS2
[2025-11-21 21:42:40,542][Drone 2][INFO][gRPC Metrics] - System Metrics sent to ROS2
[2025-11-21 21:42:50,580][Drone 2][INFO][gRPC Metrics] - System Metrics sent to ROS2
[2025-11-21 21:43:00,617][Drone 2][INFO][gRPC Metrics] - System Metrics sent to ROS2
[2025-11-21 21:43:10,653][Drone 2][INFO][gRPC Metrics] - System Metrics sent to ROS2
[2025-11-21 21:43:20,690][Drone 2][INFO][gRPC Metrics] - System Metrics sent to ROS2
[2025-11-21 21:43:30,722][Drone 2][INFO][gRPC Metrics] - System Metrics sent to ROS2
[2025-11-21 21:43:40,754][Drone 2][INFO][gRPC Metrics] - System Metrics sent to ROS2
[2025-11-21 21:43:50,788][Drone 2][INFO][gRPC Metrics] - System Metrics sent to ROS2
[2025-11-21 21:44:00,821][Drone 2][INFO][gRPC Metrics] - System Metrics sent to ROS2
[2025-11-21 21:44:10,854][Drone 2][INFO][gRPC Metrics] - System Metrics sent to ROS2
[2025-11-21 21:44:20,891][Drone 2][INFO][gRPC Metrics] - System Metrics sent to ROS2
[2025-11-21 21:44:30,927][Drone 2][INFO][gRPC Metrics] - System Metrics sent to ROS2
[2025-11-21 21:44:40,963][Drone 2][INFO][gRPC Metrics] - System Metrics sent to ROS2
[2025-11-21 21:44:51,001][Drone 2][INFO][gRPC Metrics] - System Metrics sent to ROS2
[2025-11-21 21:45:01,037][Drone 2][INFO][gRPC Metrics] - System Metrics sent to ROS2
[2025-11-21 21:45:11,073][Drone 2][INFO][gRPC Metrics] - System Metrics sent to ROS2
[2025-11-21 21:45:21,115][Drone 2][INFO][gRPC Metrics] - System Metrics sent to ROS2
[2025-11-21 21:45:31,151][Drone 2][INFO][gRPC Metrics] - System Metrics sent to ROS2
[2025-11-21 21:45:41,188][Drone 2][INFO][gRPC Metrics] - System Metrics sent to ROS2
[2025-11-21 21:45:51,224][Drone 2][INFO][gRPC Metrics] - System Metrics sent to ROS2
[2025-11-21 21:46:01,261][Drone 2][INFO][gRPC Metrics] - System Metrics sent to ROS2
[2025-11-21 21:46:11,297][Drone 2][INFO][gRPC Metrics] - System Metrics sent to ROS2
[2025-11-21 21:46:21,333][Drone 2][INFO][gRPC Metrics] - System Metrics sent to ROS2
[2025-11-21 21:46:31,370][Drone 2][INFO][gRPC Metrics] - System Metrics sent to ROS2
[2025-11-21 21:46:41,408][Drone 2][INFO][gRPC Metrics] - System Metrics sent to ROS2
[2025-11-21 21:46:51,444][Drone 2][INFO][gRPC Metrics] - System Metrics sent to ROS2
[2025-11-21 21:47:01,481][Drone 2][INFO][gRPC Metrics] - System Metrics sent to ROS2
[2025-11-21 21:47:11,517][Drone 2][INFO][gRPC Metrics] - System Metrics sent to ROS2
[2025-11-21 21:47:21,553][Drone 2][INFO][gRPC Metrics] - System Metrics sent to ROS2
[2025-11-21 21:47:31,586][Drone 2][INFO][gRPC Metrics] - System Metrics sent to ROS2
[2025-11-21 21:47:41,623][Drone 2][INFO][gRPC Metrics] - System Metrics sent to ROS2
[2025-11-21 21:47:51,664][Drone 2][INFO][gRPC Metrics] - System Metrics sent to ROS2
[2025-11-21 21:48:01,697][Drone 2][INFO][gRPC Metrics] - System Metrics sent to ROS2
[2025-11-21 21:48:11,729][Drone 2][INFO][gRPC Metrics] - System Metrics sent to ROS2
[2025-11-21 21:48:21,763][Drone 2][INFO][gRPC Metrics] - System Metrics sent to ROS2
[2025-11-21 21:48:55,029][Drone 2][INFO][Init Drone] - Complete cleanup finished
[2025-11-21 21:48:55,030][Drone 2][INFO][gRPC Metrics] - Metrics client thread started successfully
[2025-11-21 21:48:55,031][Drone 2][INFO][Init Drone] - All system components initialized successfully
[2025-11-21 21:48:55,044][Drone 2][INFO][gRPC Commands] - Server running on port 52001
[2025-11-21 21:48:55,077][Drone 2][INFO][gRPC Metrics] - System Metrics sent to ROS2
[2025-11-21 21:49:05,111][Drone 2][INFO][gRPC Metrics] - System Metrics sent to ROS2
[2025-11-21 21:49:15,144][Drone 2][INFO][gRPC Metrics] - System Metrics sent to ROS2
[2025-11-21 21:49:25,177][Drone 2][INFO][gRPC Metrics] - System Metrics sent to ROS2
[2025-11-21 21:49:35,212][Drone 2][INFO][gRPC Metrics] - System Metrics sent to ROS2
[2025-11-21 21:49:45,247][Drone 2][INFO][gRPC Metrics] - System Metrics sent to ROS2
[2025-11-21 21:49:55,280][Drone 2][INFO][gRPC Metrics] - System Metrics sent to ROS2
[2025-11-21 21:50:05,313][Drone 2][INFO][gRPC Metrics] - System Metrics sent to ROS2
[2025-11-21 21:50:15,345][Drone 2][INFO][gRPC Metrics] - System Metrics sent to ROS2
[2025-11-21 21:50:25,381][Drone 2][INFO][gRPC Metrics] - System Metrics sent to ROS2
[2025-11-21 21:50:35,414][Drone 2][INFO][gRPC Metrics] - System Metrics sent to ROS2
[2025-11-21 21:50:45,446][Drone 2][INFO][gRPC Metrics] - System Metrics sent to ROS2
[2025-11-21 21:50:55,479][Drone 2][INFO][gRPC Metrics] - System Metrics sent to ROS2
[2025-11-21 21:51:05,515][Drone 2][INFO][gRPC Metrics] - System Metrics sent to ROS2
[2025-11-21 21:51:15,550][Drone 2][INFO][gRPC Metrics] - System Metrics sent to ROS2
[2025-11-21 21:51:25,583][Drone 2][INFO][gRPC Metrics] - System Metrics sent to ROS2
[2025-11-21 21:51:35,620][Drone 2][INFO][gRPC Metrics] - System Metrics sent to ROS2
[2025-11-21 21:51:45,657][Drone 2][INFO][gRPC Metrics] - System Metrics sent to ROS2
[2025-11-21 21:51:55,694][Drone 2][INFO][gRPC Metrics] - System Metrics sent to ROS2
[2025-11-21 21:52:05,729][Drone 2][INFO][gRPC Metrics] - System Metrics sent to ROS2
[2025-11-21 21:52:15,762][Drone 2][INFO][gRPC Metrics] - System Metrics sent to ROS2
[2025-11-21 21:52:25,801][Drone 2][INFO][gRPC Metrics] - System Metrics sent to ROS2
[2025-11-21 21:52:35,834][Drone 2][INFO][gRPC Metrics] - System Metrics sent to ROS2
[2025-11-21 21:52:45,867][Drone 2][INFO][gRPC Metrics] - System Metrics sent to ROS2
[2025-11-21 21:52:55,903][Drone 2][INFO][gRPC Metrics] - System Metrics sent to ROS2
[2025-11-21 21:53:05,937][Drone 2][INFO][gRPC Metrics] - System Metrics sent to ROS2
[2025-11-21 21:53:15,637][Drone 2][INFO][gRPC Commands] - Command received
[2025-11-21 21:53:15,638][Drone 2][INFO][COMMANDS] - Processing NAV_TAKEOFF command
[2025-11-21 21:53:15,638][Drone 2][INFO][NAV_TAKEOFF] - Taking off...
[2025-11-21 21:53:15,970][Drone 2][INFO][gRPC Metrics] - System Metrics sent to ROS2
[2025-11-21 21:53:25,638][Drone 2][INFO][NAV_TAKEOFF] - Takeoff successful
[2025-11-21 21:53:25,638][Drone 2][INFO][COMMANDS] - Command executed successfully
[2025-11-21 21:53:25,642][Drone 2][INFO][gRPC Commands] - Feedback sent to ROS2
[2025-11-21 21:53:26,003][Drone 2][INFO][gRPC Metrics] - System Metrics sent to ROS2
[2025-11-21 21:53:26,662][Drone 2][INFO][gRPC Commands] - Command received
[2025-11-21 21:53:26,663][Drone 2][INFO][COMMANDS] - Processing NAV_WAYPOINT command
[2025-11-21 21:53:26,663][Drone 2][INFO][NAV_WAYPOINT] - Going to WP...
[2025-11-21 21:53:36,036][Drone 2][INFO][gRPC Metrics] - System Metrics sent to ROS2
[2025-11-21 21:53:36,663][Drone 2][INFO][NAV_WAYPOINT] - Waypoint reached
[2025-11-21 21:53:36,663][Drone 2][INFO][COMMANDS] - Command executed successfully
[2025-11-21 21:53:36,666][Drone 2][INFO][gRPC Commands] - Feedback sent to ROS2
[2025-11-21 21:53:37,683][Drone 2][INFO][gRPC Commands] - Command received
[2025-11-21 21:53:37,684][Drone 2][INFO][COMMANDS] - Processing NAV_WAYPOINT command
[2025-11-21 21:53:37,684][Drone 2][INFO][NAV_WAYPOINT] - Going to WP...
[2025-11-21 21:53:46,068][Drone 2][INFO][gRPC Metrics] - System Metrics sent to ROS2
[2025-11-21 21:53:47,684][Drone 2][INFO][NAV_WAYPOINT] - Waypoint reached
[2025-11-21 21:53:47,684][Drone 2][INFO][COMMANDS] - Command executed successfully
[2025-11-21 21:53:47,687][Drone 2][INFO][gRPC Commands] - Feedback sent to ROS2
[2025-11-21 21:53:48,710][Drone 2][INFO][gRPC Commands] - Command received
[2025-11-21 21:53:48,711][Drone 2][INFO][COMMANDS] - Processing SPRAY command
[2025-11-21 21:53:48,711][Drone 2][INFO][SPRAY] - Spraying...
[2025-11-21 21:53:56,101][Drone 2][INFO][gRPC Metrics] - System Metrics sent to ROS2
[2025-11-21 21:53:58,711][Drone 2][INFO][SPRAY] - Spray operation successful
[2025-11-21 21:53:58,712][Drone 2][INFO][COMMANDS] - Command executed successfully
[2025-11-21 21:53:58,715][Drone 2][INFO][gRPC Commands] - Feedback sent to ROS2
[2025-11-21 21:53:59,738][Drone 2][INFO][gRPC Commands] - Command received
[2025-11-21 21:53:59,739][Drone 2][INFO][COMMANDS] - Processing NAV_WAYPOINT command
[2025-11-21 21:53:59,739][Drone 2][INFO][NAV_WAYPOINT] - Going to WP...
[2025-11-21 21:54:06,134][Drone 2][INFO][gRPC Metrics] - System Metrics sent to ROS2
[2025-11-21 21:54:09,739][Drone 2][INFO][NAV_WAYPOINT] - Waypoint reached
[2025-11-21 21:54:09,739][Drone 2][INFO][COMMANDS] - Command executed successfully
[2025-11-21 21:54:09,742][Drone 2][INFO][gRPC Commands] - Feedback sent to ROS2
[2025-11-21 21:54:10,764][Drone 2][INFO][gRPC Commands] - Command received
[2025-11-21 21:54:10,764][Drone 2][INFO][COMMANDS] - Processing SPRAY command
[2025-11-21 21:54:10,765][Drone 2][INFO][SPRAY] - Spraying...
[2025-11-21 21:54:16,167][Drone 2][INFO][gRPC Metrics] - System Metrics sent to ROS2
[2025-11-21 21:54:20,765][Drone 2][INFO][SPRAY] - Spray operation successful
[2025-11-21 21:54:20,765][Drone 2][INFO][COMMANDS] - Command executed successfully
[2025-11-21 21:54:20,768][Drone 2][INFO][gRPC Commands] - Feedback sent to ROS2
[2025-11-21 21:54:21,792][Drone 2][INFO][gRPC Commands] - Command received
[2025-11-21 21:54:21,793][Drone 2][INFO][COMMANDS] - Processing NAV_WAYPOINT command
[2025-11-21 21:54:21,793][Drone 2][INFO][NAV_WAYPOINT] - Going to WP...
[2025-11-21 21:54:26,200][Drone 2][INFO][gRPC Metrics] - System Metrics sent to ROS2
[2025-11-21 21:54:31,794][Drone 2][INFO][NAV_WAYPOINT] - Waypoint reached
[2025-11-21 21:54:31,794][Drone 2][INFO][COMMANDS] - Command executed successfully
[2025-11-21 21:54:31,797][Drone 2][INFO][gRPC Commands] - Feedback sent to ROS2
[2025-11-21 21:54:32,816][Drone 2][INFO][gRPC Commands] - Command received
[2025-11-21 21:54:32,817][Drone 2][INFO][COMMANDS] - Processing SPRAY command
[2025-11-21 21:54:32,817][Drone 2][INFO][SPRAY] - Spraying...
[2025-11-21 21:54:36,233][Drone 2][INFO][gRPC Metrics] - System Metrics sent to ROS2
[2025-11-21 21:54:42,817][Drone 2][INFO][SPRAY] - Spray operation successful
[2025-11-21 21:54:42,817][Drone 2][INFO][COMMANDS] - Command executed successfully
[2025-11-21 21:54:42,820][Drone 2][INFO][gRPC Commands] - Feedback sent to ROS2
[2025-11-21 21:54:43,842][Drone 2][INFO][gRPC Commands] - Command received
[2025-11-21 21:54:43,842][Drone 2][INFO][COMMANDS] - Processing NAV_WAYPOINT command
[2025-11-21 21:54:43,842][Drone 2][INFO][NAV_WAYPOINT] - Going to WP...
[2025-11-21 21:54:46,266][Drone 2][INFO][gRPC Metrics] - System Metrics sent to ROS2
[2025-11-21 21:54:53,842][Drone 2][INFO][NAV_WAYPOINT] - Waypoint reached
[2025-11-21 21:54:53,843][Drone 2][INFO][COMMANDS] - Command executed successfully
[2025-11-21 21:54:53,845][Drone 2][INFO][gRPC Commands] - Feedback sent to ROS2
[2025-11-21 21:54:54,864][Drone 2][INFO][gRPC Commands] - Command received
[2025-11-21 21:54:54,864][Drone 2][INFO][COMMANDS] - Processing SPRAY command
[2025-11-21 21:54:54,865][Drone 2][INFO][SPRAY] - Spraying...
[2025-11-21 21:54:56,299][Drone 2][INFO][gRPC Metrics] - System Metrics sent to ROS2
[2025-11-21 21:55:04,865][Drone 2][INFO][SPRAY] - Spray operation successful
[2025-11-21 21:55:04,865][Drone 2][INFO][COMMANDS] - Command executed successfully
[2025-11-21 21:55:04,868][Drone 2][INFO][gRPC Commands] - Feedback sent to ROS2
[2025-11-21 21:55:05,890][Drone 2][INFO][gRPC Commands] - Command received
[2025-11-21 21:55:05,891][Drone 2][INFO][COMMANDS] - Processing NAV_WAYPOINT command
[2025-11-21 21:55:05,891][Drone 2][INFO][NAV_WAYPOINT] - Going to WP...
[2025-11-21 21:55:06,332][Drone 2][INFO][gRPC Metrics] - System Metrics sent to ROS2
[2025-11-21 21:55:15,891][Drone 2][INFO][NAV_WAYPOINT] - Waypoint reached
[2025-11-21 21:55:15,891][Drone 2][INFO][COMMANDS] - Command executed successfully
[2025-11-21 21:55:15,894][Drone 2][INFO][gRPC Commands] - Feedback sent to ROS2
[2025-11-21 21:55:16,365][Drone 2][INFO][gRPC Metrics] - System Metrics sent to ROS2
[2025-11-21 21:55:16,913][Drone 2][INFO][gRPC Commands] - Command received
[2025-11-21 21:55:16,913][Drone 2][INFO][COMMANDS] - Processing SPRAY command
[2025-11-21 21:55:16,913][Drone 2][INFO][SPRAY] - Spraying...
[2025-11-21 21:55:26,398][Drone 2][INFO][gRPC Metrics] - System Metrics sent to ROS2
[2025-11-21 21:55:26,913][Drone 2][INFO][SPRAY] - Spray operation successful
[2025-11-21 21:55:26,913][Drone 2][INFO][COMMANDS] - Command executed successfully
[2025-11-21 21:55:26,917][Drone 2][INFO][gRPC Commands] - Feedback sent to ROS2
[2025-11-21 21:55:27,940][Drone 2][INFO][gRPC Commands] - Command received
[2025-11-21 21:55:27,940][Drone 2][INFO][COMMANDS] - Processing NAV_WAYPOINT command
[2025-11-21 21:55:27,940][Drone 2][INFO][NAV_WAYPOINT] - Going to WP...
[2025-11-21 21:55:36,431][Drone 2][INFO][gRPC Metrics] - System Metrics sent to ROS2
[2025-11-21 21:55:37,941][Drone 2][INFO][NAV_WAYPOINT] - Waypoint reached
[2025-11-21 21:55:37,941][Drone 2][INFO][COMMANDS] - Command executed successfully
[2025-11-21 21:55:37,944][Drone 2][INFO][gRPC Commands] - Feedback sent to ROS2
[2025-11-21 21:55:38,968][Drone 2][INFO][gRPC Commands] - Command received
[2025-11-21 21:55:38,968][Drone 2][INFO][COMMANDS] - Processing SPRAY command
[2025-11-21 21:55:38,969][Drone 2][INFO][SPRAY] - Spraying...
[2025-11-21 21:55:46,463][Drone 2][INFO][gRPC Metrics] - System Metrics sent to ROS2
[2025-11-21 21:55:48,969][Drone 2][INFO][SPRAY] - Spray operation successful
[2025-11-21 21:55:48,969][Drone 2][INFO][COMMANDS] - Command executed successfully
[2025-11-21 21:55:48,972][Drone 2][INFO][gRPC Commands] - Feedback sent to ROS2
[2025-11-21 21:55:49,997][Drone 2][INFO][gRPC Commands] - Command received
[2025-11-21 21:55:49,997][Drone 2][INFO][COMMANDS] - Processing NAV_WAYPOINT command
[2025-11-21 21:55:49,997][Drone 2][INFO][NAV_WAYPOINT] - Going to WP...
[2025-11-21 21:55:56,496][Drone 2][INFO][gRPC Metrics] - System Metrics sent to ROS2
[2025-11-21 21:55:59,998][Drone 2][INFO][NAV_WAYPOINT] - Waypoint reached
[2025-11-21 21:55:59,998][Drone 2][INFO][COMMANDS] - Command executed successfully
[2025-11-21 21:56:00,001][Drone 2][INFO][gRPC Commands] - Feedback sent to ROS2
[2025-11-21 21:56:01,034][Drone 2][INFO][gRPC Commands] - Command received
[2025-11-21 21:56:01,035][Drone 2][INFO][COMMANDS] - Processing SPRAY command
[2025-11-21 21:56:01,035][Drone 2][INFO][SPRAY] - Spraying...
[2025-11-21 21:56:06,528][Drone 2][INFO][gRPC Metrics] - System Metrics sent to ROS2
[2025-11-21 21:56:11,035][Drone 2][INFO][SPRAY] - Spray operation successful
[2025-11-21 21:56:11,035][Drone 2][INFO][COMMANDS] - Command executed successfully
[2025-11-21 21:56:11,038][Drone 2][INFO][gRPC Commands] - Feedback sent to ROS2
[2025-11-21 21:56:12,063][Drone 2][INFO][gRPC Commands] - Command received
[2025-11-21 21:56:12,063][Drone 2][INFO][COMMANDS] - Processing NAV_WAYPOINT command
[2025-11-21 21:56:12,064][Drone 2][INFO][NAV_WAYPOINT] - Going to WP...
[2025-11-21 21:56:16,568][Drone 2][INFO][gRPC Metrics] - System Metrics sent to ROS2
[2025-11-21 21:56:22,064][Drone 2][INFO][NAV_WAYPOINT] - Waypoint reached
[2025-11-21 21:56:22,064][Drone 2][INFO][COMMANDS] - Command executed successfully
[2025-11-21 21:56:22,070][Drone 2][INFO][gRPC Commands] - Feedback sent to ROS2
[2025-11-21 21:56:23,095][Drone 2][INFO][gRPC Commands] - Command received
[2025-11-21 21:56:23,096][Drone 2][INFO][COMMANDS] - Processing SPRAY command
[2025-11-21 21:56:23,096][Drone 2][INFO][SPRAY] - Spraying...
[2025-11-21 21:56:26,604][Drone 2][INFO][gRPC Metrics] - System Metrics sent to ROS2
[2025-11-21 21:56:33,096][Drone 2][INFO][SPRAY] - Spray operation successful
[2025-11-21 21:56:33,097][Drone 2][INFO][COMMANDS] - Command executed successfully
[2025-11-21 21:56:33,099][Drone 2][INFO][gRPC Commands] - Feedback sent to ROS2
[2025-11-21 21:56:34,126][Drone 2][INFO][gRPC Commands] - Command received
[2025-11-21 21:56:34,126][Drone 2][INFO][COMMANDS] - Processing NAV_WAYPOINT command
[2025-11-21 21:56:34,126][Drone 2][INFO][NAV_WAYPOINT] - Going to WP...
[2025-11-21 21:56:36,637][Drone 2][INFO][gRPC Metrics] - System Metrics sent to ROS2
[2025-11-21 21:56:44,126][Drone 2][INFO][NAV_WAYPOINT] - Waypoint reached
[2025-11-21 21:56:44,126][Drone 2][INFO][COMMANDS] - Command executed successfully
[2025-11-21 21:56:44,130][Drone 2][INFO][gRPC Commands] - Feedback sent to ROS2
[2025-11-21 21:56:45,185][Drone 2][INFO][gRPC Commands] - Command received
[2025-11-21 21:56:45,186][Drone 2][INFO][COMMANDS] - Processing SPRAY command
[2025-11-21 21:56:45,186][Drone 2][INFO][SPRAY] - Spraying...
[2025-11-21 21:56:46,671][Drone 2][INFO][gRPC Metrics] - System Metrics sent to ROS2
[2025-11-21 21:56:55,186][Drone 2][INFO][SPRAY] - Spray operation successful
[2025-11-21 21:56:55,186][Drone 2][INFO][COMMANDS] - Command executed successfully
[2025-11-21 21:56:55,189][Drone 2][INFO][gRPC Commands] - Feedback sent to ROS2
[2025-11-21 21:56:56,209][Drone 2][INFO][gRPC Commands] - Command received
[2025-11-21 21:56:56,210][Drone 2][INFO][COMMANDS] - Processing NAV_WAYPOINT command
[2025-11-21 21:56:56,210][Drone 2][INFO][NAV_WAYPOINT] - Going to WP...
[2025-11-21 21:56:56,703][Drone 2][INFO][gRPC Metrics] - System Metrics sent to ROS2
[2025-11-21 21:57:06,210][Drone 2][INFO][NAV_WAYPOINT] - Waypoint reached
[2025-11-21 21:57:06,210][Drone 2][INFO][COMMANDS] - Command executed successfully
[2025-11-21 21:57:06,213][Drone 2][INFO][gRPC Commands] - Feedback sent to ROS2
[2025-11-21 21:57:06,736][Drone 2][INFO][gRPC Metrics] - System Metrics sent to ROS2
[2025-11-21 21:57:07,235][Drone 2][INFO][gRPC Commands] - Command received
[2025-11-21 21:57:07,236][Drone 2][INFO][COMMANDS] - Processing SPRAY command
[2025-11-21 21:57:07,236][Drone 2][INFO][SPRAY] - Spraying...
[2025-11-21 21:57:16,769][Drone 2][INFO][gRPC Metrics] - System Metrics sent to ROS2
[2025-11-21 21:57:17,236][Drone 2][INFO][SPRAY] - Spray operation successful
[2025-11-21 21:57:17,236][Drone 2][INFO][COMMANDS] - Command executed successfully
[2025-11-21 21:57:17,240][Drone 2][INFO][gRPC Commands] - Feedback sent to ROS2
[2025-11-21 21:57:18,260][Drone 2][INFO][gRPC Commands] - Command received
[2025-11-21 21:57:18,260][Drone 2][INFO][COMMANDS] - Processing NAV_WAYPOINT command
[2025-11-21 21:57:18,260][Drone 2][INFO][NAV_WAYPOINT] - Going to WP...
[2025-11-21 21:57:26,803][Drone 2][INFO][gRPC Metrics] - System Metrics sent to ROS2
[2025-11-21 21:57:28,260][Drone 2][INFO][NAV_WAYPOINT] - Waypoint reached
[2025-11-21 21:57:28,261][Drone 2][INFO][COMMANDS] - Command executed successfully
[2025-11-21 21:57:28,264][Drone 2][INFO][gRPC Commands] - Feedback sent to ROS2
[2025-11-21 21:57:29,284][Drone 2][INFO][gRPC Commands] - Command received
[2025-11-21 21:57:29,284][Drone 2][INFO][COMMANDS] - Processing SPRAY command
[2025-11-21 21:57:29,284][Drone 2][INFO][SPRAY] - Spraying...
[2025-11-21 21:57:36,842][Drone 2][INFO][gRPC Metrics] - System Metrics sent to ROS2
[2025-11-21 21:57:39,284][Drone 2][INFO][SPRAY] - Spray operation successful
[2025-11-21 21:57:39,286][Drone 2][INFO][COMMANDS] - Command executed successfully
[2025-11-21 21:59:09,006][Drone 2][INFO][Init Drone] - Complete cleanup finished
[2025-11-21 21:59:09,007][Drone 2][INFO][gRPC Metrics] - Metrics client thread started successfully
[2025-11-21 21:59:09,008][Drone 2][INFO][Init Drone] - All system components initialized successfully
[2025-11-21 21:59:09,020][Drone 2][INFO][gRPC Commands] - Server running on port 52001
[2025-11-21 21:59:09,050][Drone 2][INFO][gRPC Metrics] - System Metrics sent to ROS2
[2025-11-21 21:59:19,083][Drone 2][INFO][gRPC Metrics] - System Metrics sent to ROS2
[2025-11-21 21:59:29,116][Drone 2][INFO][gRPC Metrics] - System Metrics sent to ROS2
[2025-11-21 21:59:39,167][Drone 2][INFO][gRPC Metrics] - System Metrics sent to ROS2
[2025-11-21 21:59:49,209][Drone 2][INFO][gRPC Metrics] - System Metrics sent to ROS2
[2025-11-21 21:59:59,244][Drone 2][INFO][gRPC Metrics] - System Metrics sent to ROS2
[2025-11-21 22:00:09,276][Drone 2][INFO][gRPC Metrics] - System Metrics sent to ROS2
[2025-11-21 22:00:19,309][Drone 2][INFO][gRPC Metrics] - System Metrics sent to ROS2
[2025-11-21 22:00:29,341][Drone 2][INFO][gRPC Metrics] - System Metrics sent to ROS2
[2025-11-21 22:00:39,376][Drone 2][INFO][gRPC Metrics] - System Metrics sent to ROS2
[2025-11-21 22:00:49,514][Drone 2][INFO][gRPC Metrics] - System Metrics sent to ROS2
[2025-11-21 22:00:59,547][Drone 2][INFO][gRPC Metrics] - System Metrics sent to ROS2
[2025-11-21 22:01:09,582][Drone 2][INFO][gRPC Metrics] - System Metrics sent to ROS2
[2025-11-21 22:01:19,615][Drone 2][INFO][gRPC Metrics] - System Metrics sent to ROS2
[2025-11-21 22:01:29,650][Drone 2][INFO][gRPC Metrics] - System Metrics sent to ROS2
[2025-11-21 22:01:39,686][Drone 2][INFO][gRPC Metrics] - System Metrics sent to ROS2
[2025-11-21 22:01:49,723][Drone 2][INFO][gRPC Metrics] - System Metrics sent to ROS2
[2025-11-21 22:01:59,760][Drone 2][INFO][gRPC Metrics] - System Metrics sent to ROS2
[2025-11-21 22:02:09,799][Drone 2][INFO][gRPC Metrics] - System Metrics sent to ROS2
[2025-11-21 22:02:19,834][Drone 2][INFO][gRPC Metrics] - System Metrics sent to ROS2
[2025-11-21 22:02:29,871][Drone 2][INFO][gRPC Metrics] - System Metrics sent to ROS2
[2025-11-21 22:02:39,904][Drone 2][INFO][gRPC Metrics] - System Metrics sent to ROS2
[2025-11-21 22:02:49,941][Drone 2][INFO][gRPC Metrics] - System Metrics sent to ROS2
[2025-11-21 22:02:59,977][Drone 2][INFO][gRPC Metrics] - System Metrics sent to ROS2
[2025-11-21 22:03:10,010][Drone 2][INFO][gRPC Metrics] - System Metrics sent to ROS2
[2025-11-21 22:03:20,047][Drone 2][INFO][gRPC Metrics] - System Metrics sent to ROS2
[2025-11-21 22:03:29,738][Drone 2][INFO][gRPC Commands] - Command received
[2025-11-21 22:03:29,739][Drone 2][INFO][COMMANDS] - Processing NAV_TAKEOFF command
[2025-11-21 22:03:29,739][Drone 2][INFO][NAV_TAKEOFF] - Taking off...
[2025-11-21 22:03:30,080][Drone 2][INFO][gRPC Metrics] - System Metrics sent to ROS2
[2025-11-21 22:03:39,740][Drone 2][INFO][NAV_TAKEOFF] - Takeoff successful
[2025-11-21 22:03:39,740][Drone 2][INFO][COMMANDS] - Command executed successfully
[2025-11-21 22:03:39,743][Drone 2][INFO][gRPC Commands] - Feedback sent to ROS2
[2025-11-21 22:03:40,116][Drone 2][INFO][gRPC Metrics] - System Metrics sent to ROS2
[2025-11-21 22:03:40,768][Drone 2][INFO][gRPC Commands] - Command received
[2025-11-21 22:03:40,769][Drone 2][INFO][COMMANDS] - Processing NAV_WAYPOINT command
[2025-11-21 22:03:40,769][Drone 2][INFO][NAV_WAYPOINT] - Going to WP...
[2025-11-21 22:03:50,153][Drone 2][INFO][gRPC Metrics] - System Metrics sent to ROS2
[2025-11-21 22:03:50,770][Drone 2][INFO][NAV_WAYPOINT] - Waypoint reached
[2025-11-21 22:03:50,770][Drone 2][INFO][COMMANDS] - Command executed successfully
[2025-11-21 22:03:50,774][Drone 2][INFO][gRPC Commands] - Feedback sent to ROS2
[2025-11-21 22:03:51,796][Drone 2][INFO][gRPC Commands] - Command received
[2025-11-21 22:03:51,797][Drone 2][INFO][COMMANDS] - Processing NAV_WAYPOINT command
[2025-11-21 22:03:51,798][Drone 2][INFO][NAV_WAYPOINT] - Going to WP...
[2025-11-21 22:04:00,189][Drone 2][INFO][gRPC Metrics] - System Metrics sent to ROS2
[2025-11-21 22:04:01,798][Drone 2][INFO][NAV_WAYPOINT] - Waypoint reached
[2025-11-21 22:04:01,799][Drone 2][INFO][COMMANDS] - Command executed successfully
[2025-11-21 22:04:01,802][Drone 2][INFO][gRPC Commands] - Feedback sent to ROS2
[2025-11-21 22:04:02,828][Drone 2][INFO][gRPC Commands] - Command received
[2025-11-21 22:04:02,828][Drone 2][INFO][COMMANDS] - Processing SPRAY command
[2025-11-21 22:04:02,828][Drone 2][INFO][SPRAY] - Spraying...
[2025-11-21 22:04:10,226][Drone 2][INFO][gRPC Metrics] - System Metrics sent to ROS2
[2025-11-21 22:04:12,828][Drone 2][INFO][SPRAY] - Spray operation successful
[2025-11-21 22:04:12,829][Drone 2][INFO][COMMANDS] - Command executed successfully
[2025-11-21 22:04:12,832][Drone 2][INFO][gRPC Commands] - Feedback sent to ROS2
[2025-11-21 22:04:13,880][Drone 2][INFO][gRPC Commands] - Command received
[2025-11-21 22:04:13,880][Drone 2][INFO][COMMANDS] - Processing NAV_WAYPOINT command
[2025-11-21 22:04:13,880][Drone 2][INFO][NAV_WAYPOINT] - Going to WP...
[2025-11-21 22:04:20,263][Drone 2][INFO][gRPC Metrics] - System Metrics sent to ROS2
[2025-11-21 22:04:23,881][Drone 2][INFO][NAV_WAYPOINT] - Waypoint reached
[2025-11-21 22:04:23,881][Drone 2][INFO][COMMANDS] - Command executed successfully
[2025-11-21 22:04:23,885][Drone 2][INFO][gRPC Commands] - Feedback sent to ROS2
[2025-11-21 22:04:24,920][Drone 2][INFO][gRPC Commands] - Command received
[2025-11-21 22:04:24,920][Drone 2][INFO][COMMANDS] - Processing SPRAY command
[2025-11-21 22:04:24,920][Drone 2][INFO][SPRAY] - Spraying...
[2025-11-21 22:04:30,299][Drone 2][INFO][gRPC Metrics] - System Metrics sent to ROS2
[2025-11-21 22:04:34,920][Drone 2][INFO][SPRAY] - Spray operation successful
[2025-11-21 22:04:34,921][Drone 2][INFO][COMMANDS] - Command executed successfully
[2025-11-21 22:04:34,924][Drone 2][INFO][gRPC Commands] - Feedback sent to ROS2
[2025-11-21 22:04:35,949][Drone 2][INFO][gRPC Commands] - Command received
[2025-11-21 22:04:35,949][Drone 2][INFO][COMMANDS] - Processing NAV_WAYPOINT command
[2025-11-21 22:04:35,949][Drone 2][INFO][NAV_WAYPOINT] - Going to WP...
[2025-11-21 22:04:40,336][Drone 2][INFO][gRPC Metrics] - System Metrics sent to ROS2
[2025-11-21 22:04:45,949][Drone 2][INFO][NAV_WAYPOINT] - Waypoint reached
[2025-11-21 22:04:45,950][Drone 2][INFO][COMMANDS] - Command executed successfully
[2025-11-21 22:04:45,953][Drone 2][INFO][gRPC Commands] - Feedback sent to ROS2
[2025-11-21 22:04:46,980][Drone 2][INFO][gRPC Commands] - Command received
[2025-11-21 22:04:46,980][Drone 2][INFO][COMMANDS] - Processing SPRAY command
[2025-11-21 22:04:46,980][Drone 2][INFO][SPRAY] - Spraying...
[2025-11-21 22:04:50,369][Drone 2][INFO][gRPC Metrics] - System Metrics sent to ROS2
[2025-11-21 22:04:56,980][Drone 2][INFO][SPRAY] - Spray operation successful
[2025-11-21 22:04:56,981][Drone 2][INFO][COMMANDS] - Command executed successfully
[2025-11-21 22:04:56,984][Drone 2][INFO][gRPC Commands] - Feedback sent to ROS2
[2025-11-21 22:04:58,005][Drone 2][INFO][gRPC Commands] - Command received
[2025-11-21 22:04:58,005][Drone 2][INFO][COMMANDS] - Processing NAV_WAYPOINT command
[2025-11-21 22:04:58,005][Drone 2][INFO][NAV_WAYPOINT] - Going to WP...
[2025-11-21 22:05:00,407][Drone 2][INFO][gRPC Metrics] - System Metrics sent to ROS2
[2025-11-21 22:05:08,006][Drone 2][INFO][NAV_WAYPOINT] - Waypoint reached
[2025-11-21 22:05:08,006][Drone 2][INFO][COMMANDS] - Command executed successfully
[2025-11-21 22:05:08,009][Drone 2][INFO][gRPC Commands] - Feedback sent to ROS2
[2025-11-21 22:05:09,030][Drone 2][INFO][gRPC Commands] - Command received
[2025-11-21 22:05:09,030][Drone 2][INFO][COMMANDS] - Processing SPRAY command
[2025-11-21 22:05:09,030][Drone 2][INFO][SPRAY] - Spraying...
[2025-11-21 22:05:10,440][Drone 2][INFO][gRPC Metrics] - System Metrics sent to ROS2
[2025-11-21 22:05:19,031][Drone 2][INFO][SPRAY] - Spray operation successful
[2025-11-21 22:05:19,031][Drone 2][INFO][COMMANDS] - Command executed successfully
[2025-11-21 22:05:19,034][Drone 2][INFO][gRPC Commands] - Feedback sent to ROS2
[2025-11-21 22:05:20,059][Drone 2][INFO][gRPC Commands] - Command received
[2025-11-21 22:05:20,060][Drone 2][INFO][COMMANDS] - Processing NAV_WAYPOINT command
[2025-11-21 22:05:20,060][Drone 2][INFO][NAV_WAYPOINT] - Going to WP...
[2025-11-21 22:05:20,476][Drone 2][INFO][gRPC Metrics] - System Metrics sent to ROS2
[2025-11-21 22:05:30,060][Drone 2][INFO][NAV_WAYPOINT] - Waypoint reached
[2025-11-21 22:05:30,060][Drone 2][INFO][COMMANDS] - Command executed successfully
[2025-11-21 22:05:30,063][Drone 2][INFO][gRPC Commands] - Feedback sent to ROS2
[2025-11-21 22:05:30,510][Drone 2][INFO][gRPC Metrics] - System Metrics sent to ROS2
[2025-11-21 22:05:31,086][Drone 2][INFO][gRPC Commands] - Command received
[2025-11-21 22:05:31,086][Drone 2][INFO][COMMANDS] - Processing SPRAY command
[2025-11-21 22:05:31,087][Drone 2][INFO][SPRAY] - Spraying...
[2025-11-21 22:05:40,547][Drone 2][INFO][gRPC Metrics] - System Metrics sent to ROS2
[2025-11-21 22:05:41,087][Drone 2][INFO][SPRAY] - Spray operation successful
[2025-11-21 22:05:41,087][Drone 2][INFO][COMMANDS] - Command executed successfully
[2025-11-21 22:05:41,090][Drone 2][INFO][gRPC Commands] - Feedback sent to ROS2
[2025-11-21 22:05:42,114][Drone 2][INFO][gRPC Commands] - Command received
[2025-11-21 22:05:42,115][Drone 2][INFO][COMMANDS] - Processing NAV_WAYPOINT command
[2025-11-21 22:05:42,115][Drone 2][INFO][NAV_WAYPOINT] - Going to WP...
[2025-11-21 22:05:50,581][Drone 2][INFO][gRPC Metrics] - System Metrics sent to ROS2
[2025-11-21 22:05:52,115][Drone 2][INFO][NAV_WAYPOINT] - Waypoint reached
[2025-11-21 22:05:52,115][Drone 2][INFO][COMMANDS] - Command executed successfully
[2025-11-21 22:05:52,118][Drone 2][INFO][gRPC Commands] - Feedback sent to ROS2
[2025-11-21 22:05:53,140][Drone 2][INFO][gRPC Commands] - Command received
[2025-11-21 22:05:53,140][Drone 2][INFO][COMMANDS] - Processing SPRAY command
[2025-11-21 22:05:53,140][Drone 2][INFO][SPRAY] - Spraying...
[2025-11-21 22:06:00,613][Drone 2][INFO][gRPC Metrics] - System Metrics sent to ROS2
[2025-11-21 22:06:03,141][Drone 2][INFO][SPRAY] - Spray operation successful
[2025-11-21 22:06:03,141][Drone 2][INFO][COMMANDS] - Command executed successfully
[2025-11-21 22:06:03,144][Drone 2][INFO][gRPC Commands] - Feedback sent to ROS2
[2025-11-21 22:06:04,167][Drone 2][INFO][gRPC Commands] - Command received
[2025-11-21 22:06:04,167][Drone 2][INFO][COMMANDS] - Processing NAV_WAYPOINT command
[2025-11-21 22:06:04,167][Drone 2][INFO][NAV_WAYPOINT] - Going to WP...
[2025-11-21 22:06:10,646][Drone 2][INFO][gRPC Metrics] - System Metrics sent to ROS2
[2025-11-21 22:06:14,168][Drone 2][INFO][NAV_WAYPOINT] - Waypoint reached
[2025-11-21 22:06:14,168][Drone 2][INFO][COMMANDS] - Command executed successfully
[2025-11-21 22:06:14,171][Drone 2][INFO][gRPC Commands] - Feedback sent to ROS2
[2025-11-21 22:06:15,192][Drone 2][INFO][gRPC Commands] - Command received
[2025-11-21 22:06:15,192][Drone 2][INFO][COMMANDS] - Processing SPRAY command
[2025-11-21 22:06:15,192][Drone 2][INFO][SPRAY] - Spraying...
