-- The C compiler identification is GNU 13.3.0
-- The CXX compiler identification is GNU 13.3.0
-- Detecting C compiler ABI info
-- Detecting C compiler ABI info - done
-- Check for working C compiler: /usr/bin/cc - skipped
-- Detecting C compile features
-- Detecting C compile features - done
-- Detecting CXX compiler ABI info
-- Detecting CXX compiler ABI info - done
-- Check for working CXX compiler: /usr/bin/c++ - skipped
-- Detecting CXX compile features
-- Detecting CXX compile features - done
-- Found ament_cmake: 2.5.3 (/opt/ros/jazzy/share/ament_cmake/cmake)
-- Found Python3: /home/estelamb/PFG_Telematica/Implementation/.venv/bin/python3 (found version "3.12.3") found components: Interpreter 
-- Found ament_lint_auto: 0.17.1 (/opt/ros/jazzy/share/ament_lint_auto/cmake)
-- Found rosidl_default_generators: 1.6.0 (/opt/ros/jazzy/share/rosidl_default_generators/cmake)
-- Using all available rosidl_typesupport_c: rosidl_typesupport_fastrtps_c;rosidl_typesupport_introspection_c
-- Using all available rosidl_typesupport_cpp: rosidl_typesupport_fastrtps_cpp;rosidl_typesupport_introspection_cpp
-- Found rosidl_adapter: 4.6.5 (/opt/ros/jazzy/share/rosidl_adapter/cmake)
-- Found ament_cmake_ros: 0.12.0 (/opt/ros/jazzy/share/ament_cmake_ros/cmake)
-- Using all available rosidl_typesupport_c: rosidl_typesupport_fastrtps_c;rosidl_typesupport_introspection_c
-- Using all available rosidl_typesupport_cpp: rosidl_typesupport_fastrtps_cpp;rosidl_typesupport_introspection_cpp
-- Found python_cmake_module: 0.11.1 (/opt/ros/jazzy/share/python_cmake_module/cmake)
-- Found PythonExtra: /home/estelamb/PFG_Telematica/Implementation/.venv/bin/python3  
-- Found Python3: /home/estelamb/PFG_Telematica/Implementation/.venv/bin/python3 (found version "3.12.3") found components: Interpreter Development NumPy Development.Module Development.Embed 
-- Added test 'flake8' to check Python code syntax and style conventions
-- Configured 'flake8' exclude dirs and/or files: 
-- Added test 'lint_cmake' to check CMake code style
-- Added test 'pep257' to check Python code against some of the docstring style conventions in PEP 257
-- Added test 'xmllint' to check XML markup files
-- Configuring done (13.6s)
-- Generating done (0.2s)
-- Build files have been written to: /home/estelamb/PFG_Telematica/Implementation/Drone/build/commands_action_interface
[  2%] [34m[1mGenerating type hashes for ROS interfaces[0m
[  2%] Built target ament_cmake_python_copy_commands_action_interface
[  2%] Built target commands_action_interface__rosidl_generator_type_description
[  5%] [34m[1mGenerating C code for ROS interfaces[0m
[  8%] [34m[1mGenerating C++ code for ROS interfaces[0m
running egg_info
creating commands_action_interface.egg-info
writing commands_action_interface.egg-info/PKG-INFO
writing dependency_links to commands_action_interface.egg-info/dependency_links.txt
writing top-level names to commands_action_interface.egg-info/top_level.txt
writing manifest file 'commands_action_interface.egg-info/SOURCES.txt'
reading manifest file 'commands_action_interface.egg-info/SOURCES.txt'
writing manifest file 'commands_action_interface.egg-info/SOURCES.txt'
[  8%] Built target ament_cmake_python_build_commands_action_interface_egg
[  8%] Built target commands_action_interface__cpp
[ 14%] [32mBuilding C object CMakeFiles/commands_action_interface__rosidl_generator_c.dir/rosidl_generator_c/commands_action_interface/action/detail/commands__functions.c.o[0m
[ 14%] [32mBuilding C object CMakeFiles/commands_action_interface__rosidl_generator_c.dir/rosidl_generator_c/commands_action_interface/action/detail/commands__description.c.o[0m
[ 17%] [32mBuilding C object CMakeFiles/commands_action_interface__rosidl_generator_c.dir/rosidl_generator_c/commands_action_interface/action/detail/commands__type_support.c.o[0m
[ 20%] [32m[1mLinking C shared library libcommands_action_interface__rosidl_generator_c.so[0m
[ 20%] Built target commands_action_interface__rosidl_generator_c
[ 23%] [34m[1mGenerating C++ type support for eProsima Fast-RTPS[0m
[ 29%] [34m[1mGenerating C++ type support dispatch for ROS interfaces[0m
[ 29%] [34m[1mGenerating C++ introspection for ROS interfaces[0m
[ 32%] [34m[1mGenerating C type support for eProsima Fast-RTPS[0m
[ 35%] [32mBuilding CXX object CMakeFiles/commands_action_interface__rosidl_typesupport_cpp.dir/rosidl_typesupport_cpp/commands_action_interface/action/commands__type_support.cpp.o[0m
[ 38%] [32mBuilding CXX object CMakeFiles/commands_action_interface__rosidl_typesupport_introspection_cpp.dir/rosidl_typesupport_introspection_cpp/commands_action_interface/action/detail/commands__type_support.cpp.o[0m
[ 41%] [32mBuilding CXX object CMakeFiles/commands_action_interface__rosidl_typesupport_fastrtps_cpp.dir/rosidl_typesupport_fastrtps_cpp/commands_action_interface/action/detail/dds_fastrtps/commands__type_support.cpp.o[0m
[ 44%] [32mBuilding CXX object CMakeFiles/commands_action_interface__rosidl_typesupport_fastrtps_c.dir/rosidl_typesupport_fastrtps_c/commands_action_interface/action/detail/commands__type_support_c.cpp.o[0m
[ 47%] [32m[1mLinking CXX shared library libcommands_action_interface__rosidl_typesupport_cpp.so[0m
[ 47%] Built target commands_action_interface__rosidl_typesupport_cpp
[ 50%] [34m[1mGenerating C introspection for ROS interfaces[0m
[ 52%] [32m[1mLinking CXX shared library libcommands_action_interface__rosidl_typesupport_fastrtps_c.so[0m
[ 55%] [32m[1mLinking CXX shared library libcommands_action_interface__rosidl_typesupport_introspection_cpp.so[0m
[ 55%] Built target commands_action_interface__rosidl_typesupport_fastrtps_c
[ 58%] [34m[1mGenerating C type support dispatch for ROS interfaces[0m
[ 58%] Built target commands_action_interface__rosidl_typesupport_introspection_cpp
[ 61%] [32mBuilding C object CMakeFiles/commands_action_interface__rosidl_typesupport_introspection_c.dir/rosidl_typesupport_introspection_c/commands_action_interface/action/detail/commands__type_support.c.o[0m
[ 64%] [32mBuilding CXX object CMakeFiles/commands_action_interface__rosidl_typesupport_c.dir/rosidl_typesupport_c/commands_action_interface/action/commands__type_support.cpp.o[0m
[ 67%] [32m[1mLinking C shared library libcommands_action_interface__rosidl_typesupport_introspection_c.so[0m
[ 70%] [32m[1mLinking CXX shared library libcommands_action_interface__rosidl_typesupport_c.so[0m
[ 70%] Built target commands_action_interface__rosidl_typesupport_introspection_c
[ 73%] [32m[1mLinking CXX shared library libcommands_action_interface__rosidl_typesupport_fastrtps_cpp.so[0m
[ 73%] Built target commands_action_interface__rosidl_typesupport_c
[ 73%] Built target commands_action_interface__rosidl_typesupport_fastrtps_cpp
[ 73%] Built target commands_action_interface
[ 76%] [34m[1mGenerating Python code for ROS interfaces[0m
[ 76%] Built target commands_action_interface__py
[ 79%] [32mBuilding C object CMakeFiles/commands_action_interface__rosidl_generator_py.dir/rosidl_generator_py/commands_action_interface/action/_commands_s.c.o[0m
[ 82%] [32m[1mLinking C shared library libcommands_action_interface__rosidl_generator_py.so[0m
[ 82%] Built target commands_action_interface__rosidl_generator_py
[ 85%] [32mBuilding C object CMakeFiles/commands_action_interface_s__rosidl_typesupport_introspection_c.dir/rosidl_generator_py/commands_action_interface/_commands_action_interface_s.ep.rosidl_typesupport_introspection_c.c.o[0m
[ 88%] [32mBuilding C object CMakeFiles/commands_action_interface_s__rosidl_typesupport_fastrtps_c.dir/rosidl_generator_py/commands_action_interface/_commands_action_interface_s.ep.rosidl_typesupport_fastrtps_c.c.o[0m
[ 91%] [32mBuilding C object CMakeFiles/commands_action_interface_s__rosidl_typesupport_c.dir/rosidl_generator_py/commands_action_interface/_commands_action_interface_s.ep.rosidl_typesupport_c.c.o[0m
[ 94%] [32m[1mLinking C shared module rosidl_generator_py/commands_action_interface/commands_action_interface_s__rosidl_typesupport_c.so[0m
[ 97%] [32m[1mLinking C shared module rosidl_generator_py/commands_action_interface/commands_action_interface_s__rosidl_typesupport_introspection_c.so[0m
[100%] [32m[1mLinking C shared module rosidl_generator_py/commands_action_interface/commands_action_interface_s__rosidl_typesupport_fastrtps_c.so[0m
[100%] Built target commands_action_interface_s__rosidl_typesupport_c
[100%] Built target commands_action_interface_s__rosidl_typesupport_introspection_c
[100%] Built target commands_action_interface_s__rosidl_typesupport_fastrtps_c
-- Install configuration: ""
-- Installing: /home/estelamb/PFG_Telematica/Implementation/Drone/install/commands_action_interface/share/ament_index/resource_index/rosidl_interfaces/commands_action_interface
-- Installing: /home/estelamb/PFG_Telematica/Implementation/Drone/install/commands_action_interface/share/commands_action_interface/action/Commands.json
-- Installing: /home/estelamb/PFG_Telematica/Implementation/Drone/install/commands_action_interface/include/commands_action_interface/commands_action_interface
-- Installing: /home/estelamb/PFG_Telematica/Implementation/Drone/install/commands_action_interface/include/commands_action_interface/commands_action_interface/msg
-- Installing: /home/estelamb/PFG_Telematica/Implementation/Drone/install/commands_action_interface/include/commands_action_interface/commands_action_interface/msg/rosidl_generator_c__visibility_control.h
-- Installing: /home/estelamb/PFG_Telematica/Implementation/Drone/install/commands_action_interface/include/commands_action_interface/commands_action_interface/action
-- Installing: /home/estelamb/PFG_Telematica/Implementation/Drone/install/commands_action_interface/include/commands_action_interface/commands_action_interface/action/commands.h
-- Installing: /home/estelamb/PFG_Telematica/Implementation/Drone/install/commands_action_interface/include/commands_action_interface/commands_action_interface/action/detail
-- Installing: /home/estelamb/PFG_Telematica/Implementation/Drone/install/commands_action_interface/include/commands_action_interface/commands_action_interface/action/detail/commands__type_support.h
-- Installing: /home/estelamb/PFG_Telematica/Implementation/Drone/install/commands_action_interface/include/commands_action_interface/commands_action_interface/action/detail/commands__struct.h
-- Installing: /home/estelamb/PFG_Telematica/Implementation/Drone/install/commands_action_interface/include/commands_action_interface/commands_action_interface/action/detail/commands__type_support.c
-- Installing: /home/estelamb/PFG_Telematica/Implementation/Drone/install/commands_action_interface/include/commands_action_interface/commands_action_interface/action/detail/commands__functions.c
-- Installing: /home/estelamb/PFG_Telematica/Implementation/Drone/install/commands_action_interface/include/commands_action_interface/commands_action_interface/action/detail/commands__functions.h
-- Installing: /home/estelamb/PFG_Telematica/Implementation/Drone/install/commands_action_interface/include/commands_action_interface/commands_action_interface/action/detail/commands__description.c
-- Installing: /home/estelamb/PFG_Telematica/Implementation/Drone/install/commands_action_interface/share/commands_action_interface/environment/library_path.sh
-- Installing: /home/estelamb/PFG_Telematica/Implementation/Drone/install/commands_action_interface/share/commands_action_interface/environment/library_path.dsv
-- Installing: /home/estelamb/PFG_Telematica/Implementation/Drone/install/commands_action_interface/lib/libcommands_action_interface__rosidl_generator_c.so
-- Set non-toolchain portion of runtime path of "/home/estelamb/PFG_Telematica/Implementation/Drone/install/commands_action_interface/lib/libcommands_action_interface__rosidl_generator_c.so" to ""
-- Up-to-date: /home/estelamb/PFG_Telematica/Implementation/Drone/install/commands_action_interface/include/commands_action_interface/commands_action_interface
-- Up-to-date: /home/estelamb/PFG_Telematica/Implementation/Drone/install/commands_action_interface/include/commands_action_interface/commands_action_interface/msg
-- Installing: /home/estelamb/PFG_Telematica/Implementation/Drone/install/commands_action_interface/include/commands_action_interface/commands_action_interface/msg/rosidl_typesupport_fastrtps_c__visibility_control.h
-- Up-to-date: /home/estelamb/PFG_Telematica/Implementation/Drone/install/commands_action_interface/include/commands_action_interface/commands_action_interface/action
-- Up-to-date: /home/estelamb/PFG_Telematica/Implementation/Drone/install/commands_action_interface/include/commands_action_interface/commands_action_interface/action/detail
-- Installing: /home/estelamb/PFG_Telematica/Implementation/Drone/install/commands_action_interface/include/commands_action_interface/commands_action_interface/action/detail/commands__rosidl_typesupport_fastrtps_c.h
-- Installing: /home/estelamb/PFG_Telematica/Implementation/Drone/install/commands_action_interface/lib/libcommands_action_interface__rosidl_typesupport_fastrtps_c.so
-- Set non-toolchain portion of runtime path of "/home/estelamb/PFG_Telematica/Implementation/Drone/install/commands_action_interface/lib/libcommands_action_interface__rosidl_typesupport_fastrtps_c.so" to ""
-- Up-to-date: /home/estelamb/PFG_Telematica/Implementation/Drone/install/commands_action_interface/include/commands_action_interface/commands_action_interface
-- Up-to-date: /home/estelamb/PFG_Telematica/Implementation/Drone/install/commands_action_interface/include/commands_action_interface/commands_action_interface/msg
-- Installing: /home/estelamb/PFG_Telematica/Implementation/Drone/install/commands_action_interface/include/commands_action_interface/commands_action_interface/msg/rosidl_typesupport_introspection_c__visibility_control.h
-- Up-to-date: /home/estelamb/PFG_Telematica/Implementation/Drone/install/commands_action_interface/include/commands_action_interface/commands_action_interface/action
-- Up-to-date: /home/estelamb/PFG_Telematica/Implementation/Drone/install/commands_action_interface/include/commands_action_interface/commands_action_interface/action/detail
-- Installing: /home/estelamb/PFG_Telematica/Implementation/Drone/install/commands_action_interface/include/commands_action_interface/commands_action_interface/action/detail/commands__rosidl_typesupport_introspection_c.h
-- Installing: /home/estelamb/PFG_Telematica/Implementation/Drone/install/commands_action_interface/include/commands_action_interface/commands_action_interface/action/detail/commands__type_support.c
-- Installing: /home/estelamb/PFG_Telematica/Implementation/Drone/install/commands_action_interface/lib/libcommands_action_interface__rosidl_typesupport_introspection_c.so
-- Set non-toolchain portion of runtime path of "/home/estelamb/PFG_Telematica/Implementation/Drone/install/commands_action_interface/lib/libcommands_action_interface__rosidl_typesupport_introspection_c.so" to ""
-- Installing: /home/estelamb/PFG_Telematica/Implementation/Drone/install/commands_action_interface/lib/libcommands_action_interface__rosidl_typesupport_c.so
-- Set non-toolchain portion of runtime path of "/home/estelamb/PFG_Telematica/Implementation/Drone/install/commands_action_interface/lib/libcommands_action_interface__rosidl_typesupport_c.so" to ""
-- Up-to-date: /home/estelamb/PFG_Telematica/Implementation/Drone/install/commands_action_interface/include/commands_action_interface/commands_action_interface
-- Up-to-date: /home/estelamb/PFG_Telematica/Implementation/Drone/install/commands_action_interface/include/commands_action_interface/commands_action_interface/msg
-- Installing: /home/estelamb/PFG_Telematica/Implementation/Drone/install/commands_action_interface/include/commands_action_interface/commands_action_interface/msg/rosidl_generator_cpp__visibility_control.hpp
-- Up-to-date: /home/estelamb/PFG_Telematica/Implementation/Drone/install/commands_action_interface/include/commands_action_interface/commands_action_interface/action
-- Installing: /home/estelamb/PFG_Telematica/Implementation/Drone/install/commands_action_interface/include/commands_action_interface/commands_action_interface/action/commands.hpp
-- Up-to-date: /home/estelamb/PFG_Telematica/Implementation/Drone/install/commands_action_interface/include/commands_action_interface/commands_action_interface/action/detail
-- Installing: /home/estelamb/PFG_Telematica/Implementation/Drone/install/commands_action_interface/include/commands_action_interface/commands_action_interface/action/detail/commands__type_support.hpp
-- Installing: /home/estelamb/PFG_Telematica/Implementation/Drone/install/commands_action_interface/include/commands_action_interface/commands_action_interface/action/detail/commands__traits.hpp
-- Installing: /home/estelamb/PFG_Telematica/Implementation/Drone/install/commands_action_interface/include/commands_action_interface/commands_action_interface/action/detail/commands__struct.hpp
-- Installing: /home/estelamb/PFG_Telematica/Implementation/Drone/install/commands_action_interface/include/commands_action_interface/commands_action_interface/action/detail/commands__builder.hpp
-- Up-to-date: /home/estelamb/PFG_Telematica/Implementation/Drone/install/commands_action_interface/include/commands_action_interface/commands_action_interface
-- Up-to-date: /home/estelamb/PFG_Telematica/Implementation/Drone/install/commands_action_interface/include/commands_action_interface/commands_action_interface/msg
-- Installing: /home/estelamb/PFG_Telematica/Implementation/Drone/install/commands_action_interface/include/commands_action_interface/commands_action_interface/msg/rosidl_typesupport_fastrtps_cpp__visibility_control.h
-- Up-to-date: /home/estelamb/PFG_Telematica/Implementation/Drone/install/commands_action_interface/include/commands_action_interface/commands_action_interface/action
-- Up-to-date: /home/estelamb/PFG_Telematica/Implementation/Drone/install/commands_action_interface/include/commands_action_interface/commands_action_interface/action/detail
-- Installing: /home/estelamb/PFG_Telematica/Implementation/Drone/install/commands_action_interface/include/commands_action_interface/commands_action_interface/action/detail/commands__rosidl_typesupport_fastrtps_cpp.hpp
-- Installing: /home/estelamb/PFG_Telematica/Implementation/Drone/install/commands_action_interface/include/commands_action_interface/commands_action_interface/action/detail/dds_fastrtps
-- Installing: /home/estelamb/PFG_Telematica/Implementation/Drone/install/commands_action_interface/lib/libcommands_action_interface__rosidl_typesupport_fastrtps_cpp.so
-- Set non-toolchain portion of runtime path of "/home/estelamb/PFG_Telematica/Implementation/Drone/install/commands_action_interface/lib/libcommands_action_interface__rosidl_typesupport_fastrtps_cpp.so" to ""
-- Up-to-date: /home/estelamb/PFG_Telematica/Implementation/Drone/install/commands_action_interface/include/commands_action_interface/commands_action_interface
-- Up-to-date: /home/estelamb/PFG_Telematica/Implementation/Drone/install/commands_action_interface/include/commands_action_interface/commands_action_interface/action
-- Up-to-date: /home/estelamb/PFG_Telematica/Implementation/Drone/install/commands_action_interface/include/commands_action_interface/commands_action_interface/action/detail
-- Installing: /home/estelamb/PFG_Telematica/Implementation/Drone/install/commands_action_interface/include/commands_action_interface/commands_action_interface/action/detail/commands__rosidl_typesupport_introspection_cpp.hpp
-- Installing: /home/estelamb/PFG_Telematica/Implementation/Drone/install/commands_action_interface/include/commands_action_interface/commands_action_interface/action/detail/commands__type_support.cpp
-- Installing: /home/estelamb/PFG_Telematica/Implementation/Drone/install/commands_action_interface/lib/libcommands_action_interface__rosidl_typesupport_introspection_cpp.so
-- Set non-toolchain portion of runtime path of "/home/estelamb/PFG_Telematica/Implementation/Drone/install/commands_action_interface/lib/libcommands_action_interface__rosidl_typesupport_introspection_cpp.so" to ""
-- Installing: /home/estelamb/PFG_Telematica/Implementation/Drone/install/commands_action_interface/lib/libcommands_action_interface__rosidl_typesupport_cpp.so
-- Set non-toolchain portion of runtime path of "/home/estelamb/PFG_Telematica/Implementation/Drone/install/commands_action_interface/lib/libcommands_action_interface__rosidl_typesupport_cpp.so" to ""
-- Installing: /home/estelamb/PFG_Telematica/Implementation/Drone/install/commands_action_interface/share/commands_action_interface/environment/pythonpath.sh
-- Installing: /home/estelamb/PFG_Telematica/Implementation/Drone/install/commands_action_interface/share/commands_action_interface/environment/pythonpath.dsv
-- Installing: /home/estelamb/PFG_Telematica/Implementation/Drone/install/commands_action_interface/lib/python3.12/site-packages/commands_action_interface-0.0.0-py3.12.egg-info
-- Installing: /home/estelamb/PFG_Telematica/Implementation/Drone/install/commands_action_interface/lib/python3.12/site-packages/commands_action_interface-0.0.0-py3.12.egg-info/SOURCES.txt
-- Installing: /home/estelamb/PFG_Telematica/Implementation/Drone/install/commands_action_interface/lib/python3.12/site-packages/commands_action_interface-0.0.0-py3.12.egg-info/top_level.txt
-- Installing: /home/estelamb/PFG_Telematica/Implementation/Drone/install/commands_action_interface/lib/python3.12/site-packages/commands_action_interface-0.0.0-py3.12.egg-info/PKG-INFO
-- Installing: /home/estelamb/PFG_Telematica/Implementation/Drone/install/commands_action_interface/lib/python3.12/site-packages/commands_action_interface-0.0.0-py3.12.egg-info/dependency_links.txt
-- Installing: /home/estelamb/PFG_Telematica/Implementation/Drone/install/commands_action_interface/lib/python3.12/site-packages/commands_action_interface
-- Installing: /home/estelamb/PFG_Telematica/Implementation/Drone/install/commands_action_interface/lib/python3.12/site-packages/commands_action_interface/commands_action_interface_s__rosidl_typesupport_c.so
-- Installing: /home/estelamb/PFG_Telematica/Implementation/Drone/install/commands_action_interface/lib/python3.12/site-packages/commands_action_interface/_commands_action_interface_s.ep.rosidl_typesupport_c.c
-- Installing: /home/estelamb/PFG_Telematica/Implementation/Drone/install/commands_action_interface/lib/python3.12/site-packages/commands_action_interface/_commands_action_interface_s.ep.rosidl_typesupport_fastrtps_c.c
-- Installing: /home/estelamb/PFG_Telematica/Implementation/Drone/install/commands_action_interface/lib/python3.12/site-packages/commands_action_interface/commands_action_interface_s__rosidl_typesupport_fastrtps_c.so
-- Installing: /home/estelamb/PFG_Telematica/Implementation/Drone/install/commands_action_interface/lib/python3.12/site-packages/commands_action_interface/_commands_action_interface_s.ep.rosidl_typesupport_introspection_c.c
-- Installing: /home/estelamb/PFG_Telematica/Implementation/Drone/install/commands_action_interface/lib/python3.12/site-packages/commands_action_interface/__init__.py
-- Installing: /home/estelamb/PFG_Telematica/Implementation/Drone/install/commands_action_interface/lib/python3.12/site-packages/commands_action_interface/commands_action_interface_s__rosidl_typesupport_introspection_c.so
-- Installing: /home/estelamb/PFG_Telematica/Implementation/Drone/install/commands_action_interface/lib/python3.12/site-packages/commands_action_interface/action
-- Installing: /home/estelamb/PFG_Telematica/Implementation/Drone/install/commands_action_interface/lib/python3.12/site-packages/commands_action_interface/action/_commands_s.c
-- Installing: /home/estelamb/PFG_Telematica/Implementation/Drone/install/commands_action_interface/lib/python3.12/site-packages/commands_action_interface/action/_commands.py
-- Installing: /home/estelamb/PFG_Telematica/Implementation/Drone/install/commands_action_interface/lib/python3.12/site-packages/commands_action_interface/action/__init__.py
Listing '/home/estelamb/PFG_Telematica/Implementation/Drone/install/commands_action_interface/lib/python3.12/site-packages/commands_action_interface'...
Compiling '/home/estelamb/PFG_Telematica/Implementation/Drone/install/commands_action_interface/lib/python3.12/site-packages/commands_action_interface/__init__.py'...
Listing '/home/estelamb/PFG_Telematica/Implementation/Drone/install/commands_action_interface/lib/python3.12/site-packages/commands_action_interface/action'...
Compiling '/home/estelamb/PFG_Telematica/Implementation/Drone/install/commands_action_interface/lib/python3.12/site-packages/commands_action_interface/action/__init__.py'...
Compiling '/home/estelamb/PFG_Telematica/Implementation/Drone/install/commands_action_interface/lib/python3.12/site-packages/commands_action_interface/action/_commands.py'...
-- Installing: /home/estelamb/PFG_Telematica/Implementation/Drone/install/commands_action_interface/lib/python3.12/site-packages/commands_action_interface/commands_action_interface_s__rosidl_typesupport_fastrtps_c.so
-- Set non-toolchain portion of runtime path of "/home/estelamb/PFG_Telematica/Implementation/Drone/install/commands_action_interface/lib/python3.12/site-packages/commands_action_interface/commands_action_interface_s__rosidl_typesupport_fastrtps_c.so" to ""
-- Installing: /home/estelamb/PFG_Telematica/Implementation/Drone/install/commands_action_interface/lib/python3.12/site-packages/commands_action_interface/commands_action_interface_s__rosidl_typesupport_introspection_c.so
-- Set non-toolchain portion of runtime path of "/home/estelamb/PFG_Telematica/Implementation/Drone/install/commands_action_interface/lib/python3.12/site-packages/commands_action_interface/commands_action_interface_s__rosidl_typesupport_introspection_c.so" to ""
-- Installing: /home/estelamb/PFG_Telematica/Implementation/Drone/install/commands_action_interface/lib/python3.12/site-packages/commands_action_interface/commands_action_interface_s__rosidl_typesupport_c.so
-- Set non-toolchain portion of runtime path of "/home/estelamb/PFG_Telematica/Implementation/Drone/install/commands_action_interface/lib/python3.12/site-packages/commands_action_interface/commands_action_interface_s__rosidl_typesupport_c.so" to ""
-- Installing: /home/estelamb/PFG_Telematica/Implementation/Drone/install/commands_action_interface/lib/libcommands_action_interface__rosidl_generator_py.so
-- Set non-toolchain portion of runtime path of "/home/estelamb/PFG_Telematica/Implementation/Drone/install/commands_action_interface/lib/libcommands_action_interface__rosidl_generator_py.so" to ""
-- Installing: /home/estelamb/PFG_Telematica/Implementation/Drone/install/commands_action_interface/share/commands_action_interface/action/Commands.idl
-- Installing: /home/estelamb/PFG_Telematica/Implementation/Drone/install/commands_action_interface/share/commands_action_interface/action/Commands.action
-- Installing: /home/estelamb/PFG_Telematica/Implementation/Drone/install/commands_action_interface/share/ament_index/resource_index/package_run_dependencies/commands_action_interface
-- Installing: /home/estelamb/PFG_Telematica/Implementation/Drone/install/commands_action_interface/share/ament_index/resource_index/parent_prefix_path/commands_action_interface
-- Installing: /home/estelamb/PFG_Telematica/Implementation/Drone/install/commands_action_interface/share/commands_action_interface/environment/ament_prefix_path.sh
-- Installing: /home/estelamb/PFG_Telematica/Implementation/Drone/install/commands_action_interface/share/commands_action_interface/environment/ament_prefix_path.dsv
-- Installing: /home/estelamb/PFG_Telematica/Implementation/Drone/install/commands_action_interface/share/commands_action_interface/environment/path.sh
-- Installing: /home/estelamb/PFG_Telematica/Implementation/Drone/install/commands_action_interface/share/commands_action_interface/environment/path.dsv
-- Installing: /home/estelamb/PFG_Telematica/Implementation/Drone/install/commands_action_interface/share/commands_action_interface/local_setup.bash
-- Installing: /home/estelamb/PFG_Telematica/Implementation/Drone/install/commands_action_interface/share/commands_action_interface/local_setup.sh
-- Installing: /home/estelamb/PFG_Telematica/Implementation/Drone/install/commands_action_interface/share/commands_action_interface/local_setup.zsh
-- Installing: /home/estelamb/PFG_Telematica/Implementation/Drone/install/commands_action_interface/share/commands_action_interface/local_setup.dsv
-- Installing: /home/estelamb/PFG_Telematica/Implementation/Drone/install/commands_action_interface/share/commands_action_interface/package.dsv
-- Installing: /home/estelamb/PFG_Telematica/Implementation/Drone/install/commands_action_interface/share/ament_index/resource_index/packages/commands_action_interface
-- Installing: /home/estelamb/PFG_Telematica/Implementation/Drone/install/commands_action_interface/share/commands_action_interface/cmake/export_commands_action_interface__rosidl_generator_cExport.cmake
-- Installing: /home/estelamb/PFG_Telematica/Implementation/Drone/install/commands_action_interface/share/commands_action_interface/cmake/export_commands_action_interface__rosidl_generator_cExport-noconfig.cmake
-- Installing: /home/estelamb/PFG_Telematica/Implementation/Drone/install/commands_action_interface/share/commands_action_interface/cmake/export_commands_action_interface__rosidl_typesupport_fastrtps_cExport.cmake
-- Installing: /home/estelamb/PFG_Telematica/Implementation/Drone/install/commands_action_interface/share/commands_action_interface/cmake/export_commands_action_interface__rosidl_typesupport_fastrtps_cExport-noconfig.cmake
-- Installing: /home/estelamb/PFG_Telematica/Implementation/Drone/install/commands_action_interface/share/commands_action_interface/cmake/commands_action_interface__rosidl_typesupport_introspection_cExport.cmake
-- Installing: /home/estelamb/PFG_Telematica/Implementation/Drone/install/commands_action_interface/share/commands_action_interface/cmake/commands_action_interface__rosidl_typesupport_introspection_cExport-noconfig.cmake
-- Installing: /home/estelamb/PFG_Telematica/Implementation/Drone/install/commands_action_interface/share/commands_action_interface/cmake/commands_action_interface__rosidl_typesupport_cExport.cmake
-- Installing: /home/estelamb/PFG_Telematica/Implementation/Drone/install/commands_action_interface/share/commands_action_interface/cmake/commands_action_interface__rosidl_typesupport_cExport-noconfig.cmake
-- Installing: /home/estelamb/PFG_Telematica/Implementation/Drone/install/commands_action_interface/share/commands_action_interface/cmake/export_commands_action_interface__rosidl_generator_cppExport.cmake
-- Installing: /home/estelamb/PFG_Telematica/Implementation/Drone/install/commands_action_interface/share/commands_action_interface/cmake/export_commands_action_interface__rosidl_typesupport_fastrtps_cppExport.cmake
-- Installing: /home/estelamb/PFG_Telematica/Implementation/Drone/install/commands_action_interface/share/commands_action_interface/cmake/export_commands_action_interface__rosidl_typesupport_fastrtps_cppExport-noconfig.cmake
-- Installing: /home/estelamb/PFG_Telematica/Implementation/Drone/install/commands_action_interface/share/commands_action_interface/cmake/commands_action_interface__rosidl_typesupport_introspection_cppExport.cmake
-- Installing: /home/estelamb/PFG_Telematica/Implementation/Drone/install/commands_action_interface/share/commands_action_interface/cmake/commands_action_interface__rosidl_typesupport_introspection_cppExport-noconfig.cmake
-- Installing: /home/estelamb/PFG_Telematica/Implementation/Drone/install/commands_action_interface/share/commands_action_interface/cmake/commands_action_interface__rosidl_typesupport_cppExport.cmake
-- Installing: /home/estelamb/PFG_Telematica/Implementation/Drone/install/commands_action_interface/share/commands_action_interface/cmake/commands_action_interface__rosidl_typesupport_cppExport-noconfig.cmake
-- Installing: /home/estelamb/PFG_Telematica/Implementation/Drone/install/commands_action_interface/share/commands_action_interface/cmake/export_commands_action_interface__rosidl_generator_pyExport.cmake
-- Installing: /home/estelamb/PFG_Telematica/Implementation/Drone/install/commands_action_interface/share/commands_action_interface/cmake/export_commands_action_interface__rosidl_generator_pyExport-noconfig.cmake
-- Installing: /home/estelamb/PFG_Telematica/Implementation/Drone/install/commands_action_interface/share/commands_action_interface/cmake/rosidl_cmake-extras.cmake
-- Installing: /home/estelamb/PFG_Telematica/Implementation/Drone/install/commands_action_interface/share/commands_action_interface/cmake/ament_cmake_export_dependencies-extras.cmake
-- Installing: /home/estelamb/PFG_Telematica/Implementation/Drone/install/commands_action_interface/share/commands_action_interface/cmake/ament_cmake_export_include_directories-extras.cmake
-- Installing: /home/estelamb/PFG_Telematica/Implementation/Drone/install/commands_action_interface/share/commands_action_interface/cmake/ament_cmake_export_libraries-extras.cmake
-- Installing: /home/estelamb/PFG_Telematica/Implementation/Drone/install/commands_action_interface/share/commands_action_interface/cmake/ament_cmake_export_targets-extras.cmake
-- Installing: /home/estelamb/PFG_Telematica/Implementation/Drone/install/commands_action_interface/share/commands_action_interface/cmake/rosidl_cmake_export_typesupport_targets-extras.cmake
-- Installing: /home/estelamb/PFG_Telematica/Implementation/Drone/install/commands_action_interface/share/commands_action_interface/cmake/rosidl_cmake_export_typesupport_libraries-extras.cmake
-- Installing: /home/estelamb/PFG_Telematica/Implementation/Drone/install/commands_action_interface/share/commands_action_interface/cmake/commands_action_interfaceConfig.cmake
-- Installing: /home/estelamb/PFG_Telematica/Implementation/Drone/install/commands_action_interface/share/commands_action_interface/cmake/commands_action_interfaceConfig-version.cmake
-- Installing: /home/estelamb/PFG_Telematica/Implementation/Drone/install/commands_action_interface/share/commands_action_interface/package.xml
