running egg_info
writing ../../build/state_vector_pubsub/state_vector_pubsub.egg-info/PKG-INFO
writing dependency_links to ../../build/state_vector_pubsub/state_vector_pubsub.egg-info/dependency_links.txt
writing entry points to ../../build/state_vector_pubsub/state_vector_pubsub.egg-info/entry_points.txt
writing requirements to ../../build/state_vector_pubsub/state_vector_pubsub.egg-info/requires.txt
writing top-level names to ../../build/state_vector_pubsub/state_vector_pubsub.egg-info/top_level.txt
reading manifest file '../../build/state_vector_pubsub/state_vector_pubsub.egg-info/SOURCES.txt'
adding license file 'LICENSE'
writing manifest file '../../build/state_vector_pubsub/state_vector_pubsub.egg-info/SOURCES.txt'
running build
running build_py
running install
running install_lib
running install_data
running install_egg_info
removing '/home/estelamb/PFG_Telematica/Implementation/Drone/install/state_vector_pubsub/lib/python3.12/site-packages/state_vector_pubsub-0.0.0-py3.12.egg-info' (and everything under it)
Copying ../../build/state_vector_pubsub/state_vector_pubsub.egg-info to /home/estelamb/PFG_Telematica/Implementation/Drone/install/state_vector_pubsub/lib/python3.12/site-packages/state_vector_pubsub-0.0.0-py3.12.egg-info
running install_scripts
Installing talker script to /home/estelamb/PFG_Telematica/Implementation/Drone/install/state_vector_pubsub/lib/state_vector_pubsub
writing list of installed files to '/home/estelamb/PFG_Telematica/Implementation/Drone/build/state_vector_pubsub/install.log'
