[4.533s] Invoking command in '/home/estelamb/PFG_Telematica/Implementation/Drone/src/state_vector_pubsub': PYTHONPATH=/home/estelamb/PFG_Telematica/Implementation/Drone/build/state_vector_pubsub/prefix_override:/usr/lib/python3/dist-packages/colcon_core/task/python/colcon_distutils_commands:/home/estelamb/PFG_Telematica/Implementation/Drone/install/state_vector_pubsub/lib/python3.12/site-packages:${PYTHONPATH} VIRTUAL_ENV_PROMPT=(.venv) /usr/bin/python3 -W ignore:setup.py install is deprecated -W ignore:easy_install command is deprecated setup.py egg_info --egg-base ../../build/state_vector_pubsub build --build-base /home/estelamb/PFG_Telematica/Implementation/Drone/build/state_vector_pubsub/build install --record /home/estelamb/PFG_Telematica/Implementation/Drone/build/state_vector_pubsub/install.log --single-version-externally-managed install_data
[6.038s] running egg_info
[6.164s] writing ../../build/state_vector_pubsub/state_vector_pubsub.egg-info/PKG-INFO
[6.166s] writing dependency_links to ../../build/state_vector_pubsub/state_vector_pubsub.egg-info/dependency_links.txt
[6.172s] writing entry points to ../../build/state_vector_pubsub/state_vector_pubsub.egg-info/entry_points.txt
[6.173s] writing requirements to ../../build/state_vector_pubsub/state_vector_pubsub.egg-info/requires.txt
[6.174s] writing top-level names to ../../build/state_vector_pubsub/state_vector_pubsub.egg-info/top_level.txt
[6.438s] reading manifest file '../../build/state_vector_pubsub/state_vector_pubsub.egg-info/SOURCES.txt'
[6.440s] adding license file 'LICENSE'
[6.442s] writing manifest file '../../build/state_vector_pubsub/state_vector_pubsub.egg-info/SOURCES.txt'
[6.443s] running build
[6.443s] running build_py
[6.445s] running install
[6.472s] running install_lib
[6.601s] running install_data
[6.602s] running install_egg_info
[6.735s] removing '/home/estelamb/PFG_Telematica/Implementation/Drone/install/state_vector_pubsub/lib/python3.12/site-packages/state_vector_pubsub-0.0.0-py3.12.egg-info' (and everything under it)
[6.736s] Copying ../../build/state_vector_pubsub/state_vector_pubsub.egg-info to /home/estelamb/PFG_Telematica/Implementation/Drone/install/state_vector_pubsub/lib/python3.12/site-packages/state_vector_pubsub-0.0.0-py3.12.egg-info
[6.748s] running install_scripts
[7.666s] Installing talker script to /home/estelamb/PFG_Telematica/Implementation/Drone/install/state_vector_pubsub/lib/state_vector_pubsub
[7.668s] writing list of installed files to '/home/estelamb/PFG_Telematica/Implementation/Drone/build/state_vector_pubsub/install.log'
[7.852s] Invoked command in '/home/estelamb/PFG_Telematica/Implementation/Drone/src/state_vector_pubsub' returned '0': PYTHONPATH=/home/estelamb/PFG_Telematica/Implementation/Drone/build/state_vector_pubsub/prefix_override:/usr/lib/python3/dist-packages/colcon_core/task/python/colcon_distutils_commands:/home/estelamb/PFG_Telematica/Implementation/Drone/install/state_vector_pubsub/lib/python3.12/site-packages:${PYTHONPATH} VIRTUAL_ENV_PROMPT=(.venv) /usr/bin/python3 -W ignore:setup.py install is deprecated -W ignore:easy_install command is deprecated setup.py egg_info --egg-base ../../build/state_vector_pubsub build --build-base /home/estelamb/PFG_Telematica/Implementation/Drone/build/state_vector_pubsub/build install --record /home/estelamb/PFG_Telematica/Implementation/Drone/build/state_vector_pubsub/install.log --single-version-externally-managed install_data
