[0.452s] DEBUG:colcon:Command line arguments: ['/usr/bin/colcon', 'build']
[0.452s] DEBUG:colcon:Parsed command line arguments: Namespace(log_base=None, log_level=None, verb_name='build', build_base='build', install_base='install', merge_install=False, symlink_install=False, test_result_base=None, continue_on_error=False, executor='parallel', parallel_workers=4, event_handlers=None, ignore_user_meta=False, metas=['./colcon.meta'], base_paths=['.'], packages_ignore=None, packages_ignore_regex=None, paths=None, packages_up_to=None, packages_up_to_regex=None, packages_above=None, packages_above_and_dependencies=None, packages_above_depth=None, packages_select_by_dep=None, packages_skip_by_dep=None, packages_skip_up_to=None, packages_select_build_failed=False, packages_skip_build_finished=False, packages_select_test_failures=False, packages_skip_test_passed=False, packages_select=None, packages_skip=None, packages_select_regex=None, packages_skip_regex=None, packages_start=None, packages_end=None, allow_overriding=[], cmake_args=None, cmake_target=None, cmake_target_skip_unavailable=False, cmake_clean_cache=False, cmake_clean_first=False, cmake_force_configure=False, ament_cmake_args=None, catkin_cmake_args=None, catkin_skip_building_tests=False, mixin_files=None, mixin=None, verb_parser=<colcon_mixin.mixin.mixin_argument.MixinArgumentDecorator object at 0xffffaf63e4e0>, verb_extension=<colcon_core.verb.build.BuildVerb object at 0xffffaf79ea80>, main=<bound method BuildVerb.main of <colcon_core.verb.build.BuildVerb object at 0xffffaf79ea80>>, mixin_verb=('build',))
[0.626s] Level 1:colcon.colcon_core.package_discovery:discover_packages(colcon_meta) check parameters
[0.626s] Level 1:colcon.colcon_core.package_discovery:discover_packages(recursive) check parameters
[0.626s] Level 1:colcon.colcon_core.package_discovery:discover_packages(ignore) check parameters
[0.626s] Level 1:colcon.colcon_core.package_discovery:discover_packages(path) check parameters
[0.627s] Level 1:colcon.colcon_core.package_discovery:discover_packages(colcon_meta) discover
[0.627s] Level 1:colcon.colcon_core.package_discovery:discover_packages(recursive) discover
[0.627s] INFO:colcon.colcon_core.package_discovery:Crawling recursively for packages in '/home/estelamb/PFG_Telematica/Implementation/Drone'
[0.627s] Level 1:colcon.colcon_core.package_identification:_identify(.) by extensions ['ignore', 'ignore_ament_install']
[0.628s] Level 1:colcon.colcon_core.package_identification:_identify(.) by extension 'ignore'
[0.628s] Level 1:colcon.colcon_core.package_identification:_identify(.) by extension 'ignore_ament_install'
[0.628s] Level 1:colcon.colcon_core.package_identification:_identify(.) by extensions ['colcon_pkg']
[0.628s] Level 1:colcon.colcon_core.package_identification:_identify(.) by extension 'colcon_pkg'
[0.629s] Level 1:colcon.colcon_core.package_identification:_identify(.) by extensions ['colcon_meta']
[0.629s] Level 1:colcon.colcon_core.package_identification:_identify(.) by extension 'colcon_meta'
[0.629s] Level 1:colcon.colcon_core.package_identification:_identify(.) by extensions ['ros']
[0.629s] Level 1:colcon.colcon_core.package_identification:_identify(.) by extension 'ros'
[0.740s] Level 1:colcon.colcon_core.package_identification:_identify(.) by extensions ['cmake', 'python']
[0.740s] Level 1:colcon.colcon_core.package_identification:_identify(.) by extension 'cmake'
[0.740s] Level 1:colcon.colcon_core.package_identification:_identify(.) by extension 'python'
[0.740s] Level 1:colcon.colcon_core.package_identification:_identify(.) by extensions ['python_setup_py']
[0.741s] Level 1:colcon.colcon_core.package_identification:_identify(.) by extension 'python_setup_py'
[0.741s] Level 1:colcon.colcon_core.package_identification:_identify(Logs) by extensions ['ignore', 'ignore_ament_install']
[0.742s] Level 1:colcon.colcon_core.package_identification:_identify(Logs) by extension 'ignore'
[0.742s] Level 1:colcon.colcon_core.package_identification:_identify(Logs) by extension 'ignore_ament_install'
[0.742s] Level 1:colcon.colcon_core.package_identification:_identify(Logs) by extensions ['colcon_pkg']
[0.743s] Level 1:colcon.colcon_core.package_identification:_identify(Logs) by extension 'colcon_pkg'
[0.743s] Level 1:colcon.colcon_core.package_identification:_identify(Logs) by extensions ['colcon_meta']
[0.743s] Level 1:colcon.colcon_core.package_identification:_identify(Logs) by extension 'colcon_meta'
[0.743s] Level 1:colcon.colcon_core.package_identification:_identify(Logs) by extensions ['ros']
[0.744s] Level 1:colcon.colcon_core.package_identification:_identify(Logs) by extension 'ros'
[0.744s] Level 1:colcon.colcon_core.package_identification:_identify(Logs) by extensions ['cmake', 'python']
[0.744s] Level 1:colcon.colcon_core.package_identification:_identify(Logs) by extension 'cmake'
[0.744s] Level 1:colcon.colcon_core.package_identification:_identify(Logs) by extension 'python'
[0.745s] Level 1:colcon.colcon_core.package_identification:_identify(Logs) by extensions ['python_setup_py']
[0.745s] Level 1:colcon.colcon_core.package_identification:_identify(Logs) by extension 'python_setup_py'
[0.745s] Level 1:colcon.colcon_core.package_identification:_identify(build) by extensions ['ignore', 'ignore_ament_install']
[0.746s] Level 1:colcon.colcon_core.package_identification:_identify(build) by extension 'ignore'
[0.746s] Level 1:colcon.colcon_core.package_identification:_identify(build) ignored
[0.747s] Level 1:colcon.colcon_core.package_identification:_identify(install) by extensions ['ignore', 'ignore_ament_install']
[0.747s] Level 1:colcon.colcon_core.package_identification:_identify(install) by extension 'ignore'
[0.747s] Level 1:colcon.colcon_core.package_identification:_identify(install) ignored
[0.748s] Level 1:colcon.colcon_core.package_identification:_identify(log) by extensions ['ignore', 'ignore_ament_install']
[0.748s] Level 1:colcon.colcon_core.package_identification:_identify(log) by extension 'ignore'
[0.748s] Level 1:colcon.colcon_core.package_identification:_identify(log) ignored
[0.749s] Level 1:colcon.colcon_core.package_identification:_identify(src) by extensions ['ignore', 'ignore_ament_install']
[0.749s] Level 1:colcon.colcon_core.package_identification:_identify(src) by extension 'ignore'
[0.750s] Level 1:colcon.colcon_core.package_identification:_identify(src) by extension 'ignore_ament_install'
[0.750s] Level 1:colcon.colcon_core.package_identification:_identify(src) by extensions ['colcon_pkg']
[0.750s] Level 1:colcon.colcon_core.package_identification:_identify(src) by extension 'colcon_pkg'
[0.750s] Level 1:colcon.colcon_core.package_identification:_identify(src) by extensions ['colcon_meta']
[0.750s] Level 1:colcon.colcon_core.package_identification:_identify(src) by extension 'colcon_meta'
[0.751s] Level 1:colcon.colcon_core.package_identification:_identify(src) by extensions ['ros']
[0.751s] Level 1:colcon.colcon_core.package_identification:_identify(src) by extension 'ros'
[0.751s] Level 1:colcon.colcon_core.package_identification:_identify(src) by extensions ['cmake', 'python']
[0.751s] Level 1:colcon.colcon_core.package_identification:_identify(src) by extension 'cmake'
[0.751s] Level 1:colcon.colcon_core.package_identification:_identify(src) by extension 'python'
[0.752s] Level 1:colcon.colcon_core.package_identification:_identify(src) by extensions ['python_setup_py']
[0.752s] Level 1:colcon.colcon_core.package_identification:_identify(src) by extension 'python_setup_py'
[0.752s] Level 1:colcon.colcon_core.package_identification:_identify(src/commands_action_interface) by extensions ['ignore', 'ignore_ament_install']
[0.753s] Level 1:colcon.colcon_core.package_identification:_identify(src/commands_action_interface) by extension 'ignore'
[0.753s] Level 1:colcon.colcon_core.package_identification:_identify(src/commands_action_interface) by extension 'ignore_ament_install'
[0.754s] Level 1:colcon.colcon_core.package_identification:_identify(src/commands_action_interface) by extensions ['colcon_pkg']
[0.754s] Level 1:colcon.colcon_core.package_identification:_identify(src/commands_action_interface) by extension 'colcon_pkg'
[0.755s] Level 1:colcon.colcon_core.package_identification:_identify(src/commands_action_interface) by extensions ['colcon_meta']
[0.755s] Level 1:colcon.colcon_core.package_identification:_identify(src/commands_action_interface) by extension 'colcon_meta'
[0.755s] Level 1:colcon.colcon_core.package_identification:_identify(src/commands_action_interface) by extensions ['ros']
[0.756s] Level 1:colcon.colcon_core.package_identification:_identify(src/commands_action_interface) by extension 'ros'
[0.766s] DEBUG:colcon.colcon_core.package_identification:Package 'src/commands_action_interface' with type 'ros.ament_cmake' and name 'commands_action_interface'
[0.766s] Level 1:colcon.colcon_core.package_identification:_identify(src/state_vector_pubsub) by extensions ['ignore', 'ignore_ament_install']
[0.767s] Level 1:colcon.colcon_core.package_identification:_identify(src/state_vector_pubsub) by extension 'ignore'
[0.767s] Level 1:colcon.colcon_core.package_identification:_identify(src/state_vector_pubsub) by extension 'ignore_ament_install'
[0.768s] Level 1:colcon.colcon_core.package_identification:_identify(src/state_vector_pubsub) by extensions ['colcon_pkg']
[0.768s] Level 1:colcon.colcon_core.package_identification:_identify(src/state_vector_pubsub) by extension 'colcon_pkg'
[0.768s] Level 1:colcon.colcon_core.package_identification:_identify(src/state_vector_pubsub) by extensions ['colcon_meta']
[0.768s] Level 1:colcon.colcon_core.package_identification:_identify(src/state_vector_pubsub) by extension 'colcon_meta'
[0.769s] Level 1:colcon.colcon_core.package_identification:_identify(src/state_vector_pubsub) by extensions ['ros']
[0.769s] Level 1:colcon.colcon_core.package_identification:_identify(src/state_vector_pubsub) by extension 'ros'
[0.771s] DEBUG:colcon.colcon_core.package_identification:Package 'src/state_vector_pubsub' with type 'ros.ament_python' and name 'state_vector_pubsub'
[0.771s] Level 1:colcon.colcon_core.package_discovery:discover_packages(recursive) using defaults
[0.772s] Level 1:colcon.colcon_core.package_discovery:discover_packages(ignore) discover
[0.772s] Level 1:colcon.colcon_core.package_discovery:discover_packages(ignore) using defaults
[0.772s] Level 1:colcon.colcon_core.package_discovery:discover_packages(path) discover
[0.772s] Level 1:colcon.colcon_core.package_discovery:discover_packages(path) using defaults
[0.843s] Level 1:colcon.colcon_core.package_discovery:discover_packages(prefix_path) check parameters
[0.844s] Level 1:colcon.colcon_core.package_discovery:discover_packages(prefix_path) discover
[0.859s] DEBUG:colcon.colcon_installed_package_information.package_discovery:Found 283 installed packages in /opt/ros/jazzy
[0.862s] Level 1:colcon.colcon_core.package_discovery:discover_packages(prefix_path) using defaults
[1.056s] Level 5:colcon.colcon_core.verb:set package 'commands_action_interface' build argument 'cmake_args' from command line to 'None'
[1.056s] Level 5:colcon.colcon_core.verb:set package 'commands_action_interface' build argument 'cmake_target' from command line to 'None'
[1.057s] Level 5:colcon.colcon_core.verb:set package 'commands_action_interface' build argument 'cmake_target_skip_unavailable' from command line to 'False'
[1.057s] Level 5:colcon.colcon_core.verb:set package 'commands_action_interface' build argument 'cmake_clean_cache' from command line to 'False'
[1.057s] Level 5:colcon.colcon_core.verb:set package 'commands_action_interface' build argument 'cmake_clean_first' from command line to 'False'
[1.057s] Level 5:colcon.colcon_core.verb:set package 'commands_action_interface' build argument 'cmake_force_configure' from command line to 'False'
[1.057s] Level 5:colcon.colcon_core.verb:set package 'commands_action_interface' build argument 'ament_cmake_args' from command line to 'None'
[1.057s] Level 5:colcon.colcon_core.verb:set package 'commands_action_interface' build argument 'catkin_cmake_args' from command line to 'None'
[1.057s] Level 5:colcon.colcon_core.verb:set package 'commands_action_interface' build argument 'catkin_skip_building_tests' from command line to 'False'
[1.057s] DEBUG:colcon.colcon_core.verb:Building package 'commands_action_interface' with the following arguments: {'ament_cmake_args': None, 'build_base': '/home/estelamb/PFG_Telematica/Implementation/Drone/build/commands_action_interface', 'catkin_cmake_args': None, 'catkin_skip_building_tests': False, 'cmake_args': None, 'cmake_clean_cache': False, 'cmake_clean_first': False, 'cmake_force_configure': False, 'cmake_target': None, 'cmake_target_skip_unavailable': False, 'install_base': '/home/estelamb/PFG_Telematica/Implementation/Drone/install/commands_action_interface', 'merge_install': False, 'path': '/home/estelamb/PFG_Telematica/Implementation/Drone/src/commands_action_interface', 'symlink_install': False, 'test_result_base': None}
[1.059s] Level 5:colcon.colcon_core.verb:set package 'state_vector_pubsub' build argument 'cmake_args' from command line to 'None'
[1.059s] Level 5:colcon.colcon_core.verb:set package 'state_vector_pubsub' build argument 'cmake_target' from command line to 'None'
[1.059s] Level 5:colcon.colcon_core.verb:set package 'state_vector_pubsub' build argument 'cmake_target_skip_unavailable' from command line to 'False'
[1.059s] Level 5:colcon.colcon_core.verb:set package 'state_vector_pubsub' build argument 'cmake_clean_cache' from command line to 'False'
[1.059s] Level 5:colcon.colcon_core.verb:set package 'state_vector_pubsub' build argument 'cmake_clean_first' from command line to 'False'
[1.059s] Level 5:colcon.colcon_core.verb:set package 'state_vector_pubsub' build argument 'cmake_force_configure' from command line to 'False'
[1.059s] Level 5:colcon.colcon_core.verb:set package 'state_vector_pubsub' build argument 'ament_cmake_args' from command line to 'None'
[1.060s] Level 5:colcon.colcon_core.verb:set package 'state_vector_pubsub' build argument 'catkin_cmake_args' from command line to 'None'
[1.060s] Level 5:colcon.colcon_core.verb:set package 'state_vector_pubsub' build argument 'catkin_skip_building_tests' from command line to 'False'
[1.060s] DEBUG:colcon.colcon_core.verb:Building package 'state_vector_pubsub' with the following arguments: {'ament_cmake_args': None, 'build_base': '/home/estelamb/PFG_Telematica/Implementation/Drone/build/state_vector_pubsub', 'catkin_cmake_args': None, 'catkin_skip_building_tests': False, 'cmake_args': None, 'cmake_clean_cache': False, 'cmake_clean_first': False, 'cmake_force_configure': False, 'cmake_target': None, 'cmake_target_skip_unavailable': False, 'install_base': '/home/estelamb/PFG_Telematica/Implementation/Drone/install/state_vector_pubsub', 'merge_install': False, 'path': '/home/estelamb/PFG_Telematica/Implementation/Drone/src/state_vector_pubsub', 'symlink_install': False, 'test_result_base': None}
[1.060s] INFO:colcon.colcon_core.executor:Executing jobs using 'parallel' executor
[1.063s] DEBUG:colcon.colcon_parallel_executor.executor.parallel:run_until_complete
[1.064s] INFO:colcon.colcon_ros.task.ament_cmake.build:Building ROS package in '/home/estelamb/PFG_Telematica/Implementation/Drone/src/commands_action_interface' with build type 'ament_cmake'
[1.065s] INFO:colcon.colcon_cmake.task.cmake.build:Building CMake package in '/home/estelamb/PFG_Telematica/Implementation/Drone/src/commands_action_interface'
[1.074s] INFO:colcon.colcon_core.plugin_system:Skipping extension 'colcon_core.shell.bat': Not used on non-Windows systems
[1.075s] INFO:colcon.colcon_core.shell:Skip shell extension 'powershell' for command environment: Not usable outside of PowerShell
[1.075s] DEBUG:colcon.colcon_core.shell:Skip shell extension 'dsv' for command environment
[1.091s] INFO:colcon.colcon_ros.task.ament_python.build:Building ROS package in '/home/estelamb/PFG_Telematica/Implementation/Drone/src/state_vector_pubsub' with build type 'ament_python'
[1.093s] Level 1:colcon.colcon_core.shell:create_environment_hook('state_vector_pubsub', 'ament_prefix_path')
[1.094s] INFO:colcon.colcon_core.shell:Creating environment hook '/home/estelamb/PFG_Telematica/Implementation/Drone/install/state_vector_pubsub/share/state_vector_pubsub/hook/ament_prefix_path.ps1'
[1.097s] INFO:colcon.colcon_core.shell:Creating environment descriptor '/home/estelamb/PFG_Telematica/Implementation/Drone/install/state_vector_pubsub/share/state_vector_pubsub/hook/ament_prefix_path.dsv'
[1.105s] INFO:colcon.colcon_core.shell:Creating environment hook '/home/estelamb/PFG_Telematica/Implementation/Drone/install/state_vector_pubsub/share/state_vector_pubsub/hook/ament_prefix_path.sh'
[1.108s] INFO:colcon.colcon_core.shell:Skip shell extension 'powershell' for command environment: Not usable outside of PowerShell
[1.109s] DEBUG:colcon.colcon_core.shell:Skip shell extension 'dsv' for command environment
[1.145s] DEBUG:colcon.colcon_core.event_handler.log_command:Invoking command in '/home/estelamb/PFG_Telematica/Implementation/Drone/build/commands_action_interface': CMAKE_PREFIX_PATH=${CMAKE_PREFIX_PATH}:/opt/ros/jazzy VIRTUAL_ENV_PROMPT=(.venv) /usr/bin/cmake /home/estelamb/PFG_Telematica/Implementation/Drone/src/commands_action_interface -DCMAKE_INSTALL_PREFIX=/home/estelamb/PFG_Telematica/Implementation/Drone/install/commands_action_interface
[2.338s] INFO:colcon.colcon_core.task.python.build:Building Python package in '/home/estelamb/PFG_Telematica/Implementation/Drone/src/state_vector_pubsub'
[2.339s] INFO:colcon.colcon_core.shell:Skip shell extension 'powershell' for command environment: Not usable outside of PowerShell
[2.340s] DEBUG:colcon.colcon_core.shell:Skip shell extension 'dsv' for command environment
[5.625s] DEBUG:colcon.colcon_core.event_handler.log_command:Invoking command in '/home/estelamb/PFG_Telematica/Implementation/Drone/src/state_vector_pubsub': PYTHONPATH=/home/estelamb/PFG_Telematica/Implementation/Drone/build/state_vector_pubsub/prefix_override:/usr/lib/python3/dist-packages/colcon_core/task/python/colcon_distutils_commands:/home/estelamb/PFG_Telematica/Implementation/Drone/install/state_vector_pubsub/lib/python3.12/site-packages:${PYTHONPATH} VIRTUAL_ENV_PROMPT=(.venv) /usr/bin/python3 -W ignore:setup.py install is deprecated -W ignore:easy_install command is deprecated setup.py egg_info --egg-base ../../build/state_vector_pubsub build --build-base /home/estelamb/PFG_Telematica/Implementation/Drone/build/state_vector_pubsub/build install --record /home/estelamb/PFG_Telematica/Implementation/Drone/build/state_vector_pubsub/install.log --single-version-externally-managed install_data
[8.944s] DEBUG:colcon.colcon_core.event_handler.log_command:Invoked command in '/home/estelamb/PFG_Telematica/Implementation/Drone/src/state_vector_pubsub' returned '0': PYTHONPATH=/home/estelamb/PFG_Telematica/Implementation/Drone/build/state_vector_pubsub/prefix_override:/usr/lib/python3/dist-packages/colcon_core/task/python/colcon_distutils_commands:/home/estelamb/PFG_Telematica/Implementation/Drone/install/state_vector_pubsub/lib/python3.12/site-packages:${PYTHONPATH} VIRTUAL_ENV_PROMPT=(.venv) /usr/bin/python3 -W ignore:setup.py install is deprecated -W ignore:easy_install command is deprecated setup.py egg_info --egg-base ../../build/state_vector_pubsub build --build-base /home/estelamb/PFG_Telematica/Implementation/Drone/build/state_vector_pubsub/build install --record /home/estelamb/PFG_Telematica/Implementation/Drone/build/state_vector_pubsub/install.log --single-version-externally-managed install_data
[8.967s] Level 1:colcon.colcon_core.environment:checking '/home/estelamb/PFG_Telematica/Implementation/Drone/install/state_vector_pubsub' for CMake module files
[8.970s] Level 1:colcon.colcon_core.environment:checking '/home/estelamb/PFG_Telematica/Implementation/Drone/install/state_vector_pubsub' for CMake config files
[8.976s] Level 1:colcon.colcon_core.environment:checking '/home/estelamb/PFG_Telematica/Implementation/Drone/install/state_vector_pubsub/lib'
[8.978s] Level 1:colcon.colcon_core.environment:checking '/home/estelamb/PFG_Telematica/Implementation/Drone/install/state_vector_pubsub/bin'
[8.980s] Level 1:colcon.colcon_core.environment:checking '/home/estelamb/PFG_Telematica/Implementation/Drone/install/state_vector_pubsub/lib/pkgconfig/state_vector_pubsub.pc'
[8.982s] Level 1:colcon.colcon_core.environment:checking '/home/estelamb/PFG_Telematica/Implementation/Drone/install/state_vector_pubsub/lib/python3.12/site-packages'
[8.984s] Level 1:colcon.colcon_core.shell:create_environment_hook('state_vector_pubsub', 'pythonpath')
[8.986s] INFO:colcon.colcon_core.shell:Creating environment hook '/home/estelamb/PFG_Telematica/Implementation/Drone/install/state_vector_pubsub/share/state_vector_pubsub/hook/pythonpath.ps1'
[8.989s] INFO:colcon.colcon_core.shell:Creating environment descriptor '/home/estelamb/PFG_Telematica/Implementation/Drone/install/state_vector_pubsub/share/state_vector_pubsub/hook/pythonpath.dsv'
[8.996s] INFO:colcon.colcon_core.shell:Creating environment hook '/home/estelamb/PFG_Telematica/Implementation/Drone/install/state_vector_pubsub/share/state_vector_pubsub/hook/pythonpath.sh'
[8.999s] Level 1:colcon.colcon_core.environment:checking '/home/estelamb/PFG_Telematica/Implementation/Drone/install/state_vector_pubsub/bin'
[9.000s] Level 1:colcon.colcon_core.environment:create_environment_scripts_only(state_vector_pubsub)
[9.001s] INFO:colcon.colcon_core.shell:Creating package script '/home/estelamb/PFG_Telematica/Implementation/Drone/install/state_vector_pubsub/share/state_vector_pubsub/package.ps1'
[9.006s] INFO:colcon.colcon_core.shell:Creating package descriptor '/home/estelamb/PFG_Telematica/Implementation/Drone/install/state_vector_pubsub/share/state_vector_pubsub/package.dsv'
[9.009s] INFO:colcon.colcon_core.shell:Creating package script '/home/estelamb/PFG_Telematica/Implementation/Drone/install/state_vector_pubsub/share/state_vector_pubsub/package.sh'
[9.012s] INFO:colcon.colcon_core.shell:Creating package script '/home/estelamb/PFG_Telematica/Implementation/Drone/install/state_vector_pubsub/share/state_vector_pubsub/package.bash'
[9.015s] INFO:colcon.colcon_core.shell:Creating package script '/home/estelamb/PFG_Telematica/Implementation/Drone/install/state_vector_pubsub/share/state_vector_pubsub/package.zsh'
[9.018s] Level 1:colcon.colcon_core.environment:create_file_with_runtime_dependencies(/home/estelamb/PFG_Telematica/Implementation/Drone/install/state_vector_pubsub/share/colcon-core/packages/state_vector_pubsub)
[15.153s] DEBUG:colcon.colcon_core.event_handler.log_command:Invoked command in '/home/estelamb/PFG_Telematica/Implementation/Drone/build/commands_action_interface' returned '0': CMAKE_PREFIX_PATH=${CMAKE_PREFIX_PATH}:/opt/ros/jazzy VIRTUAL_ENV_PROMPT=(.venv) /usr/bin/cmake /home/estelamb/PFG_Telematica/Implementation/Drone/src/commands_action_interface -DCMAKE_INSTALL_PREFIX=/home/estelamb/PFG_Telematica/Implementation/Drone/install/commands_action_interface
[15.160s] DEBUG:colcon.colcon_core.event_handler.log_command:Invoking command in '/home/estelamb/PFG_Telematica/Implementation/Drone/build/commands_action_interface': CMAKE_PREFIX_PATH=${CMAKE_PREFIX_PATH}:/opt/ros/jazzy VIRTUAL_ENV_PROMPT=(.venv) /usr/bin/cmake --build /home/estelamb/PFG_Telematica/Implementation/Drone/build/commands_action_interface -- -j4 -l4
[38.634s] DEBUG:colcon.colcon_core.event_handler.log_command:Invoked command in '/home/estelamb/PFG_Telematica/Implementation/Drone/build/commands_action_interface' returned '0': CMAKE_PREFIX_PATH=${CMAKE_PREFIX_PATH}:/opt/ros/jazzy VIRTUAL_ENV_PROMPT=(.venv) /usr/bin/cmake --build /home/estelamb/PFG_Telematica/Implementation/Drone/build/commands_action_interface -- -j4 -l4
[38.684s] DEBUG:colcon.colcon_core.event_handler.log_command:Invoking command in '/home/estelamb/PFG_Telematica/Implementation/Drone/build/commands_action_interface': CMAKE_PREFIX_PATH=${CMAKE_PREFIX_PATH}:/opt/ros/jazzy VIRTUAL_ENV_PROMPT=(.venv) /usr/bin/cmake --install /home/estelamb/PFG_Telematica/Implementation/Drone/build/commands_action_interface
[39.211s] Level 1:colcon.colcon_core.environment:create_environment_scripts_only(commands_action_interface)
[39.212s] Level 1:colcon.colcon_core.environment:checking '/home/estelamb/PFG_Telematica/Implementation/Drone/install/commands_action_interface' for CMake module files
[39.214s] DEBUG:colcon.colcon_core.event_handler.log_command:Invoked command in '/home/estelamb/PFG_Telematica/Implementation/Drone/build/commands_action_interface' returned '0': CMAKE_PREFIX_PATH=${CMAKE_PREFIX_PATH}:/opt/ros/jazzy VIRTUAL_ENV_PROMPT=(.venv) /usr/bin/cmake --install /home/estelamb/PFG_Telematica/Implementation/Drone/build/commands_action_interface
[39.218s] Level 1:colcon.colcon_core.environment:checking '/home/estelamb/PFG_Telematica/Implementation/Drone/install/commands_action_interface' for CMake config files
[39.222s] Level 1:colcon.colcon_core.shell:create_environment_hook('commands_action_interface', 'cmake_prefix_path')
[39.223s] INFO:colcon.colcon_core.shell:Creating environment hook '/home/estelamb/PFG_Telematica/Implementation/Drone/install/commands_action_interface/share/commands_action_interface/hook/cmake_prefix_path.ps1'
[39.225s] INFO:colcon.colcon_core.shell:Creating environment descriptor '/home/estelamb/PFG_Telematica/Implementation/Drone/install/commands_action_interface/share/commands_action_interface/hook/cmake_prefix_path.dsv'
[39.226s] INFO:colcon.colcon_core.shell:Creating environment hook '/home/estelamb/PFG_Telematica/Implementation/Drone/install/commands_action_interface/share/commands_action_interface/hook/cmake_prefix_path.sh'
[39.229s] Level 1:colcon.colcon_core.environment:checking '/home/estelamb/PFG_Telematica/Implementation/Drone/install/commands_action_interface/lib'
[39.229s] Level 1:colcon.colcon_core.shell:create_environment_hook('commands_action_interface', 'ld_library_path_lib')
[39.230s] INFO:colcon.colcon_core.shell:Creating environment hook '/home/estelamb/PFG_Telematica/Implementation/Drone/install/commands_action_interface/share/commands_action_interface/hook/ld_library_path_lib.ps1'
[39.232s] INFO:colcon.colcon_core.shell:Creating environment descriptor '/home/estelamb/PFG_Telematica/Implementation/Drone/install/commands_action_interface/share/commands_action_interface/hook/ld_library_path_lib.dsv'
[39.233s] INFO:colcon.colcon_core.shell:Creating environment hook '/home/estelamb/PFG_Telematica/Implementation/Drone/install/commands_action_interface/share/commands_action_interface/hook/ld_library_path_lib.sh'
[39.235s] Level 1:colcon.colcon_core.environment:checking '/home/estelamb/PFG_Telematica/Implementation/Drone/install/commands_action_interface/bin'
[39.235s] Level 1:colcon.colcon_core.environment:checking '/home/estelamb/PFG_Telematica/Implementation/Drone/install/commands_action_interface/lib/pkgconfig/commands_action_interface.pc'
[39.236s] Level 1:colcon.colcon_core.environment:checking '/home/estelamb/PFG_Telematica/Implementation/Drone/install/commands_action_interface/lib/python3.12/site-packages'
[39.237s] Level 1:colcon.colcon_core.shell:create_environment_hook('commands_action_interface', 'pythonpath')
[39.237s] INFO:colcon.colcon_core.shell:Creating environment hook '/home/estelamb/PFG_Telematica/Implementation/Drone/install/commands_action_interface/share/commands_action_interface/hook/pythonpath.ps1'
[39.239s] INFO:colcon.colcon_core.shell:Creating environment descriptor '/home/estelamb/PFG_Telematica/Implementation/Drone/install/commands_action_interface/share/commands_action_interface/hook/pythonpath.dsv'
[39.241s] INFO:colcon.colcon_core.shell:Creating environment hook '/home/estelamb/PFG_Telematica/Implementation/Drone/install/commands_action_interface/share/commands_action_interface/hook/pythonpath.sh'
[39.243s] Level 1:colcon.colcon_core.environment:checking '/home/estelamb/PFG_Telematica/Implementation/Drone/install/commands_action_interface/bin'
[39.244s] INFO:colcon.colcon_core.shell:Creating package script '/home/estelamb/PFG_Telematica/Implementation/Drone/install/commands_action_interface/share/commands_action_interface/package.ps1'
[39.246s] INFO:colcon.colcon_core.shell:Creating package descriptor '/home/estelamb/PFG_Telematica/Implementation/Drone/install/commands_action_interface/share/commands_action_interface/package.dsv'
[39.248s] INFO:colcon.colcon_core.shell:Creating package script '/home/estelamb/PFG_Telematica/Implementation/Drone/install/commands_action_interface/share/commands_action_interface/package.sh'
[39.250s] INFO:colcon.colcon_core.shell:Creating package script '/home/estelamb/PFG_Telematica/Implementation/Drone/install/commands_action_interface/share/commands_action_interface/package.bash'
[39.252s] INFO:colcon.colcon_core.shell:Creating package script '/home/estelamb/PFG_Telematica/Implementation/Drone/install/commands_action_interface/share/commands_action_interface/package.zsh'
[39.253s] Level 1:colcon.colcon_core.environment:create_file_with_runtime_dependencies(/home/estelamb/PFG_Telematica/Implementation/Drone/install/commands_action_interface/share/colcon-core/packages/commands_action_interface)
[39.256s] Level 1:colcon.colcon_core.environment:create_environment_scripts_only(commands_action_interface)
[39.257s] Level 1:colcon.colcon_core.environment:checking '/home/estelamb/PFG_Telematica/Implementation/Drone/install/commands_action_interface' for CMake module files
[39.261s] Level 1:colcon.colcon_core.environment:checking '/home/estelamb/PFG_Telematica/Implementation/Drone/install/commands_action_interface' for CMake config files
[39.265s] Level 1:colcon.colcon_core.shell:create_environment_hook('commands_action_interface', 'cmake_prefix_path')
[39.266s] INFO:colcon.colcon_core.shell:Creating environment hook '/home/estelamb/PFG_Telematica/Implementation/Drone/install/commands_action_interface/share/commands_action_interface/hook/cmake_prefix_path.ps1'
[39.268s] INFO:colcon.colcon_core.shell:Creating environment descriptor '/home/estelamb/PFG_Telematica/Implementation/Drone/install/commands_action_interface/share/commands_action_interface/hook/cmake_prefix_path.dsv'
[39.270s] INFO:colcon.colcon_core.shell:Creating environment hook '/home/estelamb/PFG_Telematica/Implementation/Drone/install/commands_action_interface/share/commands_action_interface/hook/cmake_prefix_path.sh'
[39.273s] Level 1:colcon.colcon_core.environment:checking '/home/estelamb/PFG_Telematica/Implementation/Drone/install/commands_action_interface/lib'
[39.274s] Level 1:colcon.colcon_core.shell:create_environment_hook('commands_action_interface', 'ld_library_path_lib')
[39.275s] INFO:colcon.colcon_core.shell:Creating environment hook '/home/estelamb/PFG_Telematica/Implementation/Drone/install/commands_action_interface/share/commands_action_interface/hook/ld_library_path_lib.ps1'
[39.277s] INFO:colcon.colcon_core.shell:Creating environment descriptor '/home/estelamb/PFG_Telematica/Implementation/Drone/install/commands_action_interface/share/commands_action_interface/hook/ld_library_path_lib.dsv'
[39.279s] INFO:colcon.colcon_core.shell:Creating environment hook '/home/estelamb/PFG_Telematica/Implementation/Drone/install/commands_action_interface/share/commands_action_interface/hook/ld_library_path_lib.sh'
[39.281s] Level 1:colcon.colcon_core.environment:checking '/home/estelamb/PFG_Telematica/Implementation/Drone/install/commands_action_interface/bin'
[39.281s] Level 1:colcon.colcon_core.environment:checking '/home/estelamb/PFG_Telematica/Implementation/Drone/install/commands_action_interface/lib/pkgconfig/commands_action_interface.pc'
[39.282s] Level 1:colcon.colcon_core.environment:checking '/home/estelamb/PFG_Telematica/Implementation/Drone/install/commands_action_interface/lib/python3.12/site-packages'
[39.283s] Level 1:colcon.colcon_core.shell:create_environment_hook('commands_action_interface', 'pythonpath')
[39.283s] INFO:colcon.colcon_core.shell:Creating environment hook '/home/estelamb/PFG_Telematica/Implementation/Drone/install/commands_action_interface/share/commands_action_interface/hook/pythonpath.ps1'
[39.285s] INFO:colcon.colcon_core.shell:Creating environment descriptor '/home/estelamb/PFG_Telematica/Implementation/Drone/install/commands_action_interface/share/commands_action_interface/hook/pythonpath.dsv'
[39.287s] INFO:colcon.colcon_core.shell:Creating environment hook '/home/estelamb/PFG_Telematica/Implementation/Drone/install/commands_action_interface/share/commands_action_interface/hook/pythonpath.sh'
[39.289s] Level 1:colcon.colcon_core.environment:checking '/home/estelamb/PFG_Telematica/Implementation/Drone/install/commands_action_interface/bin'
[39.290s] INFO:colcon.colcon_core.shell:Creating package script '/home/estelamb/PFG_Telematica/Implementation/Drone/install/commands_action_interface/share/commands_action_interface/package.ps1'
[39.293s] INFO:colcon.colcon_core.shell:Creating package descriptor '/home/estelamb/PFG_Telematica/Implementation/Drone/install/commands_action_interface/share/commands_action_interface/package.dsv'
[39.295s] INFO:colcon.colcon_core.shell:Creating package script '/home/estelamb/PFG_Telematica/Implementation/Drone/install/commands_action_interface/share/commands_action_interface/package.sh'
[39.298s] INFO:colcon.colcon_core.shell:Creating package script '/home/estelamb/PFG_Telematica/Implementation/Drone/install/commands_action_interface/share/commands_action_interface/package.bash'
[39.299s] INFO:colcon.colcon_core.shell:Creating package script '/home/estelamb/PFG_Telematica/Implementation/Drone/install/commands_action_interface/share/commands_action_interface/package.zsh'
[39.303s] Level 1:colcon.colcon_core.environment:create_file_with_runtime_dependencies(/home/estelamb/PFG_Telematica/Implementation/Drone/install/commands_action_interface/share/colcon-core/packages/commands_action_interface)
[39.304s] DEBUG:colcon.colcon_parallel_executor.executor.parallel:closing loop
[39.305s] DEBUG:colcon.colcon_parallel_executor.executor.parallel:loop closed
[39.305s] DEBUG:colcon.colcon_parallel_executor.executor.parallel:run_until_complete finished with '0'
[39.306s] DEBUG:colcon.colcon_core.event_reactor:joining thread
[39.329s] INFO:colcon.colcon_core.plugin_system:Skipping extension 'colcon_notification.desktop_notification.notify_send': Could not find 'notify-send'
[39.330s] INFO:colcon.colcon_core.plugin_system:Skipping extension 'colcon_notification.desktop_notification.terminal_notifier': Not used on non-Darwin systems
[39.330s] INFO:colcon.colcon_core.plugin_system:Skipping extension 'colcon_notification.desktop_notification.win32': Not used on non-Windows systems
[39.330s] INFO:colcon.colcon_notification.desktop_notification:Sending desktop notification using 'notify2'
[39.333s] DEBUG:colcon.colcon_notification.desktop_notification.notify2:Failed to initialize notify2: org.freedesktop.DBus.Error.ServiceUnknown: The name org.freedesktop.Notifications was not provided by any .service files
[39.333s] DEBUG:colcon.colcon_core.event_reactor:joined thread
[39.334s] INFO:colcon.colcon_core.shell:Creating prefix script '/home/estelamb/PFG_Telematica/Implementation/Drone/install/local_setup.ps1'
[39.337s] INFO:colcon.colcon_core.shell:Creating prefix util module '/home/estelamb/PFG_Telematica/Implementation/Drone/install/_local_setup_util_ps1.py'
[39.344s] INFO:colcon.colcon_core.shell:Creating prefix chain script '/home/estelamb/PFG_Telematica/Implementation/Drone/install/setup.ps1'
[39.348s] INFO:colcon.colcon_core.shell:Creating prefix script '/home/estelamb/PFG_Telematica/Implementation/Drone/install/local_setup.sh'
[39.351s] INFO:colcon.colcon_core.shell:Creating prefix util module '/home/estelamb/PFG_Telematica/Implementation/Drone/install/_local_setup_util_sh.py'
[39.355s] INFO:colcon.colcon_core.shell:Creating prefix chain script '/home/estelamb/PFG_Telematica/Implementation/Drone/install/setup.sh'
[39.359s] INFO:colcon.colcon_core.shell:Creating prefix script '/home/estelamb/PFG_Telematica/Implementation/Drone/install/local_setup.bash'
[39.361s] INFO:colcon.colcon_core.shell:Creating prefix chain script '/home/estelamb/PFG_Telematica/Implementation/Drone/install/setup.bash'
[39.365s] INFO:colcon.colcon_core.shell:Creating prefix script '/home/estelamb/PFG_Telematica/Implementation/Drone/install/local_setup.zsh'
[39.367s] INFO:colcon.colcon_core.shell:Creating prefix chain script '/home/estelamb/PFG_Telematica/Implementation/Drone/install/setup.zsh'
