[4.033s] Invoking command in '/home/estelamb/PFG_Telematica/Implementation/Drone/src/state_vector_pubsub': PYTHONPATH=/home/estelamb/PFG_Telematica/Implementation/Drone/build/state_vector_pubsub/prefix_override:/usr/lib/python3/dist-packages/colcon_core/task/python/colcon_distutils_commands:/home/estelamb/PFG_Telematica/Implementation/Drone/install/state_vector_pubsub/lib/python3.12/site-packages:${PYTHONPATH} VIRTUAL_ENV_PROMPT=(.venv) /usr/bin/python3 -W ignore:setup.py install is deprecated -W ignore:easy_install command is deprecated setup.py egg_info --egg-base ../../build/state_vector_pubsub build --build-base /home/estelamb/PFG_Telematica/Implementation/Drone/build/state_vector_pubsub/build install --record /home/estelamb/PFG_Telematica/Implementation/Drone/build/state_vector_pubsub/install.log --single-version-externally-managed install_data
[5.198s] running egg_info
[5.199s] creating ../../build/state_vector_pubsub/state_vector_pubsub.egg-info
[5.286s] writing ../../build/state_vector_pubsub/state_vector_pubsub.egg-info/PKG-INFO
[5.287s] writing dependency_links to ../../build/state_vector_pubsub/state_vector_pubsub.egg-info/dependency_links.txt
[5.288s] writing entry points to ../../build/state_vector_pubsub/state_vector_pubsub.egg-info/entry_points.txt
[5.289s] writing requirements to ../../build/state_vector_pubsub/state_vector_pubsub.egg-info/requires.txt
[5.290s] writing top-level names to ../../build/state_vector_pubsub/state_vector_pubsub.egg-info/top_level.txt
[5.290s] writing manifest file '../../build/state_vector_pubsub/state_vector_pubsub.egg-info/SOURCES.txt'
[5.468s] reading manifest file '../../build/state_vector_pubsub/state_vector_pubsub.egg-info/SOURCES.txt'
[5.469s] adding license file 'LICENSE'
[5.472s] writing manifest file '../../build/state_vector_pubsub/state_vector_pubsub.egg-info/SOURCES.txt'
[5.472s] running build
[5.473s] running build_py
[5.474s] creating /home/estelamb/PFG_Telematica/Implementation/Drone/build/state_vector_pubsub/build
[5.475s] creating /home/estelamb/PFG_Telematica/Implementation/Drone/build/state_vector_pubsub/build/lib
[5.475s] creating /home/estelamb/PFG_Telematica/Implementation/Drone/build/state_vector_pubsub/build/lib/state_vector_pubsub
[5.476s] copying state_vector_pubsub/__init__.py -> /home/estelamb/PFG_Telematica/Implementation/Drone/build/state_vector_pubsub/build/lib/state_vector_pubsub
[5.477s] copying state_vector_pubsub/state_vector.py -> /home/estelamb/PFG_Telematica/Implementation/Drone/build/state_vector_pubsub/build/lib/state_vector_pubsub
[5.480s] copying state_vector_pubsub/publisher_member_function.py -> /home/estelamb/PFG_Telematica/Implementation/Drone/build/state_vector_pubsub/build/lib/state_vector_pubsub
[5.481s] running install
[5.508s] running install_lib
[5.610s] creating /home/estelamb/PFG_Telematica/Implementation/Drone/install/state_vector_pubsub/lib/python3.12/site-packages/state_vector_pubsub
[5.611s] copying /home/estelamb/PFG_Telematica/Implementation/Drone/build/state_vector_pubsub/build/lib/state_vector_pubsub/__init__.py -> /home/estelamb/PFG_Telematica/Implementation/Drone/install/state_vector_pubsub/lib/python3.12/site-packages/state_vector_pubsub
[5.612s] copying /home/estelamb/PFG_Telematica/Implementation/Drone/build/state_vector_pubsub/build/lib/state_vector_pubsub/state_vector.py -> /home/estelamb/PFG_Telematica/Implementation/Drone/install/state_vector_pubsub/lib/python3.12/site-packages/state_vector_pubsub
[5.613s] copying /home/estelamb/PFG_Telematica/Implementation/Drone/build/state_vector_pubsub/build/lib/state_vector_pubsub/publisher_member_function.py -> /home/estelamb/PFG_Telematica/Implementation/Drone/install/state_vector_pubsub/lib/python3.12/site-packages/state_vector_pubsub
[5.616s] byte-compiling /home/estelamb/PFG_Telematica/Implementation/Drone/install/state_vector_pubsub/lib/python3.12/site-packages/state_vector_pubsub/__init__.py to __init__.cpython-312.pyc
[5.618s] byte-compiling /home/estelamb/PFG_Telematica/Implementation/Drone/install/state_vector_pubsub/lib/python3.12/site-packages/state_vector_pubsub/state_vector.py to state_vector.cpython-312.pyc
[5.623s] byte-compiling /home/estelamb/PFG_Telematica/Implementation/Drone/install/state_vector_pubsub/lib/python3.12/site-packages/state_vector_pubsub/publisher_member_function.py to publisher_member_function.cpython-312.pyc
[5.627s] running install_data
[5.627s] creating /home/estelamb/PFG_Telematica/Implementation/Drone/install/state_vector_pubsub/share/ament_index
[5.628s] creating /home/estelamb/PFG_Telematica/Implementation/Drone/install/state_vector_pubsub/share/ament_index/resource_index
[5.628s] creating /home/estelamb/PFG_Telematica/Implementation/Drone/install/state_vector_pubsub/share/ament_index/resource_index/packages
[5.629s] copying resource/state_vector_pubsub -> /home/estelamb/PFG_Telematica/Implementation/Drone/install/state_vector_pubsub/share/ament_index/resource_index/packages
[5.630s] copying package.xml -> /home/estelamb/PFG_Telematica/Implementation/Drone/install/state_vector_pubsub/share/state_vector_pubsub
[5.630s] running install_egg_info
[5.728s] Copying ../../build/state_vector_pubsub/state_vector_pubsub.egg-info to /home/estelamb/PFG_Telematica/Implementation/Drone/install/state_vector_pubsub/lib/python3.12/site-packages/state_vector_pubsub-0.0.0-py3.12.egg-info
[5.734s] running install_scripts
[6.591s] Installing talker script to /home/estelamb/PFG_Telematica/Implementation/Drone/install/state_vector_pubsub/lib/state_vector_pubsub
[6.595s] writing list of installed files to '/home/estelamb/PFG_Telematica/Implementation/Drone/build/state_vector_pubsub/install.log'
[6.769s] Invoked command in '/home/estelamb/PFG_Telematica/Implementation/Drone/src/state_vector_pubsub' returned '0': PYTHONPATH=/home/estelamb/PFG_Telematica/Implementation/Drone/build/state_vector_pubsub/prefix_override:/usr/lib/python3/dist-packages/colcon_core/task/python/colcon_distutils_commands:/home/estelamb/PFG_Telematica/Implementation/Drone/install/state_vector_pubsub/lib/python3.12/site-packages:${PYTHONPATH} VIRTUAL_ENV_PROMPT=(.venv) /usr/bin/python3 -W ignore:setup.py install is deprecated -W ignore:easy_install command is deprecated setup.py egg_info --egg-base ../../build/state_vector_pubsub build --build-base /home/estelamb/PFG_Telematica/Implementation/Drone/build/state_vector_pubsub/build install --record /home/estelamb/PFG_Telematica/Implementation/Drone/build/state_vector_pubsub/install.log --single-version-externally-managed install_data
