[2025-11-26 11:16:27,565][Drone 2][INFO][ROS2][gRPC Commands] - ACK received from commands processor
[2025-11-26 11:16:27,565][Drone 2][INFO][ROS2][Commands Action Server] - Command feedback published: ['2', '1', '55', 'WP reached']
[2025-11-26 11:16:28,567][Drone 2][INFO][ROS2][Commands Action Server] - Processing command 10/32: {"related_task": {"id": 5, "mission_id": 1}, "id": 56, "command_type": "SPRAY", "command_status": "NotStarted", "start_time": 56, "params": [["Grape_bunch"], [3.95], 40.209544, -3.466312]}
[2025-11-26 11:16:28,567][Drone 2][INFO][ROS2][gRPC Commands] - Sending command to commands processor
[2025-11-26 11:16:28,742][Drone 2][INFO][ROS2][gRPC Metrics] - Metrics received from drone and forwarded to ROS2 publisher
[2025-11-26 11:16:28,760][Drone 2][INFO][ROS2][System Metrics Publisher] - System Metrics published
[2025-11-26 11:16:34,779][Drone 2][INFO][State Vector] - State Vector sent
[2025-11-26 11:16:38,576][Drone 2][INFO][ROS2][gRPC Commands] - Feedback received from drone and sent to ROS2 server
[2025-11-26 11:16:38,577][Drone 2][INFO][ROS2][gRPC Commands] - ACK received from commands processor
[2025-11-26 11:16:38,578][Drone 2][INFO][ROS2][Commands Action Server] - Command feedback published: ['2', '1', '56', "[['Grape_bunch'], [3.95]]"]
[2025-11-26 11:16:38,775][Drone 2][INFO][ROS2][gRPC Metrics] - Metrics received from drone and forwarded to ROS2 publisher
[2025-11-26 11:16:39,579][Drone 2][INFO][ROS2][Commands Action Server] - Processing command 11/32: {"related_task": {"id": 5, "mission_id": 1}, "id": 57, "command_type": "NAV_WAYPOINT", "command_status": "NotStarted", "start_time": 57, "params": [0, 0, 0, 0, 40.209544, -3.466557, 0]}
[2025-11-26 11:16:39,580][Drone 2][INFO][ROS2][gRPC Commands] - Sending command to commands processor
[2025-11-26 11:16:39,760][Drone 2][INFO][ROS2][System Metrics Publisher] - System Metrics published
[2025-11-26 11:16:44,779][Drone 2][INFO][State Vector] - State Vector sent
[2025-11-26 11:16:48,813][Drone 2][INFO][ROS2][gRPC Metrics] - Metrics received from drone and forwarded to ROS2 publisher
[2025-11-26 11:16:49,591][Drone 2][INFO][ROS2][gRPC Commands] - Feedback received from drone and sent to ROS2 server
[2025-11-26 11:16:49,593][Drone 2][INFO][ROS2][gRPC Commands] - ACK received from commands processor
[2025-11-26 11:16:49,593][Drone 2][INFO][ROS2][Commands Action Server] - Command feedback published: ['2', '1', '57', 'WP reached']
[2025-11-26 11:16:49,760][Drone 2][INFO][ROS2][System Metrics Publisher] - System Metrics published
[2025-11-26 11:16:50,595][Drone 2][INFO][ROS2][Commands Action Server] - Processing command 12/32: {"related_task": {"id": 5, "mission_id": 1}, "id": 58, "command_type": "SPRAY", "command_status": "NotStarted", "start_time": 58, "params": [["Grape_bunch"], [7.95], 40.209544, -3.466557]}
[2025-11-26 11:16:50,595][Drone 2][INFO][ROS2][gRPC Commands] - Sending command to commands processor
[2025-11-26 11:16:54,779][Drone 2][INFO][State Vector] - State Vector sent
[2025-11-26 11:16:58,853][Drone 2][INFO][ROS2][gRPC Metrics] - Metrics received from drone and forwarded to ROS2 publisher
[2025-11-26 11:16:59,760][Drone 2][INFO][ROS2][System Metrics Publisher] - System Metrics published
[2025-11-26 11:17:00,610][Drone 2][INFO][ROS2][gRPC Commands] - Feedback received from drone and sent to ROS2 server
[2025-11-26 11:17:00,612][Drone 2][INFO][ROS2][gRPC Commands] - ACK received from commands processor
[2025-11-26 11:17:00,612][Drone 2][INFO][ROS2][Commands Action Server] - Command feedback published: ['2', '1', '58', "[['Grape_bunch'], [7.95]]"]
[2025-11-26 11:17:01,613][Drone 2][INFO][ROS2][Commands Action Server] - Processing command 13/32: {"related_task": {"id": 5, "mission_id": 1}, "id": 59, "command_type": "NAV_WAYPOINT", "command_status": "NotStarted", "start_time": 59, "params": [0, 0, 0, 0, 40.209544, -3.466803, 0]}
[2025-11-26 11:17:01,614][Drone 2][INFO][ROS2][gRPC Commands] - Sending command to commands processor
[2025-11-26 11:17:04,779][Drone 2][INFO][State Vector] - State Vector sent
[2025-11-26 11:17:08,890][Drone 2][INFO][ROS2][gRPC Metrics] - Metrics received from drone and forwarded to ROS2 publisher
[2025-11-26 11:17:09,761][Drone 2][INFO][ROS2][System Metrics Publisher] - System Metrics published
[2025-11-26 11:17:11,640][Drone 2][INFO][ROS2][gRPC Commands] - Feedback received from drone and sent to ROS2 server
[2025-11-26 11:17:11,643][Drone 2][INFO][ROS2][gRPC Commands] - ACK received from commands processor
[2025-11-26 11:17:11,644][Drone 2][INFO][ROS2][Commands Action Server] - Command feedback published: ['2', '1', '59', 'WP reached']
[2025-11-26 11:17:12,645][Drone 2][INFO][ROS2][Commands Action Server] - Processing command 14/32: {"related_task": {"id": 5, "mission_id": 1}, "id": 60, "command_type": "SPRAY", "command_status": "NotStarted", "start_time": 60, "params": [["Grape_bunch"], [1.95], 40.209544, -3.466803]}
[2025-11-26 11:17:12,645][Drone 2][INFO][ROS2][gRPC Commands] - Sending command to commands processor
[2025-11-26 11:17:14,779][Drone 2][INFO][State Vector] - State Vector sent
[2025-11-26 11:17:18,927][Drone 2][INFO][ROS2][gRPC Metrics] - Metrics received from drone and forwarded to ROS2 publisher
[2025-11-26 11:17:19,761][Drone 2][INFO][ROS2][System Metrics Publisher] - System Metrics published
[2025-11-26 11:17:22,658][Drone 2][INFO][ROS2][gRPC Commands] - Feedback received from drone and sent to ROS2 server
[2025-11-26 11:17:22,660][Drone 2][INFO][ROS2][gRPC Commands] - ACK received from commands processor
[2025-11-26 11:17:22,661][Drone 2][INFO][ROS2][Commands Action Server] - Command feedback published: ['2', '1', '60', "[['Grape_bunch'], [1.95]]"]
[2025-11-26 11:17:23,662][Drone 2][INFO][ROS2][Commands Action Server] - Processing command 15/32: {"related_task": {"id": 5, "mission_id": 1}, "id": 61, "command_type": "NAV_WAYPOINT", "command_status": "NotStarted", "start_time": 61, "params": [0, 0, 0, 0, 40.209544, -3.467048, 0]}
[2025-11-26 11:17:23,663][Drone 2][INFO][ROS2][gRPC Commands] - Sending command to commands processor
[2025-11-26 11:17:24,779][Drone 2][INFO][State Vector] - State Vector sent
[2025-11-26 11:17:28,964][Drone 2][INFO][ROS2][gRPC Metrics] - Metrics received from drone and forwarded to ROS2 publisher
[2025-11-26 11:17:29,760][Drone 2][INFO][ROS2][System Metrics Publisher] - System Metrics published
[2025-11-26 11:17:33,681][Drone 2][INFO][ROS2][gRPC Commands] - Feedback received from drone and sent to ROS2 server
[2025-11-26 11:17:33,683][Drone 2][INFO][ROS2][gRPC Commands] - ACK received from commands processor
[2025-11-26 11:17:33,684][Drone 2][INFO][ROS2][Commands Action Server] - Command feedback published: ['2', '1', '61', 'WP reached']
[2025-11-26 11:17:34,685][Drone 2][INFO][ROS2][Commands Action Server] - Processing command 16/32: {"related_task": {"id": 5, "mission_id": 1}, "id": 62, "command_type": "SPRAY", "command_status": "NotStarted", "start_time": 62, "params": [["Grape_bunch"], [5.95], 40.209544, -3.467048]}
[2025-11-26 11:17:34,686][Drone 2][INFO][ROS2][gRPC Commands] - Sending command to commands processor
[2025-11-26 11:17:34,779][Drone 2][INFO][State Vector] - State Vector sent
[2025-11-26 11:17:38,998][Drone 2][INFO][ROS2][gRPC Metrics] - Metrics received from drone and forwarded to ROS2 publisher
[2025-11-26 11:17:39,760][Drone 2][INFO][ROS2][System Metrics Publisher] - System Metrics published
[2025-11-26 11:17:44,701][Drone 2][INFO][ROS2][gRPC Commands] - Feedback received from drone and sent to ROS2 server
[2025-11-26 11:17:44,703][Drone 2][INFO][ROS2][gRPC Commands] - ACK received from commands processor
[2025-11-26 11:17:44,704][Drone 2][INFO][ROS2][Commands Action Server] - Command feedback published: ['2', '1', '62', "[['Grape_bunch'], [5.95]]"]
[2025-11-26 11:17:44,779][Drone 2][INFO][State Vector] - State Vector sent
[2025-11-26 11:17:45,706][Drone 2][INFO][ROS2][Commands Action Server] - Processing command 17/32: {"related_task": {"id": 5, "mission_id": 1}, "id": 63, "command_type": "NAV_WAYPOINT", "command_status": "NotStarted", "start_time": 63, "params": [0, 0, 0, 0, 40.20973, -3.467048, 0]}
[2025-11-26 11:17:45,706][Drone 2][INFO][ROS2][gRPC Commands] - Sending command to commands processor
[2025-11-26 11:17:49,032][Drone 2][INFO][ROS2][gRPC Metrics] - Metrics received from drone and forwarded to ROS2 publisher
[2025-11-26 11:17:49,760][Drone 2][INFO][ROS2][System Metrics Publisher] - System Metrics published
[2025-11-26 11:17:54,779][Drone 2][INFO][State Vector] - State Vector sent
[2025-11-26 11:17:55,720][Drone 2][INFO][ROS2][gRPC Commands] - Feedback received from drone and sent to ROS2 server
[2025-11-26 11:17:55,722][Drone 2][INFO][ROS2][gRPC Commands] - ACK received from commands processor
[2025-11-26 11:17:55,723][Drone 2][INFO][ROS2][Commands Action Server] - Command feedback published: ['2', '1', '63', 'WP reached']
[2025-11-26 11:17:56,724][Drone 2][INFO][ROS2][Commands Action Server] - Processing command 18/32: {"related_task": {"id": 5, "mission_id": 1}, "id": 64, "command_type": "SPRAY", "command_status": "NotStarted", "start_time": 64, "params": [["Grape_bunch"], [7.95], 40.20973, -3.467048]}
[2025-11-26 11:17:56,725][Drone 2][INFO][ROS2][gRPC Commands] - Sending command to commands processor
[2025-11-26 11:17:59,069][Drone 2][INFO][ROS2][gRPC Metrics] - Metrics received from drone and forwarded to ROS2 publisher
[2025-11-26 11:17:59,760][Drone 2][INFO][ROS2][System Metrics Publisher] - System Metrics published
[2025-11-26 11:18:04,779][Drone 2][INFO][State Vector] - State Vector sent
[2025-11-26 11:18:06,734][Drone 2][INFO][ROS2][gRPC Commands] - Feedback received from drone and sent to ROS2 server
[2025-11-26 11:18:06,737][Drone 2][INFO][ROS2][gRPC Commands] - ACK received from commands processor
[2025-11-26 11:18:06,738][Drone 2][INFO][ROS2][Commands Action Server] - Command feedback published: ['2', '1', '64', "[['Grape_bunch'], [7.95]]"]
[2025-11-26 11:18:07,739][Drone 2][INFO][ROS2][Commands Action Server] - Processing command 19/32: {"related_task": {"id": 5, "mission_id": 1}, "id": 65, "command_type": "NAV_WAYPOINT", "command_status": "NotStarted", "start_time": 65, "params": [0, 0, 0, 0, 40.20973, -3.466803, 0]}
[2025-11-26 11:18:07,740][Drone 2][INFO][ROS2][gRPC Commands] - Sending command to commands processor
[2025-11-26 11:18:09,103][Drone 2][INFO][ROS2][gRPC Metrics] - Metrics received from drone and forwarded to ROS2 publisher
[2025-11-26 11:18:09,761][Drone 2][INFO][ROS2][System Metrics Publisher] - System Metrics published
[2025-11-26 11:18:14,779][Drone 2][INFO][State Vector] - State Vector sent
[2025-11-26 11:18:17,753][Drone 2][INFO][ROS2][gRPC Commands] - Feedback received from drone and sent to ROS2 server
[2025-11-26 11:18:17,755][Drone 2][INFO][ROS2][gRPC Commands] - ACK received from commands processor
[2025-11-26 11:18:17,756][Drone 2][INFO][ROS2][Commands Action Server] - Command feedback published: ['2', '1', '65', 'WP reached']
[2025-11-26 11:18:18,757][Drone 2][INFO][ROS2][Commands Action Server] - Processing command 20/32: {"related_task": {"id": 5, "mission_id": 1}, "id": 66, "command_type": "SPRAY", "command_status": "NotStarted", "start_time": 66, "params": [["Grape_bunch"], [1.95], 40.20973, -3.466803]}
[2025-11-26 11:18:18,758][Drone 2][INFO][ROS2][gRPC Commands] - Sending command to commands processor
[2025-11-26 11:18:19,136][Drone 2][INFO][ROS2][gRPC Metrics] - Metrics received from drone and forwarded to ROS2 publisher
[2025-11-26 11:18:19,760][Drone 2][INFO][ROS2][System Metrics Publisher] - System Metrics published
[2025-11-26 11:18:24,779][Drone 2][INFO][State Vector] - State Vector sent
[2025-11-26 11:18:28,804][Drone 2][INFO][ROS2][gRPC Commands] - Feedback received from drone and sent to ROS2 server
[2025-11-26 11:18:28,806][Drone 2][INFO][ROS2][gRPC Commands] - ACK received from commands processor
[2025-11-26 11:18:28,807][Drone 2][INFO][ROS2][Commands Action Server] - Command feedback published: ['2', '1', '66', "[['Grape_bunch'], [1.95]]"]
[2025-11-26 11:18:29,174][Drone 2][INFO][ROS2][gRPC Metrics] - Metrics received from drone and forwarded to ROS2 publisher
[2025-11-26 11:18:29,760][Drone 2][INFO][ROS2][System Metrics Publisher] - System Metrics published
[2025-11-26 11:18:29,807][Drone 2][INFO][ROS2][Commands Action Server] - Processing command 21/32: {"related_task": {"id": 5, "mission_id": 1}, "id": 67, "command_type": "NAV_WAYPOINT", "command_status": "NotStarted", "start_time": 67, "params": [0, 0, 0, 0, 40.20973, -3.466557, 0]}
[2025-11-26 11:18:29,808][Drone 2][INFO][ROS2][gRPC Commands] - Sending command to commands processor
[2025-11-26 11:18:34,779][Drone 2][INFO][State Vector] - State Vector sent
[2025-11-26 11:18:39,212][Drone 2][INFO][ROS2][gRPC Metrics] - Metrics received from drone and forwarded to ROS2 publisher
[2025-11-26 11:18:39,760][Drone 2][INFO][ROS2][System Metrics Publisher] - System Metrics published
[2025-11-26 11:18:39,820][Drone 2][INFO][ROS2][gRPC Commands] - Feedback received from drone and sent to ROS2 server
[2025-11-26 11:18:39,823][Drone 2][INFO][ROS2][gRPC Commands] - ACK received from commands processor
[2025-11-26 11:18:39,824][Drone 2][INFO][ROS2][Commands Action Server] - Command feedback published: ['2', '1', '67', 'WP reached']
[2025-11-26 11:18:40,825][Drone 2][INFO][ROS2][Commands Action Server] - Processing command 22/32: {"related_task": {"id": 5, "mission_id": 1}, "id": 68, "command_type": "SPRAY", "command_status": "NotStarted", "start_time": 68, "params": [["Grape_bunch"], [3.95], 40.20973, -3.466557]}
[2025-11-26 11:18:40,826][Drone 2][INFO][ROS2][gRPC Commands] - Sending command to commands processor
[2025-11-26 11:18:44,779][Drone 2][INFO][State Vector] - State Vector sent
[2025-11-26 11:18:49,251][Drone 2][INFO][ROS2][gRPC Metrics] - Metrics received from drone and forwarded to ROS2 publisher
[2025-11-26 11:18:49,760][Drone 2][INFO][ROS2][System Metrics Publisher] - System Metrics published
[2025-11-26 11:18:50,838][Drone 2][INFO][ROS2][gRPC Commands] - Feedback received from drone and sent to ROS2 server
[2025-11-26 11:18:50,841][Drone 2][INFO][ROS2][gRPC Commands] - ACK received from commands processor
[2025-11-26 11:18:50,841][Drone 2][INFO][ROS2][Commands Action Server] - Command feedback published: ['2', '1', '68', "[['Grape_bunch'], [3.95]]"]
[2025-11-26 11:18:51,842][Drone 2][INFO][ROS2][Commands Action Server] - Processing command 23/32: {"related_task": {"id": 5, "mission_id": 1}, "id": 69, "command_type": "NAV_WAYPOINT", "command_status": "NotStarted", "start_time": 69, "params": [0, 0, 0, 0, 40.20973, -3.466312, 0]}
[2025-11-26 11:18:51,843][Drone 2][INFO][ROS2][gRPC Commands] - Sending command to commands processor
[2025-11-26 11:18:54,779][Drone 2][INFO][State Vector] - State Vector sent
[2025-11-26 11:18:59,288][Drone 2][INFO][ROS2][gRPC Metrics] - Metrics received from drone and forwarded to ROS2 publisher
[2025-11-26 11:18:59,760][Drone 2][INFO][ROS2][System Metrics Publisher] - System Metrics published
[2025-11-26 11:19:01,857][Drone 2][INFO][ROS2][gRPC Commands] - Feedback received from drone and sent to ROS2 server
[2025-11-26 11:19:01,859][Drone 2][INFO][ROS2][gRPC Commands] - ACK received from commands processor
[2025-11-26 11:19:01,860][Drone 2][INFO][ROS2][Commands Action Server] - Command feedback published: ['2', '1', '69', 'WP reached']
[2025-11-26 11:19:02,860][Drone 2][INFO][ROS2][Commands Action Server] - Processing command 24/32: {"related_task": {"id": 5, "mission_id": 1}, "id": 70, "command_type": "SPRAY", "command_status": "NotStarted", "start_time": 70, "params": [["Grape_bunch"], [7.95], 40.20973, -3.466312]}
[2025-11-26 11:19:02,861][Drone 2][INFO][ROS2][gRPC Commands] - Sending command to commands processor
[2025-11-26 11:19:04,779][Drone 2][INFO][State Vector] - State Vector sent
[2025-11-26 11:19:09,325][Drone 2][INFO][ROS2][gRPC Metrics] - Metrics received from drone and forwarded to ROS2 publisher
[2025-11-26 11:19:09,761][Drone 2][INFO][ROS2][System Metrics Publisher] - System Metrics published
[2025-11-26 11:19:12,881][Drone 2][INFO][ROS2][gRPC Commands] - Feedback received from drone and sent to ROS2 server
[2025-11-26 11:19:12,883][Drone 2][INFO][ROS2][gRPC Commands] - ACK received from commands processor
[2025-11-26 11:19:12,884][Drone 2][INFO][ROS2][Commands Action Server] - Command feedback published: ['2', '1', '70', "[['Grape_bunch'], [7.95]]"]
[2025-11-26 11:19:13,885][Drone 2][INFO][ROS2][Commands Action Server] - Processing command 25/32: {"related_task": {"id": 5, "mission_id": 1}, "id": 71, "command_type": "NAV_WAYPOINT", "command_status": "NotStarted", "start_time": 71, "params": [0, 0, 0, 0, 40.20973, -3.466066, 0]}
[2025-11-26 11:19:13,886][Drone 2][INFO][ROS2][gRPC Commands] - Sending command to commands processor
[2025-11-26 11:19:14,779][Drone 2][INFO][State Vector] - State Vector sent
[2025-11-26 11:19:19,365][Drone 2][INFO][ROS2][gRPC Metrics] - Metrics received from drone and forwarded to ROS2 publisher
[2025-11-26 11:19:19,760][Drone 2][INFO][ROS2][System Metrics Publisher] - System Metrics published
[2025-11-26 11:19:23,894][Drone 2][INFO][ROS2][gRPC Commands] - Feedback received from drone and sent to ROS2 server
[2025-11-26 11:19:23,896][Drone 2][INFO][ROS2][gRPC Commands] - ACK received from commands processor
[2025-11-26 11:19:23,896][Drone 2][INFO][ROS2][Commands Action Server] - Command feedback published: ['2', '1', '71', 'WP reached']
[2025-11-26 11:19:24,779][Drone 2][INFO][State Vector] - State Vector sent
[2025-11-26 11:19:24,896][Drone 2][INFO][ROS2][Commands Action Server] - Processing command 26/32: {"related_task": {"id": 5, "mission_id": 1}, "id": 72, "command_type": "SPRAY", "command_status": "NotStarted", "start_time": 72, "params": [["Grape_bunch"], [9.95], 40.20973, -3.466066]}
[2025-11-26 11:19:24,897][Drone 2][INFO][ROS2][gRPC Commands] - Sending command to commands processor
[2025-11-26 11:19:29,402][Drone 2][INFO][ROS2][gRPC Metrics] - Metrics received from drone and forwarded to ROS2 publisher
[2025-11-26 11:19:29,761][Drone 2][INFO][ROS2][System Metrics Publisher] - System Metrics published
[2025-11-26 11:19:34,779][Drone 2][INFO][State Vector] - State Vector sent
[2025-11-26 11:19:34,908][Drone 2][INFO][ROS2][gRPC Commands] - Feedback received from drone and sent to ROS2 server
[2025-11-26 11:19:34,912][Drone 2][INFO][ROS2][gRPC Commands] - ACK received from commands processor
[2025-11-26 11:19:34,912][Drone 2][INFO][ROS2][Commands Action Server] - Command feedback published: ['2', '1', '72', "[['Grape_bunch'], [9.95]]"]
[2025-11-26 11:19:35,913][Drone 2][INFO][ROS2][Commands Action Server] - Processing command 27/32: {"related_task": {"id": 5, "mission_id": 1}, "id": 73, "command_type": "NAV_WAYPOINT", "command_status": "NotStarted", "start_time": 73, "params": [0, 0, 0, 0, 40.20973, -3.465821, 0]}
[2025-11-26 11:19:35,914][Drone 2][INFO][ROS2][gRPC Commands] - Sending command to commands processor
[2025-11-26 11:19:39,438][Drone 2][INFO][ROS2][gRPC Metrics] - Metrics received from drone and forwarded to ROS2 publisher
[2025-11-26 11:19:39,760][Drone 2][INFO][ROS2][System Metrics Publisher] - System Metrics published
[2025-11-26 11:19:44,779][Drone 2][INFO][State Vector] - State Vector sent
[2025-11-26 11:19:45,924][Drone 2][INFO][ROS2][gRPC Commands] - Feedback received from drone and sent to ROS2 server
[2025-11-26 11:19:45,926][Drone 2][INFO][ROS2][gRPC Commands] - ACK received from commands processor
[2025-11-26 11:19:45,926][Drone 2][INFO][ROS2][Commands Action Server] - Command feedback published: ['2', '1', '73', 'WP reached']
[2025-11-26 11:19:46,927][Drone 2][INFO][ROS2][Commands Action Server] - Processing command 28/32: {"related_task": {"id": 5, "mission_id": 1}, "id": 74, "command_type": "SPRAY", "command_status": "NotStarted", "start_time": 74, "params": [["Grape_bunch"], [3.95], 40.20973, -3.465821]}
[2025-11-26 11:19:46,928][Drone 2][INFO][ROS2][gRPC Commands] - Sending command to commands processor
[2025-11-26 11:19:49,475][Drone 2][INFO][ROS2][gRPC Metrics] - Metrics received from drone and forwarded to ROS2 publisher
[2025-11-26 11:19:49,761][Drone 2][INFO][ROS2][System Metrics Publisher] - System Metrics published
[2025-11-26 11:19:54,779][Drone 2][INFO][State Vector] - State Vector sent
[2025-11-26 11:19:56,944][Drone 2][INFO][ROS2][gRPC Commands] - Feedback received from drone and sent to ROS2 server
[2025-11-26 11:19:56,947][Drone 2][INFO][ROS2][gRPC Commands] - ACK received from commands processor
[2025-11-26 11:19:56,948][Drone 2][INFO][ROS2][Commands Action Server] - Command feedback published: ['2', '1', '74', "[['Grape_bunch'], [3.95]]"]
[2025-11-26 11:19:57,949][Drone 2][INFO][ROS2][Commands Action Server] - Processing command 29/32: {"related_task": {"id": 5, "mission_id": 1}, "id": 75, "command_type": "NAV_WAYPOINT", "command_status": "NotStarted", "start_time": 75, "params": [0, 0, 0, 0, 40.20973, -3.465575, 0]}
[2025-11-26 11:19:57,950][Drone 2][INFO][ROS2][gRPC Commands] - Sending command to commands processor
[2025-11-26 11:19:59,512][Drone 2][INFO][ROS2][gRPC Metrics] - Metrics received from drone and forwarded to ROS2 publisher
[2025-11-26 11:19:59,760][Drone 2][INFO][ROS2][System Metrics Publisher] - System Metrics published
[2025-11-26 11:20:04,779][Drone 2][INFO][State Vector] - State Vector sent
[2025-11-26 11:20:07,961][Drone 2][INFO][ROS2][gRPC Commands] - Feedback received from drone and sent to ROS2 server
[2025-11-26 11:20:07,964][Drone 2][INFO][ROS2][gRPC Commands] - ACK received from commands processor
[2025-11-26 11:20:07,965][Drone 2][INFO][ROS2][Commands Action Server] - Command feedback published: ['2', '1', '75', 'WP reached']
[2025-11-26 11:20:08,966][Drone 2][INFO][ROS2][Commands Action Server] - Processing command 30/32: {"related_task": {"id": 5, "mission_id": 1}, "id": 76, "command_type": "SPRAY", "command_status": "NotStarted", "start_time": 76, "params": [["Grape_bunch"], [3.95], 40.20973, -3.465575]}
[2025-11-26 11:20:08,966][Drone 2][INFO][ROS2][gRPC Commands] - Sending command to commands processor
[2025-11-26 11:20:09,547][Drone 2][INFO][ROS2][gRPC Metrics] - Metrics received from drone and forwarded to ROS2 publisher
[2025-11-26 11:20:09,760][Drone 2][INFO][ROS2][System Metrics Publisher] - System Metrics published
[2025-11-26 11:20:14,779][Drone 2][INFO][State Vector] - State Vector sent
[2025-11-26 11:20:18,976][Drone 2][INFO][ROS2][gRPC Commands] - Feedback received from drone and sent to ROS2 server
[2025-11-26 11:20:18,978][Drone 2][INFO][ROS2][gRPC Commands] - ACK received from commands processor
[2025-11-26 11:20:18,978][Drone 2][INFO][ROS2][Commands Action Server] - Command feedback published: ['2', '1', '76', "[['Grape_bunch'], [3.95]]"]
[2025-11-26 11:20:19,580][Drone 2][INFO][ROS2][gRPC Metrics] - Metrics received from drone and forwarded to ROS2 publisher
[2025-11-26 11:20:19,760][Drone 2][INFO][ROS2][System Metrics Publisher] - System Metrics published
[2025-11-26 11:20:19,979][Drone 2][INFO][ROS2][Commands Action Server] - Processing command 31/32: {"related_task": {"id": 6, "mission_id": 1}, "id": 77, "command_type": "NAV_HOME", "command_status": "NotStarted", "start_time": 77, "params": [0]}
[2025-11-26 11:20:19,980][Drone 2][INFO][ROS2][gRPC Commands] - Sending command to commands processor
[2025-11-26 11:20:24,779][Drone 2][INFO][State Vector] - State Vector sent
[2025-11-26 11:20:29,617][Drone 2][INFO][ROS2][gRPC Metrics] - Metrics received from drone and forwarded to ROS2 publisher
[2025-11-26 11:20:29,761][Drone 2][INFO][ROS2][System Metrics Publisher] - System Metrics published
[2025-11-26 11:20:29,989][Drone 2][INFO][ROS2][gRPC Commands] - Feedback received from drone and sent to ROS2 server
[2025-11-26 11:20:29,991][Drone 2][INFO][ROS2][gRPC Commands] - ACK received from commands processor
[2025-11-26 11:20:29,992][Drone 2][INFO][ROS2][Commands Action Server] - Command feedback published: ['2', '1', '77', 'Returned home']
[2025-11-26 11:20:30,993][Drone 2][INFO][ROS2][Commands Action Server] - Processing command 32/32: {"related_task": {"id": 6, "mission_id": 1}, "id": 78, "command_type": "NAV_LAND", "command_status": "NotStarted", "start_time": 78, "params": [0, 0, 0, 40.209232, -3.465646, 0]}
[2025-11-26 11:20:30,994][Drone 2][INFO][ROS2][gRPC Commands] - Sending command to commands processor
[2025-11-26 11:20:34,779][Drone 2][INFO][State Vector] - State Vector sent
[2025-11-26 11:20:39,658][Drone 2][INFO][ROS2][gRPC Metrics] - Metrics received from drone and forwarded to ROS2 publisher
[2025-11-26 11:20:39,760][Drone 2][INFO][ROS2][System Metrics Publisher] - System Metrics published
[2025-11-26 11:20:41,003][Drone 2][INFO][ROS2][gRPC Commands] - Feedback received from drone and sent to ROS2 server
[2025-11-26 11:20:41,005][Drone 2][INFO][ROS2][gRPC Commands] - ACK received from commands processor
[2025-11-26 11:20:41,006][Drone 2][INFO][ROS2][Commands Action Server] - Command feedback published: ['2', '1', '78', 'Landing successful']
[2025-11-26 11:20:42,008][Drone 2][INFO][ROS2][Commands Action Server] - Command sequence completed successfully: ['2', '2']
[2025-11-26 11:20:44,779][Drone 2][INFO][State Vector] - State Vector sent
[2025-11-26 11:20:49,695][Drone 2][INFO][ROS2][gRPC Metrics] - Metrics received from drone and forwarded to ROS2 publisher
[2025-11-26 11:20:49,760][Drone 2][INFO][ROS2][System Metrics Publisher] - System Metrics published
[2025-11-26 11:20:54,779][Drone 2][INFO][State Vector] - State Vector sent
[2025-11-26 11:20:59,732][Drone 2][INFO][ROS2][gRPC Metrics] - Metrics received from drone and forwarded to ROS2 publisher
[2025-11-26 11:20:59,760][Drone 2][INFO][ROS2][System Metrics Publisher] - System Metrics published
[2025-11-26 11:21:04,779][Drone 2][INFO][State Vector] - State Vector sent
[2025-11-26 11:21:09,770][Drone 2][INFO][ROS2][gRPC Metrics] - Metrics received from drone and forwarded to ROS2 publisher
[2025-11-26 11:21:10,760][Drone 2][INFO][ROS2][System Metrics Publisher] - System Metrics published
[2025-11-26 11:21:14,779][Drone 2][INFO][State Vector] - State Vector sent
[2025-11-26 11:21:19,808][Drone 2][INFO][ROS2][gRPC Metrics] - Metrics received from drone and forwarded to ROS2 publisher
[2025-11-26 11:21:20,760][Drone 2][INFO][ROS2][System Metrics Publisher] - System Metrics published
[2025-11-26 11:21:24,779][Drone 2][INFO][State Vector] - State Vector sent
[2025-11-26 11:21:29,846][Drone 2][INFO][ROS2][gRPC Metrics] - Metrics received from drone and forwarded to ROS2 publisher
[2025-11-26 11:21:30,760][Drone 2][INFO][ROS2][System Metrics Publisher] - System Metrics published
[2025-11-26 11:21:34,779][Drone 2][INFO][State Vector] - State Vector sent
[2025-11-26 11:21:39,884][Drone 2][INFO][ROS2][gRPC Metrics] - Metrics received from drone and forwarded to ROS2 publisher
[2025-11-26 11:21:40,760][Drone 2][INFO][ROS2][System Metrics Publisher] - System Metrics published
[2025-11-26 11:21:44,779][Drone 2][INFO][State Vector] - State Vector sent
[2025-11-26 11:21:49,923][Drone 2][INFO][ROS2][gRPC Metrics] - Metrics received from drone and forwarded to ROS2 publisher
[2025-11-26 11:21:50,761][Drone 2][INFO][ROS2][System Metrics Publisher] - System Metrics published
[2025-11-26 11:21:54,779][Drone 2][INFO][State Vector] - State Vector sent
[2025-11-26 11:21:59,961][Drone 2][INFO][ROS2][gRPC Metrics] - Metrics received from drone and forwarded to ROS2 publisher
[2025-11-26 11:22:00,760][Drone 2][INFO][ROS2][System Metrics Publisher] - System Metrics published
[2025-11-26 11:22:04,779][Drone 2][INFO][State Vector] - State Vector sent
[2025-11-26 11:22:09,997][Drone 2][INFO][ROS2][gRPC Metrics] - Metrics received from drone and forwarded to ROS2 publisher
[2025-11-26 11:22:10,760][Drone 2][INFO][ROS2][System Metrics Publisher] - System Metrics published
[2025-11-26 11:22:14,779][Drone 2][INFO][State Vector] - State Vector sent
[2025-11-26 11:22:20,034][Drone 2][INFO][ROS2][gRPC Metrics] - Metrics received from drone and forwarded to ROS2 publisher
[2025-11-26 11:22:20,760][Drone 2][INFO][ROS2][System Metrics Publisher] - System Metrics published
[2025-11-26 11:22:24,779][Drone 2][INFO][State Vector] - State Vector sent
[2025-11-26 11:22:30,073][Drone 2][INFO][ROS2][gRPC Metrics] - Metrics received from drone and forwarded to ROS2 publisher
[2025-11-26 11:22:30,761][Drone 2][INFO][ROS2][System Metrics Publisher] - System Metrics published
[2025-11-26 11:22:34,779][Drone 2][INFO][State Vector] - State Vector sent
[2025-11-26 11:22:40,107][Drone 2][INFO][ROS2][gRPC Metrics] - Metrics received from drone and forwarded to ROS2 publisher
[2025-11-26 11:22:40,760][Drone 2][INFO][ROS2][System Metrics Publisher] - System Metrics published
[2025-11-26 11:22:44,779][Drone 2][INFO][State Vector] - State Vector sent
[2025-11-26 11:22:50,141][Drone 2][INFO][ROS2][gRPC Metrics] - Metrics received from drone and forwarded to ROS2 publisher
[2025-11-26 11:22:50,760][Drone 2][INFO][ROS2][System Metrics Publisher] - System Metrics published
[2025-11-26 11:22:54,779][Drone 2][INFO][State Vector] - State Vector sent
[2025-11-26 11:23:00,176][Drone 2][INFO][ROS2][gRPC Metrics] - Metrics received from drone and forwarded to ROS2 publisher
[2025-11-26 11:23:00,760][Drone 2][INFO][ROS2][System Metrics Publisher] - System Metrics published
[2025-11-26 11:23:04,779][Drone 2][INFO][State Vector] - State Vector sent
[2025-11-26 11:23:10,210][Drone 2][INFO][ROS2][gRPC Metrics] - Metrics received from drone and forwarded to ROS2 publisher
[2025-11-26 11:23:10,760][Drone 2][INFO][ROS2][System Metrics Publisher] - System Metrics published
[2025-11-26 11:23:14,780][Drone 2][INFO][State Vector] - State Vector sent
[2025-11-26 11:23:20,249][Drone 2][INFO][ROS2][gRPC Metrics] - Metrics received from drone and forwarded to ROS2 publisher
[2025-11-26 11:23:20,760][Drone 2][INFO][ROS2][System Metrics Publisher] - System Metrics published
[2025-11-26 11:23:24,778][Drone 2][INFO][State Vector] - State Vector sent
[2025-11-26 11:23:30,282][Drone 2][INFO][ROS2][gRPC Metrics] - Metrics received from drone and forwarded to ROS2 publisher
[2025-11-26 11:23:30,760][Drone 2][INFO][ROS2][System Metrics Publisher] - System Metrics published
[2025-11-26 11:23:34,778][Drone 2][INFO][State Vector] - State Vector sent
[2025-11-26 11:23:40,315][Drone 2][INFO][ROS2][gRPC Metrics] - Metrics received from drone and forwarded to ROS2 publisher
[2025-11-26 11:23:40,760][Drone 2][INFO][ROS2][System Metrics Publisher] - System Metrics published
[2025-11-26 11:23:44,778][Drone 2][INFO][State Vector] - State Vector sent
[2025-11-26 11:23:50,348][Drone 2][INFO][ROS2][gRPC Metrics] - Metrics received from drone and forwarded to ROS2 publisher
[2025-11-26 11:23:50,761][Drone 2][INFO][ROS2][System Metrics Publisher] - System Metrics published
[2025-11-26 11:23:54,778][Drone 2][INFO][State Vector] - State Vector sent
[2025-11-26 11:24:00,381][Drone 2][INFO][ROS2][gRPC Metrics] - Metrics received from drone and forwarded to ROS2 publisher
[2025-11-26 11:24:00,760][Drone 2][INFO][ROS2][System Metrics Publisher] - System Metrics published
[2025-11-26 11:24:04,779][Drone 2][INFO][State Vector] - State Vector sent
[2025-11-26 11:24:10,418][Drone 2][INFO][ROS2][gRPC Metrics] - Metrics received from drone and forwarded to ROS2 publisher
[2025-11-26 11:24:10,760][Drone 2][INFO][ROS2][System Metrics Publisher] - System Metrics published
[2025-11-26 11:24:14,778][Drone 2][INFO][State Vector] - State Vector sent
[2025-11-26 11:24:20,452][Drone 2][INFO][ROS2][gRPC Metrics] - Metrics received from drone and forwarded to ROS2 publisher
[2025-11-26 11:24:20,760][Drone 2][INFO][ROS2][System Metrics Publisher] - System Metrics published
[2025-11-26 11:24:24,778][Drone 2][INFO][State Vector] - State Vector sent
[2025-11-26 11:24:30,484][Drone 2][INFO][ROS2][gRPC Metrics] - Metrics received from drone and forwarded to ROS2 publisher
[2025-11-26 11:24:30,760][Drone 2][INFO][ROS2][System Metrics Publisher] - System Metrics published
[2025-11-26 11:24:34,778][Drone 2][INFO][State Vector] - State Vector sent
[2025-11-26 11:24:40,517][Drone 2][INFO][ROS2][gRPC Metrics] - Metrics received from drone and forwarded to ROS2 publisher
[2025-11-26 11:24:40,760][Drone 2][INFO][ROS2][System Metrics Publisher] - System Metrics published
[2025-11-26 11:24:44,779][Drone 2][INFO][State Vector] - State Vector sent
[2025-11-26 11:24:50,551][Drone 2][INFO][ROS2][gRPC Metrics] - Metrics received from drone and forwarded to ROS2 publisher
[2025-11-26 11:24:50,760][Drone 2][INFO][ROS2][System Metrics Publisher] - System Metrics published
[2025-11-26 11:24:54,779][Drone 2][INFO][State Vector] - State Vector sent
[2025-11-26 11:25:00,589][Drone 2][INFO][ROS2][gRPC Metrics] - Metrics received from drone and forwarded to ROS2 publisher
[2025-11-26 11:25:00,760][Drone 2][INFO][ROS2][System Metrics Publisher] - System Metrics published
[2025-11-26 11:25:04,778][Drone 2][INFO][State Vector] - State Vector sent
[2025-11-26 11:25:10,621][Drone 2][INFO][ROS2][gRPC Metrics] - Metrics received from drone and forwarded to ROS2 publisher
[2025-11-26 11:25:10,760][Drone 2][INFO][ROS2][System Metrics Publisher] - System Metrics published
[2025-11-26 11:25:14,778][Drone 2][INFO][State Vector] - State Vector sent
[2025-11-26 11:25:20,654][Drone 2][INFO][ROS2][gRPC Metrics] - Metrics received from drone and forwarded to ROS2 publisher
[2025-11-26 11:25:20,760][Drone 2][INFO][ROS2][System Metrics Publisher] - System Metrics published
[2025-11-26 11:25:24,778][Drone 2][INFO][State Vector] - State Vector sent
[2025-11-26 11:25:30,687][Drone 2][INFO][ROS2][gRPC Metrics] - Metrics received from drone and forwarded to ROS2 publisher
[2025-11-26 11:25:30,760][Drone 2][INFO][ROS2][System Metrics Publisher] - System Metrics published
[2025-11-26 11:25:34,778][Drone 2][INFO][State Vector] - State Vector sent
[2025-11-26 11:25:40,720][Drone 2][INFO][ROS2][gRPC Metrics] - Metrics received from drone and forwarded to ROS2 publisher
[2025-11-26 11:25:40,760][Drone 2][INFO][ROS2][System Metrics Publisher] - System Metrics published
[2025-11-26 11:25:44,779][Drone 2][INFO][State Vector] - State Vector sent
[2025-11-26 11:25:50,755][Drone 2][INFO][ROS2][gRPC Metrics] - Metrics received from drone and forwarded to ROS2 publisher
[2025-11-26 11:25:50,761][Drone 2][INFO][ROS2][System Metrics Publisher] - System Metrics published
[2025-11-26 11:25:54,779][Drone 2][INFO][State Vector] - State Vector sent
[2025-11-26 11:26:00,788][Drone 2][INFO][ROS2][gRPC Metrics] - Metrics received from drone and forwarded to ROS2 publisher
[2025-11-26 11:26:01,760][Drone 2][INFO][ROS2][System Metrics Publisher] - System Metrics published
[2025-11-26 11:26:04,778][Drone 2][INFO][State Vector] - State Vector sent
[2025-11-26 11:26:10,821][Drone 2][INFO][ROS2][gRPC Metrics] - Metrics received from drone and forwarded to ROS2 publisher
[2025-11-26 11:26:11,761][Drone 2][INFO][ROS2][System Metrics Publisher] - System Metrics published
[2025-11-26 11:26:14,778][Drone 2][INFO][State Vector] - State Vector sent
[2025-11-26 11:26:20,854][Drone 2][INFO][ROS2][gRPC Metrics] - Metrics received from drone and forwarded to ROS2 publisher
[2025-11-26 11:26:21,761][Drone 2][INFO][ROS2][System Metrics Publisher] - System Metrics published
[2025-11-26 11:26:24,778][Drone 2][INFO][State Vector] - State Vector sent
[2025-11-26 11:26:30,887][Drone 2][INFO][ROS2][gRPC Metrics] - Metrics received from drone and forwarded to ROS2 publisher
[2025-11-26 11:26:31,760][Drone 2][INFO][ROS2][System Metrics Publisher] - System Metrics published
[2025-11-26 11:26:34,779][Drone 2][INFO][State Vector] - State Vector sent
[2025-11-26 11:26:40,920][Drone 2][INFO][ROS2][gRPC Metrics] - Metrics received from drone and forwarded to ROS2 publisher
[2025-11-26 11:26:41,760][Drone 2][INFO][ROS2][System Metrics Publisher] - System Metrics published
[2025-11-26 11:26:44,779][Drone 2][INFO][State Vector] - State Vector sent
[2025-11-26 11:26:50,974][Drone 2][INFO][ROS2][gRPC Metrics] - Metrics received from drone and forwarded to ROS2 publisher
[2025-11-26 11:26:51,761][Drone 2][INFO][ROS2][System Metrics Publisher] - System Metrics published
[2025-11-26 11:26:54,779][Drone 2][INFO][State Vector] - State Vector sent
[2025-11-26 11:27:01,015][Drone 2][INFO][ROS2][gRPC Metrics] - Metrics received from drone and forwarded to ROS2 publisher
[2025-11-26 11:27:01,761][Drone 2][INFO][ROS2][System Metrics Publisher] - System Metrics published
[2025-11-26 11:27:04,779][Drone 2][INFO][State Vector] - State Vector sent
[2025-11-26 11:27:11,053][Drone 2][INFO][ROS2][gRPC Metrics] - Metrics received from drone and forwarded to ROS2 publisher
[2025-11-26 11:27:11,760][Drone 2][INFO][ROS2][System Metrics Publisher] - System Metrics published
[2025-11-26 11:27:14,779][Drone 2][INFO][State Vector] - State Vector sent
[2025-11-26 11:27:21,086][Drone 2][INFO][ROS2][gRPC Metrics] - Metrics received from drone and forwarded to ROS2 publisher
[2025-11-26 11:27:21,760][Drone 2][INFO][ROS2][System Metrics Publisher] - System Metrics published
[2025-11-26 11:27:24,779][Drone 2][INFO][State Vector] - State Vector sent
[2025-11-26 11:27:31,120][Drone 2][INFO][ROS2][gRPC Metrics] - Metrics received from drone and forwarded to ROS2 publisher
[2025-11-26 11:27:31,760][Drone 2][INFO][ROS2][System Metrics Publisher] - System Metrics published
[2025-11-26 11:27:34,779][Drone 2][INFO][State Vector] - State Vector sent
[2025-11-26 11:27:41,153][Drone 2][INFO][ROS2][gRPC Metrics] - Metrics received from drone and forwarded to ROS2 publisher
[2025-11-26 11:27:41,760][Drone 2][INFO][ROS2][System Metrics Publisher] - System Metrics published
[2025-11-26 11:27:44,779][Drone 2][INFO][State Vector] - State Vector sent
[2025-11-26 11:27:51,188][Drone 2][INFO][ROS2][gRPC Metrics] - Metrics received from drone and forwarded to ROS2 publisher
[2025-11-26 11:27:51,761][Drone 2][INFO][ROS2][System Metrics Publisher] - System Metrics published
[2025-11-26 11:27:54,779][Drone 2][INFO][State Vector] - State Vector sent
[2025-11-26 11:28:01,221][Drone 2][INFO][ROS2][gRPC Metrics] - Metrics received from drone and forwarded to ROS2 publisher
[2025-11-26 11:28:01,760][Drone 2][INFO][ROS2][System Metrics Publisher] - System Metrics published
[2025-11-26 11:28:04,779][Drone 2][INFO][State Vector] - State Vector sent
[2025-11-26 11:28:11,257][Drone 2][INFO][ROS2][gRPC Metrics] - Metrics received from drone and forwarded to ROS2 publisher
[2025-11-26 11:28:11,761][Drone 2][INFO][ROS2][System Metrics Publisher] - System Metrics published
[2025-11-26 11:28:14,779][Drone 2][INFO][State Vector] - State Vector sent
[2025-11-26 11:28:21,295][Drone 2][INFO][ROS2][gRPC Metrics] - Metrics received from drone and forwarded to ROS2 publisher
[2025-11-26 11:28:21,760][Drone 2][INFO][ROS2][System Metrics Publisher] - System Metrics published
[2025-11-26 11:28:24,779][Drone 2][INFO][State Vector] - State Vector sent
[2025-11-26 11:28:31,333][Drone 2][INFO][ROS2][gRPC Metrics] - Metrics received from drone and forwarded to ROS2 publisher
[2025-11-26 11:28:31,760][Drone 2][INFO][ROS2][System Metrics Publisher] - System Metrics published
[2025-11-26 11:28:34,779][Drone 2][INFO][State Vector] - State Vector sent
[2025-11-26 11:28:41,370][Drone 2][INFO][ROS2][gRPC Metrics] - Metrics received from drone and forwarded to ROS2 publisher
[2025-11-26 11:28:41,760][Drone 2][INFO][ROS2][System Metrics Publisher] - System Metrics published
[2025-11-26 11:28:44,779][Drone 2][INFO][State Vector] - State Vector sent
[2025-11-26 11:28:51,405][Drone 2][INFO][ROS2][gRPC Metrics] - Metrics received from drone and forwarded to ROS2 publisher
[2025-11-26 11:28:51,761][Drone 2][INFO][ROS2][System Metrics Publisher] - System Metrics published
[2025-11-26 11:28:54,779][Drone 2][INFO][State Vector] - State Vector sent
[2025-11-26 11:29:01,442][Drone 2][INFO][ROS2][gRPC Metrics] - Metrics received from drone and forwarded to ROS2 publisher
[2025-11-26 11:29:01,760][Drone 2][INFO][ROS2][System Metrics Publisher] - System Metrics published
[2025-11-26 11:29:04,779][Drone 2][INFO][State Vector] - State Vector sent
[2025-11-26 11:29:11,478][Drone 2][INFO][ROS2][gRPC Metrics] - Metrics received from drone and forwarded to ROS2 publisher
[2025-11-26 11:29:11,761][Drone 2][INFO][ROS2][System Metrics Publisher] - System Metrics published
[2025-11-26 11:29:14,779][Drone 2][INFO][State Vector] - State Vector sent
[2025-11-26 11:29:21,515][Drone 2][INFO][ROS2][gRPC Metrics] - Metrics received from drone and forwarded to ROS2 publisher
[2025-11-26 11:29:21,760][Drone 2][INFO][ROS2][System Metrics Publisher] - System Metrics published
[2025-11-26 11:29:24,779][Drone 2][INFO][State Vector] - State Vector sent
[2025-11-26 11:29:31,553][Drone 2][INFO][ROS2][gRPC Metrics] - Metrics received from drone and forwarded to ROS2 publisher
[2025-11-26 11:29:31,760][Drone 2][INFO][ROS2][System Metrics Publisher] - System Metrics published
[2025-11-26 11:29:34,779][Drone 2][INFO][State Vector] - State Vector sent
[2025-11-26 11:29:41,586][Drone 2][INFO][ROS2][gRPC Metrics] - Metrics received from drone and forwarded to ROS2 publisher
[2025-11-26 11:29:41,760][Drone 2][INFO][ROS2][System Metrics Publisher] - System Metrics published
[2025-11-26 11:29:44,779][Drone 2][INFO][State Vector] - State Vector sent
[2025-11-26 11:29:51,619][Drone 2][INFO][ROS2][gRPC Metrics] - Metrics received from drone and forwarded to ROS2 publisher
[2025-11-26 11:29:51,761][Drone 2][INFO][ROS2][System Metrics Publisher] - System Metrics published
[2025-11-26 11:29:54,779][Drone 2][INFO][State Vector] - State Vector sent
[2025-11-26 11:30:01,656][Drone 2][INFO][ROS2][gRPC Metrics] - Metrics received from drone and forwarded to ROS2 publisher
[2025-11-26 11:30:01,760][Drone 2][INFO][ROS2][System Metrics Publisher] - System Metrics published
[2025-11-26 11:30:04,779][Drone 2][INFO][State Vector] - State Vector sent
[2025-11-26 11:30:11,689][Drone 2][INFO][ROS2][gRPC Metrics] - Metrics received from drone and forwarded to ROS2 publisher
[2025-11-26 11:30:11,760][Drone 2][INFO][ROS2][System Metrics Publisher] - System Metrics published
[2025-11-26 11:30:14,779][Drone 2][INFO][State Vector] - State Vector sent
[2025-11-26 11:30:21,723][Drone 2][INFO][ROS2][gRPC Metrics] - Metrics received from drone and forwarded to ROS2 publisher
[2025-11-26 11:30:21,760][Drone 2][INFO][ROS2][System Metrics Publisher] - System Metrics published
[2025-11-26 11:30:24,778][Drone 2][INFO][State Vector] - State Vector sent
[2025-11-26 11:30:31,762][Drone 2][INFO][ROS2][gRPC Metrics] - Metrics received from drone and forwarded to ROS2 publisher
[2025-11-26 11:30:32,760][Drone 2][INFO][ROS2][System Metrics Publisher] - System Metrics published
[2025-11-26 11:30:34,779][Drone 2][INFO][State Vector] - State Vector sent
[2025-11-26 11:30:41,795][Drone 2][INFO][ROS2][gRPC Metrics] - Metrics received from drone and forwarded to ROS2 publisher
[2025-11-26 11:30:42,760][Drone 2][INFO][ROS2][System Metrics Publisher] - System Metrics published
[2025-11-26 11:30:44,779][Drone 2][INFO][State Vector] - State Vector sent
[2025-11-26 11:30:51,828][Drone 2][INFO][ROS2][gRPC Metrics] - Metrics received from drone and forwarded to ROS2 publisher
[2025-11-26 11:30:52,760][Drone 2][INFO][ROS2][System Metrics Publisher] - System Metrics published
[2025-11-26 11:30:54,779][Drone 2][INFO][State Vector] - State Vector sent
[2025-11-26 11:31:01,869][Drone 2][INFO][ROS2][gRPC Metrics] - Metrics received from drone and forwarded to ROS2 publisher
[2025-11-26 11:31:02,761][Drone 2][INFO][ROS2][System Metrics Publisher] - System Metrics published
[2025-11-26 11:31:04,779][Drone 2][INFO][State Vector] - State Vector sent
[2025-11-26 11:31:11,903][Drone 2][INFO][ROS2][gRPC Metrics] - Metrics received from drone and forwarded to ROS2 publisher
[2025-11-26 11:31:12,760][Drone 2][INFO][ROS2][System Metrics Publisher] - System Metrics published
[2025-11-26 11:31:14,779][Drone 2][INFO][State Vector] - State Vector sent
[2025-11-26 11:31:21,936][Drone 2][INFO][ROS2][gRPC Metrics] - Metrics received from drone and forwarded to ROS2 publisher
[2025-11-26 11:31:22,760][Drone 2][INFO][ROS2][System Metrics Publisher] - System Metrics published
[2025-11-26 11:31:24,779][Drone 2][INFO][State Vector] - State Vector sent
[2025-11-26 11:31:31,969][Drone 2][INFO][ROS2][gRPC Metrics] - Metrics received from drone and forwarded to ROS2 publisher
[2025-11-26 11:31:32,760][Drone 2][INFO][ROS2][System Metrics Publisher] - System Metrics published
[2025-11-26 11:31:34,779][Drone 2][INFO][State Vector] - State Vector sent
[2025-11-26 11:31:42,005][Drone 2][INFO][ROS2][gRPC Metrics] - Metrics received from drone and forwarded to ROS2 publisher
[2025-11-26 11:31:42,760][Drone 2][INFO][ROS2][System Metrics Publisher] - System Metrics published
[2025-11-26 11:31:44,779][Drone 2][INFO][State Vector] - State Vector sent
[2025-11-26 11:31:52,043][Drone 2][INFO][ROS2][gRPC Metrics] - Metrics received from drone and forwarded to ROS2 publisher
[2025-11-26 11:31:52,760][Drone 2][INFO][ROS2][System Metrics Publisher] - System Metrics published
[2025-11-26 11:31:54,779][Drone 2][INFO][State Vector] - State Vector sent
[2025-11-26 11:32:02,076][Drone 2][INFO][ROS2][gRPC Metrics] - Metrics received from drone and forwarded to ROS2 publisher
[2025-11-26 11:32:02,760][Drone 2][INFO][ROS2][System Metrics Publisher] - System Metrics published
[2025-11-26 11:32:04,779][Drone 2][INFO][State Vector] - State Vector sent
[2025-11-26 11:32:12,112][Drone 2][INFO][ROS2][gRPC Metrics] - Metrics received from drone and forwarded to ROS2 publisher
[2025-11-26 11:32:12,761][Drone 2][INFO][ROS2][System Metrics Publisher] - System Metrics published
[2025-11-26 11:32:14,779][Drone 2][INFO][State Vector] - State Vector sent
[2025-11-26 11:32:22,149][Drone 2][INFO][ROS2][gRPC Metrics] - Metrics received from drone and forwarded to ROS2 publisher
[2025-11-26 11:32:22,760][Drone 2][INFO][ROS2][System Metrics Publisher] - System Metrics published
[2025-11-26 11:32:24,779][Drone 2][INFO][State Vector] - State Vector sent
[2025-11-26 11:32:32,185][Drone 2][INFO][ROS2][gRPC Metrics] - Metrics received from drone and forwarded to ROS2 publisher
[2025-11-26 11:32:32,760][Drone 2][INFO][ROS2][System Metrics Publisher] - System Metrics published
[2025-11-26 11:32:34,779][Drone 2][INFO][State Vector] - State Vector sent
[2025-11-26 11:32:42,219][Drone 2][INFO][ROS2][gRPC Metrics] - Metrics received from drone and forwarded to ROS2 publisher
[2025-11-26 11:32:42,760][Drone 2][INFO][ROS2][System Metrics Publisher] - System Metrics published
[2025-11-26 11:32:44,779][Drone 2][INFO][State Vector] - State Vector sent
[2025-11-26 11:32:52,257][Drone 2][INFO][ROS2][gRPC Metrics] - Metrics received from drone and forwarded to ROS2 publisher
[2025-11-26 11:32:52,760][Drone 2][INFO][ROS2][System Metrics Publisher] - System Metrics published
[2025-11-26 11:32:54,779][Drone 2][INFO][State Vector] - State Vector sent
[2025-11-26 11:33:02,292][Drone 2][INFO][ROS2][gRPC Metrics] - Metrics received from drone and forwarded to ROS2 publisher
[2025-11-26 11:33:02,760][Drone 2][INFO][ROS2][System Metrics Publisher] - System Metrics published
[2025-11-26 11:33:04,779][Drone 2][INFO][State Vector] - State Vector sent
[2025-11-26 11:33:12,329][Drone 2][INFO][ROS2][gRPC Metrics] - Metrics received from drone and forwarded to ROS2 publisher
[2025-11-26 11:33:12,760][Drone 2][INFO][ROS2][System Metrics Publisher] - System Metrics published
[2025-11-26 11:33:14,779][Drone 2][INFO][State Vector] - State Vector sent
[2025-11-26 11:33:22,364][Drone 2][INFO][ROS2][gRPC Metrics] - Metrics received from drone and forwarded to ROS2 publisher
[2025-11-26 11:33:22,760][Drone 2][INFO][ROS2][System Metrics Publisher] - System Metrics published
[2025-11-26 11:33:24,779][Drone 2][INFO][State Vector] - State Vector sent
[2025-11-26 11:33:32,400][Drone 2][INFO][ROS2][gRPC Metrics] - Metrics received from drone and forwarded to ROS2 publisher
[2025-11-26 11:33:32,760][Drone 2][INFO][ROS2][System Metrics Publisher] - System Metrics published
[2025-11-26 11:33:34,779][Drone 2][INFO][State Vector] - State Vector sent
[2025-11-26 11:33:42,435][Drone 2][INFO][ROS2][gRPC Metrics] - Metrics received from drone and forwarded to ROS2 publisher
[2025-11-26 11:33:42,760][Drone 2][INFO][ROS2][System Metrics Publisher] - System Metrics published
[2025-11-26 11:33:44,778][Drone 2][INFO][State Vector] - State Vector sent
[2025-11-26 11:33:52,473][Drone 2][INFO][ROS2][gRPC Metrics] - Metrics received from drone and forwarded to ROS2 publisher
[2025-11-26 11:33:52,760][Drone 2][INFO][ROS2][System Metrics Publisher] - System Metrics published
[2025-11-26 11:33:54,779][Drone 2][INFO][State Vector] - State Vector sent
[2025-11-26 11:34:02,507][Drone 2][INFO][ROS2][gRPC Metrics] - Metrics received from drone and forwarded to ROS2 publisher
[2025-11-26 11:34:02,760][Drone 2][INFO][ROS2][System Metrics Publisher] - System Metrics published
[2025-11-26 11:34:04,778][Drone 2][INFO][State Vector] - State Vector sent
[2025-11-26 11:34:12,545][Drone 2][INFO][ROS2][gRPC Metrics] - Metrics received from drone and forwarded to ROS2 publisher
[2025-11-26 11:34:12,760][Drone 2][INFO][ROS2][System Metrics Publisher] - System Metrics published
[2025-11-26 11:34:14,779][Drone 2][INFO][State Vector] - State Vector sent
[2025-11-26 11:34:22,583][Drone 2][INFO][ROS2][gRPC Metrics] - Metrics received from drone and forwarded to ROS2 publisher
[2025-11-26 11:34:22,760][Drone 2][INFO][ROS2][System Metrics Publisher] - System Metrics published
[2025-11-26 11:34:24,779][Drone 2][INFO][State Vector] - State Vector sent
[2025-11-26 11:34:32,619][Drone 2][INFO][ROS2][gRPC Metrics] - Metrics received from drone and forwarded to ROS2 publisher
[2025-11-26 11:34:32,760][Drone 2][INFO][ROS2][System Metrics Publisher] - System Metrics published
[2025-11-26 11:34:34,779][Drone 2][INFO][State Vector] - State Vector sent
[2025-11-26 11:34:42,657][Drone 2][INFO][ROS2][gRPC Metrics] - Metrics received from drone and forwarded to ROS2 publisher
[2025-11-26 11:34:42,760][Drone 2][INFO][ROS2][System Metrics Publisher] - System Metrics published
[2025-11-26 11:34:44,779][Drone 2][INFO][State Vector] - State Vector sent
[2025-11-26 11:34:52,698][Drone 2][INFO][ROS2][gRPC Metrics] - Metrics received from drone and forwarded to ROS2 publisher
[2025-11-26 11:34:52,760][Drone 2][INFO][ROS2][System Metrics Publisher] - System Metrics published
[2025-11-26 11:34:54,779][Drone 2][INFO][State Vector] - State Vector sent
[2025-11-26 11:35:02,734][Drone 2][INFO][ROS2][gRPC Metrics] - Metrics received from drone and forwarded to ROS2 publisher
[2025-11-26 11:35:02,760][Drone 2][INFO][ROS2][System Metrics Publisher] - System Metrics published
[2025-11-26 11:35:04,779][Drone 2][INFO][State Vector] - State Vector sent
[2025-11-26 11:35:12,770][Drone 2][INFO][ROS2][gRPC Metrics] - Metrics received from drone and forwarded to ROS2 publisher
[2025-11-26 11:35:13,760][Drone 2][INFO][ROS2][System Metrics Publisher] - System Metrics published
[2025-11-26 11:35:14,779][Drone 2][INFO][State Vector] - State Vector sent
[2025-11-26 11:35:22,806][Drone 2][INFO][ROS2][gRPC Metrics] - Metrics received from drone and forwarded to ROS2 publisher
[2025-11-26 11:35:23,761][Drone 2][INFO][ROS2][System Metrics Publisher] - System Metrics published
[2025-11-26 11:35:24,779][Drone 2][INFO][State Vector] - State Vector sent
[2025-11-26 11:35:32,844][Drone 2][INFO][ROS2][gRPC Metrics] - Metrics received from drone and forwarded to ROS2 publisher
[2025-11-26 11:35:33,761][Drone 2][INFO][ROS2][System Metrics Publisher] - System Metrics published
[2025-11-26 11:35:34,780][Drone 2][INFO][State Vector] - State Vector sent
[2025-11-26 11:35:42,882][Drone 2][INFO][ROS2][gRPC Metrics] - Metrics received from drone and forwarded to ROS2 publisher
[2025-11-26 11:35:43,760][Drone 2][INFO][ROS2][System Metrics Publisher] - System Metrics published
[2025-11-26 11:35:44,779][Drone 2][INFO][State Vector] - State Vector sent
[2025-11-26 11:35:52,918][Drone 2][INFO][ROS2][gRPC Metrics] - Metrics received from drone and forwarded to ROS2 publisher
[2025-11-26 11:35:53,760][Drone 2][INFO][ROS2][System Metrics Publisher] - System Metrics published
[2025-11-26 11:35:54,779][Drone 2][INFO][State Vector] - State Vector sent
[2025-11-26 11:36:02,955][Drone 2][INFO][ROS2][gRPC Metrics] - Metrics received from drone and forwarded to ROS2 publisher
[2025-11-26 11:36:03,760][Drone 2][INFO][ROS2][System Metrics Publisher] - System Metrics published
[2025-11-26 11:36:04,779][Drone 2][INFO][State Vector] - State Vector sent
[2025-11-26 11:36:12,992][Drone 2][INFO][ROS2][gRPC Metrics] - Metrics received from drone and forwarded to ROS2 publisher
[2025-11-26 11:36:13,761][Drone 2][INFO][ROS2][System Metrics Publisher] - System Metrics published
[2025-11-26 11:36:14,779][Drone 2][INFO][State Vector] - State Vector sent
[2025-11-26 11:36:23,030][Drone 2][INFO][ROS2][gRPC Metrics] - Metrics received from drone and forwarded to ROS2 publisher
[2025-11-26 11:36:23,760][Drone 2][INFO][ROS2][System Metrics Publisher] - System Metrics published
[2025-11-26 11:36:24,779][Drone 2][INFO][State Vector] - State Vector sent
[2025-11-26 11:36:33,082][Drone 2][INFO][ROS2][gRPC Metrics] - Metrics received from drone and forwarded to ROS2 publisher
[2025-11-26 11:36:33,761][Drone 2][INFO][ROS2][System Metrics Publisher] - System Metrics published
[2025-11-26 11:36:34,779][Drone 2][INFO][State Vector] - State Vector sent
[2025-11-26 11:36:43,120][Drone 2][INFO][ROS2][gRPC Metrics] - Metrics received from drone and forwarded to ROS2 publisher
[2025-11-26 11:36:43,761][Drone 2][INFO][ROS2][System Metrics Publisher] - System Metrics published
[2025-11-26 11:36:44,779][Drone 2][INFO][State Vector] - State Vector sent
[2025-11-26 11:36:53,159][Drone 2][INFO][ROS2][gRPC Metrics] - Metrics received from drone and forwarded to ROS2 publisher
[2025-11-26 11:36:53,760][Drone 2][INFO][ROS2][System Metrics Publisher] - System Metrics published
[2025-11-26 11:36:54,779][Drone 2][INFO][State Vector] - State Vector sent
[2025-11-26 11:37:03,196][Drone 2][INFO][ROS2][gRPC Metrics] - Metrics received from drone and forwarded to ROS2 publisher
[2025-11-26 11:37:03,761][Drone 2][INFO][ROS2][System Metrics Publisher] - System Metrics published
[2025-11-26 11:37:04,779][Drone 2][INFO][State Vector] - State Vector sent
[2025-11-26 11:37:13,229][Drone 2][INFO][ROS2][gRPC Metrics] - Metrics received from drone and forwarded to ROS2 publisher
[2025-11-26 11:37:13,760][Drone 2][INFO][ROS2][System Metrics Publisher] - System Metrics published
[2025-11-26 11:37:14,779][Drone 2][INFO][State Vector] - State Vector sent
[2025-11-26 11:37:23,268][Drone 2][INFO][ROS2][gRPC Metrics] - Metrics received from drone and forwarded to ROS2 publisher
[2025-11-26 11:37:23,760][Drone 2][INFO][ROS2][System Metrics Publisher] - System Metrics published
[2025-11-26 11:37:24,779][Drone 2][INFO][State Vector] - State Vector sent
[2025-11-26 11:37:33,301][Drone 2][INFO][ROS2][gRPC Metrics] - Metrics received from drone and forwarded to ROS2 publisher
[2025-11-26 11:37:33,760][Drone 2][INFO][ROS2][System Metrics Publisher] - System Metrics published
[2025-11-26 11:37:34,779][Drone 2][INFO][State Vector] - State Vector sent
[2025-11-26 11:37:43,334][Drone 2][INFO][ROS2][gRPC Metrics] - Metrics received from drone and forwarded to ROS2 publisher
[2025-11-26 11:37:43,760][Drone 2][INFO][ROS2][System Metrics Publisher] - System Metrics published
[2025-11-26 11:37:44,778][Drone 2][INFO][State Vector] - State Vector sent
[2025-11-26 11:37:53,369][Drone 2][INFO][ROS2][gRPC Metrics] - Metrics received from drone and forwarded to ROS2 publisher
[2025-11-26 11:37:53,760][Drone 2][INFO][ROS2][System Metrics Publisher] - System Metrics published
[2025-11-26 11:37:54,778][Drone 2][INFO][State Vector] - State Vector sent
[2025-11-26 11:38:03,402][Drone 2][INFO][ROS2][gRPC Metrics] - Metrics received from drone and forwarded to ROS2 publisher
[2025-11-26 11:38:03,760][Drone 2][INFO][ROS2][System Metrics Publisher] - System Metrics published
[2025-11-26 11:38:04,778][Drone 2][INFO][State Vector] - State Vector sent
[2025-11-26 11:38:13,439][Drone 2][INFO][ROS2][gRPC Metrics] - Metrics received from drone and forwarded to ROS2 publisher
[2025-11-26 11:38:13,760][Drone 2][INFO][ROS2][System Metrics Publisher] - System Metrics published
[2025-11-26 11:38:14,778][Drone 2][INFO][State Vector] - State Vector sent
[2025-11-26 11:38:23,475][Drone 2][INFO][ROS2][gRPC Metrics] - Metrics received from drone and forwarded to ROS2 publisher
[2025-11-26 11:38:23,760][Drone 2][INFO][ROS2][System Metrics Publisher] - System Metrics published
[2025-11-26 11:38:24,779][Drone 2][INFO][State Vector] - State Vector sent
[2025-11-26 11:38:33,509][Drone 2][INFO][ROS2][gRPC Metrics] - Metrics received from drone and forwarded to ROS2 publisher
[2025-11-26 11:38:33,760][Drone 2][INFO][ROS2][System Metrics Publisher] - System Metrics published
[2025-11-26 11:38:34,779][Drone 2][INFO][State Vector] - State Vector sent
[2025-11-26 11:38:43,547][Drone 2][INFO][ROS2][gRPC Metrics] - Metrics received from drone and forwarded to ROS2 publisher
[2025-11-26 11:38:43,760][Drone 2][INFO][ROS2][System Metrics Publisher] - System Metrics published
[2025-11-26 11:38:44,779][Drone 2][INFO][State Vector] - State Vector sent
[2025-11-26 11:38:53,581][Drone 2][INFO][ROS2][gRPC Metrics] - Metrics received from drone and forwarded to ROS2 publisher
[2025-11-26 11:38:53,760][Drone 2][INFO][ROS2][System Metrics Publisher] - System Metrics published
[2025-11-26 11:38:54,779][Drone 2][INFO][State Vector] - State Vector sent
[2025-11-26 11:39:03,613][Drone 2][INFO][ROS2][gRPC Metrics] - Metrics received from drone and forwarded to ROS2 publisher
[2025-11-26 11:39:03,760][Drone 2][INFO][ROS2][System Metrics Publisher] - System Metrics published
[2025-11-26 11:39:04,779][Drone 2][INFO][State Vector] - State Vector sent
[2025-11-26 11:39:13,647][Drone 2][INFO][ROS2][gRPC Metrics] - Metrics received from drone and forwarded to ROS2 publisher
[2025-11-26 11:39:13,761][Drone 2][INFO][ROS2][System Metrics Publisher] - System Metrics published
[2025-11-26 11:39:14,779][Drone 2][INFO][State Vector] - State Vector sent
[2025-11-26 11:39:23,681][Drone 2][INFO][ROS2][gRPC Metrics] - Metrics received from drone and forwarded to ROS2 publisher
[2025-11-26 11:39:23,761][Drone 2][INFO][ROS2][System Metrics Publisher] - System Metrics published
[2025-11-26 11:39:24,779][Drone 2][INFO][State Vector] - State Vector sent
[2025-11-26 11:39:33,718][Drone 2][INFO][ROS2][gRPC Metrics] - Metrics received from drone and forwarded to ROS2 publisher
[2025-11-26 11:39:33,760][Drone 2][INFO][ROS2][System Metrics Publisher] - System Metrics published
[2025-11-26 11:39:34,779][Drone 2][INFO][State Vector] - State Vector sent
[2025-11-26 11:39:43,755][Drone 2][INFO][ROS2][gRPC Metrics] - Metrics received from drone and forwarded to ROS2 publisher
[2025-11-26 11:39:43,761][Drone 2][INFO][ROS2][System Metrics Publisher] - System Metrics published
[2025-11-26 11:39:44,779][Drone 2][INFO][State Vector] - State Vector sent
[2025-11-26 11:39:53,793][Drone 2][INFO][ROS2][gRPC Metrics] - Metrics received from drone and forwarded to ROS2 publisher
[2025-11-26 11:39:54,760][Drone 2][INFO][ROS2][System Metrics Publisher] - System Metrics published
[2025-11-26 11:39:54,779][Drone 2][INFO][State Vector] - State Vector sent
[2025-11-26 11:40:03,830][Drone 2][INFO][ROS2][gRPC Metrics] - Metrics received from drone and forwarded to ROS2 publisher
[2025-11-26 11:40:04,761][Drone 2][INFO][ROS2][System Metrics Publisher] - System Metrics published
[2025-11-26 11:40:04,779][Drone 2][INFO][State Vector] - State Vector sent
[2025-11-26 11:40:13,866][Drone 2][INFO][ROS2][gRPC Metrics] - Metrics received from drone and forwarded to ROS2 publisher
[2025-11-26 11:40:14,760][Drone 2][INFO][ROS2][System Metrics Publisher] - System Metrics published
[2025-11-26 11:40:14,779][Drone 2][INFO][State Vector] - State Vector sent
[2025-11-26 11:40:16,477][Drone 2][INFO][ROS2][Commands Action Server] - Executing command sequence goal with 32 commands
[2025-11-26 11:40:16,478][Drone 2][INFO][ROS2][Commands Action Server] - Processing command 1/32: {"related_task": {"id": 4, "mission_id": 1}, "id": 47, "command_type": "NAV_TAKEOFF", "command_status": "NotStarted", "start_time": 47, "params": [0, 0, 40.209232, -3.465646]}
[2025-11-26 11:40:16,479][Drone 2][INFO][ROS2][gRPC Commands] - Sending command to commands processor
[2025-11-26 11:40:23,902][Drone 2][INFO][ROS2][gRPC Metrics] - Metrics received from drone and forwarded to ROS2 publisher
[2025-11-26 11:40:24,760][Drone 2][INFO][ROS2][System Metrics Publisher] - System Metrics published
[2025-11-26 11:40:24,779][Drone 2][INFO][State Vector] - State Vector sent
[2025-11-26 11:40:26,494][Drone 2][INFO][ROS2][gRPC Commands] - Feedback received from drone and sent to ROS2 server
[2025-11-26 11:40:26,497][Drone 2][INFO][ROS2][gRPC Commands] - ACK received from commands processor
[2025-11-26 11:40:26,497][Drone 2][INFO][ROS2][Commands Action Server] - Command feedback published: ['2', '1', '47', 'Takeoff successful']
[2025-11-26 11:40:27,498][Drone 2][INFO][ROS2][Commands Action Server] - Processing command 2/32: {"related_task": {"id": 4, "mission_id": 1}, "id": 48, "command_type": "NAV_WAYPOINT", "command_status": "NotStarted", "start_time": 48, "params": [0, 0, 0, 0, 40.209451, -3.465453, 0]}
[2025-11-26 11:40:27,499][Drone 2][INFO][ROS2][gRPC Commands] - Sending command to commands processor
[2025-11-26 11:40:33,935][Drone 2][INFO][ROS2][gRPC Metrics] - Metrics received from drone and forwarded to ROS2 publisher
[2025-11-26 11:40:34,760][Drone 2][INFO][ROS2][System Metrics Publisher] - System Metrics published
[2025-11-26 11:40:34,779][Drone 2][INFO][State Vector] - State Vector sent
[2025-11-26 11:40:37,529][Drone 2][INFO][ROS2][gRPC Commands] - Feedback received from drone and sent to ROS2 server
[2025-11-26 11:40:37,531][Drone 2][INFO][ROS2][gRPC Commands] - ACK received from commands processor
[2025-11-26 11:40:37,531][Drone 2][INFO][ROS2][Commands Action Server] - Command feedback published: ['2', '1', '48', 'WP reached']
[2025-11-26 11:40:38,532][Drone 2][INFO][ROS2][Commands Action Server] - Processing command 3/32: {"related_task": {"id": 5, "mission_id": 1}, "id": 49, "command_type": "NAV_WAYPOINT", "command_status": "NotStarted", "start_time": 49, "params": [0, 0, 0, 0, 40.209544, -3.465575, 0]}
[2025-11-26 11:40:38,533][Drone 2][INFO][ROS2][gRPC Commands] - Sending command to commands processor
[2025-11-26 11:40:43,968][Drone 2][INFO][ROS2][gRPC Metrics] - Metrics received from drone and forwarded to ROS2 publisher
[2025-11-26 11:40:44,761][Drone 2][INFO][ROS2][System Metrics Publisher] - System Metrics published
[2025-11-26 11:40:44,779][Drone 2][INFO][State Vector] - State Vector sent
[2025-11-26 11:40:48,544][Drone 2][INFO][ROS2][gRPC Commands] - Feedback received from drone and sent to ROS2 server
[2025-11-26 11:40:48,547][Drone 2][INFO][ROS2][gRPC Commands] - ACK received from commands processor
[2025-11-26 11:40:48,549][Drone 2][INFO][ROS2][Commands Action Server] - Command feedback published: ['2', '1', '49', 'WP reached']
[2025-11-26 11:40:49,550][Drone 2][INFO][ROS2][Commands Action Server] - Processing command 4/32: {"related_task": {"id": 5, "mission_id": 1}, "id": 50, "command_type": "SPRAY", "command_status": "NotStarted", "start_time": 50, "params": [["Grape_bunch"], [5.95], 40.209544, -3.465575, 0]}
[2025-11-26 11:40:49,550][Drone 2][INFO][ROS2][gRPC Commands] - Sending command to commands processor
[2025-11-26 11:40:54,005][Drone 2][INFO][ROS2][gRPC Metrics] - Metrics received from drone and forwarded to ROS2 publisher
[2025-11-26 11:40:54,761][Drone 2][INFO][ROS2][System Metrics Publisher] - System Metrics published
[2025-11-26 11:40:54,779][Drone 2][INFO][State Vector] - State Vector sent
[2025-11-26 11:40:59,576][Drone 2][INFO][ROS2][gRPC Commands] - Feedback received from drone and sent to ROS2 server
[2025-11-26 11:40:59,578][Drone 2][INFO][ROS2][gRPC Commands] - ACK received from commands processor
[2025-11-26 11:40:59,579][Drone 2][INFO][ROS2][Commands Action Server] - Command feedback published: ['2', '1', '50', "[['Grape_bunch'], [5.95]]"]
[2025-11-26 11:41:00,581][Drone 2][INFO][ROS2][Commands Action Server] - Processing command 5/32: {"related_task": {"id": 5, "mission_id": 1}, "id": 51, "command_type": "NAV_WAYPOINT", "command_status": "NotStarted", "start_time": 51, "params": [0, 0, 0, 0, 40.209544, -3.465821, 0]}
[2025-11-26 11:41:00,581][Drone 2][INFO][ROS2][gRPC Commands] - Sending command to commands processor
[2025-11-26 11:41:04,042][Drone 2][INFO][ROS2][gRPC Metrics] - Metrics received from drone and forwarded to ROS2 publisher
[2025-11-26 11:41:04,761][Drone 2][INFO][ROS2][System Metrics Publisher] - System Metrics published
[2025-11-26 11:41:04,779][Drone 2][INFO][State Vector] - State Vector sent
[2025-11-26 11:41:10,595][Drone 2][INFO][ROS2][gRPC Commands] - Feedback received from drone and sent to ROS2 server
[2025-11-26 11:41:10,597][Drone 2][INFO][ROS2][gRPC Commands] - ACK received from commands processor
[2025-11-26 11:41:10,598][Drone 2][INFO][ROS2][Commands Action Server] - Command feedback published: ['2', '1', '51', 'WP reached']
[2025-11-26 11:41:11,599][Drone 2][INFO][ROS2][Commands Action Server] - Processing command 6/32: {"related_task": {"id": 5, "mission_id": 1}, "id": 52, "command_type": "SPRAY", "command_status": "NotStarted", "start_time": 52, "params": [["Grape_bunch"], [5.95], 40.209544, -3.465821]}
[2025-11-26 11:41:11,599][Drone 2][INFO][ROS2][gRPC Commands] - Sending command to commands processor
[2025-11-26 11:41:14,079][Drone 2][INFO][ROS2][gRPC Metrics] - Metrics received from drone and forwarded to ROS2 publisher
[2025-11-26 11:41:14,761][Drone 2][INFO][ROS2][System Metrics Publisher] - System Metrics published
[2025-11-26 11:41:14,779][Drone 2][INFO][State Vector] - State Vector sent
[2025-11-26 11:41:21,616][Drone 2][INFO][ROS2][gRPC Commands] - Feedback received from drone and sent to ROS2 server
[2025-11-26 11:41:21,618][Drone 2][INFO][ROS2][gRPC Commands] - ACK received from commands processor
[2025-11-26 11:41:21,619][Drone 2][INFO][ROS2][Commands Action Server] - Command feedback published: ['2', '1', '52', "[['Grape_bunch'], [5.95]]"]
[2025-11-26 11:41:22,620][Drone 2][INFO][ROS2][Commands Action Server] - Processing command 7/32: {"related_task": {"id": 5, "mission_id": 1}, "id": 53, "command_type": "NAV_WAYPOINT", "command_status": "NotStarted", "start_time": 53, "params": [0, 0, 0, 0, 40.209544, -3.466066, 0]}
[2025-11-26 11:41:22,620][Drone 2][INFO][ROS2][gRPC Commands] - Sending command to commands processor
[2025-11-26 11:41:24,113][Drone 2][INFO][ROS2][gRPC Metrics] - Metrics received from drone and forwarded to ROS2 publisher
[2025-11-26 11:41:24,760][Drone 2][INFO][ROS2][System Metrics Publisher] - System Metrics published
[2025-11-26 11:41:24,779][Drone 2][INFO][State Vector] - State Vector sent
[2025-11-26 11:41:32,632][Drone 2][INFO][ROS2][gRPC Commands] - Feedback received from drone and sent to ROS2 server
[2025-11-26 11:41:32,634][Drone 2][INFO][ROS2][gRPC Commands] - ACK received from commands processor
[2025-11-26 11:41:32,635][Drone 2][INFO][ROS2][Commands Action Server] - Command feedback published: ['2', '1', '53', 'WP reached']
[2025-11-26 11:41:33,636][Drone 2][INFO][ROS2][Commands Action Server] - Processing command 8/32: {"related_task": {"id": 5, "mission_id": 1}, "id": 54, "command_type": "SPRAY", "command_status": "NotStarted", "start_time": 54, "params": [["Grape_bunch"], [5.95], 40.209544, -3.466066]}
[2025-11-26 11:41:33,636][Drone 2][INFO][ROS2][gRPC Commands] - Sending command to commands processor
[2025-11-26 11:41:34,150][Drone 2][INFO][ROS2][gRPC Metrics] - Metrics received from drone and forwarded to ROS2 publisher
[2025-11-26 11:41:34,760][Drone 2][INFO][ROS2][System Metrics Publisher] - System Metrics published
[2025-11-26 11:41:34,779][Drone 2][INFO][State Vector] - State Vector sent
[2025-11-26 11:41:43,652][Drone 2][INFO][ROS2][gRPC Commands] - Feedback received from drone and sent to ROS2 server
[2025-11-26 11:41:43,654][Drone 2][INFO][ROS2][gRPC Commands] - ACK received from commands processor
[2025-11-26 11:41:43,654][Drone 2][INFO][ROS2][Commands Action Server] - Command feedback published: ['2', '1', '54', "[['Grape_bunch'], [5.95]]"]
[2025-11-26 11:41:44,188][Drone 2][INFO][ROS2][gRPC Metrics] - Metrics received from drone and forwarded to ROS2 publisher
[2025-11-26 11:41:44,656][Drone 2][INFO][ROS2][Commands Action Server] - Processing command 9/32: {"related_task": {"id": 5, "mission_id": 1}, "id": 55, "command_type": "NAV_WAYPOINT", "command_status": "NotStarted", "start_time": 55, "params": [0, 0, 0, 0, 40.209544, -3.466312, 0]}
[2025-11-26 11:41:44,656][Drone 2][INFO][ROS2][gRPC Commands] - Sending command to commands processor
[2025-11-26 11:41:44,761][Drone 2][INFO][ROS2][System Metrics Publisher] - System Metrics published
[2025-11-26 11:41:44,779][Drone 2][INFO][State Vector] - State Vector sent
[2025-11-26 11:41:54,224][Drone 2][INFO][ROS2][gRPC Metrics] - Metrics received from drone and forwarded to ROS2 publisher
[2025-11-26 11:41:54,667][Drone 2][INFO][ROS2][gRPC Commands] - Feedback received from drone and sent to ROS2 server
[2025-11-26 11:41:54,669][Drone 2][INFO][ROS2][gRPC Commands] - ACK received from commands processor
[2025-11-26 11:41:54,670][Drone 2][INFO][ROS2][Commands Action Server] - Command feedback published: ['2', '1', '55', 'WP reached']
[2025-11-26 11:41:54,761][Drone 2][INFO][ROS2][System Metrics Publisher] - System Metrics published
[2025-11-26 11:41:54,779][Drone 2][INFO][State Vector] - State Vector sent
[2025-11-26 11:41:55,671][Drone 2][INFO][ROS2][Commands Action Server] - Processing command 10/32: {"related_task": {"id": 5, "mission_id": 1}, "id": 56, "command_type": "SPRAY", "command_status": "NotStarted", "start_time": 56, "params": [["Grape_bunch"], [3.95], 40.209544, -3.466312]}
[2025-11-26 11:41:55,672][Drone 2][INFO][ROS2][gRPC Commands] - Sending command to commands processor
[2025-11-26 11:42:04,261][Drone 2][INFO][ROS2][gRPC Metrics] - Metrics received from drone and forwarded to ROS2 publisher
[2025-11-26 11:42:04,760][Drone 2][INFO][ROS2][System Metrics Publisher] - System Metrics published
[2025-11-26 11:42:04,779][Drone 2][INFO][State Vector] - State Vector sent
[2025-11-26 11:42:05,690][Drone 2][INFO][ROS2][gRPC Commands] - Feedback received from drone and sent to ROS2 server
[2025-11-26 11:42:05,692][Drone 2][INFO][ROS2][gRPC Commands] - ACK received from commands processor
[2025-11-26 11:42:05,693][Drone 2][INFO][ROS2][Commands Action Server] - Command feedback published: ['2', '1', '56', "[['Grape_bunch'], [3.95]]"]
[2025-11-26 11:42:06,695][Drone 2][INFO][ROS2][Commands Action Server] - Processing command 11/32: {"related_task": {"id": 5, "mission_id": 1}, "id": 57, "command_type": "NAV_WAYPOINT", "command_status": "NotStarted", "start_time": 57, "params": [0, 0, 0, 0, 40.209544, -3.466557, 0]}
[2025-11-26 11:42:06,695][Drone 2][INFO][ROS2][gRPC Commands] - Sending command to commands processor
[2025-11-26 11:42:14,297][Drone 2][INFO][ROS2][gRPC Metrics] - Metrics received from drone and forwarded to ROS2 publisher
[2025-11-26 11:42:14,760][Drone 2][INFO][ROS2][System Metrics Publisher] - System Metrics published
[2025-11-26 11:42:14,779][Drone 2][INFO][State Vector] - State Vector sent
[2025-11-26 11:42:16,710][Drone 2][INFO][ROS2][gRPC Commands] - Feedback received from drone and sent to ROS2 server
[2025-11-26 11:42:16,712][Drone 2][INFO][ROS2][gRPC Commands] - ACK received from commands processor
[2025-11-26 11:42:16,713][Drone 2][INFO][ROS2][Commands Action Server] - Command feedback published: ['2', '1', '57', 'WP reached']
[2025-11-26 11:42:17,714][Drone 2][INFO][ROS2][Commands Action Server] - Processing command 12/32: {"related_task": {"id": 5, "mission_id": 1}, "id": 58, "command_type": "SPRAY", "command_status": "NotStarted", "start_time": 58, "params": [["Grape_bunch"], [7.95], 40.209544, -3.466557]}
[2025-11-26 11:42:17,715][Drone 2][INFO][ROS2][gRPC Commands] - Sending command to commands processor
[2025-11-26 11:42:24,434][Drone 2][INFO][ROS2][gRPC Metrics] - Metrics received from drone and forwarded to ROS2 publisher
[2025-11-26 11:42:24,760][Drone 2][INFO][ROS2][System Metrics Publisher] - System Metrics published
[2025-11-26 11:42:24,779][Drone 2][INFO][State Vector] - State Vector sent
[2025-11-26 11:42:27,768][Drone 2][INFO][ROS2][gRPC Commands] - Feedback received from drone and sent to ROS2 server
[2025-11-26 11:42:27,771][Drone 2][INFO][ROS2][gRPC Commands] - ACK received from commands processor
[2025-11-26 11:42:27,772][Drone 2][INFO][ROS2][Commands Action Server] - Command feedback published: ['2', '1', '58', "[['Grape_bunch'], [7.95]]"]
[2025-11-26 11:42:28,773][Drone 2][INFO][ROS2][Commands Action Server] - Processing command 13/32: {"related_task": {"id": 5, "mission_id": 1}, "id": 59, "command_type": "NAV_WAYPOINT", "command_status": "NotStarted", "start_time": 59, "params": [0, 0, 0, 0, 40.209544, -3.466803, 0]}
[2025-11-26 11:42:28,773][Drone 2][INFO][ROS2][gRPC Commands] - Sending command to commands processor
[2025-11-26 11:42:34,471][Drone 2][INFO][ROS2][gRPC Metrics] - Metrics received from drone and forwarded to ROS2 publisher
[2025-11-26 11:42:34,760][Drone 2][INFO][ROS2][System Metrics Publisher] - System Metrics published
[2025-11-26 11:42:34,779][Drone 2][INFO][State Vector] - State Vector sent
[2025-11-26 11:42:38,833][Drone 2][INFO][ROS2][gRPC Commands] - Feedback received from drone and sent to ROS2 server
[2025-11-26 11:42:38,835][Drone 2][INFO][ROS2][gRPC Commands] - ACK received from commands processor
[2025-11-26 11:42:38,835][Drone 2][INFO][ROS2][Commands Action Server] - Command feedback published: ['2', '1', '59', 'WP reached']
[2025-11-26 11:42:39,836][Drone 2][INFO][ROS2][Commands Action Server] - Processing command 14/32: {"related_task": {"id": 5, "mission_id": 1}, "id": 60, "command_type": "SPRAY", "command_status": "NotStarted", "start_time": 60, "params": [["Grape_bunch"], [1.95], 40.209544, -3.466803]}
[2025-11-26 11:42:39,837][Drone 2][INFO][ROS2][gRPC Commands] - Sending command to commands processor
[2025-11-26 11:42:44,507][Drone 2][INFO][ROS2][gRPC Metrics] - Metrics received from drone and forwarded to ROS2 publisher
[2025-11-26 11:42:44,761][Drone 2][INFO][ROS2][System Metrics Publisher] - System Metrics published
[2025-11-26 11:42:44,779][Drone 2][INFO][State Vector] - State Vector sent
[2025-11-26 11:42:49,882][Drone 2][INFO][ROS2][gRPC Commands] - Feedback received from drone and sent to ROS2 server
[2025-11-26 11:42:49,885][Drone 2][INFO][ROS2][gRPC Commands] - ACK received from commands processor
[2025-11-26 11:42:49,885][Drone 2][INFO][ROS2][Commands Action Server] - Command feedback published: ['2', '1', '60', "[['Grape_bunch'], [1.95]]"]
[2025-11-26 11:42:50,886][Drone 2][INFO][ROS2][Commands Action Server] - Processing command 15/32: {"related_task": {"id": 5, "mission_id": 1}, "id": 61, "command_type": "NAV_WAYPOINT", "command_status": "NotStarted", "start_time": 61, "params": [0, 0, 0, 0, 40.209544, -3.467048, 0]}
[2025-11-26 11:42:50,887][Drone 2][INFO][ROS2][gRPC Commands] - Sending command to commands processor
[2025-11-26 11:42:54,540][Drone 2][INFO][ROS2][gRPC Metrics] - Metrics received from drone and forwarded to ROS2 publisher
[2025-11-26 11:42:54,760][Drone 2][INFO][ROS2][System Metrics Publisher] - System Metrics published
[2025-11-26 11:42:54,779][Drone 2][INFO][State Vector] - State Vector sent
[2025-11-26 11:43:04,578][Drone 2][INFO][ROS2][gRPC Metrics] - Metrics received from drone and forwarded to ROS2 publisher
[2025-11-26 11:43:04,760][Drone 2][INFO][ROS2][System Metrics Publisher] - System Metrics published
[2025-11-26 11:43:04,779][Drone 2][INFO][State Vector] - State Vector sent
[2025-11-26 11:43:04,977][Drone 2][INFO][ROS2][gRPC Commands] - Feedback received from drone and sent to ROS2 server
[2025-11-26 11:43:04,980][Drone 2][INFO][ROS2][gRPC Commands] - ACK received from commands processor
[2025-11-26 11:43:04,980][Drone 2][INFO][ROS2][Commands Action Server] - Command feedback published: ['2', '1', '61', 'WP reached']
[2025-11-26 11:43:05,981][Drone 2][INFO][ROS2][Commands Action Server] - Processing command 16/32: {"related_task": {"id": 5, "mission_id": 1}, "id": 62, "command_type": "SPRAY", "command_status": "NotStarted", "start_time": 62, "params": [["Grape_bunch"], [5.95], 40.209544, -3.467048]}
[2025-11-26 11:43:05,982][Drone 2][INFO][ROS2][gRPC Commands] - Sending command to commands processor
[2025-11-26 11:43:14,615][Drone 2][INFO][ROS2][gRPC Metrics] - Metrics received from drone and forwarded to ROS2 publisher
[2025-11-26 11:43:14,760][Drone 2][INFO][ROS2][System Metrics Publisher] - System Metrics published
[2025-11-26 11:43:14,779][Drone 2][INFO][State Vector] - State Vector sent
[2025-11-26 11:43:16,025][Drone 2][INFO][ROS2][gRPC Commands] - Feedback received from drone and sent to ROS2 server
[2025-11-26 11:43:16,027][Drone 2][INFO][ROS2][gRPC Commands] - ACK received from commands processor
[2025-11-26 11:43:16,028][Drone 2][INFO][ROS2][Commands Action Server] - Command feedback published: ['2', '1', '62', "[['Grape_bunch'], [5.95]]"]
[2025-11-26 11:43:17,029][Drone 2][INFO][ROS2][Commands Action Server] - Processing command 17/32: {"related_task": {"id": 5, "mission_id": 1}, "id": 63, "command_type": "NAV_WAYPOINT", "command_status": "NotStarted", "start_time": 63, "params": [0, 0, 0, 0, 40.20973, -3.467048, 0]}
[2025-11-26 11:43:17,029][Drone 2][INFO][ROS2][gRPC Commands] - Sending command to commands processor
[2025-11-26 11:43:24,652][Drone 2][INFO][ROS2][gRPC Metrics] - Metrics received from drone and forwarded to ROS2 publisher
[2025-11-26 11:43:24,760][Drone 2][INFO][ROS2][System Metrics Publisher] - System Metrics published
[2025-11-26 11:43:24,779][Drone 2][INFO][State Vector] - State Vector sent
[2025-11-26 11:43:27,046][Drone 2][INFO][ROS2][gRPC Commands] - Feedback received from drone and sent to ROS2 server
[2025-11-26 11:43:27,049][Drone 2][INFO][ROS2][gRPC Commands] - ACK received from commands processor
[2025-11-26 11:43:27,050][Drone 2][INFO][ROS2][Commands Action Server] - Command feedback published: ['2', '1', '63', 'WP reached']
[2025-11-26 11:43:28,051][Drone 2][INFO][ROS2][Commands Action Server] - Processing command 18/32: {"related_task": {"id": 5, "mission_id": 1}, "id": 64, "command_type": "SPRAY", "command_status": "NotStarted", "start_time": 64, "params": [["Grape_bunch"], [7.95], 40.20973, -3.467048]}
[2025-11-26 11:43:28,051][Drone 2][INFO][ROS2][gRPC Commands] - Sending command to commands processor
[2025-11-26 11:43:34,688][Drone 2][INFO][ROS2][gRPC Metrics] - Metrics received from drone and forwarded to ROS2 publisher
[2025-11-26 11:43:34,760][Drone 2][INFO][ROS2][System Metrics Publisher] - System Metrics published
[2025-11-26 11:43:34,779][Drone 2][INFO][State Vector] - State Vector sent
[2025-11-26 11:43:38,061][Drone 2][INFO][ROS2][gRPC Commands] - Feedback received from drone and sent to ROS2 server
[2025-11-26 11:43:38,063][Drone 2][INFO][ROS2][gRPC Commands] - ACK received from commands processor
[2025-11-26 11:43:38,064][Drone 2][INFO][ROS2][Commands Action Server] - Command feedback published: ['2', '1', '64', "[['Grape_bunch'], [7.95]]"]
[2025-11-26 11:43:39,065][Drone 2][INFO][ROS2][Commands Action Server] - Processing command 19/32: {"related_task": {"id": 5, "mission_id": 1}, "id": 65, "command_type": "NAV_WAYPOINT", "command_status": "NotStarted", "start_time": 65, "params": [0, 0, 0, 0, 40.20973, -3.466803, 0]}
[2025-11-26 11:43:39,065][Drone 2][INFO][ROS2][gRPC Commands] - Sending command to commands processor
[2025-11-26 11:43:44,725][Drone 2][INFO][ROS2][gRPC Metrics] - Metrics received from drone and forwarded to ROS2 publisher
[2025-11-26 11:43:44,761][Drone 2][INFO][ROS2][System Metrics Publisher] - System Metrics published
[2025-11-26 11:43:44,779][Drone 2][INFO][State Vector] - State Vector sent
[2025-11-26 11:43:49,089][Drone 2][INFO][ROS2][gRPC Commands] - Feedback received from drone and sent to ROS2 server
[2025-11-26 11:43:49,091][Drone 2][INFO][ROS2][gRPC Commands] - ACK received from commands processor
[2025-11-26 11:43:49,092][Drone 2][INFO][ROS2][Commands Action Server] - Command feedback published: ['2', '1', '65', 'WP reached']
[2025-11-26 11:43:50,093][Drone 2][INFO][ROS2][Commands Action Server] - Processing command 20/32: {"related_task": {"id": 5, "mission_id": 1}, "id": 66, "command_type": "SPRAY", "command_status": "NotStarted", "start_time": 66, "params": [["Grape_bunch"], [1.95], 40.20973, -3.466803]}
[2025-11-26 11:43:50,094][Drone 2][INFO][ROS2][gRPC Commands] - Sending command to commands processor
[2025-11-26 11:43:54,765][Drone 2][INFO][ROS2][gRPC Metrics] - Metrics received from drone and forwarded to ROS2 publisher
[2025-11-26 11:43:54,779][Drone 2][INFO][State Vector] - State Vector sent
[2025-11-26 11:43:55,762][Drone 2][INFO][ROS2][System Metrics Publisher] - System Metrics published
[2025-11-26 11:44:00,109][Drone 2][INFO][ROS2][gRPC Commands] - Feedback received from drone and sent to ROS2 server
[2025-11-26 11:44:00,111][Drone 2][INFO][ROS2][gRPC Commands] - ACK received from commands processor
[2025-11-26 11:44:00,112][Drone 2][INFO][ROS2][Commands Action Server] - Command feedback published: ['2', '1', '66', "[['Grape_bunch'], [1.95]]"]
[2025-11-26 11:44:01,114][Drone 2][INFO][ROS2][Commands Action Server] - Processing command 21/32: {"related_task": {"id": 5, "mission_id": 1}, "id": 67, "command_type": "NAV_WAYPOINT", "command_status": "NotStarted", "start_time": 67, "params": [0, 0, 0, 0, 40.20973, -3.466557, 0]}
[2025-11-26 11:44:01,114][Drone 2][INFO][ROS2][gRPC Commands] - Sending command to commands processor
[2025-11-26 11:44:04,779][Drone 2][INFO][State Vector] - State Vector sent
[2025-11-26 11:44:04,800][Drone 2][INFO][ROS2][gRPC Metrics] - Metrics received from drone and forwarded to ROS2 publisher
[2025-11-26 11:44:05,761][Drone 2][INFO][ROS2][System Metrics Publisher] - System Metrics published
[2025-11-26 11:44:11,126][Drone 2][INFO][ROS2][gRPC Commands] - Feedback received from drone and sent to ROS2 server
[2025-11-26 11:44:11,128][Drone 2][INFO][ROS2][gRPC Commands] - ACK received from commands processor
[2025-11-26 11:44:11,129][Drone 2][INFO][ROS2][Commands Action Server] - Command feedback published: ['2', '1', '67', 'WP reached']
[2025-11-26 11:44:12,130][Drone 2][INFO][ROS2][Commands Action Server] - Processing command 22/32: {"related_task": {"id": 5, "mission_id": 1}, "id": 68, "command_type": "SPRAY", "command_status": "NotStarted", "start_time": 68, "params": [["Grape_bunch"], [3.95], 40.20973, -3.466557]}
[2025-11-26 11:44:12,131][Drone 2][INFO][ROS2][gRPC Commands] - Sending command to commands processor
[2025-11-26 11:44:14,779][Drone 2][INFO][State Vector] - State Vector sent
[2025-11-26 11:44:14,833][Drone 2][INFO][ROS2][gRPC Metrics] - Metrics received from drone and forwarded to ROS2 publisher
[2025-11-26 11:44:15,761][Drone 2][INFO][ROS2][System Metrics Publisher] - System Metrics published
[2025-11-26 11:44:22,144][Drone 2][INFO][ROS2][gRPC Commands] - Feedback received from drone and sent to ROS2 server
[2025-11-26 11:44:22,149][Drone 2][INFO][ROS2][gRPC Commands] - ACK received from commands processor
[2025-11-26 11:44:22,149][Drone 2][INFO][ROS2][Commands Action Server] - Command feedback published: ['2', '1', '68', "[['Grape_bunch'], [3.95]]"]
[2025-11-26 11:44:23,150][Drone 2][INFO][ROS2][Commands Action Server] - Processing command 23/32: {"related_task": {"id": 5, "mission_id": 1}, "id": 69, "command_type": "NAV_WAYPOINT", "command_status": "NotStarted", "start_time": 69, "params": [0, 0, 0, 0, 40.20973, -3.466312, 0]}
[2025-11-26 11:44:23,150][Drone 2][INFO][ROS2][gRPC Commands] - Sending command to commands processor
[2025-11-26 11:44:24,779][Drone 2][INFO][State Vector] - State Vector sent
[2025-11-26 11:44:24,870][Drone 2][INFO][ROS2][gRPC Metrics] - Metrics received from drone and forwarded to ROS2 publisher
[2025-11-26 11:44:25,761][Drone 2][INFO][ROS2][System Metrics Publisher] - System Metrics published
[2025-11-26 11:44:33,165][Drone 2][INFO][ROS2][gRPC Commands] - Feedback received from drone and sent to ROS2 server
[2025-11-26 11:44:33,167][Drone 2][INFO][ROS2][gRPC Commands] - ACK received from commands processor
[2025-11-26 11:44:33,168][Drone 2][INFO][ROS2][Commands Action Server] - Command feedback published: ['2', '1', '69', 'WP reached']
[2025-11-26 11:44:34,169][Drone 2][INFO][ROS2][Commands Action Server] - Processing command 24/32: {"related_task": {"id": 5, "mission_id": 1}, "id": 70, "command_type": "SPRAY", "command_status": "NotStarted", "start_time": 70, "params": [["Grape_bunch"], [7.95], 40.20973, -3.466312]}
[2025-11-26 11:44:34,170][Drone 2][INFO][ROS2][gRPC Commands] - Sending command to commands processor
[2025-11-26 11:44:34,779][Drone 2][INFO][State Vector] - State Vector sent
[2025-11-26 11:44:34,912][Drone 2][INFO][ROS2][gRPC Metrics] - Metrics received from drone and forwarded to ROS2 publisher
[2025-11-26 11:44:35,761][Drone 2][INFO][ROS2][System Metrics Publisher] - System Metrics published
[2025-11-26 11:44:44,181][Drone 2][INFO][ROS2][gRPC Commands] - Feedback received from drone and sent to ROS2 server
[2025-11-26 11:44:44,183][Drone 2][INFO][ROS2][gRPC Commands] - ACK received from commands processor
[2025-11-26 11:44:44,184][Drone 2][INFO][ROS2][Commands Action Server] - Command feedback published: ['2', '1', '70', "[['Grape_bunch'], [7.95]]"]
[2025-11-26 11:44:44,779][Drone 2][INFO][State Vector] - State Vector sent
[2025-11-26 11:44:44,951][Drone 2][INFO][ROS2][gRPC Metrics] - Metrics received from drone and forwarded to ROS2 publisher
[2025-11-26 11:44:45,185][Drone 2][INFO][ROS2][Commands Action Server] - Processing command 25/32: {"related_task": {"id": 5, "mission_id": 1}, "id": 71, "command_type": "NAV_WAYPOINT", "command_status": "NotStarted", "start_time": 71, "params": [0, 0, 0, 0, 40.20973, -3.466066, 0]}
[2025-11-26 11:44:45,186][Drone 2][INFO][ROS2][gRPC Commands] - Sending command to commands processor
[2025-11-26 11:44:45,761][Drone 2][INFO][ROS2][System Metrics Publisher] - System Metrics published
[2025-11-26 11:44:54,779][Drone 2][INFO][State Vector] - State Vector sent
[2025-11-26 11:44:54,988][Drone 2][INFO][ROS2][gRPC Metrics] - Metrics received from drone and forwarded to ROS2 publisher
[2025-11-26 11:44:55,197][Drone 2][INFO][ROS2][gRPC Commands] - Feedback received from drone and sent to ROS2 server
[2025-11-26 11:44:55,200][Drone 2][INFO][ROS2][gRPC Commands] - ACK received from commands processor
[2025-11-26 11:44:55,200][Drone 2][INFO][ROS2][Commands Action Server] - Command feedback published: ['2', '1', '71', 'WP reached']
[2025-11-26 11:44:55,760][Drone 2][INFO][ROS2][System Metrics Publisher] - System Metrics published
[2025-11-26 11:44:56,201][Drone 2][INFO][ROS2][Commands Action Server] - Processing command 26/32: {"related_task": {"id": 5, "mission_id": 1}, "id": 72, "command_type": "SPRAY", "command_status": "NotStarted", "start_time": 72, "params": [["Grape_bunch"], [9.95], 40.20973, -3.466066]}
[2025-11-26 11:44:56,202][Drone 2][INFO][ROS2][gRPC Commands] - Sending command to commands processor
[2025-11-26 11:45:04,779][Drone 2][INFO][State Vector] - State Vector sent
[2025-11-26 11:45:05,025][Drone 2][INFO][ROS2][gRPC Metrics] - Metrics received from drone and forwarded to ROS2 publisher
[2025-11-26 11:45:05,760][Drone 2][INFO][ROS2][System Metrics Publisher] - System Metrics published
[2025-11-26 11:45:06,236][Drone 2][INFO][ROS2][gRPC Commands] - Feedback received from drone and sent to ROS2 server
[2025-11-26 11:45:06,240][Drone 2][INFO][ROS2][gRPC Commands] - ACK received from commands processor
[2025-11-26 11:45:06,241][Drone 2][INFO][ROS2][Commands Action Server] - Command feedback published: ['2', '1', '72', "[['Grape_bunch'], [9.95]]"]
[2025-11-26 11:45:07,242][Drone 2][INFO][ROS2][Commands Action Server] - Processing command 27/32: {"related_task": {"id": 5, "mission_id": 1}, "id": 73, "command_type": "NAV_WAYPOINT", "command_status": "NotStarted", "start_time": 73, "params": [0, 0, 0, 0, 40.20973, -3.465821, 0]}
[2025-11-26 11:45:07,243][Drone 2][INFO][ROS2][gRPC Commands] - Sending command to commands processor
[2025-11-26 11:45:14,779][Drone 2][INFO][State Vector] - State Vector sent
[2025-11-26 11:45:15,062][Drone 2][INFO][ROS2][gRPC Metrics] - Metrics received from drone and forwarded to ROS2 publisher
[2025-11-26 11:45:15,761][Drone 2][INFO][ROS2][System Metrics Publisher] - System Metrics published
[2025-11-26 11:45:17,254][Drone 2][INFO][ROS2][gRPC Commands] - Feedback received from drone and sent to ROS2 server
[2025-11-26 11:45:17,257][Drone 2][INFO][ROS2][gRPC Commands] - ACK received from commands processor
[2025-11-26 11:45:17,258][Drone 2][INFO][ROS2][Commands Action Server] - Command feedback published: ['2', '1', '73', 'WP reached']
[2025-11-26 11:45:18,259][Drone 2][INFO][ROS2][Commands Action Server] - Processing command 28/32: {"related_task": {"id": 5, "mission_id": 1}, "id": 74, "command_type": "SPRAY", "command_status": "NotStarted", "start_time": 74, "params": [["Grape_bunch"], [3.95], 40.20973, -3.465821]}
[2025-11-26 11:45:18,259][Drone 2][INFO][ROS2][gRPC Commands] - Sending command to commands processor
[2025-11-26 11:45:24,779][Drone 2][INFO][State Vector] - State Vector sent
[2025-11-26 11:45:25,100][Drone 2][INFO][ROS2][gRPC Metrics] - Metrics received from drone and forwarded to ROS2 publisher
[2025-11-26 11:45:25,760][Drone 2][INFO][ROS2][System Metrics Publisher] - System Metrics published
[2025-11-26 11:45:28,273][Drone 2][INFO][ROS2][gRPC Commands] - Feedback received from drone and sent to ROS2 server
[2025-11-26 11:45:28,276][Drone 2][INFO][ROS2][gRPC Commands] - ACK received from commands processor
[2025-11-26 11:45:28,276][Drone 2][INFO][ROS2][Commands Action Server] - Command feedback published: ['2', '1', '74', "[['Grape_bunch'], [3.95]]"]
[2025-11-26 11:45:29,277][Drone 2][INFO][ROS2][Commands Action Server] - Processing command 29/32: {"related_task": {"id": 5, "mission_id": 1}, "id": 75, "command_type": "NAV_WAYPOINT", "command_status": "NotStarted", "start_time": 75, "params": [0, 0, 0, 0, 40.20973, -3.465575, 0]}
[2025-11-26 11:45:29,278][Drone 2][INFO][ROS2][gRPC Commands] - Sending command to commands processor
[2025-11-26 11:45:34,779][Drone 2][INFO][State Vector] - State Vector sent
[2025-11-26 11:45:35,138][Drone 2][INFO][ROS2][gRPC Metrics] - Metrics received from drone and forwarded to ROS2 publisher
[2025-11-26 11:45:35,760][Drone 2][INFO][ROS2][System Metrics Publisher] - System Metrics published
[2025-11-26 11:45:39,294][Drone 2][INFO][ROS2][gRPC Commands] - Feedback received from drone and sent to ROS2 server
[2025-11-26 11:45:39,296][Drone 2][INFO][ROS2][gRPC Commands] - ACK received from commands processor
[2025-11-26 11:45:39,296][Drone 2][INFO][ROS2][Commands Action Server] - Command feedback published: ['2', '1', '75', 'WP reached']
[2025-11-26 11:45:40,297][Drone 2][INFO][ROS2][Commands Action Server] - Processing command 30/32: {"related_task": {"id": 5, "mission_id": 1}, "id": 76, "command_type": "SPRAY", "command_status": "NotStarted", "start_time": 76, "params": [["Grape_bunch"], [3.95], 40.20973, -3.465575]}
[2025-11-26 11:45:40,298][Drone 2][INFO][ROS2][gRPC Commands] - Sending command to commands processor
[2025-11-26 11:45:44,779][Drone 2][INFO][State Vector] - State Vector sent
[2025-11-26 11:45:45,176][Drone 2][INFO][ROS2][gRPC Metrics] - Metrics received from drone and forwarded to ROS2 publisher
[2025-11-26 11:45:45,761][Drone 2][INFO][ROS2][System Metrics Publisher] - System Metrics published
[2025-11-26 11:45:50,313][Drone 2][INFO][ROS2][gRPC Commands] - Feedback received from drone and sent to ROS2 server
[2025-11-26 11:45:50,315][Drone 2][INFO][ROS2][gRPC Commands] - ACK received from commands processor
[2025-11-26 11:45:50,315][Drone 2][INFO][ROS2][Commands Action Server] - Command feedback published: ['2', '1', '76', "[['Grape_bunch'], [3.95]]"]
[2025-11-26 11:45:51,317][Drone 2][INFO][ROS2][Commands Action Server] - Processing command 31/32: {"related_task": {"id": 6, "mission_id": 1}, "id": 77, "command_type": "NAV_HOME", "command_status": "NotStarted", "start_time": 77, "params": [0]}
[2025-11-26 11:45:51,318][Drone 2][INFO][ROS2][gRPC Commands] - Sending command to commands processor
[2025-11-26 11:45:54,779][Drone 2][INFO][State Vector] - State Vector sent
[2025-11-26 11:45:55,213][Drone 2][INFO][ROS2][gRPC Metrics] - Metrics received from drone and forwarded to ROS2 publisher
[2025-11-26 11:45:55,760][Drone 2][INFO][ROS2][System Metrics Publisher] - System Metrics published
[2025-11-26 11:46:01,333][Drone 2][INFO][ROS2][gRPC Commands] - Feedback received from drone and sent to ROS2 server
[2025-11-26 11:46:01,335][Drone 2][INFO][ROS2][gRPC Commands] - ACK received from commands processor
[2025-11-26 11:46:01,336][Drone 2][INFO][ROS2][Commands Action Server] - Command feedback published: ['2', '1', '77', 'Returned home']
[2025-11-26 11:46:02,337][Drone 2][INFO][ROS2][Commands Action Server] - Processing command 32/32: {"related_task": {"id": 6, "mission_id": 1}, "id": 78, "command_type": "NAV_LAND", "command_status": "NotStarted", "start_time": 78, "params": [0, 0, 0, 40.209232, -3.465646, 0]}
[2025-11-26 11:46:02,337][Drone 2][INFO][ROS2][gRPC Commands] - Sending command to commands processor
[2025-11-26 11:46:04,779][Drone 2][INFO][State Vector] - State Vector sent
[2025-11-26 11:46:05,247][Drone 2][INFO][ROS2][gRPC Metrics] - Metrics received from drone and forwarded to ROS2 publisher
[2025-11-26 11:46:05,760][Drone 2][INFO][ROS2][System Metrics Publisher] - System Metrics published
[2025-11-26 11:46:12,352][Drone 2][INFO][ROS2][gRPC Commands] - Feedback received from drone and sent to ROS2 server
[2025-11-26 11:46:12,354][Drone 2][INFO][ROS2][gRPC Commands] - ACK received from commands processor
[2025-11-26 11:46:12,355][Drone 2][INFO][ROS2][Commands Action Server] - Command feedback published: ['2', '1', '78', 'Landing successful']
[2025-11-26 11:46:13,356][Drone 2][INFO][ROS2][Commands Action Server] - Command sequence completed successfully: ['2', '2']
[2025-11-26 11:46:14,779][Drone 2][INFO][State Vector] - State Vector sent
[2025-11-26 11:46:15,384][Drone 2][INFO][ROS2][gRPC Metrics] - Metrics received from drone and forwarded to ROS2 publisher
[2025-11-26 11:46:15,760][Drone 2][INFO][ROS2][System Metrics Publisher] - System Metrics published
[2025-11-26 11:46:24,779][Drone 2][INFO][State Vector] - State Vector sent
[2025-11-26 11:46:25,420][Drone 2][INFO][ROS2][gRPC Metrics] - Metrics received from drone and forwarded to ROS2 publisher
[2025-11-26 11:46:25,760][Drone 2][INFO][ROS2][System Metrics Publisher] - System Metrics published
[2025-11-26 11:46:34,779][Drone 2][INFO][State Vector] - State Vector sent
[2025-11-26 11:46:35,458][Drone 2][INFO][ROS2][gRPC Metrics] - Metrics received from drone and forwarded to ROS2 publisher
[2025-11-26 11:46:35,760][Drone 2][INFO][ROS2][System Metrics Publisher] - System Metrics published
[2025-11-26 11:46:44,779][Drone 2][INFO][State Vector] - State Vector sent
[2025-11-26 11:46:45,495][Drone 2][INFO][ROS2][gRPC Metrics] - Metrics received from drone and forwarded to ROS2 publisher
[2025-11-26 11:46:45,760][Drone 2][INFO][ROS2][System Metrics Publisher] - System Metrics published
[2025-11-26 11:46:54,780][Drone 2][INFO][State Vector] - State Vector sent
[2025-11-26 11:46:55,534][Drone 2][INFO][ROS2][gRPC Metrics] - Metrics received from drone and forwarded to ROS2 publisher
[2025-11-26 11:46:55,760][Drone 2][INFO][ROS2][System Metrics Publisher] - System Metrics published
[2025-11-26 11:47:04,779][Drone 2][INFO][State Vector] - State Vector sent
[2025-11-26 11:47:05,571][Drone 2][INFO][ROS2][gRPC Metrics] - Metrics received from drone and forwarded to ROS2 publisher
[2025-11-26 11:47:05,761][Drone 2][INFO][ROS2][System Metrics Publisher] - System Metrics published
[2025-11-26 11:47:14,779][Drone 2][INFO][State Vector] - State Vector sent
[2025-11-26 11:47:15,607][Drone 2][INFO][ROS2][gRPC Metrics] - Metrics received from drone and forwarded to ROS2 publisher
[2025-11-26 11:47:15,760][Drone 2][INFO][ROS2][System Metrics Publisher] - System Metrics published
[2025-11-26 11:47:24,778][Drone 2][INFO][State Vector] - State Vector sent
[2025-11-26 11:47:25,641][Drone 2][INFO][ROS2][gRPC Metrics] - Metrics received from drone and forwarded to ROS2 publisher
[2025-11-26 11:47:25,760][Drone 2][INFO][ROS2][System Metrics Publisher] - System Metrics published
[2025-11-26 11:47:34,779][Drone 2][INFO][State Vector] - State Vector sent
[2025-11-26 11:47:35,679][Drone 2][INFO][ROS2][gRPC Metrics] - Metrics received from drone and forwarded to ROS2 publisher
[2025-11-26 11:47:35,761][Drone 2][INFO][ROS2][System Metrics Publisher] - System Metrics published
[2025-11-26 11:47:44,779][Drone 2][INFO][State Vector] - State Vector sent
[2025-11-26 11:47:45,713][Drone 2][INFO][ROS2][gRPC Metrics] - Metrics received from drone and forwarded to ROS2 publisher
[2025-11-26 11:47:45,760][Drone 2][INFO][ROS2][System Metrics Publisher] - System Metrics published
[2025-11-26 11:47:54,412][Drone 2][INFO][Init ROS2] - Beginning system shutdown and resource cleanup
[2025-11-26 11:47:54,427][Drone 2][INFO][Init ROS2] - System shutdown completed successfully
