[2025-11-21 13:52:18,953][Drone 2][INFO][Init ROS2] - Initializing ROS2 drone system for drone ID: 2
[2025-11-21 13:52:18,975][Drone 2][INFO][ROS2][gRPC Commands] - Server running on port 51002
[2025-11-21 13:52:19,046][Drone 2][INFO][ROS2][Commands Action Server] - Commands action server initialized successfully for drone 2
[2025-11-21 13:52:19,046][Drone 2][INFO][ROS2][Commands Action Server] - Action service available at: /drone2/commands
[2025-11-21 13:52:19,055][Drone 2][INFO][ROS2][Prescription Map] - PM publisher initialized for drone 2
[2025-11-21 13:52:19,056][Drone 2][INFO][ROS2][gRPC PM] - Server running on port 51003
[2025-11-21 13:52:19,056][Drone 2][INFO][ROS2][Prescription Map] - PM topic service available at: prescription_map/drone_2
[2025-11-21 13:52:19,064][Drone 2][INFO][ROS2][System Metrics Publisher] - System Metrics publisher initialized for drone 2
[2025-11-21 13:52:19,065][Drone 2][INFO][ROS2][System Metrics Publisher] - System Metrics topic service available at: system_metrics/drone_2
[2025-11-21 13:52:19,072][Drone 2][INFO] - State vector publisher started.
[2025-11-21 13:52:19,072][Drone 2][INFO][ROS2][gRPC Metrics] - Server running on port 51004
[2025-11-21 13:52:19,073][Drone 2][INFO][Init ROS2] - All system components initialized successfully
[2025-11-21 13:52:22,254][Drone 2][INFO][ROS2][gRPC Metrics] - Metrics received from drone and forwarded to ROS2 publisher
[2025-11-21 13:52:23,065][Drone 2][INFO][ROS2][System Metrics Publisher] - System Metrics published
[2025-11-21 13:52:23,953][Drone 2][INFO][ROS2][gRPC Metrics] - Metrics received from drone and forwarded to ROS2 publisher
[2025-11-21 13:52:24,065][Drone 2][INFO][ROS2][System Metrics Publisher] - System Metrics published
[2025-11-21 13:52:29,073][Drone 2][INFO][State Vector] - State Vector sent
[2025-11-21 13:52:32,288][Drone 2][INFO][ROS2][gRPC Metrics] - Metrics received from drone and forwarded to ROS2 publisher
[2025-11-21 13:52:33,065][Drone 2][INFO][ROS2][System Metrics Publisher] - System Metrics published
[2025-11-21 13:52:33,986][Drone 2][INFO][ROS2][gRPC Metrics] - Metrics received from drone and forwarded to ROS2 publisher
[2025-11-21 13:52:34,065][Drone 2][INFO][ROS2][System Metrics Publisher] - System Metrics published
[2025-11-21 13:52:39,073][Drone 2][INFO][State Vector] - State Vector sent
[2025-11-21 13:52:42,323][Drone 2][INFO][ROS2][gRPC Metrics] - Metrics received from drone and forwarded to ROS2 publisher
[2025-11-21 13:52:43,065][Drone 2][INFO][ROS2][System Metrics Publisher] - System Metrics published
[2025-11-21 13:52:44,120][Drone 2][INFO][ROS2][gRPC Metrics] - Metrics received from drone and forwarded to ROS2 publisher
[2025-11-21 13:52:45,065][Drone 2][INFO][ROS2][System Metrics Publisher] - System Metrics published
[2025-11-21 13:52:49,073][Drone 2][INFO][State Vector] - State Vector sent
[2025-11-21 13:52:52,356][Drone 2][INFO][ROS2][gRPC Metrics] - Metrics received from drone and forwarded to ROS2 publisher
[2025-11-21 13:52:53,065][Drone 2][INFO][ROS2][System Metrics Publisher] - System Metrics published
[2025-11-21 13:52:54,158][Drone 2][INFO][ROS2][gRPC Metrics] - Metrics received from drone and forwarded to ROS2 publisher
[2025-11-21 13:52:55,065][Drone 2][INFO][ROS2][System Metrics Publisher] - System Metrics published
[2025-11-21 13:52:59,073][Drone 2][INFO][State Vector] - State Vector sent
[2025-11-21 13:53:02,393][Drone 2][INFO][ROS2][gRPC Metrics] - Metrics received from drone and forwarded to ROS2 publisher
[2025-11-21 13:53:03,065][Drone 2][INFO][ROS2][System Metrics Publisher] - System Metrics published
[2025-11-21 13:53:04,195][Drone 2][INFO][ROS2][gRPC Metrics] - Metrics received from drone and forwarded to ROS2 publisher
[2025-11-21 13:53:05,065][Drone 2][INFO][ROS2][System Metrics Publisher] - System Metrics published
[2025-11-21 13:53:09,073][Drone 2][INFO][State Vector] - State Vector sent
[2025-11-21 13:53:12,429][Drone 2][INFO][ROS2][gRPC Metrics] - Metrics received from drone and forwarded to ROS2 publisher
[2025-11-21 13:53:13,065][Drone 2][INFO][ROS2][System Metrics Publisher] - System Metrics published
[2025-11-21 13:53:14,236][Drone 2][INFO][ROS2][gRPC Metrics] - Metrics received from drone and forwarded to ROS2 publisher
[2025-11-21 13:53:15,065][Drone 2][INFO][ROS2][System Metrics Publisher] - System Metrics published
[2025-11-21 13:53:19,073][Drone 2][INFO][State Vector] - State Vector sent
[2025-11-21 13:53:22,463][Drone 2][INFO][ROS2][gRPC Metrics] - Metrics received from drone and forwarded to ROS2 publisher
[2025-11-21 13:53:23,065][Drone 2][INFO][ROS2][System Metrics Publisher] - System Metrics published
[2025-11-21 13:53:24,269][Drone 2][INFO][ROS2][gRPC Metrics] - Metrics received from drone and forwarded to ROS2 publisher
[2025-11-21 13:53:25,065][Drone 2][INFO][ROS2][System Metrics Publisher] - System Metrics published
[2025-11-21 13:53:29,073][Drone 2][INFO][State Vector] - State Vector sent
[2025-11-21 13:53:32,495][Drone 2][INFO][ROS2][gRPC Metrics] - Metrics received from drone and forwarded to ROS2 publisher
[2025-11-21 13:53:33,065][Drone 2][INFO][ROS2][System Metrics Publisher] - System Metrics published
[2025-11-21 13:53:34,304][Drone 2][INFO][ROS2][gRPC Metrics] - Metrics received from drone and forwarded to ROS2 publisher
[2025-11-21 13:53:35,065][Drone 2][INFO][ROS2][System Metrics Publisher] - System Metrics published
[2025-11-21 13:53:39,073][Drone 2][INFO][State Vector] - State Vector sent
[2025-11-21 13:53:42,533][Drone 2][INFO][ROS2][gRPC Metrics] - Metrics received from drone and forwarded to ROS2 publisher
[2025-11-21 13:53:42,803][Drone 2][INFO][ROS2][Commands Action Server] - Executing command sequence goal with 32 commands
[2025-11-21 13:53:42,804][Drone 2][INFO][ROS2][Commands Action Server] - Processing command 1/32: {"related_task": {"id": 4, "mission_id": 1}, "id": 47, "command_type": "NAV_TAKEOFF", "command_status": "NotStarted", "start_time": 47, "params": [0.0, 0.0, 40.209232, -3.465646]}
[2025-11-21 13:53:42,813][Drone 2][INFO][ROS2][gRPC Commands] - Sending command to commands processor
[2025-11-21 13:53:43,065][Drone 2][INFO][ROS2][System Metrics Publisher] - System Metrics published
[2025-11-21 13:53:44,337][Drone 2][INFO][ROS2][gRPC Metrics] - Metrics received from drone and forwarded to ROS2 publisher
[2025-11-21 13:53:45,065][Drone 2][INFO][ROS2][System Metrics Publisher] - System Metrics published
[2025-11-21 13:53:49,073][Drone 2][INFO][State Vector] - State Vector sent
[2025-11-21 13:53:52,567][Drone 2][INFO][ROS2][gRPC Metrics] - Metrics received from drone and forwarded to ROS2 publisher
[2025-11-21 13:53:52,878][Drone 2][INFO][ROS2][gRPC Commands] - ACK received from commands processor
[2025-11-21 13:53:53,065][Drone 2][INFO][ROS2][System Metrics Publisher] - System Metrics published
[2025-11-21 13:53:54,380][Drone 2][INFO][ROS2][gRPC Metrics] - Metrics received from drone and forwarded to ROS2 publisher
[2025-11-21 13:53:55,065][Drone 2][INFO][ROS2][System Metrics Publisher] - System Metrics published
[2025-11-21 13:53:59,073][Drone 2][INFO][State Vector] - State Vector sent
[2025-11-21 13:54:02,601][Drone 2][INFO][ROS2][gRPC Metrics] - Metrics received from drone and forwarded to ROS2 publisher
[2025-11-21 13:54:03,065][Drone 2][INFO][ROS2][System Metrics Publisher] - System Metrics published
[2025-11-21 13:54:04,413][Drone 2][INFO][ROS2][gRPC Metrics] - Metrics received from drone and forwarded to ROS2 publisher
[2025-11-21 13:54:05,065][Drone 2][INFO][ROS2][System Metrics Publisher] - System Metrics published
[2025-11-21 13:54:09,073][Drone 2][INFO][State Vector] - State Vector sent
[2025-11-21 13:54:12,634][Drone 2][INFO][ROS2][gRPC Metrics] - Metrics received from drone and forwarded to ROS2 publisher
[2025-11-21 13:54:13,065][Drone 2][INFO][ROS2][System Metrics Publisher] - System Metrics published
[2025-11-21 13:54:14,446][Drone 2][INFO][ROS2][gRPC Metrics] - Metrics received from drone and forwarded to ROS2 publisher
[2025-11-21 13:54:15,065][Drone 2][INFO][ROS2][System Metrics Publisher] - System Metrics published
[2025-11-21 13:54:19,073][Drone 2][INFO][State Vector] - State Vector sent
[2025-11-21 13:54:22,668][Drone 2][INFO][ROS2][gRPC Metrics] - Metrics received from drone and forwarded to ROS2 publisher
[2025-11-21 13:54:23,065][Drone 2][INFO][ROS2][System Metrics Publisher] - System Metrics published
[2025-11-21 13:54:24,479][Drone 2][INFO][ROS2][gRPC Metrics] - Metrics received from drone and forwarded to ROS2 publisher
[2025-11-21 13:54:25,065][Drone 2][INFO][ROS2][System Metrics Publisher] - System Metrics published
[2025-11-21 13:54:29,073][Drone 2][INFO][State Vector] - State Vector sent
[2025-11-21 13:54:32,701][Drone 2][INFO][ROS2][gRPC Metrics] - Metrics received from drone and forwarded to ROS2 publisher
[2025-11-21 13:54:33,065][Drone 2][INFO][ROS2][System Metrics Publisher] - System Metrics published
[2025-11-21 13:54:34,512][Drone 2][INFO][ROS2][gRPC Metrics] - Metrics received from drone and forwarded to ROS2 publisher
[2025-11-21 13:54:35,065][Drone 2][INFO][ROS2][System Metrics Publisher] - System Metrics published
[2025-11-21 13:54:39,073][Drone 2][INFO][State Vector] - State Vector sent
[2025-11-21 13:54:42,734][Drone 2][INFO][ROS2][gRPC Metrics] - Metrics received from drone and forwarded to ROS2 publisher
[2025-11-21 13:54:43,065][Drone 2][INFO][ROS2][System Metrics Publisher] - System Metrics published
[2025-11-21 13:54:44,545][Drone 2][INFO][ROS2][gRPC Metrics] - Metrics received from drone and forwarded to ROS2 publisher
[2025-11-21 13:54:45,065][Drone 2][INFO][ROS2][System Metrics Publisher] - System Metrics published
[2025-11-21 13:54:49,073][Drone 2][INFO][State Vector] - State Vector sent
[2025-11-21 13:54:52,767][Drone 2][INFO][ROS2][gRPC Metrics] - Metrics received from drone and forwarded to ROS2 publisher
[2025-11-21 13:54:53,065][Drone 2][INFO][ROS2][System Metrics Publisher] - System Metrics published
[2025-11-21 13:54:54,578][Drone 2][INFO][ROS2][gRPC Metrics] - Metrics received from drone and forwarded to ROS2 publisher
[2025-11-21 13:54:55,065][Drone 2][INFO][ROS2][System Metrics Publisher] - System Metrics published
[2025-11-21 13:54:59,073][Drone 2][INFO][State Vector] - State Vector sent
[2025-11-21 13:55:02,801][Drone 2][INFO][ROS2][gRPC Metrics] - Metrics received from drone and forwarded to ROS2 publisher
[2025-11-21 13:55:03,065][Drone 2][INFO][ROS2][System Metrics Publisher] - System Metrics published
[2025-11-21 13:55:04,611][Drone 2][INFO][ROS2][gRPC Metrics] - Metrics received from drone and forwarded to ROS2 publisher
[2025-11-21 13:55:05,065][Drone 2][INFO][ROS2][System Metrics Publisher] - System Metrics published
[2025-11-21 13:55:09,073][Drone 2][INFO][State Vector] - State Vector sent
[2025-11-21 13:55:12,833][Drone 2][INFO][ROS2][gRPC Metrics] - Metrics received from drone and forwarded to ROS2 publisher
[2025-11-21 13:55:13,065][Drone 2][INFO][ROS2][System Metrics Publisher] - System Metrics published
[2025-11-21 13:55:14,644][Drone 2][INFO][ROS2][gRPC Metrics] - Metrics received from drone and forwarded to ROS2 publisher
[2025-11-21 13:55:15,065][Drone 2][INFO][ROS2][System Metrics Publisher] - System Metrics published
[2025-11-21 13:55:19,073][Drone 2][INFO][State Vector] - State Vector sent
[2025-11-21 13:55:22,866][Drone 2][INFO][ROS2][gRPC Metrics] - Metrics received from drone and forwarded to ROS2 publisher
[2025-11-21 13:55:23,065][Drone 2][INFO][ROS2][System Metrics Publisher] - System Metrics published
[2025-11-21 13:55:24,677][Drone 2][INFO][ROS2][gRPC Metrics] - Metrics received from drone and forwarded to ROS2 publisher
[2025-11-21 13:55:25,065][Drone 2][INFO][ROS2][System Metrics Publisher] - System Metrics published
[2025-11-21 13:55:29,073][Drone 2][INFO][State Vector] - State Vector sent
[2025-11-21 13:55:32,905][Drone 2][INFO][ROS2][gRPC Metrics] - Metrics received from drone and forwarded to ROS2 publisher
[2025-11-21 13:55:33,065][Drone 2][INFO][ROS2][System Metrics Publisher] - System Metrics published
[2025-11-21 13:55:34,710][Drone 2][INFO][ROS2][gRPC Metrics] - Metrics received from drone and forwarded to ROS2 publisher
[2025-11-21 13:55:35,065][Drone 2][INFO][ROS2][System Metrics Publisher] - System Metrics published
[2025-11-21 13:55:36,775][Drone 2][INFO][Init ROS2] - Beginning system shutdown and resource cleanup
[2025-11-21 13:55:36,789][Drone 2][INFO][Init ROS2] - System shutdown completed successfully
[2025-11-21 19:55:27,877][Drone 2][INFO][Init ROS2] - Initializing ROS2 drone system for drone ID: 2
[2025-11-21 19:55:27,905][Drone 2][INFO][ROS2][gRPC Commands] - Server running on port 51002
[2025-11-21 19:55:27,993][Drone 2][INFO][ROS2][Commands Action Server] - Commands action server initialized successfully for drone 2
[2025-11-21 19:55:27,994][Drone 2][INFO][ROS2][Commands Action Server] - Action service available at: /drone2/commands
[2025-11-21 19:55:28,009][Drone 2][INFO][ROS2][gRPC PM] - Server running on port 51003
[2025-11-21 19:55:28,016][Drone 2][INFO][ROS2][Prescription Map] - PM publisher initialized for drone 2
[2025-11-21 19:55:28,016][Drone 2][INFO][ROS2][Prescription Map] - PM topic service available at: prescription_map/drone_2
[2025-11-21 19:55:28,024][Drone 2][INFO][ROS2][System Metrics Publisher] - System Metrics publisher initialized for drone 2
[2025-11-21 19:55:28,024][Drone 2][INFO][ROS2][System Metrics Publisher] - System Metrics topic service available at: system_metrics/drone_2
[2025-11-21 19:55:28,032][Drone 2][INFO] - State vector publisher started.
[2025-11-21 19:55:28,033][Drone 2][INFO][ROS2][gRPC Metrics] - Server running on port 51004
[2025-11-21 19:55:28,033][Drone 2][INFO][Init ROS2] - All system components initialized successfully
[2025-11-21 19:55:35,852][Drone 2][INFO][ROS2][gRPC Metrics] - Metrics received from drone and forwarded to ROS2 publisher
[2025-11-21 19:55:36,026][Drone 2][INFO][ROS2][System Metrics Publisher] - System Metrics published
[2025-11-21 19:55:38,033][Drone 2][INFO][State Vector] - State Vector sent
[2025-11-21 19:55:45,886][Drone 2][INFO][ROS2][gRPC Metrics] - Metrics received from drone and forwarded to ROS2 publisher
[2025-11-21 19:55:46,025][Drone 2][INFO][ROS2][System Metrics Publisher] - System Metrics published
[2025-11-21 19:55:48,033][Drone 2][INFO][State Vector] - State Vector sent
[2025-11-21 19:55:55,923][Drone 2][INFO][ROS2][gRPC Metrics] - Metrics received from drone and forwarded to ROS2 publisher
[2025-11-21 19:55:56,025][Drone 2][INFO][ROS2][System Metrics Publisher] - System Metrics published
[2025-11-21 19:55:58,033][Drone 2][INFO][State Vector] - State Vector sent
[2025-11-21 19:56:03,688][Drone 2][INFO][ROS2][gRPC Metrics] - Metrics received from drone and forwarded to ROS2 publisher
[2025-11-21 19:56:04,025][Drone 2][INFO][ROS2][System Metrics Publisher] - System Metrics published
[2025-11-21 19:56:05,956][Drone 2][INFO][ROS2][gRPC Metrics] - Metrics received from drone and forwarded to ROS2 publisher
[2025-11-21 19:56:06,025][Drone 2][INFO][ROS2][System Metrics Publisher] - System Metrics published
[2025-11-21 19:56:08,033][Drone 2][INFO][State Vector] - State Vector sent
[2025-11-21 19:56:13,726][Drone 2][INFO][ROS2][gRPC Metrics] - Metrics received from drone and forwarded to ROS2 publisher
[2025-11-21 19:56:14,025][Drone 2][INFO][ROS2][System Metrics Publisher] - System Metrics published
[2025-11-21 19:56:15,990][Drone 2][INFO][ROS2][gRPC Metrics] - Metrics received from drone and forwarded to ROS2 publisher
[2025-11-21 19:56:16,025][Drone 2][INFO][ROS2][System Metrics Publisher] - System Metrics published
[2025-11-21 19:56:18,033][Drone 2][INFO][State Vector] - State Vector sent
[2025-11-21 19:56:23,760][Drone 2][INFO][ROS2][gRPC Metrics] - Metrics received from drone and forwarded to ROS2 publisher
[2025-11-21 19:56:24,025][Drone 2][INFO][ROS2][System Metrics Publisher] - System Metrics published
[2025-11-21 19:56:26,041][Drone 2][INFO][ROS2][gRPC Metrics] - Metrics received from drone and forwarded to ROS2 publisher
[2025-11-21 19:56:27,025][Drone 2][INFO][ROS2][System Metrics Publisher] - System Metrics published
[2025-11-21 19:56:28,034][Drone 2][INFO][State Vector] - State Vector sent
[2025-11-21 19:56:31,368][Drone 2][INFO][Init ROS2] - Beginning system shutdown and resource cleanup
[2025-11-21 19:56:31,385][Drone 2][INFO][Init ROS2] - System shutdown completed successfully
