running egg_info
creating ../../build/state_vector_pubsub/state_vector_pubsub.egg-info
writing ../../build/state_vector_pubsub/state_vector_pubsub.egg-info/PKG-INFO
writing dependency_links to ../../build/state_vector_pubsub/state_vector_pubsub.egg-info/dependency_links.txt
writing entry points to ../../build/state_vector_pubsub/state_vector_pubsub.egg-info/entry_points.txt
writing requirements to ../../build/state_vector_pubsub/state_vector_pubsub.egg-info/requires.txt
writing top-level names to ../../build/state_vector_pubsub/state_vector_pubsub.egg-info/top_level.txt
writing manifest file '../../build/state_vector_pubsub/state_vector_pubsub.egg-info/SOURCES.txt'
reading manifest file '../../build/state_vector_pubsub/state_vector_pubsub.egg-info/SOURCES.txt'
adding license file 'LICENSE'
writing manifest file '../../build/state_vector_pubsub/state_vector_pubsub.egg-info/SOURCES.txt'
running build
running build_py
creating /home/estelamb/PFG_Telematica/Implementation/FleetManager/StateVector/build/state_vector_pubsub/build
creating /home/estelamb/PFG_Telematica/Implementation/FleetManager/StateVector/build/state_vector_pubsub/build/lib
creating /home/estelamb/PFG_Telematica/Implementation/FleetManager/StateVector/build/state_vector_pubsub/build/lib/state_vector_pubsub
copying state_vector_pubsub/__init__.py -> /home/estelamb/PFG_Telematica/Implementation/FleetManager/StateVector/build/state_vector_pubsub/build/lib/state_vector_pubsub
copying state_vector_pubsub/susbcriber_member_function.py -> /home/estelamb/PFG_Telematica/Implementation/FleetManager/StateVector/build/state_vector_pubsub/build/lib/state_vector_pubsub
running install
running install_lib
creating /home/estelamb/PFG_Telematica/Implementation/FleetManager/StateVector/install/state_vector_pubsub/lib/python3.12/site-packages/state_vector_pubsub
copying /home/estelamb/PFG_Telematica/Implementation/FleetManager/StateVector/build/state_vector_pubsub/build/lib/state_vector_pubsub/__init__.py -> /home/estelamb/PFG_Telematica/Implementation/FleetManager/StateVector/install/state_vector_pubsub/lib/python3.12/site-packages/state_vector_pubsub
copying /home/estelamb/PFG_Telematica/Implementation/FleetManager/StateVector/build/state_vector_pubsub/build/lib/state_vector_pubsub/susbcriber_member_function.py -> /home/estelamb/PFG_Telematica/Implementation/FleetManager/StateVector/install/state_vector_pubsub/lib/python3.12/site-packages/state_vector_pubsub
byte-compiling /home/estelamb/PFG_Telematica/Implementation/FleetManager/StateVector/install/state_vector_pubsub/lib/python3.12/site-packages/state_vector_pubsub/__init__.py to __init__.cpython-312.pyc
byte-compiling /home/estelamb/PFG_Telematica/Implementation/FleetManager/StateVector/install/state_vector_pubsub/lib/python3.12/site-packages/state_vector_pubsub/susbcriber_member_function.py to susbcriber_member_function.cpython-312.pyc
running install_data
creating /home/estelamb/PFG_Telematica/Implementation/FleetManager/StateVector/install/state_vector_pubsub/share/ament_index
creating /home/estelamb/PFG_Telematica/Implementation/FleetManager/StateVector/install/state_vector_pubsub/share/ament_index/resource_index
creating /home/estelamb/PFG_Telematica/Implementation/FleetManager/StateVector/install/state_vector_pubsub/share/ament_index/resource_index/packages
copying resource/state_vector_pubsub -> /home/estelamb/PFG_Telematica/Implementation/FleetManager/StateVector/install/state_vector_pubsub/share/ament_index/resource_index/packages
copying package.xml -> /home/estelamb/PFG_Telematica/Implementation/FleetManager/StateVector/install/state_vector_pubsub/share/state_vector_pubsub
running install_egg_info
Copying ../../build/state_vector_pubsub/state_vector_pubsub.egg-info to /home/estelamb/PFG_Telematica/Implementation/FleetManager/StateVector/install/state_vector_pubsub/lib/python3.12/site-packages/state_vector_pubsub-0.0.0-py3.12.egg-info
running install_scripts
Installing listener script to /home/estelamb/PFG_Telematica/Implementation/FleetManager/StateVector/install/state_vector_pubsub/lib/state_vector_pubsub
writing list of installed files to '/home/estelamb/PFG_Telematica/Implementation/FleetManager/StateVector/build/state_vector_pubsub/install.log'
