[4.467s] Invoking command in '/home/estelamb/PFG_Telematica/Implementation/FleetManager/StateVector/src/state_vector_pubsub': PYTHONPATH=/home/estelamb/PFG_Telematica/Implementation/FleetManager/StateVector/build/state_vector_pubsub/prefix_override:/usr/lib/python3/dist-packages/colcon_core/task/python/colcon_distutils_commands:/home/estelamb/PFG_Telematica/Implementation/FleetManager/StateVector/install/state_vector_pubsub/lib/python3.12/site-packages:${PYTHONPATH} VIRTUAL_ENV_PROMPT=(.venv) /usr/bin/python3 -W ignore:setup.py install is deprecated -W ignore:easy_install command is deprecated setup.py egg_info --egg-base ../../build/state_vector_pubsub build --build-base /home/estelamb/PFG_Telematica/Implementation/FleetManager/StateVector/build/state_vector_pubsub/build install --record /home/estelamb/PFG_Telematica/Implementation/FleetManager/StateVector/build/state_vector_pubsub/install.log --single-version-externally-managed install_data
[5.630s] running egg_info
[5.631s] creating ../../build/state_vector_pubsub/state_vector_pubsub.egg-info
[5.719s] writing ../../build/state_vector_pubsub/state_vector_pubsub.egg-info/PKG-INFO
[5.721s] writing dependency_links to ../../build/state_vector_pubsub/state_vector_pubsub.egg-info/dependency_links.txt
[5.721s] writing entry points to ../../build/state_vector_pubsub/state_vector_pubsub.egg-info/entry_points.txt
[5.722s] writing requirements to ../../build/state_vector_pubsub/state_vector_pubsub.egg-info/requires.txt
[5.723s] writing top-level names to ../../build/state_vector_pubsub/state_vector_pubsub.egg-info/top_level.txt
[5.723s] writing manifest file '../../build/state_vector_pubsub/state_vector_pubsub.egg-info/SOURCES.txt'
[5.926s] reading manifest file '../../build/state_vector_pubsub/state_vector_pubsub.egg-info/SOURCES.txt'
[5.927s] adding license file 'LICENSE'
[5.935s] writing manifest file '../../build/state_vector_pubsub/state_vector_pubsub.egg-info/SOURCES.txt'
[5.975s] running build
[5.975s] running build_py
[5.977s] creating /home/estelamb/PFG_Telematica/Implementation/FleetManager/StateVector/build/state_vector_pubsub/build
[5.978s] creating /home/estelamb/PFG_Telematica/Implementation/FleetManager/StateVector/build/state_vector_pubsub/build/lib
[5.978s] creating /home/estelamb/PFG_Telematica/Implementation/FleetManager/StateVector/build/state_vector_pubsub/build/lib/state_vector_pubsub
[5.979s] copying state_vector_pubsub/__init__.py -> /home/estelamb/PFG_Telematica/Implementation/FleetManager/StateVector/build/state_vector_pubsub/build/lib/state_vector_pubsub
[5.980s] copying state_vector_pubsub/susbcriber_member_function.py -> /home/estelamb/PFG_Telematica/Implementation/FleetManager/StateVector/build/state_vector_pubsub/build/lib/state_vector_pubsub
[5.982s] running install
[6.008s] running install_lib
[6.095s] creating /home/estelamb/PFG_Telematica/Implementation/FleetManager/StateVector/install/state_vector_pubsub/lib/python3.12/site-packages/state_vector_pubsub
[6.095s] copying /home/estelamb/PFG_Telematica/Implementation/FleetManager/StateVector/build/state_vector_pubsub/build/lib/state_vector_pubsub/__init__.py -> /home/estelamb/PFG_Telematica/Implementation/FleetManager/StateVector/install/state_vector_pubsub/lib/python3.12/site-packages/state_vector_pubsub
[6.096s] copying /home/estelamb/PFG_Telematica/Implementation/FleetManager/StateVector/build/state_vector_pubsub/build/lib/state_vector_pubsub/susbcriber_member_function.py -> /home/estelamb/PFG_Telematica/Implementation/FleetManager/StateVector/install/state_vector_pubsub/lib/python3.12/site-packages/state_vector_pubsub
[6.099s] byte-compiling /home/estelamb/PFG_Telematica/Implementation/FleetManager/StateVector/install/state_vector_pubsub/lib/python3.12/site-packages/state_vector_pubsub/__init__.py to __init__.cpython-312.pyc
[6.100s] byte-compiling /home/estelamb/PFG_Telematica/Implementation/FleetManager/StateVector/install/state_vector_pubsub/lib/python3.12/site-packages/state_vector_pubsub/susbcriber_member_function.py to susbcriber_member_function.cpython-312.pyc
[6.104s] running install_data
[6.105s] creating /home/estelamb/PFG_Telematica/Implementation/FleetManager/StateVector/install/state_vector_pubsub/share/ament_index
[6.105s] creating /home/estelamb/PFG_Telematica/Implementation/FleetManager/StateVector/install/state_vector_pubsub/share/ament_index/resource_index
[6.106s] creating /home/estelamb/PFG_Telematica/Implementation/FleetManager/StateVector/install/state_vector_pubsub/share/ament_index/resource_index/packages
[6.107s] copying resource/state_vector_pubsub -> /home/estelamb/PFG_Telematica/Implementation/FleetManager/StateVector/install/state_vector_pubsub/share/ament_index/resource_index/packages
[6.107s] copying package.xml -> /home/estelamb/PFG_Telematica/Implementation/FleetManager/StateVector/install/state_vector_pubsub/share/state_vector_pubsub
[6.108s] running install_egg_info
[6.204s] Copying ../../build/state_vector_pubsub/state_vector_pubsub.egg-info to /home/estelamb/PFG_Telematica/Implementation/FleetManager/StateVector/install/state_vector_pubsub/lib/python3.12/site-packages/state_vector_pubsub-0.0.0-py3.12.egg-info
[6.210s] running install_scripts
[6.885s] Installing listener script to /home/estelamb/PFG_Telematica/Implementation/FleetManager/StateVector/install/state_vector_pubsub/lib/state_vector_pubsub
[6.887s] writing list of installed files to '/home/estelamb/PFG_Telematica/Implementation/FleetManager/StateVector/build/state_vector_pubsub/install.log'
[7.048s] Invoked command in '/home/estelamb/PFG_Telematica/Implementation/FleetManager/StateVector/src/state_vector_pubsub' returned '0': PYTHONPATH=/home/estelamb/PFG_Telematica/Implementation/FleetManager/StateVector/build/state_vector_pubsub/prefix_override:/usr/lib/python3/dist-packages/colcon_core/task/python/colcon_distutils_commands:/home/estelamb/PFG_Telematica/Implementation/FleetManager/StateVector/install/state_vector_pubsub/lib/python3.12/site-packages:${PYTHONPATH} VIRTUAL_ENV_PROMPT=(.venv) /usr/bin/python3 -W ignore:setup.py install is deprecated -W ignore:easy_install command is deprecated setup.py egg_info --egg-base ../../build/state_vector_pubsub build --build-base /home/estelamb/PFG_Telematica/Implementation/FleetManager/StateVector/build/state_vector_pubsub/build install --record /home/estelamb/PFG_Telematica/Implementation/FleetManager/StateVector/build/state_vector_pubsub/install.log --single-version-externally-managed install_data
