[2026-03-16 14:48:49,432][MISSION][INFO][gRPC MQTT] - Sending mission data to MQTT bridge
[2026-03-16 14:48:49,434][MISSION][INFO][gRPC MQTT] - Sending mission data to MQTT bridge
[2026-03-16 14:48:49,436][MISSION][INFO][gRPC MQTT] - Sending mission data to MQTT bridge
[2026-03-16 14:48:49,439][MISSION][INFO][gRPC MQTT] - Sending mission data to MQTT bridge
[2026-03-16 14:48:49,441][MISSION][INFO][gRPC MQTT] - Sending mission data to MQTT bridge
[2026-03-16 14:48:49,442][MISSION][INFO][gRPC MQTT] - Sending mission data to MQTT bridge
[2026-03-16 14:48:49,445][MISSION][INFO][gRPC MQTT] - Sending mission data to MQTT bridge
[2026-03-16 14:48:49,448][MISSION][INFO][gRPC MQTT] - Sending mission data to MQTT bridge
[2026-03-16 14:48:49,450][MISSION][INFO][gRPC MQTT] - Sending mission data to MQTT bridge
[2026-03-16 14:48:49,452][MISSION][INFO][gRPC MQTT] - Sending mission data to MQTT bridge
[2026-03-16 14:48:49,454][MISSION][INFO][gRPC MQTT] - Sending mission data to MQTT bridge
[2026-03-16 14:48:49,456][MISSION][INFO][gRPC MQTT] - Sending mission data to MQTT bridge
[2026-03-16 14:48:49,458][MISSION][INFO][gRPC MQTT] - Sending mission data to MQTT bridge
[2026-03-16 14:48:49,460][MISSION][INFO][gRPC MQTT] - Sending mission data to MQTT bridge
[2026-03-16 14:48:49,462][MISSION][INFO][gRPC MQTT] - Sending mission data to MQTT bridge
[2026-03-16 14:48:49,465][MISSION][INFO][gRPC MQTT] - Sending mission data to MQTT bridge
[2026-03-16 14:48:49,466][MISSION][INFO][gRPC MQTT] - Sending mission data to MQTT bridge
[2026-03-16 14:48:49,468][MISSION][INFO][gRPC MQTT] - Sending mission data to MQTT bridge
[2026-03-16 14:48:49,470][MISSION][INFO][gRPC MQTT] - Sending mission data to MQTT bridge
[2026-03-16 14:48:49,472][MISSION][INFO][gRPC MQTT] - Sending mission data to MQTT bridge
[2026-03-16 14:48:49,473][MISSION][INFO][gRPC MQTT] - Sending mission data to MQTT bridge
[2026-03-16 14:48:49,475][MISSION][INFO][gRPC MQTT] - Sending mission data to MQTT bridge
[2026-03-16 14:48:49,477][MISSION][INFO][gRPC MQTT] - Sending mission data to MQTT bridge
[2026-03-16 14:48:49,479][MISSION][INFO][gRPC MQTT] - Sending mission data to MQTT bridge
[2026-03-16 14:48:49,481][MISSION][INFO][gRPC MQTT] - Sending mission data to MQTT bridge
[2026-03-16 14:48:49,483][MISSION][INFO][gRPC MQTT] - Sending mission data to MQTT bridge
[2026-03-16 14:48:49,485][MISSION][INFO][gRPC MQTT] - Sending mission data to MQTT bridge
[2026-03-16 14:48:49,489][MISSION][INFO][gRPC MQTT] - Sending mission data to MQTT bridge
[2026-03-16 14:48:49,491][MISSION][INFO][gRPC MQTT] - Sending mission data to MQTT bridge
[2026-03-16 14:48:49,494][MISSION][INFO][gRPC MQTT] - Sending mission data to MQTT bridge
[2026-03-16 14:48:49,496][MISSION][INFO][gRPC MQTT] - Sending mission data to MQTT bridge
[2026-03-16 14:48:49,498][MISSION][INFO][gRPC MQTT] - Sending mission data to MQTT bridge
[2026-03-16 14:48:49,499][MISSION][INFO][gRPC MQTT] - Sending mission data to MQTT bridge
[2026-03-16 14:48:49,501][MISSION][INFO][gRPC MQTT] - Sending mission data to MQTT bridge
[2026-03-16 14:48:49,502][MISSION][INFO][gRPC MQTT] - Sending mission data to MQTT bridge
[2026-03-16 14:48:49,504][MISSION][INFO][gRPC MQTT] - Sending mission data to MQTT bridge
[2026-03-16 14:48:49,505][MISSION][INFO][gRPC MQTT] - Sending mission data to MQTT bridge
[2026-03-16 14:48:49,507][MISSION][INFO][gRPC MQTT] - Sending mission data to MQTT bridge
[2026-03-16 14:48:49,508][MISSION][INFO][gRPC MQTT] - Sending mission data to MQTT bridge
[2026-03-16 14:48:49,510][MISSION][INFO][gRPC MQTT] - Sending mission data to MQTT bridge
[2026-03-16 14:48:49,513][MISSION][INFO][gRPC MQTT] - Sending mission data to MQTT bridge
[2026-03-16 14:48:49,514][MISSION][INFO][gRPC MQTT] - Sending mission data to MQTT bridge
[2026-03-16 14:48:49,516][MISSION][INFO][gRPC MQTT] - Sending mission data to MQTT bridge
[2026-03-16 14:48:49,517][MISSION][INFO][gRPC MQTT] - Sending mission data to MQTT bridge
[2026-03-16 14:48:49,519][MISSION][INFO][gRPC MQTT] - Sending mission data to MQTT bridge
[2026-03-16 14:48:49,521][MISSION][INFO][gRPC MQTT] - Sending mission data to MQTT bridge
[2026-03-16 14:48:49,524][MISSION][INFO][gRPC MQTT] - Sending mission data to MQTT bridge
[2026-03-16 14:48:49,526][MISSION][INFO][gRPC MQTT] - Sending mission data to MQTT bridge
[2026-03-16 14:48:49,529][MISSION][INFO][gRPC MQTT] - Sending mission data to MQTT bridge
[2026-03-16 14:48:49,720][MISSION][INFO][gRPC Vehicle] - Plan feedback received from ROS2
[2026-03-16 14:48:49,721][MISSION][INFO][Mission 1][Data parser] - Feedback parsed for vehicle 1 in 0.000102s
[2026-03-16 14:48:49,721][MISSION][INFO][Mission 1] - Status for the tasks and commands of the vehicle 1 updated
[2026-03-16 14:48:49,721][MISSION][INFO][Mission 1][Data parser] - Obtaining type of vehicle for vehicle 1
[2026-03-16 14:48:49,722][MISSION][INFO][Mission 1][Data parser] - Vehicle 1 is of type AUAV (0.000249 seconds)
[2026-03-16 14:48:49,722][MISSION][INFO][Mission 1] - Vehicle 1 finished command 28: Picture taken
[2026-03-16 14:48:49,722][MISSION][INFO][Mission 1][Dependency] - Starting dependency check process.
[2026-03-16 14:48:49,723][MISSION][INFO][Mission 1][Dependency] - Task associated with command ID 28 found successfully.
[2026-03-16 14:48:49,723][MISSION][INFO][Mission 1][Dependency] - Dependency check process completed in 0.000315 seconds.
[2026-03-16 14:48:49,731][MISSION][INFO][gRPC MQTT] - Sending mission data to MQTT bridge
[2026-03-16 14:48:52,252][MISSION][INFO][gRPC Vehicle] - Plan feedback received from ROS2
[2026-03-16 14:48:52,252][MISSION][INFO][Mission 2][Data parser] - Feedback parsed for vehicle 3 in 0.000069s
[2026-03-16 14:48:52,252][MISSION][INFO][Mission 2] - Status for the tasks and commands of the vehicle 3 updated
[2026-03-16 14:48:52,253][MISSION][INFO][Mission 2][Data parser] - Obtaining type of vehicle for vehicle 3
[2026-03-16 14:48:52,254][MISSION][INFO][Mission 2][Data parser] - Vehicle 3 is of type AUAV (0.001326 seconds)
[2026-03-16 14:48:52,254][MISSION][INFO][Mission 2] - Vehicle 3 finished command 1006: WP reached
[2026-03-16 14:48:52,254][MISSION][INFO][Mission 2][Dependency] - Starting dependency check process.
[2026-03-16 14:48:52,255][MISSION][INFO][Mission 2][Dependency] - Task associated with command ID 1006 found successfully.
[2026-03-16 14:48:52,255][MISSION][INFO][Mission 2][Dependency] - Dependency check process completed in 0.000335 seconds.
[2026-03-16 14:48:52,337][MISSION][INFO][gRPC MQTT] - Sending mission data to MQTT bridge
[2026-03-16 14:48:54,347][MISSION][INFO][gRPC Vehicle] - Plan feedback received from ROS2
[2026-03-16 14:48:54,347][MISSION][INFO][Mission 2][Data parser] - Feedback parsed for vehicle 3 in 0.000062s
[2026-03-16 14:48:54,348][MISSION][INFO][Mission 2] - Status for the tasks and commands of the vehicle 3 updated
[2026-03-16 14:48:54,349][MISSION][INFO][Mission 2][Data parser] - Obtaining type of vehicle for vehicle 3
[2026-03-16 14:48:54,349][MISSION][INFO][Mission 2][Data parser] - Vehicle 3 is of type AUAV (0.000112 seconds)
[2026-03-16 14:48:54,349][MISSION][INFO][Mission 2] - Vehicle 3 finished command 1007: Picture taken
[2026-03-16 14:48:54,349][MISSION][INFO][gRPC MQTT] - Sending mission data to MQTT bridge
[2026-03-16 14:48:54,349][MISSION][INFO][Mission 2][Dependency] - Starting dependency check process.
[2026-03-16 14:48:54,350][MISSION][INFO][Mission 2][Dependency] - Task associated with command ID 1007 found successfully.
[2026-03-16 14:48:54,351][MISSION][INFO][Mission 2][Dependency] - Dependency check process completed in 0.001305 seconds.
[2026-03-16 14:48:54,703][MISSION][INFO][gRPC Vehicle] - Plan feedback received from ROS2
[2026-03-16 14:48:54,802][MISSION][INFO][Mission 1][Data parser] - Feedback parsed for vehicle 1 in 0.000158s
[2026-03-16 14:48:54,803][MISSION][INFO][Mission 1] - Status for the tasks and commands of the vehicle 1 updated
[2026-03-16 14:48:54,803][MISSION][INFO][Mission 1] - Sent treatment info: Grape_bunch for vehicle 1
[2026-03-16 14:48:54,803][MISSION][INFO][gRPC MQTT] - Sending mission data to MQTT bridge
[2026-03-16 14:48:54,803][MISSION][INFO][Mission 1] - Updated Field_PM for grid [0, 1] with treatment Grape_bunch amount 1.95
[2026-03-16 14:48:54,804][MISSION][INFO][Mission 1][Data parser] - Obtaining type of vehicle for vehicle 1
[2026-03-16 14:48:54,804][MISSION][INFO][Mission 1][Data parser] - Vehicle 1 is of type AUAV (0.000167 seconds)
[2026-03-16 14:48:54,804][MISSION][INFO][Mission 1] - Vehicle 1 finished command 29: [['Grape_Bunch_Hailo8'], {'Grape_bunch': 1.95}, [0, 1], [40.20973, -3.466803], ['ISOBUS']]
[2026-03-16 14:48:54,805][MISSION][INFO][Mission 1][Dependency] - Starting dependency check process.
[2026-03-16 14:48:54,805][MISSION][INFO][Mission 1][Dependency] - Task associated with command ID 29 found successfully.
[2026-03-16 14:48:54,806][MISSION][INFO][Mission 1][Dependency] - Dependency check process completed in 0.001655 seconds.
[2026-03-16 14:48:54,807][MISSION][INFO][gRPC MQTT] - Sending mission data to MQTT bridge
[2026-03-16 14:48:54,809][MISSION][INFO][gRPC MQTT] - Sending mission data to MQTT bridge
[2026-03-16 14:48:54,812][MISSION][INFO][gRPC PM] - Sending mission data to PM
[2026-03-16 14:48:57,730][MISSION][INFO][gRPC Vehicle] - Plan feedback received from ROS2
[2026-03-16 14:48:57,731][MISSION][INFO][Mission 1][Data parser] - Feedback parsed for vehicle 1 in 0.000463s
[2026-03-16 14:48:57,732][MISSION][INFO][Mission 1] - Status for the tasks and commands of the vehicle 1 updated
[2026-03-16 14:48:57,733][MISSION][INFO][Mission 1][Data parser] - Obtaining type of vehicle for vehicle 1
[2026-03-16 14:48:57,733][MISSION][INFO][Mission 1][Data parser] - Vehicle 1 is of type AUAV (0.000304 seconds)
[2026-03-16 14:48:57,734][MISSION][INFO][Mission 1] - Vehicle 1 finished command 30: WP reached
[2026-03-16 14:48:57,735][MISSION][INFO][Mission 1][Dependency] - Starting dependency check process.
[2026-03-16 14:48:57,735][MISSION][INFO][Mission 1][Dependency] - Task associated with command ID 30 found successfully.
[2026-03-16 14:48:57,735][MISSION][INFO][Mission 1][Dependency] - Dependency check process completed in 0.000647 seconds.
[2026-03-16 14:48:57,814][MISSION][INFO][gRPC MQTT] - Sending mission data to MQTT bridge
[2026-03-16 14:48:59,823][MISSION][INFO][gRPC Vehicle] - Plan feedback received from ROS2
[2026-03-16 14:48:59,826][MISSION][INFO][Mission 1][Data parser] - Feedback parsed for vehicle 1 in 0.000170s
[2026-03-16 14:48:59,833][MISSION][INFO][Mission 1] - Status for the tasks and commands of the vehicle 1 updated
[2026-03-16 14:48:59,833][MISSION][INFO][Mission 1][Data parser] - Obtaining type of vehicle for vehicle 1
[2026-03-16 14:48:59,834][MISSION][INFO][Mission 1][Data parser] - Vehicle 1 is of type AUAV (0.000866 seconds)
[2026-03-16 14:48:59,835][MISSION][INFO][Mission 1] - Vehicle 1 finished command 31: Picture taken
[2026-03-16 14:48:59,835][MISSION][INFO][gRPC MQTT] - Sending mission data to MQTT bridge
[2026-03-16 14:48:59,836][MISSION][INFO][Mission 1][Dependency] - Starting dependency check process.
[2026-03-16 14:48:59,837][MISSION][INFO][Mission 1][Dependency] - Task associated with command ID 31 found successfully.
[2026-03-16 14:48:59,838][MISSION][INFO][Mission 1][Dependency] - Dependency check process completed in 0.002477 seconds.
[2026-03-16 14:49:01,621][MISSION][INFO][gRPC Vehicle] - Plan feedback received from ROS2
[2026-03-16 14:49:01,622][MISSION][INFO][Mission 2][Data parser] - Feedback parsed for vehicle 3 in 0.000192s
[2026-03-16 14:49:01,624][MISSION][INFO][Mission 2] - Status for the tasks and commands of the vehicle 3 updated
[2026-03-16 14:49:01,625][MISSION][INFO][Mission 2] - Sent treatment info: Black_measles for vehicle 3
[2026-03-16 14:49:01,626][MISSION][INFO][Mission 2] - Sent treatment info: Black_rot for vehicle 3
[2026-03-16 14:49:01,626][MISSION][INFO][gRPC PM] - Sending mission data to PM
[2026-03-16 14:49:01,627][MISSION][INFO][Mission 2] - Sent treatment info: Isariopsis for vehicle 3
[2026-03-16 14:49:01,630][MISSION][INFO][Mission 2] - Sent treatment info: Grape_bunch for vehicle 3
[2026-03-16 14:49:01,631][MISSION][INFO][Mission 2] - Updated Field_PM for grid [0, 1] with treatment Black_measles amount 2.7
[2026-03-16 14:49:01,632][MISSION][INFO][Mission 2] - Updated Field_PM for grid [0, 1] with treatment Black_rot amount 2.2
[2026-03-16 14:49:01,635][MISSION][INFO][Mission 2] - Updated Field_PM for grid [0, 1] with treatment Isariopsis amount 3.3600000000000003
[2026-03-16 14:49:01,635][MISSION][INFO][Mission 2] - Updated Field_PM for grid [0, 1] with treatment Grape_bunch amount 3.95
[2026-03-16 14:49:01,636][MISSION][INFO][Mission 2][Data parser] - Obtaining type of vehicle for vehicle 3
[2026-03-16 14:49:01,636][MISSION][INFO][Mission 2][Data parser] - Vehicle 3 is of type AUAV (0.000401 seconds)
[2026-03-16 14:49:01,637][MISSION][INFO][Mission 2] - Vehicle 3 finished command 1008: [['Grape_Diseases_Hailo8', 'Grape_Bunch_Hailo8'], {'Black_measles': 2.7, 'Black_rot': 2.2, 'Isariopsis': 3.3600000000000003, 'Grape_bunch': 3.95}, [0, 1], [40.207868, -3.467482], ['ISOBUS', 'Drone']]
[2026-03-16 14:49:01,637][MISSION][INFO][Mission 2][Dependency] - Starting dependency check process.
[2026-03-16 14:49:01,639][MISSION][INFO][Mission 2][Dependency] - Task associated with command ID 1008 found successfully.
[2026-03-16 14:49:01,640][MISSION][INFO][Mission 2][Dependency] - Dependency check process completed in 0.002559 seconds.
[2026-03-16 14:49:01,649][MISSION][INFO][gRPC MQTT] - Sending mission data to MQTT bridge
[2026-03-16 14:49:01,719][MISSION][INFO][gRPC MQTT] - Sending mission data to MQTT bridge
[2026-03-16 14:49:01,726][MISSION][INFO][gRPC MQTT] - Sending mission data to MQTT bridge
[2026-03-16 14:49:01,732][MISSION][INFO][gRPC MQTT] - Sending mission data to MQTT bridge
[2026-03-16 14:49:01,736][MISSION][INFO][gRPC MQTT] - Sending mission data to MQTT bridge
[2026-03-16 14:49:01,742][MISSION][INFO][gRPC MQTT] - Sending mission data to MQTT bridge
[2026-03-16 14:49:01,750][MISSION][INFO][gRPC MQTT] - Sending mission data to MQTT bridge
[2026-03-16 14:49:01,753][MISSION][INFO][gRPC MQTT] - Sending mission data to MQTT bridge
[2026-03-16 14:49:01,764][MISSION][INFO][gRPC MQTT] - Sending mission data to MQTT bridge
[2026-03-16 14:49:03,710][MISSION][INFO][gRPC Vehicle] - Plan feedback received from ROS2
[2026-03-16 14:49:03,711][MISSION][INFO][Mission 1][Data parser] - Feedback parsed for vehicle 1 in 0.000166s
[2026-03-16 14:49:03,712][MISSION][INFO][Mission 1] - Status for the tasks and commands of the vehicle 1 updated
[2026-03-16 14:49:03,712][MISSION][INFO][Mission 1] - Sent treatment info: Grape_bunch for vehicle 1
[2026-03-16 14:49:03,712][MISSION][INFO][gRPC PM] - Sending mission data to PM
[2026-03-16 14:49:03,712][MISSION][INFO][Mission 1] - Updated Field_PM for grid [0, 2] with treatment Grape_bunch amount 3.95
[2026-03-16 14:49:03,713][MISSION][INFO][Mission 1][Data parser] - Obtaining type of vehicle for vehicle 1
[2026-03-16 14:49:03,713][MISSION][INFO][Mission 1][Data parser] - Vehicle 1 is of type AUAV (0.000141 seconds)
[2026-03-16 14:49:03,714][MISSION][INFO][Mission 1] - Vehicle 1 finished command 32: [['Grape_Bunch_Hailo8'], {'Grape_bunch': 3.95}, [0, 2], [40.20973, -3.466557], ['ISOBUS']]
[2026-03-16 14:49:03,714][MISSION][INFO][Mission 1][Dependency] - Starting dependency check process.
[2026-03-16 14:49:03,715][MISSION][INFO][Mission 1][Dependency] - Task associated with command ID 32 found successfully.
[2026-03-16 14:49:03,715][MISSION][INFO][Mission 1][Dependency] - Dependency check process completed in 0.000482 seconds.
[2026-03-16 14:49:03,774][MISSION][INFO][gRPC MQTT] - Sending mission data to MQTT bridge
[2026-03-16 14:49:03,783][MISSION][INFO][gRPC MQTT] - Sending mission data to MQTT bridge
[2026-03-16 14:49:03,787][MISSION][INFO][gRPC MQTT] - Sending mission data to MQTT bridge
[2026-03-16 14:49:04,645][MISSION][INFO][gRPC Vehicle] - Plan feedback received from ROS2
[2026-03-16 14:49:04,645][MISSION][INFO][Mission 2][Data parser] - Feedback parsed for vehicle 3 in 0.000074s
[2026-03-16 14:49:04,646][MISSION][INFO][Mission 2] - Status for the tasks and commands of the vehicle 3 updated
[2026-03-16 14:49:04,646][MISSION][INFO][Mission 2][Data parser] - Obtaining type of vehicle for vehicle 3
[2026-03-16 14:49:04,646][MISSION][INFO][Mission 2][Data parser] - Vehicle 3 is of type AUAV (0.000142 seconds)
[2026-03-16 14:49:04,647][MISSION][INFO][Mission 2] - Vehicle 3 finished command 1009: WP reached
[2026-03-16 14:49:04,648][MISSION][INFO][Mission 2][Dependency] - Starting dependency check process.
[2026-03-16 14:49:04,648][MISSION][INFO][gRPC MQTT] - Sending mission data to MQTT bridge
[2026-03-16 14:49:04,648][MISSION][INFO][Mission 2][Dependency] - Task associated with command ID 1009 found successfully.
[2026-03-16 14:49:04,649][MISSION][INFO][Mission 2][Dependency] - Dependency check process completed in 0.001376 seconds.
[2026-03-16 14:49:06,736][MISSION][INFO][gRPC Vehicle] - Plan feedback received from ROS2
[2026-03-16 14:49:06,737][MISSION][INFO][Mission 2][Data parser] - Feedback parsed for vehicle 3 in 0.000194s
[2026-03-16 14:49:06,738][MISSION][INFO][Mission 2] - Status for the tasks and commands of the vehicle 3 updated
[2026-03-16 14:49:06,738][MISSION][INFO][Mission 2][Data parser] - Obtaining type of vehicle for vehicle 3
[2026-03-16 14:49:06,738][MISSION][INFO][Mission 2][Data parser] - Vehicle 3 is of type AUAV (0.000113 seconds)
[2026-03-16 14:49:06,738][MISSION][INFO][Mission 2] - Vehicle 3 finished command 1010: Picture taken
[2026-03-16 14:49:06,738][MISSION][INFO][gRPC MQTT] - Sending mission data to MQTT bridge
[2026-03-16 14:49:06,738][MISSION][INFO][Mission 2][Dependency] - Starting dependency check process.
[2026-03-16 14:49:06,739][MISSION][INFO][Mission 2][Dependency] - Task associated with command ID 1010 found successfully.
[2026-03-16 14:49:06,740][MISSION][INFO][Mission 2][Dependency] - Dependency check process completed in 0.001106 seconds.
[2026-03-16 14:49:06,754][MISSION][INFO][gRPC Vehicle] - Plan feedback received from ROS2
[2026-03-16 14:49:06,754][MISSION][INFO][Mission 1][Data parser] - Feedback parsed for vehicle 1 in 0.000161s
[2026-03-16 14:49:06,755][MISSION][INFO][Mission 1] - Status for the tasks and commands of the vehicle 1 updated
[2026-03-16 14:49:06,756][MISSION][INFO][Mission 1][Data parser] - Obtaining type of vehicle for vehicle 1
[2026-03-16 14:49:06,756][MISSION][INFO][Mission 1][Data parser] - Vehicle 1 is of type AUAV (0.000585 seconds)
[2026-03-16 14:49:06,757][MISSION][INFO][Mission 1] - Vehicle 1 finished command 33: WP reached
[2026-03-16 14:49:06,758][MISSION][INFO][gRPC MQTT] - Sending mission data to MQTT bridge
[2026-03-16 14:49:06,758][MISSION][INFO][Mission 1][Dependency] - Starting dependency check process.
[2026-03-16 14:49:06,759][MISSION][INFO][Mission 1][Dependency] - Task associated with command ID 33 found successfully.
[2026-03-16 14:49:06,760][MISSION][INFO][Mission 1][Dependency] - Dependency check process completed in 0.002200 seconds.
[2026-03-16 14:49:08,854][MISSION][INFO][gRPC Vehicle] - Plan feedback received from ROS2
[2026-03-16 14:49:08,855][MISSION][INFO][Mission 1][Data parser] - Feedback parsed for vehicle 1 in 0.000071s
[2026-03-16 14:49:08,855][MISSION][INFO][Mission 1] - Status for the tasks and commands of the vehicle 1 updated
[2026-03-16 14:49:08,856][MISSION][INFO][Mission 1][Data parser] - Obtaining type of vehicle for vehicle 1
[2026-03-16 14:49:08,856][MISSION][INFO][Mission 1][Data parser] - Vehicle 1 is of type AUAV (0.000164 seconds)
[2026-03-16 14:49:08,857][MISSION][INFO][Mission 1] - Vehicle 1 finished command 34: Picture taken
[2026-03-16 14:49:08,857][MISSION][INFO][gRPC MQTT] - Sending mission data to MQTT bridge
[2026-03-16 14:49:08,857][MISSION][INFO][Mission 1][Dependency] - Starting dependency check process.
[2026-03-16 14:49:08,858][MISSION][INFO][Mission 1][Dependency] - Task associated with command ID 34 found successfully.
[2026-03-16 14:49:08,858][MISSION][INFO][Mission 1][Dependency] - Dependency check process completed in 0.001084 seconds.
[2026-03-16 14:49:12,844][MISSION][INFO][gRPC Vehicle] - Plan feedback received from ROS2
[2026-03-16 14:49:12,846][MISSION][INFO][Mission 1][Data parser] - Feedback parsed for vehicle 1 in 0.000221s
[2026-03-16 14:49:12,847][MISSION][INFO][Mission 1] - Status for the tasks and commands of the vehicle 1 updated
[2026-03-16 14:49:12,848][MISSION][INFO][Mission 1] - Sent treatment info: Grape_bunch for vehicle 1
[2026-03-16 14:49:12,848][MISSION][INFO][Mission 1] - Updated Field_PM for grid [0, 3] with treatment Grape_bunch amount 7.95
[2026-03-16 14:49:12,850][MISSION][INFO][Mission 1][Data parser] - Obtaining type of vehicle for vehicle 1
[2026-03-16 14:49:12,850][MISSION][INFO][Mission 1][Data parser] - Vehicle 1 is of type AUAV (0.000358 seconds)
[2026-03-16 14:49:12,850][MISSION][INFO][Mission 1] - Vehicle 1 finished command 35: [['Grape_Bunch_Hailo8'], {'Grape_bunch': 7.95}, [0, 3], [40.20973, -3.466312], ['ISOBUS']]
[2026-03-16 14:49:12,851][MISSION][INFO][Mission 1][Dependency] - Starting dependency check process.
[2026-03-16 14:49:12,851][MISSION][INFO][Mission 1][Dependency] - Task associated with command ID 35 found successfully.
[2026-03-16 14:49:12,852][MISSION][INFO][Mission 1][Dependency] - Dependency check process completed in 0.000965 seconds.
[2026-03-16 14:49:12,852][MISSION][INFO][gRPC PM] - Sending mission data to PM
[2026-03-16 14:49:12,880][MISSION][INFO][gRPC MQTT] - Sending mission data to MQTT bridge
[2026-03-16 14:49:12,929][MISSION][INFO][gRPC MQTT] - Sending mission data to MQTT bridge
[2026-03-16 14:49:12,934][MISSION][INFO][gRPC MQTT] - Sending mission data to MQTT bridge
[2026-03-16 14:49:14,063][MISSION][INFO][gRPC Vehicle] - Plan feedback received from ROS2
[2026-03-16 14:49:14,064][MISSION][INFO][Mission 2][Data parser] - Feedback parsed for vehicle 3 in 0.000409s
[2026-03-16 14:49:14,066][MISSION][INFO][Mission 2] - Status for the tasks and commands of the vehicle 3 updated
[2026-03-16 14:49:14,067][MISSION][INFO][Mission 2] - Sent treatment info: Black_measles for vehicle 3
[2026-03-16 14:49:14,067][MISSION][INFO][gRPC PM] - Sending mission data to PM
[2026-03-16 14:49:14,068][MISSION][INFO][Mission 2] - Sent treatment info: Black_rot for vehicle 3
[2026-03-16 14:49:14,068][MISSION][INFO][Mission 2] - Sent treatment info: Isariopsis for vehicle 3
[2026-03-16 14:49:14,069][MISSION][INFO][Mission 2] - Sent treatment info: Grape_bunch for vehicle 3
[2026-03-16 14:49:14,069][MISSION][INFO][Mission 2] - Updated Field_PM for grid [0, 2] with treatment Black_measles amount 2.2
[2026-03-16 14:49:14,070][MISSION][INFO][Mission 2] - Updated Field_PM for grid [0, 2] with treatment Black_rot amount 1.7
[2026-03-16 14:49:14,070][MISSION][INFO][Mission 2] - Updated Field_PM for grid [0, 2] with treatment Isariopsis amount 1.8599999999999999
[2026-03-16 14:49:14,071][MISSION][INFO][Mission 2] - Updated Field_PM for grid [0, 2] with treatment Grape_bunch amount 1.95
[2026-03-16 14:49:14,071][MISSION][INFO][Mission 2][Data parser] - Obtaining type of vehicle for vehicle 3
[2026-03-16 14:49:14,072][MISSION][INFO][Mission 2][Data parser] - Vehicle 3 is of type AUAV (0.000401 seconds)
[2026-03-16 14:49:14,073][MISSION][INFO][Mission 2] - Vehicle 3 finished command 1011: [['Grape_Diseases_Hailo8', 'Grape_Bunch_Hailo8'], {'Black_measles': 2.2, 'Black_rot': 1.7, 'Isariopsis': 1.8599999999999999, 'Grape_bunch': 1.95}, [0, 2], [40.207862, -3.467372], ['ISOBUS', 'Drone']]
[2026-03-16 14:49:14,073][MISSION][INFO][Mission 2][Dependency] - Starting dependency check process.
[2026-03-16 14:49:14,073][MISSION][INFO][Mission 2][Dependency] - Task associated with command ID 1011 found successfully.
[2026-03-16 14:49:14,074][MISSION][INFO][Mission 2][Dependency] - Dependency check process completed in 0.000616 seconds.
[2026-03-16 14:49:14,142][MISSION][INFO][gRPC MQTT] - Sending mission data to MQTT bridge
[2026-03-16 14:49:14,147][MISSION][INFO][gRPC MQTT] - Sending mission data to MQTT bridge
[2026-03-16 14:49:14,150][MISSION][INFO][gRPC MQTT] - Sending mission data to MQTT bridge
[2026-03-16 14:49:14,153][MISSION][INFO][gRPC MQTT] - Sending mission data to MQTT bridge
[2026-03-16 14:49:14,157][MISSION][INFO][gRPC MQTT] - Sending mission data to MQTT bridge
[2026-03-16 14:49:14,161][MISSION][INFO][gRPC MQTT] - Sending mission data to MQTT bridge
[2026-03-16 14:49:14,164][MISSION][INFO][gRPC MQTT] - Sending mission data to MQTT bridge
[2026-03-16 14:49:14,169][MISSION][INFO][gRPC MQTT] - Sending mission data to MQTT bridge
[2026-03-16 14:49:14,173][MISSION][INFO][gRPC MQTT] - Sending mission data to MQTT bridge
[2026-03-16 14:49:15,870][MISSION][INFO][gRPC Vehicle] - Plan feedback received from ROS2
[2026-03-16 14:49:15,871][MISSION][INFO][Mission 1][Data parser] - Feedback parsed for vehicle 1 in 0.000079s
[2026-03-16 14:49:15,872][MISSION][INFO][Mission 1] - Status for the tasks and commands of the vehicle 1 updated
[2026-03-16 14:49:15,873][MISSION][INFO][Mission 1][Data parser] - Obtaining type of vehicle for vehicle 1
[2026-03-16 14:49:15,873][MISSION][INFO][Mission 1][Data parser] - Vehicle 1 is of type AUAV (0.000336 seconds)
[2026-03-16 14:49:15,874][MISSION][INFO][Mission 1] - Vehicle 1 finished command 36: WP reached
[2026-03-16 14:49:15,874][MISSION][INFO][gRPC MQTT] - Sending mission data to MQTT bridge
[2026-03-16 14:49:15,874][MISSION][INFO][Mission 1][Dependency] - Starting dependency check process.
[2026-03-16 14:49:15,875][MISSION][INFO][Mission 1][Dependency] - Task associated with command ID 36 found successfully.
[2026-03-16 14:49:15,876][MISSION][INFO][Mission 1][Dependency] - Dependency check process completed in 0.001636 seconds.
[2026-03-16 14:49:17,096][MISSION][INFO][gRPC Vehicle] - Plan feedback received from ROS2
[2026-03-16 14:49:17,097][MISSION][INFO][Mission 2][Data parser] - Feedback parsed for vehicle 3 in 0.000077s
[2026-03-16 14:49:17,098][MISSION][INFO][Mission 2] - Status for the tasks and commands of the vehicle 3 updated
[2026-03-16 14:49:17,098][MISSION][INFO][Mission 2][Data parser] - Obtaining type of vehicle for vehicle 3
[2026-03-16 14:49:17,098][MISSION][INFO][Mission 2][Data parser] - Vehicle 3 is of type AUAV (0.000120 seconds)
[2026-03-16 14:49:17,099][MISSION][INFO][Mission 2] - Vehicle 3 finished command 1012: WP reached
[2026-03-16 14:49:17,099][MISSION][INFO][gRPC MQTT] - Sending mission data to MQTT bridge
[2026-03-16 14:49:17,099][MISSION][INFO][Mission 2][Dependency] - Starting dependency check process.
[2026-03-16 14:49:17,101][MISSION][INFO][Mission 2][Dependency] - Task associated with command ID 1012 found successfully.
[2026-03-16 14:49:17,101][MISSION][INFO][Mission 2][Dependency] - Dependency check process completed in 0.001683 seconds.
[2026-03-16 14:49:17,938][MISSION][INFO][gRPC Vehicle] - Plan feedback received from ROS2
[2026-03-16 14:49:17,939][MISSION][INFO][Mission 1][Data parser] - Feedback parsed for vehicle 1 in 0.000085s
[2026-03-16 14:49:17,940][MISSION][INFO][Mission 1] - Status for the tasks and commands of the vehicle 1 updated
[2026-03-16 14:49:17,940][MISSION][INFO][Mission 1][Data parser] - Obtaining type of vehicle for vehicle 1
[2026-03-16 14:49:17,941][MISSION][INFO][Mission 1][Data parser] - Vehicle 1 is of type AUAV (0.000744 seconds)
[2026-03-16 14:49:17,942][MISSION][INFO][Mission 1] - Vehicle 1 finished command 37: Picture taken
[2026-03-16 14:49:17,944][MISSION][INFO][gRPC MQTT] - Sending mission data to MQTT bridge
[2026-03-16 14:49:17,945][MISSION][INFO][Mission 1][Dependency] - Starting dependency check process.
[2026-03-16 14:49:17,946][MISSION][INFO][Mission 1][Dependency] - Task associated with command ID 37 found successfully.
[2026-03-16 14:49:17,946][MISSION][INFO][Mission 1][Dependency] - Dependency check process completed in 0.001381 seconds.
[2026-03-16 14:49:19,201][MISSION][INFO][gRPC Vehicle] - Plan feedback received from ROS2
[2026-03-16 14:49:19,201][MISSION][INFO][Mission 2][Data parser] - Feedback parsed for vehicle 3 in 0.000164s
[2026-03-16 14:49:19,203][MISSION][INFO][Mission 2] - Status for the tasks and commands of the vehicle 3 updated
[2026-03-16 14:49:19,204][MISSION][INFO][Mission 2][Data parser] - Obtaining type of vehicle for vehicle 3
[2026-03-16 14:49:19,204][MISSION][INFO][Mission 2][Data parser] - Vehicle 3 is of type AUAV (0.000261 seconds)
[2026-03-16 14:49:19,204][MISSION][INFO][Mission 2] - Vehicle 3 finished command 1013: Picture taken
[2026-03-16 14:49:19,205][MISSION][INFO][gRPC MQTT] - Sending mission data to MQTT bridge
[2026-03-16 14:49:19,206][MISSION][INFO][Mission 2][Dependency] - Starting dependency check process.
[2026-03-16 14:49:19,206][MISSION][INFO][Mission 2][Dependency] - Task associated with command ID 1013 found successfully.
[2026-03-16 14:49:19,207][MISSION][INFO][Mission 2][Dependency] - Dependency check process completed in 0.001178 seconds.
[2026-03-16 14:49:21,746][MISSION][INFO][gRPC Vehicle] - Plan feedback received from ROS2
[2026-03-16 14:49:21,747][MISSION][INFO][Mission 1][Data parser] - Feedback parsed for vehicle 1 in 0.000324s
[2026-03-16 14:49:21,748][MISSION][INFO][Mission 1] - Status for the tasks and commands of the vehicle 1 updated
[2026-03-16 14:49:21,748][MISSION][INFO][Mission 1] - Sent treatment info: Grape_bunch for vehicle 1
[2026-03-16 14:49:21,749][MISSION][INFO][Mission 1] - Updated Field_PM for grid [0, 4] with treatment Grape_bunch amount 9.95
[2026-03-16 14:49:21,749][MISSION][INFO][Mission 1][Data parser] - Obtaining type of vehicle for vehicle 1
[2026-03-16 14:49:21,749][MISSION][INFO][Mission 1][Data parser] - Vehicle 1 is of type AUAV (0.000142 seconds)
[2026-03-16 14:49:21,750][MISSION][INFO][Mission 1] - Vehicle 1 finished command 38: [['Grape_Bunch_Hailo8'], {'Grape_bunch': 9.95}, [0, 4], [40.20973, -3.466066], ['ISOBUS']]
[2026-03-16 14:49:21,750][MISSION][INFO][Mission 1][Dependency] - Starting dependency check process.
[2026-03-16 14:49:21,751][MISSION][INFO][Mission 1][Dependency] - Task associated with command ID 38 found successfully.
[2026-03-16 14:49:21,751][MISSION][INFO][Mission 1][Dependency] - Dependency check process completed in 0.000256 seconds.
[2026-03-16 14:49:21,812][MISSION][INFO][gRPC MQTT] - Sending mission data to MQTT bridge
[2026-03-16 14:49:21,813][MISSION][INFO][gRPC MQTT] - Sending mission data to MQTT bridge
[2026-03-16 14:49:21,815][MISSION][INFO][gRPC MQTT] - Sending mission data to MQTT bridge
[2026-03-16 14:49:21,821][MISSION][INFO][gRPC PM] - Sending mission data to PM
[2026-03-16 14:49:24,776][MISSION][INFO][gRPC Vehicle] - Plan feedback received from ROS2
[2026-03-16 14:49:24,777][MISSION][INFO][Mission 1][Data parser] - Feedback parsed for vehicle 1 in 0.000176s
[2026-03-16 14:49:24,778][MISSION][INFO][Mission 1] - Status for the tasks and commands of the vehicle 1 updated
[2026-03-16 14:49:24,778][MISSION][INFO][Mission 1][Data parser] - Obtaining type of vehicle for vehicle 1
[2026-03-16 14:49:24,779][MISSION][INFO][Mission 1][Data parser] - Vehicle 1 is of type AUAV (0.000624 seconds)
[2026-03-16 14:49:24,780][MISSION][INFO][Mission 1] - Vehicle 1 finished command 39: WP reached
[2026-03-16 14:49:24,781][MISSION][INFO][Mission 1][Dependency] - Starting dependency check process.
[2026-03-16 14:49:24,782][MISSION][INFO][Mission 1][Dependency] - Task associated with command ID 39 found successfully.
[2026-03-16 14:49:24,782][MISSION][INFO][Mission 1][Dependency] - Dependency check process completed in 0.000739 seconds.
[2026-03-16 14:49:24,822][MISSION][INFO][gRPC MQTT] - Sending mission data to MQTT bridge
[2026-03-16 14:49:26,844][MISSION][INFO][gRPC Vehicle] - Plan feedback received from ROS2
[2026-03-16 14:49:26,845][MISSION][INFO][Mission 1][Data parser] - Feedback parsed for vehicle 1 in 0.000165s
[2026-03-16 14:49:26,845][MISSION][INFO][Mission 1] - Status for the tasks and commands of the vehicle 1 updated
[2026-03-16 14:49:26,846][MISSION][INFO][Mission 1][Data parser] - Obtaining type of vehicle for vehicle 1
[2026-03-16 14:49:26,846][MISSION][INFO][Mission 1][Data parser] - Vehicle 1 is of type AUAV (0.000322 seconds)
[2026-03-16 14:49:26,847][MISSION][INFO][Mission 1] - Vehicle 1 finished command 40: Picture taken
[2026-03-16 14:49:26,847][MISSION][INFO][gRPC MQTT] - Sending mission data to MQTT bridge
[2026-03-16 14:49:26,847][MISSION][INFO][Mission 1][Dependency] - Starting dependency check process.
[2026-03-16 14:49:26,848][MISSION][INFO][Mission 1][Dependency] - Task associated with command ID 40 found successfully.
[2026-03-16 14:49:26,850][MISSION][INFO][Mission 1][Dependency] - Dependency check process completed in 0.002287 seconds.
[2026-03-16 14:49:27,121][MISSION][INFO][gRPC Vehicle] - Plan feedback received from ROS2
[2026-03-16 14:49:27,121][MISSION][INFO][Mission 2][Data parser] - Feedback parsed for vehicle 3 in 0.000367s
[2026-03-16 14:49:27,122][MISSION][INFO][Mission 2] - Status for the tasks and commands of the vehicle 3 updated
[2026-03-16 14:49:27,123][MISSION][INFO][Mission 2] - Sent treatment info: Black_measles for vehicle 3
[2026-03-16 14:49:27,123][MISSION][INFO][gRPC MQTT] - Sending mission data to MQTT bridge
[2026-03-16 14:49:27,123][MISSION][INFO][Mission 2] - Sent treatment info: Black_rot for vehicle 3
[2026-03-16 14:49:27,124][MISSION][INFO][Mission 2] - Sent treatment info: Isariopsis for vehicle 3
[2026-03-16 14:49:27,125][MISSION][INFO][Mission 2] - Sent treatment info: Grape_bunch for vehicle 3
[2026-03-16 14:49:27,125][MISSION][INFO][Mission 2] - Updated Field_PM for grid [0, 3] with treatment Black_measles amount 2.2
[2026-03-16 14:49:27,126][MISSION][INFO][Mission 2] - Updated Field_PM for grid [0, 3] with treatment Black_rot amount 1.7
[2026-03-16 14:49:27,126][MISSION][INFO][Mission 2] - Updated Field_PM for grid [0, 3] with treatment Isariopsis amount 2.36
[2026-03-16 14:49:27,127][MISSION][INFO][gRPC MQTT] - Sending mission data to MQTT bridge
[2026-03-16 14:49:27,128][MISSION][INFO][Mission 2] - Updated Field_PM for grid [0, 3] with treatment Grape_bunch amount 5.95
[2026-03-16 14:49:27,129][MISSION][INFO][Mission 2][Data parser] - Obtaining type of vehicle for vehicle 3
[2026-03-16 14:49:27,129][MISSION][INFO][Mission 2][Data parser] - Vehicle 3 is of type AUAV (0.000534 seconds)
[2026-03-16 14:49:27,130][MISSION][INFO][Mission 2] - Vehicle 3 finished command 1014: [['Grape_Diseases_Hailo8', 'Grape_Bunch_Hailo8'], {'Black_measles': 2.2, 'Black_rot': 1.7, 'Isariopsis': 2.36, 'Grape_bunch': 5.95}, [0, 3], [40.207855, -3.467262], ['ISOBUS', 'Drone']]
[2026-03-16 14:49:27,130][MISSION][INFO][Mission 2][Dependency] - Starting dependency check process.
[2026-03-16 14:49:27,131][MISSION][INFO][Mission 2][Dependency] - Task associated with command ID 1014 found successfully.
[2026-03-16 14:49:27,131][MISSION][INFO][gRPC MQTT] - Sending mission data to MQTT bridge
[2026-03-16 14:49:27,131][MISSION][INFO][Mission 2][Dependency] - Dependency check process completed in 0.000968 seconds.
[2026-03-16 14:49:27,133][MISSION][INFO][gRPC MQTT] - Sending mission data to MQTT bridge
[2026-03-16 14:49:27,134][MISSION][INFO][gRPC MQTT] - Sending mission data to MQTT bridge
[2026-03-16 14:49:27,136][MISSION][INFO][gRPC MQTT] - Sending mission data to MQTT bridge
[2026-03-16 14:49:27,138][MISSION][INFO][gRPC MQTT] - Sending mission data to MQTT bridge
[2026-03-16 14:49:27,141][MISSION][INFO][gRPC MQTT] - Sending mission data to MQTT bridge
[2026-03-16 14:49:27,143][MISSION][INFO][gRPC MQTT] - Sending mission data to MQTT bridge
[2026-03-16 14:49:27,186][MISSION][INFO][gRPC PM] - Sending mission data to PM
[2026-03-16 14:49:30,148][MISSION][INFO][gRPC Vehicle] - Plan feedback received from ROS2
[2026-03-16 14:49:30,148][MISSION][INFO][Mission 2][Data parser] - Feedback parsed for vehicle 3 in 0.000082s
[2026-03-16 14:49:30,149][MISSION][INFO][Mission 2] - Status for the tasks and commands of the vehicle 3 updated
[2026-03-16 14:49:30,149][MISSION][INFO][Mission 2][Data parser] - Obtaining type of vehicle for vehicle 3
[2026-03-16 14:49:30,149][MISSION][INFO][Mission 2][Data parser] - Vehicle 3 is of type AUAV (0.000103 seconds)
[2026-03-16 14:49:30,150][MISSION][INFO][Mission 2] - Vehicle 3 finished command 1015: WP reached
[2026-03-16 14:49:30,150][MISSION][INFO][gRPC MQTT] - Sending mission data to MQTT bridge
[2026-03-16 14:49:30,150][MISSION][INFO][Mission 2][Dependency] - Starting dependency check process.
[2026-03-16 14:49:30,152][MISSION][INFO][Mission 2][Dependency] - Task associated with command ID 1015 found successfully.
[2026-03-16 14:49:30,152][MISSION][INFO][Mission 2][Dependency] - Dependency check process completed in 0.001954 seconds.
[2026-03-16 14:49:30,585][MISSION][INFO][gRPC Vehicle] - Plan feedback received from ROS2
[2026-03-16 14:49:30,586][MISSION][INFO][Mission 1][Data parser] - Feedback parsed for vehicle 1 in 0.000775s
[2026-03-16 14:49:30,587][MISSION][INFO][Mission 1] - Status for the tasks and commands of the vehicle 1 updated
[2026-03-16 14:49:30,588][MISSION][INFO][Mission 1] - Sent treatment info: Grape_bunch for vehicle 1
[2026-03-16 14:49:30,588][MISSION][INFO][gRPC PM] - Sending mission data to PM
[2026-03-16 14:49:30,588][MISSION][INFO][gRPC MQTT] - Sending mission data to MQTT bridge
[2026-03-16 14:49:30,588][MISSION][INFO][Mission 1] - Updated Field_PM for grid [0, 5] with treatment Grape_bunch amount 3.95
[2026-03-16 14:49:30,590][MISSION][INFO][Mission 1][Data parser] - Obtaining type of vehicle for vehicle 1
[2026-03-16 14:49:30,590][MISSION][INFO][Mission 1][Data parser] - Vehicle 1 is of type AUAV (0.000479 seconds)
[2026-03-16 14:49:30,592][MISSION][INFO][Mission 1] - Vehicle 1 finished command 41: [['Grape_Bunch_Hailo8'], {'Grape_bunch': 3.95}, [0, 5], [40.20973, -3.465821], ['ISOBUS']]
[2026-03-16 14:49:30,594][MISSION][INFO][Mission 1][Dependency] - Starting dependency check process.
[2026-03-16 14:49:30,594][MISSION][INFO][Mission 1][Dependency] - Task associated with command ID 41 found successfully.
[2026-03-16 14:49:30,594][MISSION][INFO][Mission 1][Dependency] - Dependency check process completed in 0.000631 seconds.
[2026-03-16 14:49:30,594][MISSION][INFO][gRPC MQTT] - Sending mission data to MQTT bridge
[2026-03-16 14:49:30,643][MISSION][INFO][gRPC MQTT] - Sending mission data to MQTT bridge
[2026-03-16 14:49:32,232][MISSION][INFO][gRPC Vehicle] - Plan feedback received from ROS2
[2026-03-16 14:49:32,232][MISSION][INFO][Mission 2][Data parser] - Feedback parsed for vehicle 3 in 0.000079s
[2026-03-16 14:49:32,233][MISSION][INFO][Mission 2] - Status for the tasks and commands of the vehicle 3 updated
[2026-03-16 14:49:32,233][MISSION][INFO][Mission 2][Data parser] - Obtaining type of vehicle for vehicle 3
[2026-03-16 14:49:32,234][MISSION][INFO][Mission 2][Data parser] - Vehicle 3 is of type AUAV (0.000356 seconds)
[2026-03-16 14:49:32,234][MISSION][INFO][Mission 2] - Vehicle 3 finished command 1016: Picture taken
[2026-03-16 14:49:32,234][MISSION][INFO][Mission 2][Dependency] - Starting dependency check process.
[2026-03-16 14:49:32,234][MISSION][INFO][Mission 2][Dependency] - Task associated with command ID 1016 found successfully.
[2026-03-16 14:49:32,234][MISSION][INFO][Mission 2][Dependency] - Dependency check process completed in 0.000196 seconds.
[2026-03-16 14:49:32,251][MISSION][INFO][gRPC MQTT] - Sending mission data to MQTT bridge
[2026-03-16 14:49:33,622][MISSION][INFO][gRPC Vehicle] - Plan feedback received from ROS2
[2026-03-16 14:49:33,624][MISSION][INFO][Mission 1][Data parser] - Feedback parsed for vehicle 1 in 0.000113s
[2026-03-16 14:49:33,626][MISSION][INFO][Mission 1] - Status for the tasks and commands of the vehicle 1 updated
[2026-03-16 14:49:33,627][MISSION][INFO][Mission 1][Data parser] - Obtaining type of vehicle for vehicle 1
[2026-03-16 14:49:33,627][MISSION][INFO][Mission 1][Data parser] - Vehicle 1 is of type AUAV (0.000207 seconds)
[2026-03-16 14:49:33,627][MISSION][INFO][Mission 1] - Vehicle 1 finished command 42: WP reached
[2026-03-16 14:49:33,627][MISSION][INFO][Mission 1][Dependency] - Starting dependency check process.
[2026-03-16 14:49:33,628][MISSION][INFO][Mission 1][Dependency] - Task associated with command ID 42 found successfully.
[2026-03-16 14:49:33,628][MISSION][INFO][Mission 1][Dependency] - Dependency check process completed in 0.000414 seconds.
[2026-03-16 14:49:33,654][MISSION][INFO][gRPC MQTT] - Sending mission data to MQTT bridge
