[2025-11-25 13:44:18,055][PM][INFO][PM Manager] - Running PM generator: PrescriptionMap/pm_generation/ISOBUS/pm_isobus_fleet.py
[2025-11-25 13:44:18,095][PM][INFO][PM Manager] - Running PM generator: PrescriptionMap/pm_generation/Drone/pm_drone_fleet.py
[2025-11-25 13:44:18,157][PM][INFO][PM Manager] - PM output: 
Drone PM: 3_Black_measles.json at [1][5] = 2.2
Drone PM: 3_Black_rot.json at [1][5] = 1.7
Drone PM: 3_Isariopsis.json at [1][5] = 1.8599999999999999
Drone PM: 3_Grape_bunch.json at [1][5] = 3.95
[2025-11-25 13:44:18,159][PM][INFO][PM Manager] - PM output: 
ISOBUS PM updated at PrescriptionMap/pm_generation/ISOBUS/PMs/3_isobus_pm.json with treatments: {'Black_measles': 2.2, 'Black_rot': 1.7, 'Isariopsis': 1.8599999999999999, 'Grape_bunch': 3.95} at grid: [1, 5]
[2025-11-25 13:44:38,269][PM][INFO][gRPC PM] - Data PM received from Mission Management
[2025-11-25 13:44:38,271][PM][INFO][PM Manager] - Running PM generator: PrescriptionMap/pm_generation/ISOBUS/pm_isobus_fleet.py
[2025-11-25 13:44:38,352][PM][INFO][PM Manager] - Running PM generator: PrescriptionMap/pm_generation/Drone/pm_drone_fleet.py
[2025-11-25 13:44:38,431][PM][INFO][PM Manager] - PM output: 
ISOBUS PM updated at PrescriptionMap/pm_generation/ISOBUS/PMs/3_isobus_pm.json with treatments: {'Black_measles': 2.7, 'Black_rot': 2.2, 'Isariopsis': 3.3600000000000003, 'Grape_bunch': 3.95} at grid: [1, 4]
[2025-11-25 13:44:38,436][PM][INFO][PM Manager] - PM output: 
Drone PM: 3_Black_measles.json at [1][4] = 2.7
Drone PM: 3_Black_rot.json at [1][4] = 2.2
Drone PM: 3_Isariopsis.json at [1][4] = 3.3600000000000003
Drone PM: 3_Grape_bunch.json at [1][4] = 3.95
[2025-11-25 13:44:58,270][PM][INFO][gRPC PM] - Data PM received from Mission Management
[2025-11-25 13:44:58,272][PM][INFO][PM Manager] - Running PM generator: PrescriptionMap/pm_generation/ISOBUS/pm_isobus_fleet.py
[2025-11-25 13:44:58,320][PM][INFO][PM Manager] - Running PM generator: PrescriptionMap/pm_generation/Drone/pm_drone_fleet.py
[2025-11-25 13:44:58,383][PM][INFO][PM Manager] - PM output: 
ISOBUS PM updated at PrescriptionMap/pm_generation/ISOBUS/PMs/3_isobus_pm.json with treatments: {'Black_measles': 2.2, 'Black_rot': 1.7, 'Isariopsis': 1.8599999999999999, 'Grape_bunch': 1.95} at grid: [1, 3]
[2025-11-25 13:44:58,389][PM][INFO][PM Manager] - PM output: 
Drone PM: 3_Black_measles.json at [1][3] = 2.2
Drone PM: 3_Black_rot.json at [1][3] = 1.7
Drone PM: 3_Isariopsis.json at [1][3] = 1.8599999999999999
Drone PM: 3_Grape_bunch.json at [1][3] = 1.95
[2025-11-25 14:29:29,627][PM][INFO][PM Subscriber] - Started dynamic PM subscriber
[2025-11-25 14:29:29,633][PM][INFO][gRPC PM] - Server running on port [::]:50087
[2025-11-25 14:34:17,628][PM][INFO][PM Subscriber] - Discovered new drone: ID 1
[2025-11-25 14:34:19,628][PM][INFO][PM Subscriber] - Discovered new drone: ID 2
[2025-11-25 14:34:21,628][PM][INFO][PM Subscriber] - Discovered new drone: ID 3
[2025-11-25 14:36:13,226][PM][INFO][gRPC PM] - Data PM received from Mission Management
[2025-11-25 14:36:13,229][PM][INFO][PM Manager] - Running PM generator: PrescriptionMap/pm_generation/ISOBUS/pm_isobus_fleet.py
[2025-11-25 14:36:13,305][PM][INFO][PM Manager] - PM output: 
ISOBUS PM updated at PrescriptionMap/pm_generation/ISOBUS/PMs/1_isobus_pm.json with treatments: {'Grape_bunch': 5.95} at grid: [1, 6]
[2025-11-25 14:36:31,531][PM][INFO][gRPC PM] - Data PM received from Mission Management
[2025-11-25 14:36:31,556][PM][INFO][PM Manager] - Running PM generator: PrescriptionMap/pm_generation/ISOBUS/pm_isobus_fleet.py
[2025-11-25 14:36:31,654][PM][INFO][PM Manager] - PM output: 
ISOBUS PM updated at PrescriptionMap/pm_generation/ISOBUS/PMs/1_isobus_pm.json with treatments: {'Grape_bunch': 5.95} at grid: [1, 5]
[2025-11-25 14:36:48,365][PM][INFO][gRPC PM] - Data PM received from Mission Management
[2025-11-25 14:36:48,366][PM][INFO][PM Manager] - Running PM generator: PrescriptionMap/pm_generation/ISOBUS/pm_isobus_fleet.py
[2025-11-25 14:36:48,468][PM][INFO][PM Manager] - PM output: 
ISOBUS PM updated at PrescriptionMap/pm_generation/ISOBUS/PMs/1_isobus_pm.json with treatments: {'Grape_bunch': 5.95} at grid: [1, 4]
[2025-11-25 14:37:05,289][PM][INFO][gRPC PM] - Data PM received from Mission Management
[2025-11-25 14:37:05,290][PM][INFO][PM Manager] - Running PM generator: PrescriptionMap/pm_generation/ISOBUS/pm_isobus_fleet.py
[2025-11-25 14:37:05,390][PM][INFO][PM Manager] - PM output: 
ISOBUS PM updated at PrescriptionMap/pm_generation/ISOBUS/PMs/1_isobus_pm.json with treatments: {'Grape_bunch': 3.95} at grid: [1, 3]
[2025-11-25 14:37:22,065][PM][INFO][gRPC PM] - Data PM received from Mission Management
[2025-11-25 14:37:22,068][PM][INFO][PM Manager] - Running PM generator: PrescriptionMap/pm_generation/ISOBUS/pm_isobus_fleet.py
[2025-11-25 14:37:22,153][PM][INFO][PM Manager] - PM output: 
ISOBUS PM updated at PrescriptionMap/pm_generation/ISOBUS/PMs/1_isobus_pm.json with treatments: {'Grape_bunch': 7.95} at grid: [1, 2]
[2025-11-25 14:37:38,977][PM][INFO][gRPC PM] - Data PM received from Mission Management
[2025-11-25 14:37:38,977][PM][INFO][PM Manager] - Running PM generator: PrescriptionMap/pm_generation/ISOBUS/pm_isobus_fleet.py
[2025-11-25 14:37:39,073][PM][INFO][PM Manager] - PM output: 
ISOBUS PM updated at PrescriptionMap/pm_generation/ISOBUS/PMs/1_isobus_pm.json with treatments: {'Grape_bunch': 1.95} at grid: [1, 1]
[2025-11-25 14:37:55,763][PM][INFO][gRPC PM] - Data PM received from Mission Management
[2025-11-25 14:37:55,764][PM][INFO][PM Manager] - Running PM generator: PrescriptionMap/pm_generation/ISOBUS/pm_isobus_fleet.py
[2025-11-25 14:37:55,865][PM][INFO][PM Manager] - PM output: 
ISOBUS PM updated at PrescriptionMap/pm_generation/ISOBUS/PMs/1_isobus_pm.json with treatments: {'Grape_bunch': 5.95} at grid: [1, 0]
[2025-11-25 14:38:12,688][PM][INFO][gRPC PM] - Data PM received from Mission Management
[2025-11-25 14:38:12,690][PM][INFO][PM Manager] - Running PM generator: PrescriptionMap/pm_generation/ISOBUS/pm_isobus_fleet.py
[2025-11-25 14:38:12,810][PM][INFO][PM Manager] - PM output: 
ISOBUS PM updated at PrescriptionMap/pm_generation/ISOBUS/PMs/1_isobus_pm.json with treatments: {'Grape_bunch': 7.95} at grid: [0, 0]
[2025-11-25 14:38:29,449][PM][INFO][gRPC PM] - Data PM received from Mission Management
[2025-11-25 14:38:29,451][PM][INFO][PM Manager] - Running PM generator: PrescriptionMap/pm_generation/ISOBUS/pm_isobus_fleet.py
[2025-11-25 14:38:29,591][PM][INFO][PM Manager] - PM output: 
ISOBUS PM updated at PrescriptionMap/pm_generation/ISOBUS/PMs/1_isobus_pm.json with treatments: {'Grape_bunch': 1.95} at grid: [0, 1]
[2025-11-25 14:38:46,413][PM][INFO][gRPC PM] - Data PM received from Mission Management
[2025-11-25 14:38:46,414][PM][INFO][PM Manager] - Running PM generator: PrescriptionMap/pm_generation/ISOBUS/pm_isobus_fleet.py
[2025-11-25 14:38:46,512][PM][INFO][PM Manager] - PM output: 
ISOBUS PM updated at PrescriptionMap/pm_generation/ISOBUS/PMs/1_isobus_pm.json with treatments: {'Grape_bunch': 3.95} at grid: [0, 2]
[2025-11-25 14:39:03,206][PM][INFO][gRPC PM] - Data PM received from Mission Management
[2025-11-25 14:39:03,206][PM][INFO][PM Manager] - Running PM generator: PrescriptionMap/pm_generation/ISOBUS/pm_isobus_fleet.py
[2025-11-25 14:39:03,295][PM][INFO][PM Manager] - PM output: 
ISOBUS PM updated at PrescriptionMap/pm_generation/ISOBUS/PMs/1_isobus_pm.json with treatments: {'Grape_bunch': 7.95} at grid: [0, 3]
[2025-11-25 14:39:20,124][PM][INFO][gRPC PM] - Data PM received from Mission Management
[2025-11-25 14:39:20,124][PM][INFO][PM Manager] - Running PM generator: PrescriptionMap/pm_generation/ISOBUS/pm_isobus_fleet.py
[2025-11-25 14:39:20,245][PM][INFO][PM Manager] - PM output: 
ISOBUS PM updated at PrescriptionMap/pm_generation/ISOBUS/PMs/1_isobus_pm.json with treatments: {'Grape_bunch': 9.95} at grid: [0, 4]
[2025-11-25 14:39:36,900][PM][INFO][gRPC PM] - Data PM received from Mission Management
[2025-11-25 14:39:36,902][PM][INFO][PM Manager] - Running PM generator: PrescriptionMap/pm_generation/ISOBUS/pm_isobus_fleet.py
[2025-11-25 14:39:37,012][PM][INFO][PM Manager] - PM output: 
ISOBUS PM updated at PrescriptionMap/pm_generation/ISOBUS/PMs/1_isobus_pm.json with treatments: {'Grape_bunch': 3.95} at grid: [0, 5]
[2025-11-25 14:39:53,733][PM][INFO][gRPC PM] - Data PM received from Mission Management
[2025-11-25 14:39:53,734][PM][INFO][PM Manager] - Running PM generator: PrescriptionMap/pm_generation/ISOBUS/pm_isobus_fleet.py
[2025-11-25 14:39:53,894][PM][INFO][PM Manager] - PM output: 
ISOBUS PM updated at PrescriptionMap/pm_generation/ISOBUS/PMs/1_isobus_pm.json with treatments: {'Grape_bunch': 3.95} at grid: [0, 6]
[2025-11-25 14:39:54,798][PM][INFO][PM Subscriber] - PM received from Drone 1
[2025-11-25 14:39:54,803][PM][INFO][PM Manager] - Received PM for vehicle 1 with filename: isobus_pm
[2025-11-25 14:39:54,804][PM][INFO][PM Manager] - Saving received PM to PrescriptionMap/pm_generation/Received/1_isobus_pm_received.json
[2025-11-25 14:39:54,806][PM][INFO][PM Manager] - Received PM saved: PrescriptionMap/pm_generation/Received/1_isobus_pm_received.json
[2025-11-25 14:39:54,807][PM][INFO][PM Manager] - Finish not activated for vehicle 1, skipping comparison
[2025-11-25 14:39:54,807][PM][INFO][PM Subscriber] - PM data added to queue for Drone 1
[2025-11-25 14:40:04,755][PM][INFO][gRPC PM] - Data PM received from Mission Management
[2025-11-25 14:40:04,755][PM][INFO][PM Manager] - Received finish signal for vehicle 1
[2025-11-25 14:40:04,757][PM][INFO][PM Manager] - Finish status activated for vehicle 1
[2025-11-25 14:40:04,761][PM][INFO][PM Manager] - Starting comparison for vehicle 1
[2025-11-25 14:40:04,761][PM][INFO][PM Manager] - Received files base names: ['1_isobus_pm']
[2025-11-25 14:40:04,762][PM][INFO][PM Manager] - Found matching pair: 1_isobus_pm.json <-> 1_isobus_pm_received.json
[2025-11-25 14:40:04,762][PM][INFO][PM Manager] - Found 1 unique matched file pairs for vehicle 1
[2025-11-25 14:40:04,764][PM][INFO][PM Manager] - Content matches for vehicle 1, file 1_isobus_pm
[2025-11-25 14:40:04,764][PM][INFO][PM Manager] - Moved generated file to Finished: 20251125_144004_1_isobus_pm.json
[2025-11-25 14:40:04,765][PM][INFO][PM Manager] - Removed received file: 1_isobus_pm_received.json
[2025-11-25 14:40:04,766][PM][INFO][PM Manager] - ALL files match for vehicle 1
[2025-11-25 14:40:04,766][PM][INFO][PM Manager] - Finish status deactivated for vehicle 1
[2025-11-25 14:45:34,467][PM][INFO][gRPC PM] - Data PM received from Mission Management
[2025-11-25 14:45:34,468][PM][INFO][PM Manager] - Received finish signal for vehicle 2
[2025-11-25 14:45:34,469][PM][INFO][PM Manager] - Finish status activated for vehicle 2
[2025-11-25 14:45:34,469][PM][INFO][PM Manager] - Starting comparison for vehicle 2
[2025-11-25 14:45:34,469][PM][INFO][PM Manager] - Received files base names: []
[2025-11-25 14:45:34,470][PM][INFO][PM Manager] - Found 0 unique matched file pairs for vehicle 2
[2025-11-25 14:45:34,470][PM][INFO][PM Manager] - No matching file pairs found for vehicle 2
[2025-11-26 10:47:41,237][PM][INFO][PM Subscriber] - Started dynamic PM subscriber
[2025-11-26 10:47:41,246][PM][INFO][gRPC PM] - Server running on port [::]:50087
[2025-11-26 10:47:51,238][PM][INFO][PM Subscriber] - Discovered new drone: ID 1
[2025-11-26 10:48:25,238][PM][INFO][PM Subscriber] - Discovered new drone: ID 2
[2025-11-26 10:48:51,238][PM][INFO][PM Subscriber] - Discovered new drone: ID 3
[2025-11-26 10:53:16,297][PM][INFO][gRPC PM] - Data PM received from Mission Management
[2025-11-26 10:53:16,300][PM][INFO][PM Manager] - Running PM generator: PrescriptionMap/pm_generation/ISOBUS/pm_isobus_fleet.py
[2025-11-26 10:53:16,408][PM][INFO][PM Manager] - PM output: 
ISOBUS PM updated at PrescriptionMap/pm_generation/ISOBUS/PMs/1_isobus_pm.json with treatments: {'Grape_bunch': 5.95} at grid: [1, 6]
[2025-11-26 10:53:33,232][PM][INFO][gRPC PM] - Data PM received from Mission Management
[2025-11-26 10:53:33,233][PM][INFO][PM Manager] - Running PM generator: PrescriptionMap/pm_generation/ISOBUS/pm_isobus_fleet.py
[2025-11-26 10:53:33,344][PM][INFO][PM Manager] - PM output: 
ISOBUS PM updated at PrescriptionMap/pm_generation/ISOBUS/PMs/1_isobus_pm.json with treatments: {'Grape_bunch': 5.95} at grid: [1, 5]
[2025-11-26 10:53:50,198][PM][INFO][gRPC PM] - Data PM received from Mission Management
[2025-11-26 10:53:50,204][PM][INFO][PM Manager] - Running PM generator: PrescriptionMap/pm_generation/ISOBUS/pm_isobus_fleet.py
[2025-11-26 10:53:50,328][PM][INFO][PM Manager] - PM output: 
ISOBUS PM updated at PrescriptionMap/pm_generation/ISOBUS/PMs/1_isobus_pm.json with treatments: {'Grape_bunch': 5.95} at grid: [1, 4]
[2025-11-26 10:54:07,151][PM][INFO][gRPC PM] - Data PM received from Mission Management
[2025-11-26 10:54:07,152][PM][INFO][PM Manager] - Running PM generator: PrescriptionMap/pm_generation/ISOBUS/pm_isobus_fleet.py
[2025-11-26 10:54:08,436][PM][INFO][PM Manager] - PM output: 
ISOBUS PM updated at PrescriptionMap/pm_generation/ISOBUS/PMs/1_isobus_pm.json with treatments: {'Grape_bunch': 3.95} at grid: [1, 3]
[2025-11-26 10:54:23,931][PM][INFO][gRPC PM] - Data PM received from Mission Management
[2025-11-26 10:54:23,932][PM][INFO][PM Manager] - Running PM generator: PrescriptionMap/pm_generation/ISOBUS/pm_isobus_fleet.py
[2025-11-26 10:54:24,023][PM][INFO][PM Manager] - PM output: 
ISOBUS PM updated at PrescriptionMap/pm_generation/ISOBUS/PMs/1_isobus_pm.json with treatments: {'Grape_bunch': 7.95} at grid: [1, 2]
[2025-11-26 10:54:40,728][PM][INFO][gRPC PM] - Data PM received from Mission Management
[2025-11-26 10:54:40,734][PM][INFO][PM Manager] - Running PM generator: PrescriptionMap/pm_generation/ISOBUS/pm_isobus_fleet.py
[2025-11-26 10:54:40,830][PM][INFO][PM Manager] - PM output: 
ISOBUS PM updated at PrescriptionMap/pm_generation/ISOBUS/PMs/1_isobus_pm.json with treatments: {'Grape_bunch': 1.95} at grid: [1, 1]
[2025-11-26 10:54:57,658][PM][INFO][gRPC PM] - Data PM received from Mission Management
[2025-11-26 10:54:57,659][PM][INFO][PM Manager] - Running PM generator: PrescriptionMap/pm_generation/ISOBUS/pm_isobus_fleet.py
[2025-11-26 10:54:57,752][PM][INFO][PM Manager] - PM output: 
ISOBUS PM updated at PrescriptionMap/pm_generation/ISOBUS/PMs/1_isobus_pm.json with treatments: {'Grape_bunch': 5.95} at grid: [1, 0]
[2025-11-26 10:55:14,580][PM][INFO][gRPC PM] - Data PM received from Mission Management
[2025-11-26 10:55:14,582][PM][INFO][PM Manager] - Running PM generator: PrescriptionMap/pm_generation/ISOBUS/pm_isobus_fleet.py
[2025-11-26 10:55:14,724][PM][INFO][PM Manager] - PM output: 
ISOBUS PM updated at PrescriptionMap/pm_generation/ISOBUS/PMs/1_isobus_pm.json with treatments: {'Grape_bunch': 7.95} at grid: [0, 0]
[2025-11-26 10:55:31,350][PM][INFO][gRPC PM] - Data PM received from Mission Management
[2025-11-26 10:55:31,352][PM][INFO][PM Manager] - Running PM generator: PrescriptionMap/pm_generation/ISOBUS/pm_isobus_fleet.py
[2025-11-26 10:55:31,457][PM][INFO][PM Manager] - PM output: 
ISOBUS PM updated at PrescriptionMap/pm_generation/ISOBUS/PMs/1_isobus_pm.json with treatments: {'Grape_bunch': 1.95} at grid: [0, 1]
[2025-11-26 10:55:44,176][PM][INFO][gRPC PM] - Data PM received from Mission Management
[2025-11-26 10:55:44,177][PM][INFO][PM Manager] - Running PM generator: PrescriptionMap/pm_generation/ISOBUS/pm_isobus_fleet.py
[2025-11-26 10:55:44,229][PM][INFO][PM Manager] - Running PM generator: PrescriptionMap/pm_generation/Drone/pm_drone_fleet.py
[2025-11-26 10:55:44,340][PM][INFO][PM Manager] - PM output: 
Creating new PM: 3_Black_measles.json
Drone PM: 3_Black_measles.json at [0][0] = 2.2
Creating new PM: 3_Black_rot.json
Drone PM: 3_Black_rot.json at [0][0] = 1.7
Creating new PM: 3_Isariopsis.json
Drone PM: 3_Isariopsis.json at [0][0] = 1.8599999999999999
Creating new PM: 3_Grape_bunch.json
Drone PM: 3_Grape_bunch.json at [0][0] = 1.95
[2025-11-26 10:55:44,342][PM][INFO][PM Manager] - PM output: 
ISOBUS PM updated at PrescriptionMap/pm_generation/ISOBUS/PMs/3_isobus_pm.json with treatments: {'Black_measles': 2.2, 'Black_rot': 1.7, 'Isariopsis': 1.8599999999999999, 'Grape_bunch': 1.95} at grid: [0, 0]
[2025-11-26 10:55:48,266][PM][INFO][gRPC PM] - Data PM received from Mission Management
[2025-11-26 10:55:48,267][PM][INFO][PM Manager] - Running PM generator: PrescriptionMap/pm_generation/ISOBUS/pm_isobus_fleet.py
[2025-11-26 10:55:48,382][PM][INFO][PM Manager] - PM output: 
ISOBUS PM updated at PrescriptionMap/pm_generation/ISOBUS/PMs/1_isobus_pm.json with treatments: {'Grape_bunch': 3.95} at grid: [0, 2]
[2025-11-26 10:56:04,638][PM][INFO][gRPC PM] - Data PM received from Mission Management
[2025-11-26 10:56:04,642][PM][INFO][PM Manager] - Running PM generator: PrescriptionMap/pm_generation/ISOBUS/pm_isobus_fleet.py
[2025-11-26 10:56:04,704][PM][INFO][PM Manager] - Running PM generator: PrescriptionMap/pm_generation/Drone/pm_drone_fleet.py
[2025-11-26 10:56:04,782][PM][INFO][PM Manager] - PM output: 
Drone PM: 3_Black_measles.json at [0][1] = 2.7
Drone PM: 3_Black_rot.json at [0][1] = 2.2
Drone PM: 3_Isariopsis.json at [0][1] = 3.3600000000000003
Drone PM: 3_Grape_bunch.json at [0][1] = 3.95
[2025-11-26 10:56:04,785][PM][INFO][PM Manager] - PM output: 
ISOBUS PM updated at PrescriptionMap/pm_generation/ISOBUS/PMs/3_isobus_pm.json with treatments: {'Black_measles': 2.7, 'Black_rot': 2.2, 'Isariopsis': 3.3600000000000003, 'Grape_bunch': 3.95} at grid: [0, 1]
[2025-11-26 10:56:05,286][PM][INFO][gRPC PM] - Data PM received from Mission Management
[2025-11-26 10:56:05,288][PM][INFO][PM Manager] - Running PM generator: PrescriptionMap/pm_generation/ISOBUS/pm_isobus_fleet.py
[2025-11-26 10:56:05,411][PM][INFO][PM Manager] - PM output: 
ISOBUS PM updated at PrescriptionMap/pm_generation/ISOBUS/PMs/1_isobus_pm.json with treatments: {'Grape_bunch': 7.95} at grid: [0, 3]
[2025-11-26 10:56:22,478][PM][INFO][gRPC PM] - Data PM received from Mission Management
[2025-11-26 10:56:22,481][PM][INFO][PM Manager] - Running PM generator: PrescriptionMap/pm_generation/ISOBUS/pm_isobus_fleet.py
[2025-11-26 10:56:22,609][PM][INFO][PM Manager] - PM output: 
ISOBUS PM updated at PrescriptionMap/pm_generation/ISOBUS/PMs/1_isobus_pm.json with treatments: {'Grape_bunch': 9.95} at grid: [0, 4]
[2025-11-26 10:56:25,069][PM][INFO][gRPC PM] - Data PM received from Mission Management
[2025-11-26 10:56:25,070][PM][INFO][PM Manager] - Running PM generator: PrescriptionMap/pm_generation/ISOBUS/pm_isobus_fleet.py
[2025-11-26 10:56:25,124][PM][INFO][PM Manager] - Running PM generator: PrescriptionMap/pm_generation/Drone/pm_drone_fleet.py
[2025-11-26 10:56:25,276][PM][INFO][PM Manager] - PM output: 
ISOBUS PM updated at PrescriptionMap/pm_generation/ISOBUS/PMs/3_isobus_pm.json with treatments: {'Black_measles': 2.2, 'Black_rot': 1.7, 'Isariopsis': 1.8599999999999999, 'Grape_bunch': 1.95} at grid: [0, 2]
[2025-11-26 10:56:25,301][PM][INFO][PM Manager] - PM output: 
Drone PM: 3_Black_measles.json at [0][2] = 2.2
Drone PM: 3_Black_rot.json at [0][2] = 1.7
Drone PM: 3_Isariopsis.json at [0][2] = 1.8599999999999999
Drone PM: 3_Grape_bunch.json at [0][2] = 1.95
[2025-11-26 10:56:39,786][PM][INFO][gRPC PM] - Data PM received from Mission Management
[2025-11-26 10:56:39,789][PM][INFO][PM Manager] - Running PM generator: PrescriptionMap/pm_generation/ISOBUS/pm_isobus_fleet.py
[2025-11-26 10:56:39,928][PM][INFO][PM Manager] - PM output: 
ISOBUS PM updated at PrescriptionMap/pm_generation/ISOBUS/PMs/1_isobus_pm.json with treatments: {'Grape_bunch': 3.95} at grid: [0, 5]
[2025-11-26 10:56:45,749][PM][INFO][gRPC PM] - Data PM received from Mission Management
[2025-11-26 10:56:45,750][PM][INFO][PM Manager] - Running PM generator: PrescriptionMap/pm_generation/ISOBUS/pm_isobus_fleet.py
[2025-11-26 10:56:45,803][PM][INFO][PM Manager] - Running PM generator: PrescriptionMap/pm_generation/Drone/pm_drone_fleet.py
[2025-11-26 10:56:45,864][PM][INFO][PM Manager] - PM output: 
Drone PM: 3_Black_measles.json at [0][3] = 2.2
Drone PM: 3_Black_rot.json at [0][3] = 1.7
Drone PM: 3_Isariopsis.json at [0][3] = 2.36
Drone PM: 3_Grape_bunch.json at [0][3] = 5.95
[2025-11-26 10:56:45,864][PM][INFO][PM Manager] - PM output: 
ISOBUS PM updated at PrescriptionMap/pm_generation/ISOBUS/PMs/3_isobus_pm.json with treatments: {'Black_measles': 2.2, 'Black_rot': 1.7, 'Isariopsis': 2.36, 'Grape_bunch': 5.95} at grid: [0, 3]
[2025-11-26 10:56:56,737][PM][INFO][gRPC PM] - Data PM received from Mission Management
[2025-11-26 10:56:56,739][PM][INFO][PM Manager] - Running PM generator: PrescriptionMap/pm_generation/ISOBUS/pm_isobus_fleet.py
[2025-11-26 10:56:56,898][PM][INFO][PM Manager] - PM output: 
ISOBUS PM updated at PrescriptionMap/pm_generation/ISOBUS/PMs/1_isobus_pm.json with treatments: {'Grape_bunch': 3.95} at grid: [0, 6]
[2025-11-26 10:56:57,765][PM][INFO][PM Subscriber] - PM received from Drone 1
[2025-11-26 10:56:57,769][PM][INFO][PM Manager] - Received PM for vehicle 1 with filename: isobus_pm
[2025-11-26 10:56:57,769][PM][INFO][PM Manager] - Saving received PM to PrescriptionMap/pm_generation/Received/1_isobus_pm_received.json
[2025-11-26 10:56:57,770][PM][INFO][PM Manager] - Received PM saved: PrescriptionMap/pm_generation/Received/1_isobus_pm_received.json
[2025-11-26 10:56:57,771][PM][INFO][PM Manager] - Finish not activated for vehicle 1, skipping comparison
[2025-11-26 10:56:57,771][PM][INFO][PM Subscriber] - PM data added to queue for Drone 1
[2025-11-26 10:57:06,746][PM][INFO][gRPC PM] - Data PM received from Mission Management
[2025-11-26 10:57:06,750][PM][INFO][PM Manager] - Running PM generator: PrescriptionMap/pm_generation/ISOBUS/pm_isobus_fleet.py
[2025-11-26 10:57:06,829][PM][INFO][PM Manager] - Running PM generator: PrescriptionMap/pm_generation/Drone/pm_drone_fleet.py
[2025-11-26 10:57:06,974][PM][INFO][PM Manager] - PM output: 
ISOBUS PM updated at PrescriptionMap/pm_generation/ISOBUS/PMs/3_isobus_pm.json with treatments: {'Black_measles': 2.2, 'Black_rot': 1.7, 'Isariopsis': 1.8599999999999999, 'Grape_bunch': 1.95} at grid: [0, 4]
[2025-11-26 10:57:06,977][PM][INFO][PM Manager] - PM output: 
Drone PM: 3_Black_measles.json at [0][4] = 2.2
Drone PM: 3_Black_rot.json at [0][4] = 1.7
Drone PM: 3_Isariopsis.json at [0][4] = 1.8599999999999999
Drone PM: 3_Grape_bunch.json at [0][4] = 1.95
[2025-11-26 10:57:07,800][PM][INFO][gRPC PM] - Data PM received from Mission Management
[2025-11-26 10:57:07,800][PM][INFO][PM Manager] - Received finish signal for vehicle 1
[2025-11-26 10:57:07,801][PM][INFO][PM Manager] - Finish status activated for vehicle 1
[2025-11-26 10:57:07,801][PM][INFO][PM Manager] - Starting comparison for vehicle 1
[2025-11-26 10:57:07,801][PM][INFO][PM Manager] - Received files base names: ['1_isobus_pm']
[2025-11-26 10:57:07,801][PM][INFO][PM Manager] - Found matching pair: 1_isobus_pm.json <-> 1_isobus_pm_received.json
[2025-11-26 10:57:07,801][PM][INFO][PM Manager] - Found 1 unique matched file pairs for vehicle 1
[2025-11-26 10:57:07,802][PM][INFO][PM Manager] - Content matches for vehicle 1, file 1_isobus_pm
[2025-11-26 10:57:07,802][PM][INFO][PM Manager] - Moved generated file to Finished: 20251126_105707_1_isobus_pm.json
[2025-11-26 10:57:07,803][PM][INFO][PM Manager] - Removed received file: 1_isobus_pm_received.json
[2025-11-26 10:57:07,803][PM][INFO][PM Manager] - ALL files match for vehicle 1
[2025-11-26 10:57:07,803][PM][INFO][PM Manager] - Finish status deactivated for vehicle 1
[2025-11-26 10:57:27,626][PM][INFO][gRPC PM] - Data PM received from Mission Management
[2025-11-26 10:57:27,627][PM][INFO][PM Manager] - Running PM generator: PrescriptionMap/pm_generation/ISOBUS/pm_isobus_fleet.py
[2025-11-26 10:57:27,677][PM][INFO][PM Manager] - Running PM generator: PrescriptionMap/pm_generation/Drone/pm_drone_fleet.py
[2025-11-26 10:57:27,744][PM][INFO][PM Manager] - PM output: 
Drone PM: 3_Black_measles.json at [0][5] = 2.2
Drone PM: 3_Black_rot.json at [0][5] = 1.7
Drone PM: 3_Isariopsis.json at [0][5] = 2.36
Drone PM: 3_Grape_bunch.json at [0][5] = 5.95
[2025-11-26 10:57:27,757][PM][INFO][PM Manager] - PM output: 
ISOBUS PM updated at PrescriptionMap/pm_generation/ISOBUS/PMs/3_isobus_pm.json with treatments: {'Black_measles': 2.2, 'Black_rot': 1.7, 'Isariopsis': 2.36, 'Grape_bunch': 5.95} at grid: [0, 5]
[2025-11-26 10:57:48,885][PM][INFO][gRPC PM] - Data PM received from Mission Management
[2025-11-26 10:57:48,889][PM][INFO][PM Manager] - Running PM generator: PrescriptionMap/pm_generation/ISOBUS/pm_isobus_fleet.py
[2025-11-26 10:57:48,947][PM][INFO][PM Manager] - Running PM generator: PrescriptionMap/pm_generation/Drone/pm_drone_fleet.py
[2025-11-26 10:57:49,033][PM][INFO][PM Manager] - PM output: 
Drone PM: 3_Black_measles.json at [0][6] = 2.2
Drone PM: 3_Black_rot.json at [0][6] = 1.7
Drone PM: 3_Isariopsis.json at [0][6] = 1.8599999999999999
Drone PM: 3_Grape_bunch.json at [0][6] = 9.95
[2025-11-26 10:57:49,037][PM][INFO][PM Manager] - PM output: 
ISOBUS PM updated at PrescriptionMap/pm_generation/ISOBUS/PMs/3_isobus_pm.json with treatments: {'Black_measles': 2.2, 'Black_rot': 1.7, 'Isariopsis': 1.8599999999999999, 'Grape_bunch': 9.95} at grid: [0, 6]
[2025-11-26 10:58:09,276][PM][INFO][gRPC PM] - Data PM received from Mission Management
[2025-11-26 10:58:09,278][PM][INFO][PM Manager] - Running PM generator: PrescriptionMap/pm_generation/ISOBUS/pm_isobus_fleet.py
[2025-11-26 10:58:09,340][PM][INFO][PM Manager] - Running PM generator: PrescriptionMap/pm_generation/Drone/pm_drone_fleet.py
[2025-11-26 10:58:09,424][PM][INFO][PM Manager] - PM output: 
ISOBUS PM updated at PrescriptionMap/pm_generation/ISOBUS/PMs/3_isobus_pm.json with treatments: {'Black_measles': 2.2, 'Black_rot': 2.2, 'Isariopsis': 1.8599999999999999, 'Grape_bunch': 5.95} at grid: [1, 6]
[2025-11-26 10:58:09,425][PM][INFO][PM Manager] - PM output: 
Drone PM: 3_Black_measles.json at [1][6] = 2.2
Drone PM: 3_Black_rot.json at [1][6] = 2.2
Drone PM: 3_Isariopsis.json at [1][6] = 1.8599999999999999
Drone PM: 3_Grape_bunch.json at [1][6] = 5.95
[2025-11-26 10:58:29,916][PM][INFO][gRPC PM] - Data PM received from Mission Management
[2025-11-26 10:58:29,918][PM][INFO][PM Manager] - Running PM generator: PrescriptionMap/pm_generation/ISOBUS/pm_isobus_fleet.py
[2025-11-26 10:58:30,002][PM][INFO][PM Manager] - Running PM generator: PrescriptionMap/pm_generation/Drone/pm_drone_fleet.py
[2025-11-26 10:58:30,082][PM][INFO][PM Manager] - PM output: 
Drone PM: 3_Black_measles.json at [1][5] = 2.2
Drone PM: 3_Black_rot.json at [1][5] = 1.7
Drone PM: 3_Isariopsis.json at [1][5] = 1.8599999999999999
Drone PM: 3_Grape_bunch.json at [1][5] = 3.95
[2025-11-26 10:58:30,085][PM][INFO][PM Manager] - PM output: 
ISOBUS PM updated at PrescriptionMap/pm_generation/ISOBUS/PMs/3_isobus_pm.json with treatments: {'Black_measles': 2.2, 'Black_rot': 1.7, 'Isariopsis': 1.8599999999999999, 'Grape_bunch': 3.95} at grid: [1, 5]
[2025-11-26 10:58:53,122][PM][INFO][gRPC PM] - Data PM received from Mission Management
[2025-11-26 10:58:53,124][PM][INFO][PM Manager] - Running PM generator: PrescriptionMap/pm_generation/ISOBUS/pm_isobus_fleet.py
[2025-11-26 10:58:53,177][PM][INFO][PM Manager] - Running PM generator: PrescriptionMap/pm_generation/Drone/pm_drone_fleet.py
[2025-11-26 10:58:53,241][PM][INFO][PM Manager] - PM output: 
Drone PM: 3_Black_measles.json at [1][4] = 2.7
Drone PM: 3_Black_rot.json at [1][4] = 2.2
Drone PM: 3_Isariopsis.json at [1][4] = 3.3600000000000003
Drone PM: 3_Grape_bunch.json at [1][4] = 3.95
[2025-11-26 10:58:53,241][PM][INFO][PM Manager] - PM output: 
ISOBUS PM updated at PrescriptionMap/pm_generation/ISOBUS/PMs/3_isobus_pm.json with treatments: {'Black_measles': 2.7, 'Black_rot': 2.2, 'Isariopsis': 3.3600000000000003, 'Grape_bunch': 3.95} at grid: [1, 4]
[2025-11-26 10:59:15,773][PM][INFO][gRPC PM] - Data PM received from Mission Management
[2025-11-26 10:59:15,776][PM][INFO][PM Manager] - Running PM generator: PrescriptionMap/pm_generation/ISOBUS/pm_isobus_fleet.py
[2025-11-26 10:59:15,840][PM][INFO][PM Manager] - Running PM generator: PrescriptionMap/pm_generation/Drone/pm_drone_fleet.py
[2025-11-26 10:59:15,930][PM][INFO][PM Manager] - PM output: 
Drone PM: 3_Black_measles.json at [1][3] = 2.2
Drone PM: 3_Black_rot.json at [1][3] = 1.7
Drone PM: 3_Isariopsis.json at [1][3] = 1.8599999999999999
Drone PM: 3_Grape_bunch.json at [1][3] = 1.95
[2025-11-26 10:59:15,940][PM][INFO][PM Manager] - PM output: 
ISOBUS PM updated at PrescriptionMap/pm_generation/ISOBUS/PMs/3_isobus_pm.json with treatments: {'Black_measles': 2.2, 'Black_rot': 1.7, 'Isariopsis': 1.8599999999999999, 'Grape_bunch': 1.95} at grid: [1, 3]
[2025-11-26 10:59:36,177][PM][INFO][gRPC PM] - Data PM received from Mission Management
[2025-11-26 10:59:36,178][PM][INFO][PM Manager] - Running PM generator: PrescriptionMap/pm_generation/ISOBUS/pm_isobus_fleet.py
[2025-11-26 10:59:36,247][PM][INFO][PM Manager] - Running PM generator: PrescriptionMap/pm_generation/Drone/pm_drone_fleet.py
[2025-11-26 10:59:36,325][PM][INFO][PM Manager] - PM output: 
Drone PM: 3_Black_measles.json at [1][2] = 2.2
Drone PM: 3_Black_rot.json at [1][2] = 1.7
Drone PM: 3_Isariopsis.json at [1][2] = 1.8599999999999999
Drone PM: 3_Grape_bunch.json at [1][2] = 3.95
[2025-11-26 10:59:36,330][PM][INFO][PM Manager] - PM output: 
ISOBUS PM updated at PrescriptionMap/pm_generation/ISOBUS/PMs/3_isobus_pm.json with treatments: {'Black_measles': 2.2, 'Black_rot': 1.7, 'Isariopsis': 1.8599999999999999, 'Grape_bunch': 3.95} at grid: [1, 2]
[2025-11-26 10:59:56,633][PM][INFO][gRPC PM] - Data PM received from Mission Management
[2025-11-26 10:59:56,635][PM][INFO][PM Manager] - Running PM generator: PrescriptionMap/pm_generation/ISOBUS/pm_isobus_fleet.py
[2025-11-26 10:59:56,717][PM][INFO][PM Manager] - Running PM generator: PrescriptionMap/pm_generation/Drone/pm_drone_fleet.py
[2025-11-26 10:59:56,794][PM][INFO][PM Manager] - PM output: 
Drone PM: 3_Black_measles.json at [1][1] = 2.2
Drone PM: 3_Black_rot.json at [1][1] = 1.7
Drone PM: 3_Isariopsis.json at [1][1] = 1.8599999999999999
Drone PM: 3_Grape_bunch.json at [1][1] = 5.95
[2025-11-26 10:59:56,808][PM][INFO][PM Manager] - PM output: 
ISOBUS PM updated at PrescriptionMap/pm_generation/ISOBUS/PMs/3_isobus_pm.json with treatments: {'Black_measles': 2.2, 'Black_rot': 1.7, 'Isariopsis': 1.8599999999999999, 'Grape_bunch': 5.95} at grid: [1, 1]
[2025-11-26 11:00:17,438][PM][INFO][gRPC PM] - Data PM received from Mission Management
[2025-11-26 11:00:17,439][PM][INFO][PM Manager] - Running PM generator: PrescriptionMap/pm_generation/ISOBUS/pm_isobus_fleet.py
[2025-11-26 11:00:17,493][PM][INFO][PM Manager] - Running PM generator: PrescriptionMap/pm_generation/Drone/pm_drone_fleet.py
[2025-11-26 11:00:17,557][PM][INFO][PM Manager] - PM output: 
ISOBUS PM updated at PrescriptionMap/pm_generation/ISOBUS/PMs/3_isobus_pm.json with treatments: {'Black_measles': 2.2, 'Black_rot': 1.7, 'Isariopsis': 1.8599999999999999, 'Grape_bunch': 9.95} at grid: [1, 0]
[2025-11-26 11:00:17,561][PM][INFO][PM Manager] - PM output: 
Drone PM: 3_Black_measles.json at [1][0] = 2.2
Drone PM: 3_Black_rot.json at [1][0] = 1.7
Drone PM: 3_Isariopsis.json at [1][0] = 1.8599999999999999
Drone PM: 3_Grape_bunch.json at [1][0] = 9.95
[2025-11-26 11:00:37,424][PM][INFO][gRPC PM] - Data PM received from Mission Management
[2025-11-26 11:00:37,426][PM][INFO][PM Manager] - Running PM generator: PrescriptionMap/pm_generation/ISOBUS/pm_isobus_fleet.py
[2025-11-26 11:00:37,485][PM][INFO][PM Manager] - Running PM generator: PrescriptionMap/pm_generation/Drone/pm_drone_fleet.py
[2025-11-26 11:00:37,568][PM][INFO][PM Manager] - PM output: 
Drone PM: 3_Black_measles.json at [2][0] = 2.2
Drone PM: 3_Black_rot.json at [2][0] = 1.7
Drone PM: 3_Isariopsis.json at [2][0] = 1.8599999999999999
Drone PM: 3_Grape_bunch.json at [2][0] = 1.95
[2025-11-26 11:00:37,570][PM][INFO][PM Manager] - PM output: 
ISOBUS PM updated at PrescriptionMap/pm_generation/ISOBUS/PMs/3_isobus_pm.json with treatments: {'Black_measles': 2.2, 'Black_rot': 1.7, 'Isariopsis': 1.8599999999999999, 'Grape_bunch': 1.95} at grid: [2, 0]
[2025-11-26 11:00:58,201][PM][INFO][gRPC PM] - Data PM received from Mission Management
[2025-11-26 11:00:58,202][PM][INFO][PM Manager] - Running PM generator: PrescriptionMap/pm_generation/ISOBUS/pm_isobus_fleet.py
[2025-11-26 11:00:58,279][PM][INFO][PM Manager] - Running PM generator: PrescriptionMap/pm_generation/Drone/pm_drone_fleet.py
[2025-11-26 11:00:58,364][PM][INFO][PM Manager] - PM output: 
Drone PM: 3_Black_measles.json at [2][1] = 2.2
Drone PM: 3_Black_rot.json at [2][1] = 2.2
Drone PM: 3_Isariopsis.json at [2][1] = 1.8599999999999999
Drone PM: 3_Grape_bunch.json at [2][1] = 5.95
[2025-11-26 11:00:58,365][PM][INFO][PM Manager] - PM output: 
ISOBUS PM updated at PrescriptionMap/pm_generation/ISOBUS/PMs/3_isobus_pm.json with treatments: {'Black_measles': 2.2, 'Black_rot': 2.2, 'Isariopsis': 1.8599999999999999, 'Grape_bunch': 5.95} at grid: [2, 1]
[2025-11-26 11:01:18,500][PM][INFO][gRPC PM] - Data PM received from Mission Management
[2025-11-26 11:01:18,502][PM][INFO][PM Manager] - Running PM generator: PrescriptionMap/pm_generation/ISOBUS/pm_isobus_fleet.py
[2025-11-26 11:01:18,598][PM][INFO][PM Manager] - Running PM generator: PrescriptionMap/pm_generation/Drone/pm_drone_fleet.py
[2025-11-26 11:01:18,681][PM][INFO][PM Manager] - PM output: 
ISOBUS PM updated at PrescriptionMap/pm_generation/ISOBUS/PMs/3_isobus_pm.json with treatments: {'Black_measles': 2.7, 'Black_rot': 2.2, 'Isariopsis': 2.86, 'Grape_bunch': 7.95} at grid: [2, 2]
[2025-11-26 11:01:18,684][PM][INFO][PM Manager] - PM output: 
Drone PM: 3_Black_measles.json at [2][2] = 2.7
Drone PM: 3_Black_rot.json at [2][2] = 2.2
Drone PM: 3_Isariopsis.json at [2][2] = 2.86
Drone PM: 3_Grape_bunch.json at [2][2] = 7.95
[2025-11-26 11:01:38,776][PM][INFO][gRPC PM] - Data PM received from Mission Management
[2025-11-26 11:01:38,780][PM][INFO][PM Manager] - Running PM generator: PrescriptionMap/pm_generation/ISOBUS/pm_isobus_fleet.py
[2025-11-26 11:01:38,838][PM][INFO][PM Manager] - Running PM generator: PrescriptionMap/pm_generation/Drone/pm_drone_fleet.py
[2025-11-26 11:01:38,918][PM][INFO][PM Manager] - PM output: 
Drone PM: 3_Black_measles.json at [2][3] = 2.7
Drone PM: 3_Black_rot.json at [2][3] = 2.2
Drone PM: 3_Isariopsis.json at [2][3] = 3.3600000000000003
Drone PM: 3_Grape_bunch.json at [2][3] = 3.95
[2025-11-26 11:01:38,927][PM][INFO][PM Manager] - PM output: 
ISOBUS PM updated at PrescriptionMap/pm_generation/ISOBUS/PMs/3_isobus_pm.json with treatments: {'Black_measles': 2.7, 'Black_rot': 2.2, 'Isariopsis': 3.3600000000000003, 'Grape_bunch': 3.95} at grid: [2, 3]
[2025-11-26 11:01:59,008][PM][INFO][gRPC PM] - Data PM received from Mission Management
[2025-11-26 11:01:59,011][PM][INFO][PM Manager] - Running PM generator: PrescriptionMap/pm_generation/ISOBUS/pm_isobus_fleet.py
[2025-11-26 11:01:59,081][PM][INFO][PM Manager] - Running PM generator: PrescriptionMap/pm_generation/Drone/pm_drone_fleet.py
[2025-11-26 11:01:59,161][PM][INFO][PM Manager] - PM output: 
ISOBUS PM updated at PrescriptionMap/pm_generation/ISOBUS/PMs/3_isobus_pm.json with treatments: {'Black_measles': 2.2, 'Black_rot': 2.2, 'Isariopsis': 1.8599999999999999, 'Grape_bunch': 1.95} at grid: [2, 4]
[2025-11-26 11:01:59,167][PM][INFO][PM Manager] - PM output: 
Drone PM: 3_Black_measles.json at [2][4] = 2.2
Drone PM: 3_Black_rot.json at [2][4] = 2.2
Drone PM: 3_Isariopsis.json at [2][4] = 1.8599999999999999
Drone PM: 3_Grape_bunch.json at [2][4] = 1.95
[2025-11-26 11:02:19,068][PM][INFO][gRPC PM] - Data PM received from Mission Management
[2025-11-26 11:02:19,071][PM][INFO][PM Manager] - Running PM generator: PrescriptionMap/pm_generation/ISOBUS/pm_isobus_fleet.py
[2025-11-26 11:02:19,132][PM][INFO][PM Manager] - Running PM generator: PrescriptionMap/pm_generation/Drone/pm_drone_fleet.py
[2025-11-26 11:02:19,215][PM][INFO][PM Manager] - PM output: 
ISOBUS PM updated at PrescriptionMap/pm_generation/ISOBUS/PMs/3_isobus_pm.json with treatments: {'Black_measles': 2.2, 'Black_rot': 1.7, 'Isariopsis': 1.8599999999999999, 'Grape_bunch': 1.95} at grid: [2, 5]
[2025-11-26 11:02:19,221][PM][INFO][PM Manager] - PM output: 
Drone PM: 3_Black_measles.json at [2][5] = 2.2
Drone PM: 3_Black_rot.json at [2][5] = 1.7
Drone PM: 3_Isariopsis.json at [2][5] = 1.8599999999999999
Drone PM: 3_Grape_bunch.json at [2][5] = 1.95
[2025-11-26 11:02:37,454][PM][INFO][gRPC PM] - Data PM received from Mission Management
[2025-11-26 11:02:37,454][PM][INFO][PM Manager] - Received finish signal for vehicle 2
[2025-11-26 11:02:37,455][PM][INFO][PM Manager] - Finish status activated for vehicle 2
[2025-11-26 11:02:37,455][PM][INFO][PM Manager] - Starting comparison for vehicle 2
[2025-11-26 11:02:37,455][PM][INFO][PM Manager] - Received files base names: []
[2025-11-26 11:02:37,455][PM][INFO][PM Manager] - Found 0 unique matched file pairs for vehicle 2
[2025-11-26 11:02:37,455][PM][INFO][PM Manager] - No matching file pairs found for vehicle 2
[2025-11-26 11:02:39,661][PM][INFO][gRPC PM] - Data PM received from Mission Management
[2025-11-26 11:02:39,663][PM][INFO][PM Manager] - Running PM generator: PrescriptionMap/pm_generation/ISOBUS/pm_isobus_fleet.py
[2025-11-26 11:02:40,471][PM][INFO][PM Manager] - Running PM generator: PrescriptionMap/pm_generation/Drone/pm_drone_fleet.py
[2025-11-26 11:02:40,556][PM][INFO][PM Manager] - PM output: 
ISOBUS PM updated at PrescriptionMap/pm_generation/ISOBUS/PMs/3_isobus_pm.json with treatments: {'Black_measles': 2.2, 'Black_rot': 1.7, 'Isariopsis': 2.36, 'Grape_bunch': 5.95} at grid: [2, 6]
[2025-11-26 11:02:40,558][PM][INFO][PM Manager] - PM output: 
Drone PM: 3_Black_measles.json at [2][6] = 2.2
Drone PM: 3_Black_rot.json at [2][6] = 1.7
Drone PM: 3_Isariopsis.json at [2][6] = 2.36
Drone PM: 3_Grape_bunch.json at [2][6] = 5.95
[2025-11-26 11:02:40,674][PM][INFO][PM Subscriber] - PM received from Drone 3
[2025-11-26 11:02:40,676][PM][INFO][PM Manager] - Received PM for vehicle 3 with filename: Isariopsis
[2025-11-26 11:02:40,677][PM][INFO][PM Manager] - Saving received PM to PrescriptionMap/pm_generation/Received/3_Isariopsis_received.json
[2025-11-26 11:02:40,678][PM][INFO][PM Manager] - Received PM saved: PrescriptionMap/pm_generation/Received/3_Isariopsis_received.json
[2025-11-26 11:02:40,679][PM][INFO][PM Manager] - Finish not activated for vehicle 3, skipping comparison
[2025-11-26 11:02:40,679][PM][INFO][PM Subscriber] - PM data added to queue for Drone 3
[2025-11-26 11:02:40,681][PM][INFO][PM Subscriber] - PM received from Drone 3
[2025-11-26 11:02:40,681][PM][INFO][PM Manager] - Received PM for vehicle 3 with filename: Black_measles
[2025-11-26 11:02:40,682][PM][INFO][PM Manager] - Saving received PM to PrescriptionMap/pm_generation/Received/3_Black_measles_received.json
[2025-11-26 11:02:40,683][PM][INFO][PM Manager] - Received PM saved: PrescriptionMap/pm_generation/Received/3_Black_measles_received.json
[2025-11-26 11:02:40,683][PM][INFO][PM Manager] - Finish not activated for vehicle 3, skipping comparison
[2025-11-26 11:02:40,683][PM][INFO][PM Subscriber] - PM data added to queue for Drone 3
[2025-11-26 11:02:40,684][PM][INFO][PM Subscriber] - PM received from Drone 3
[2025-11-26 11:02:40,685][PM][INFO][PM Manager] - Received PM for vehicle 3 with filename: Black_rot
[2025-11-26 11:02:40,685][PM][INFO][PM Manager] - Saving received PM to PrescriptionMap/pm_generation/Received/3_Black_rot_received.json
[2025-11-26 11:02:40,685][PM][INFO][PM Manager] - Received PM saved: PrescriptionMap/pm_generation/Received/3_Black_rot_received.json
[2025-11-26 11:02:40,685][PM][INFO][PM Manager] - Finish not activated for vehicle 3, skipping comparison
[2025-11-26 11:02:40,685][PM][INFO][PM Subscriber] - PM data added to queue for Drone 3
[2025-11-26 11:02:40,686][PM][INFO][PM Subscriber] - PM received from Drone 3
[2025-11-26 11:02:40,687][PM][INFO][PM Manager] - Received PM for vehicle 3 with filename: Grape_bunch
[2025-11-26 11:02:40,687][PM][INFO][PM Manager] - Saving received PM to PrescriptionMap/pm_generation/Received/3_Grape_bunch_received.json
[2025-11-26 11:02:40,687][PM][INFO][PM Manager] - Received PM saved: PrescriptionMap/pm_generation/Received/3_Grape_bunch_received.json
[2025-11-26 11:02:40,687][PM][INFO][PM Manager] - Finish not activated for vehicle 3, skipping comparison
[2025-11-26 11:02:40,687][PM][INFO][PM Subscriber] - PM data added to queue for Drone 3
[2025-11-26 11:02:40,688][PM][INFO][PM Subscriber] - PM received from Drone 3
[2025-11-26 11:02:40,694][PM][INFO][PM Manager] - Received PM for vehicle 3 with filename: isobus_pm
[2025-11-26 11:02:40,695][PM][INFO][PM Manager] - Saving received PM to PrescriptionMap/pm_generation/Received/3_isobus_pm_received.json
[2025-11-26 11:02:40,697][PM][INFO][PM Manager] - Received PM saved: PrescriptionMap/pm_generation/Received/3_isobus_pm_received.json
[2025-11-26 11:02:40,697][PM][INFO][PM Manager] - Finish not activated for vehicle 3, skipping comparison
[2025-11-26 11:02:40,697][PM][INFO][PM Subscriber] - PM data added to queue for Drone 3
[2025-11-26 11:02:50,788][PM][INFO][gRPC PM] - Data PM received from Mission Management
[2025-11-26 11:02:50,789][PM][INFO][PM Manager] - Received finish signal for vehicle 3
[2025-11-26 11:02:50,790][PM][INFO][PM Manager] - Finish status activated for vehicle 3
[2025-11-26 11:02:50,790][PM][INFO][PM Manager] - Starting comparison for vehicle 3
[2025-11-26 11:02:50,791][PM][INFO][PM Manager] - Received files base names: ['3_Black_measles', '3_Black_rot', '3_Grape_bunch', '3_Isariopsis', '3_isobus_pm']
[2025-11-26 11:02:50,792][PM][INFO][PM Manager] - Found matching pair: 3_Isariopsis.json <-> 3_Isariopsis_received.json
[2025-11-26 11:02:50,792][PM][INFO][PM Manager] - Found matching pair: 3_Black_rot.json <-> 3_Black_rot_received.json
[2025-11-26 11:02:50,792][PM][INFO][PM Manager] - Found matching pair: 3_Grape_bunch.json <-> 3_Grape_bunch_received.json
[2025-11-26 11:02:50,793][PM][INFO][PM Manager] - Found matching pair: 3_isobus_pm.json <-> 3_isobus_pm_received.json
[2025-11-26 11:02:50,793][PM][INFO][PM Manager] - Found matching pair: 3_Black_measles.json <-> 3_Black_measles_received.json
[2025-11-26 11:02:50,793][PM][INFO][PM Manager] - Found 5 unique matched file pairs for vehicle 3
[2025-11-26 11:02:50,795][PM][INFO][PM Manager] - Content matches for vehicle 3, file 3_isobus_pm
[2025-11-26 11:02:50,795][PM][INFO][PM Manager] - Moved generated file to Finished: 20251126_110250_3_isobus_pm.json
[2025-11-26 11:02:50,795][PM][INFO][PM Manager] - Removed received file: 3_isobus_pm_received.json
[2025-11-26 11:02:50,796][PM][INFO][PM Manager] - Content matches for vehicle 3, file 3_Black_measles
[2025-11-26 11:02:50,797][PM][INFO][PM Manager] - Moved generated file to Finished: 20251126_110250_3_Black_measles.json
[2025-11-26 11:02:50,797][PM][INFO][PM Manager] - Removed received file: 3_Black_measles_received.json
[2025-11-26 11:02:50,798][PM][INFO][PM Manager] - Content matches for vehicle 3, file 3_Black_rot
[2025-11-26 11:02:50,798][PM][INFO][PM Manager] - Moved generated file to Finished: 20251126_110250_3_Black_rot.json
[2025-11-26 11:02:50,798][PM][INFO][PM Manager] - Removed received file: 3_Black_rot_received.json
[2025-11-26 11:02:50,799][PM][INFO][PM Manager] - Content matches for vehicle 3, file 3_Isariopsis
[2025-11-26 11:02:50,799][PM][INFO][PM Manager] - Moved generated file to Finished: 20251126_110250_3_Isariopsis.json
[2025-11-26 11:02:50,800][PM][INFO][PM Manager] - Removed received file: 3_Isariopsis_received.json
[2025-11-26 11:02:50,800][PM][INFO][PM Manager] - Content matches for vehicle 3, file 3_Grape_bunch
[2025-11-26 11:02:50,801][PM][INFO][PM Manager] - Moved generated file to Finished: 20251126_110250_3_Grape_bunch.json
[2025-11-26 11:02:50,801][PM][INFO][PM Manager] - Removed received file: 3_Grape_bunch_received.json
[2025-11-26 11:02:50,801][PM][INFO][PM Manager] - ALL files match for vehicle 3
[2025-11-26 11:02:50,801][PM][INFO][PM Manager] - Finish status deactivated for vehicle 3
[2025-11-26 11:07:10,910][PM][INFO][gRPC PM] - Data PM received from Mission Management
[2025-11-26 11:07:10,915][PM][INFO][PM Manager] - Running PM generator: PrescriptionMap/pm_generation/ISOBUS/pm_isobus_fleet.py
[2025-11-26 11:07:11,086][PM][INFO][PM Manager] - PM output: 
ISOBUS PM updated at PrescriptionMap/pm_generation/ISOBUS/PMs/1_isobus_pm.json with treatments: {'Grape_bunch': 5.95} at grid: [1, 6]
[2025-11-26 11:07:11,301][PM][INFO][gRPC PM] - Data PM received from Mission Management
[2025-11-26 11:07:11,303][PM][INFO][PM Manager] - Running PM generator: PrescriptionMap/pm_generation/ISOBUS/pm_isobus_fleet.py
[2025-11-26 11:07:11,373][PM][INFO][PM Manager] - Running PM generator: PrescriptionMap/pm_generation/Drone/pm_drone_fleet.py
[2025-11-26 11:07:11,463][PM][INFO][PM Manager] - PM output: 
Creating new PM: 3_Black_measles.json
Drone PM: 3_Black_measles.json at [0][0] = 2.2
Creating new PM: 3_Black_rot.json
Drone PM: 3_Black_rot.json at [0][0] = 1.7
Creating new PM: 3_Isariopsis.json
Drone PM: 3_Isariopsis.json at [0][0] = 1.8599999999999999
Creating new PM: 3_Grape_bunch.json
Drone PM: 3_Grape_bunch.json at [0][0] = 1.95
[2025-11-26 11:07:11,489][PM][INFO][PM Manager] - PM output: 
ISOBUS PM updated at PrescriptionMap/pm_generation/ISOBUS/PMs/3_isobus_pm.json with treatments: {'Black_measles': 2.2, 'Black_rot': 1.7, 'Isariopsis': 1.8599999999999999, 'Grape_bunch': 1.95} at grid: [0, 0]
[2025-11-26 11:07:27,973][PM][INFO][gRPC PM] - Data PM received from Mission Management
[2025-11-26 11:07:27,978][PM][INFO][PM Manager] - Running PM generator: PrescriptionMap/pm_generation/ISOBUS/pm_isobus_fleet.py
[2025-11-26 11:07:28,141][PM][INFO][PM Manager] - PM output: 
ISOBUS PM updated at PrescriptionMap/pm_generation/ISOBUS/PMs/1_isobus_pm.json with treatments: {'Grape_bunch': 5.95} at grid: [1, 5]
[2025-11-26 11:07:31,963][PM][INFO][gRPC PM] - Data PM received from Mission Management
[2025-11-26 11:07:31,964][PM][INFO][PM Manager] - Running PM generator: PrescriptionMap/pm_generation/ISOBUS/pm_isobus_fleet.py
[2025-11-26 11:07:32,017][PM][INFO][PM Manager] - Running PM generator: PrescriptionMap/pm_generation/Drone/pm_drone_fleet.py
[2025-11-26 11:07:32,087][PM][INFO][PM Manager] - PM output: 
ISOBUS PM updated at PrescriptionMap/pm_generation/ISOBUS/PMs/3_isobus_pm.json with treatments: {'Black_measles': 2.7, 'Black_rot': 2.2, 'Isariopsis': 3.3600000000000003, 'Grape_bunch': 3.95} at grid: [0, 1]
[2025-11-26 11:07:32,088][PM][INFO][PM Manager] - PM output: 
Drone PM: 3_Black_measles.json at [0][1] = 2.7
Drone PM: 3_Black_rot.json at [0][1] = 2.2
Drone PM: 3_Isariopsis.json at [0][1] = 3.3600000000000003
Drone PM: 3_Grape_bunch.json at [0][1] = 3.95
[2025-11-26 11:07:44,914][PM][INFO][gRPC PM] - Data PM received from Mission Management
[2025-11-26 11:07:44,915][PM][INFO][PM Manager] - Running PM generator: PrescriptionMap/pm_generation/ISOBUS/pm_isobus_fleet.py
[2025-11-26 11:07:45,049][PM][INFO][PM Manager] - PM output: 
ISOBUS PM updated at PrescriptionMap/pm_generation/ISOBUS/PMs/1_isobus_pm.json with treatments: {'Grape_bunch': 5.95} at grid: [1, 4]
[2025-11-26 11:07:52,071][PM][INFO][gRPC PM] - Data PM received from Mission Management
[2025-11-26 11:07:52,073][PM][INFO][PM Manager] - Running PM generator: PrescriptionMap/pm_generation/ISOBUS/pm_isobus_fleet.py
[2025-11-26 11:07:52,132][PM][INFO][PM Manager] - Running PM generator: PrescriptionMap/pm_generation/Drone/pm_drone_fleet.py
[2025-11-26 11:07:52,196][PM][INFO][PM Manager] - PM output: 
ISOBUS PM updated at PrescriptionMap/pm_generation/ISOBUS/PMs/3_isobus_pm.json with treatments: {'Black_measles': 2.2, 'Black_rot': 1.7, 'Isariopsis': 1.8599999999999999, 'Grape_bunch': 1.95} at grid: [0, 2]
[2025-11-26 11:07:52,203][PM][INFO][PM Manager] - PM output: 
Drone PM: 3_Black_measles.json at [0][2] = 2.2
Drone PM: 3_Black_rot.json at [0][2] = 1.7
Drone PM: 3_Isariopsis.json at [0][2] = 1.8599999999999999
Drone PM: 3_Grape_bunch.json at [0][2] = 1.95
[2025-11-26 11:08:01,867][PM][INFO][gRPC PM] - Data PM received from Mission Management
[2025-11-26 11:08:01,868][PM][INFO][PM Manager] - Running PM generator: PrescriptionMap/pm_generation/ISOBUS/pm_isobus_fleet.py
[2025-11-26 11:08:01,987][PM][INFO][PM Manager] - PM output: 
ISOBUS PM updated at PrescriptionMap/pm_generation/ISOBUS/PMs/1_isobus_pm.json with treatments: {'Grape_bunch': 3.95} at grid: [1, 3]
[2025-11-26 11:08:13,810][PM][INFO][gRPC PM] - Data PM received from Mission Management
[2025-11-26 11:08:13,812][PM][INFO][PM Manager] - Running PM generator: PrescriptionMap/pm_generation/ISOBUS/pm_isobus_fleet.py
[2025-11-26 11:08:14,216][PM][INFO][PM Manager] - Running PM generator: PrescriptionMap/pm_generation/Drone/pm_drone_fleet.py
[2025-11-26 11:08:14,281][PM][INFO][PM Manager] - PM output: 
Drone PM: 3_Black_measles.json at [0][3] = 2.2
Drone PM: 3_Black_rot.json at [0][3] = 1.7
Drone PM: 3_Isariopsis.json at [0][3] = 2.36
Drone PM: 3_Grape_bunch.json at [0][3] = 5.95
[2025-11-26 11:08:14,281][PM][INFO][PM Manager] - PM output: 
ISOBUS PM updated at PrescriptionMap/pm_generation/ISOBUS/PMs/3_isobus_pm.json with treatments: {'Black_measles': 2.2, 'Black_rot': 1.7, 'Isariopsis': 2.36, 'Grape_bunch': 5.95} at grid: [0, 3]
[2025-11-26 11:08:18,898][PM][INFO][gRPC PM] - Data PM received from Mission Management
[2025-11-26 11:08:18,898][PM][INFO][PM Manager] - Running PM generator: PrescriptionMap/pm_generation/ISOBUS/pm_isobus_fleet.py
[2025-11-26 11:08:19,037][PM][INFO][PM Manager] - PM output: 
ISOBUS PM updated at PrescriptionMap/pm_generation/ISOBUS/PMs/1_isobus_pm.json with treatments: {'Grape_bunch': 7.95} at grid: [1, 2]
[2025-11-26 11:08:34,089][PM][INFO][gRPC PM] - Data PM received from Mission Management
[2025-11-26 11:08:34,091][PM][INFO][PM Manager] - Running PM generator: PrescriptionMap/pm_generation/ISOBUS/pm_isobus_fleet.py
[2025-11-26 11:08:34,164][PM][INFO][PM Manager] - Running PM generator: PrescriptionMap/pm_generation/Drone/pm_drone_fleet.py
[2025-11-26 11:08:34,257][PM][INFO][PM Manager] - PM output: 
ISOBUS PM updated at PrescriptionMap/pm_generation/ISOBUS/PMs/3_isobus_pm.json with treatments: {'Black_measles': 2.2, 'Black_rot': 1.7, 'Isariopsis': 1.8599999999999999, 'Grape_bunch': 1.95} at grid: [0, 4]
[2025-11-26 11:08:34,273][PM][INFO][PM Manager] - PM output: 
Drone PM: 3_Black_measles.json at [0][4] = 2.2
Drone PM: 3_Black_rot.json at [0][4] = 1.7
Drone PM: 3_Isariopsis.json at [0][4] = 1.8599999999999999
Drone PM: 3_Grape_bunch.json at [0][4] = 1.95
[2025-11-26 11:08:35,890][PM][INFO][gRPC PM] - Data PM received from Mission Management
[2025-11-26 11:08:35,891][PM][INFO][PM Manager] - Running PM generator: PrescriptionMap/pm_generation/ISOBUS/pm_isobus_fleet.py
[2025-11-26 11:08:36,025][PM][INFO][PM Manager] - PM output: 
ISOBUS PM updated at PrescriptionMap/pm_generation/ISOBUS/PMs/1_isobus_pm.json with treatments: {'Grape_bunch': 1.95} at grid: [1, 1]
[2025-11-26 11:08:55,460][PM][INFO][gRPC PM] - Data PM received from Mission Management
[2025-11-26 11:08:55,462][PM][INFO][PM Manager] - Running PM generator: PrescriptionMap/pm_generation/ISOBUS/pm_isobus_fleet.py
[2025-11-26 11:08:55,523][PM][INFO][PM Manager] - Running PM generator: PrescriptionMap/pm_generation/Drone/pm_drone_fleet.py
[2025-11-26 11:08:55,583][PM][INFO][PM Manager] - PM output: 
ISOBUS PM updated at PrescriptionMap/pm_generation/ISOBUS/PMs/3_isobus_pm.json with treatments: {'Black_measles': 2.2, 'Black_rot': 1.7, 'Isariopsis': 2.36, 'Grape_bunch': 5.95} at grid: [0, 5]
[2025-11-26 11:08:55,584][PM][INFO][PM Manager] - PM output: 
Drone PM: 3_Black_measles.json at [0][5] = 2.2
Drone PM: 3_Black_rot.json at [0][5] = 1.7
Drone PM: 3_Isariopsis.json at [0][5] = 2.36
Drone PM: 3_Grape_bunch.json at [0][5] = 5.95
[2025-11-26 11:09:16,222][PM][INFO][gRPC PM] - Data PM received from Mission Management
[2025-11-26 11:09:16,223][PM][INFO][PM Manager] - Running PM generator: PrescriptionMap/pm_generation/ISOBUS/pm_isobus_fleet.py
[2025-11-26 11:09:16,312][PM][INFO][PM Manager] - Running PM generator: PrescriptionMap/pm_generation/Drone/pm_drone_fleet.py
[2025-11-26 11:09:16,375][PM][INFO][PM Manager] - PM output: 
ISOBUS PM updated at PrescriptionMap/pm_generation/ISOBUS/PMs/3_isobus_pm.json with treatments: {'Black_measles': 2.2, 'Black_rot': 1.7, 'Isariopsis': 1.8599999999999999, 'Grape_bunch': 9.95} at grid: [0, 6]
[2025-11-26 11:09:16,376][PM][INFO][PM Manager] - PM output: 
Drone PM: 3_Black_measles.json at [0][6] = 2.2
Drone PM: 3_Black_rot.json at [0][6] = 1.7
Drone PM: 3_Isariopsis.json at [0][6] = 1.8599999999999999
Drone PM: 3_Grape_bunch.json at [0][6] = 9.95
[2025-11-26 11:09:36,414][PM][INFO][gRPC PM] - Data PM received from Mission Management
[2025-11-26 11:09:36,415][PM][INFO][PM Manager] - Running PM generator: PrescriptionMap/pm_generation/ISOBUS/pm_isobus_fleet.py
[2025-11-26 11:09:36,498][PM][INFO][PM Manager] - Running PM generator: PrescriptionMap/pm_generation/Drone/pm_drone_fleet.py
[2025-11-26 11:09:36,574][PM][INFO][PM Manager] - PM output: 
Drone PM: 3_Black_measles.json at [1][6] = 2.2
Drone PM: 3_Black_rot.json at [1][6] = 2.2
Drone PM: 3_Isariopsis.json at [1][6] = 1.8599999999999999
Drone PM: 3_Grape_bunch.json at [1][6] = 5.95
[2025-11-26 11:09:36,577][PM][INFO][PM Manager] - PM output: 
ISOBUS PM updated at PrescriptionMap/pm_generation/ISOBUS/PMs/3_isobus_pm.json with treatments: {'Black_measles': 2.2, 'Black_rot': 2.2, 'Isariopsis': 1.8599999999999999, 'Grape_bunch': 5.95} at grid: [1, 6]
[2025-11-26 11:10:29,040][PM][INFO][PM Subscriber] - Started dynamic PM subscriber
[2025-11-26 11:10:29,040][PM][INFO][gRPC PM] - Server running on port [::]:50087
[2025-11-26 11:10:31,040][PM][INFO][PM Subscriber] - Discovered new drone: ID 1
[2025-11-26 11:10:31,044][PM][INFO][PM Subscriber] - Discovered new drone: ID 2
[2025-11-26 11:10:31,046][PM][INFO][PM Subscriber] - Discovered new drone: ID 3
[2025-11-26 11:11:07,568][PM][INFO][gRPC PM] - Data PM received from Mission Management
[2025-11-26 11:11:07,571][PM][INFO][PM Manager] - Running PM generator: PrescriptionMap/pm_generation/ISOBUS/pm_isobus_fleet.py
[2025-11-26 11:11:07,683][PM][INFO][PM Manager] - PM output: 
ISOBUS PM updated at PrescriptionMap/pm_generation/ISOBUS/PMs/1_isobus_pm.json with treatments: {'Grape_bunch': 5.95} at grid: [1, 6]
[2025-11-26 11:11:13,358][PM][INFO][gRPC PM] - Data PM received from Mission Management
[2025-11-26 11:11:13,361][PM][INFO][PM Manager] - Running PM generator: PrescriptionMap/pm_generation/ISOBUS/pm_isobus_fleet.py
[2025-11-26 11:11:13,413][PM][INFO][PM Manager] - Running PM generator: PrescriptionMap/pm_generation/Drone/pm_drone_fleet.py
[2025-11-26 11:11:13,507][PM][INFO][PM Manager] - PM output: 
ISOBUS PM updated at PrescriptionMap/pm_generation/ISOBUS/PMs/3_isobus_pm.json with treatments: {'Black_measles': 2.2, 'Black_rot': 1.7, 'Isariopsis': 1.8599999999999999, 'Grape_bunch': 1.95} at grid: [0, 0]
[2025-11-26 11:11:13,513][PM][INFO][PM Manager] - PM output: 
Creating new PM: 3_Black_measles.json
Drone PM: 3_Black_measles.json at [0][0] = 2.2
Creating new PM: 3_Black_rot.json
Drone PM: 3_Black_rot.json at [0][0] = 1.7
Creating new PM: 3_Isariopsis.json
Drone PM: 3_Isariopsis.json at [0][0] = 1.8599999999999999
Creating new PM: 3_Grape_bunch.json
Drone PM: 3_Grape_bunch.json at [0][0] = 1.95
[2025-11-26 11:11:24,353][PM][INFO][gRPC PM] - Data PM received from Mission Management
[2025-11-26 11:11:24,353][PM][INFO][PM Manager] - Running PM generator: PrescriptionMap/pm_generation/ISOBUS/pm_isobus_fleet.py
[2025-11-26 11:11:24,997][PM][INFO][PM Manager] - PM output: 
ISOBUS PM updated at PrescriptionMap/pm_generation/ISOBUS/PMs/1_isobus_pm.json with treatments: {'Grape_bunch': 5.95} at grid: [1, 5]
[2025-11-26 11:11:33,617][PM][INFO][gRPC PM] - Data PM received from Mission Management
[2025-11-26 11:11:33,618][PM][INFO][PM Manager] - Running PM generator: PrescriptionMap/pm_generation/ISOBUS/pm_isobus_fleet.py
[2025-11-26 11:11:33,650][PM][INFO][PM Manager] - Running PM generator: PrescriptionMap/pm_generation/Drone/pm_drone_fleet.py
[2025-11-26 11:11:33,718][PM][INFO][PM Manager] - PM output: 
Drone PM: 3_Black_measles.json at [0][1] = 2.7
Drone PM: 3_Black_rot.json at [0][1] = 2.2
Drone PM: 3_Isariopsis.json at [0][1] = 3.3600000000000003
Drone PM: 3_Grape_bunch.json at [0][1] = 3.95
[2025-11-26 11:11:33,728][PM][INFO][PM Manager] - PM output: 
ISOBUS PM updated at PrescriptionMap/pm_generation/ISOBUS/PMs/3_isobus_pm.json with treatments: {'Black_measles': 2.7, 'Black_rot': 2.2, 'Isariopsis': 3.3600000000000003, 'Grape_bunch': 3.95} at grid: [0, 1]
[2025-11-26 11:11:41,617][PM][INFO][gRPC PM] - Data PM received from Mission Management
[2025-11-26 11:11:41,619][PM][INFO][PM Manager] - Running PM generator: PrescriptionMap/pm_generation/ISOBUS/pm_isobus_fleet.py
[2025-11-26 11:11:41,730][PM][INFO][PM Manager] - PM output: 
ISOBUS PM updated at PrescriptionMap/pm_generation/ISOBUS/PMs/1_isobus_pm.json with treatments: {'Grape_bunch': 5.95} at grid: [1, 4]
[2025-11-26 11:11:53,581][PM][INFO][gRPC PM] - Data PM received from Mission Management
[2025-11-26 11:11:53,583][PM][INFO][PM Manager] - Running PM generator: PrescriptionMap/pm_generation/ISOBUS/pm_isobus_fleet.py
[2025-11-26 11:11:53,639][PM][INFO][PM Manager] - Running PM generator: PrescriptionMap/pm_generation/Drone/pm_drone_fleet.py
[2025-11-26 11:11:53,741][PM][INFO][PM Manager] - PM output: 
ISOBUS PM updated at PrescriptionMap/pm_generation/ISOBUS/PMs/3_isobus_pm.json with treatments: {'Black_measles': 2.2, 'Black_rot': 1.7, 'Isariopsis': 1.8599999999999999, 'Grape_bunch': 1.95} at grid: [0, 2]
[2025-11-26 11:11:53,745][PM][INFO][PM Manager] - PM output: 
Drone PM: 3_Black_measles.json at [0][2] = 2.2
Drone PM: 3_Black_rot.json at [0][2] = 1.7
Drone PM: 3_Isariopsis.json at [0][2] = 1.8599999999999999
Drone PM: 3_Grape_bunch.json at [0][2] = 1.95
[2025-11-26 11:11:58,561][PM][INFO][gRPC PM] - Data PM received from Mission Management
[2025-11-26 11:11:58,562][PM][INFO][PM Manager] - Running PM generator: PrescriptionMap/pm_generation/ISOBUS/pm_isobus_fleet.py
[2025-11-26 11:11:58,655][PM][INFO][PM Manager] - PM output: 
ISOBUS PM updated at PrescriptionMap/pm_generation/ISOBUS/PMs/1_isobus_pm.json with treatments: {'Grape_bunch': 3.95} at grid: [1, 3]
[2025-11-26 11:12:14,151][PM][INFO][gRPC PM] - Data PM received from Mission Management
[2025-11-26 11:12:14,153][PM][INFO][PM Manager] - Running PM generator: PrescriptionMap/pm_generation/ISOBUS/pm_isobus_fleet.py
[2025-11-26 11:12:14,213][PM][INFO][PM Manager] - Running PM generator: PrescriptionMap/pm_generation/Drone/pm_drone_fleet.py
[2025-11-26 11:12:14,300][PM][INFO][PM Manager] - PM output: 
ISOBUS PM updated at PrescriptionMap/pm_generation/ISOBUS/PMs/3_isobus_pm.json with treatments: {'Black_measles': 2.2, 'Black_rot': 1.7, 'Isariopsis': 2.36, 'Grape_bunch': 5.95} at grid: [0, 3]
[2025-11-26 11:12:14,310][PM][INFO][PM Manager] - PM output: 
Drone PM: 3_Black_measles.json at [0][3] = 2.2
Drone PM: 3_Black_rot.json at [0][3] = 1.7
Drone PM: 3_Isariopsis.json at [0][3] = 2.36
Drone PM: 3_Grape_bunch.json at [0][3] = 5.95
[2025-11-26 11:12:15,525][PM][INFO][gRPC PM] - Data PM received from Mission Management
[2025-11-26 11:12:15,526][PM][INFO][PM Manager] - Running PM generator: PrescriptionMap/pm_generation/ISOBUS/pm_isobus_fleet.py
[2025-11-26 11:12:15,614][PM][INFO][PM Manager] - PM output: 
ISOBUS PM updated at PrescriptionMap/pm_generation/ISOBUS/PMs/1_isobus_pm.json with treatments: {'Grape_bunch': 7.95} at grid: [1, 2]
[2025-11-26 11:12:34,639][PM][INFO][gRPC PM] - Data PM received from Mission Management
[2025-11-26 11:12:34,640][PM][INFO][PM Manager] - Running PM generator: PrescriptionMap/pm_generation/ISOBUS/pm_isobus_fleet.py
[2025-11-26 11:12:34,723][PM][INFO][PM Manager] - PM output: 
ISOBUS PM updated at PrescriptionMap/pm_generation/ISOBUS/PMs/1_isobus_pm.json with treatments: {'Grape_bunch': 1.95} at grid: [1, 1]
[2025-11-26 11:12:51,445][PM][INFO][gRPC PM] - Data PM received from Mission Management
[2025-11-26 11:12:51,448][PM][INFO][PM Manager] - Running PM generator: PrescriptionMap/pm_generation/ISOBUS/pm_isobus_fleet.py
[2025-11-26 11:12:51,563][PM][INFO][PM Manager] - PM output: 
ISOBUS PM updated at PrescriptionMap/pm_generation/ISOBUS/PMs/1_isobus_pm.json with treatments: {'Grape_bunch': 5.95} at grid: [1, 0]
[2025-11-26 11:13:08,389][PM][INFO][gRPC PM] - Data PM received from Mission Management
[2025-11-26 11:13:08,390][PM][INFO][PM Manager] - Running PM generator: PrescriptionMap/pm_generation/ISOBUS/pm_isobus_fleet.py
[2025-11-26 11:13:08,474][PM][INFO][PM Manager] - PM output: 
ISOBUS PM updated at PrescriptionMap/pm_generation/ISOBUS/PMs/1_isobus_pm.json with treatments: {'Grape_bunch': 7.95} at grid: [0, 0]
[2025-11-26 11:13:25,120][PM][INFO][gRPC PM] - Data PM received from Mission Management
[2025-11-26 11:13:25,122][PM][INFO][PM Manager] - Running PM generator: PrescriptionMap/pm_generation/ISOBUS/pm_isobus_fleet.py
[2025-11-26 11:13:25,218][PM][INFO][PM Manager] - PM output: 
ISOBUS PM updated at PrescriptionMap/pm_generation/ISOBUS/PMs/1_isobus_pm.json with treatments: {'Grape_bunch': 1.95} at grid: [0, 1]
[2025-11-26 11:13:42,045][PM][INFO][gRPC PM] - Data PM received from Mission Management
[2025-11-26 11:13:42,046][PM][INFO][PM Manager] - Running PM generator: PrescriptionMap/pm_generation/ISOBUS/pm_isobus_fleet.py
[2025-11-26 11:13:42,135][PM][INFO][PM Manager] - PM output: 
ISOBUS PM updated at PrescriptionMap/pm_generation/ISOBUS/PMs/1_isobus_pm.json with treatments: {'Grape_bunch': 3.95} at grid: [0, 2]
[2025-11-26 11:13:58,760][PM][INFO][gRPC PM] - Data PM received from Mission Management
[2025-11-26 11:13:58,763][PM][INFO][PM Manager] - Running PM generator: PrescriptionMap/pm_generation/ISOBUS/pm_isobus_fleet.py
[2025-11-26 11:13:58,872][PM][INFO][PM Manager] - PM output: 
ISOBUS PM updated at PrescriptionMap/pm_generation/ISOBUS/PMs/1_isobus_pm.json with treatments: {'Grape_bunch': 7.95} at grid: [0, 3]
[2025-11-26 11:14:15,567][PM][INFO][gRPC PM] - Data PM received from Mission Management
[2025-11-26 11:14:15,572][PM][INFO][PM Manager] - Running PM generator: PrescriptionMap/pm_generation/ISOBUS/pm_isobus_fleet.py
[2025-11-26 11:14:15,679][PM][INFO][PM Manager] - PM output: 
ISOBUS PM updated at PrescriptionMap/pm_generation/ISOBUS/PMs/1_isobus_pm.json with treatments: {'Grape_bunch': 9.95} at grid: [0, 4]
[2025-11-26 11:14:32,502][PM][INFO][gRPC PM] - Data PM received from Mission Management
[2025-11-26 11:14:32,503][PM][INFO][PM Manager] - Running PM generator: PrescriptionMap/pm_generation/ISOBUS/pm_isobus_fleet.py
[2025-11-26 11:14:32,599][PM][INFO][PM Manager] - PM output: 
ISOBUS PM updated at PrescriptionMap/pm_generation/ISOBUS/PMs/1_isobus_pm.json with treatments: {'Grape_bunch': 3.95} at grid: [0, 5]
[2025-11-26 11:14:49,263][PM][INFO][gRPC PM] - Data PM received from Mission Management
[2025-11-26 11:14:49,265][PM][INFO][PM Manager] - Running PM generator: PrescriptionMap/pm_generation/ISOBUS/pm_isobus_fleet.py
[2025-11-26 11:14:49,436][PM][INFO][PM Manager] - PM output: 
ISOBUS PM updated at PrescriptionMap/pm_generation/ISOBUS/PMs/1_isobus_pm.json with treatments: {'Grape_bunch': 3.95} at grid: [0, 6]
[2025-11-26 11:14:50,309][PM][INFO][PM Subscriber] - PM received from Drone 1
[2025-11-26 11:14:50,313][PM][INFO][PM Manager] - Received PM for vehicle 1 with filename: isobus_pm
[2025-11-26 11:14:50,313][PM][INFO][PM Manager] - Saving received PM to PrescriptionMap/pm_generation/Received/1_isobus_pm_received.json
[2025-11-26 11:14:50,314][PM][INFO][PM Manager] - Received PM saved: PrescriptionMap/pm_generation/Received/1_isobus_pm_received.json
[2025-11-26 11:14:50,314][PM][INFO][PM Manager] - Finish not activated for vehicle 1, skipping comparison
[2025-11-26 11:14:50,315][PM][INFO][PM Subscriber] - PM data added to queue for Drone 1
[2025-11-26 11:15:00,297][PM][INFO][gRPC PM] - Data PM received from Mission Management
[2025-11-26 11:15:00,298][PM][INFO][PM Manager] - Received finish signal for vehicle 1
[2025-11-26 11:15:00,300][PM][INFO][PM Manager] - Finish status activated for vehicle 1
[2025-11-26 11:15:00,301][PM][INFO][PM Manager] - Starting comparison for vehicle 1
[2025-11-26 11:15:00,302][PM][INFO][PM Manager] - Received files base names: ['1_isobus_pm']
[2025-11-26 11:15:00,302][PM][INFO][PM Manager] - Found matching pair: 1_isobus_pm.json <-> 1_isobus_pm_received.json
[2025-11-26 11:15:00,303][PM][INFO][PM Manager] - Found 1 unique matched file pairs for vehicle 1
[2025-11-26 11:15:00,306][PM][INFO][PM Manager] - Content matches for vehicle 1, file 1_isobus_pm
[2025-11-26 11:15:00,307][PM][INFO][PM Manager] - Moved generated file to Finished: 20251126_111500_1_isobus_pm.json
[2025-11-26 11:15:00,307][PM][INFO][PM Manager] - Removed received file: 1_isobus_pm_received.json
[2025-11-26 11:15:00,309][PM][INFO][PM Manager] - ALL files match for vehicle 1
[2025-11-26 11:15:00,309][PM][INFO][PM Manager] - Finish status deactivated for vehicle 1
[2025-11-26 11:20:30,003][PM][INFO][gRPC PM] - Data PM received from Mission Management
[2025-11-26 11:20:30,004][PM][INFO][PM Manager] - Received finish signal for vehicle 2
[2025-11-26 11:20:30,007][PM][INFO][PM Manager] - Finish status activated for vehicle 2
[2025-11-26 11:20:30,008][PM][INFO][PM Manager] - Starting comparison for vehicle 2
[2025-11-26 11:20:30,009][PM][INFO][PM Manager] - Received files base names: []
[2025-11-26 11:20:30,014][PM][INFO][PM Manager] - Found 0 unique matched file pairs for vehicle 2
[2025-11-26 11:20:30,015][PM][INFO][PM Manager] - No matching file pairs found for vehicle 2
[2025-11-26 11:27:56,061][PM][INFO][gRPC PM] - Data PM received from Mission Management
[2025-11-26 11:27:56,063][PM][INFO][PM Manager] - Running PM generator: PrescriptionMap/pm_generation/ISOBUS/pm_isobus_fleet.py
[2025-11-26 11:27:56,137][PM][INFO][PM Manager] - Running PM generator: PrescriptionMap/pm_generation/Drone/pm_drone_fleet.py
[2025-11-26 11:27:56,221][PM][INFO][PM Manager] - PM output: 
ISOBUS PM updated at PrescriptionMap/pm_generation/ISOBUS/PMs/3_isobus_pm.json with treatments: {'Black_measles': 2.2, 'Black_rot': 1.7, 'Isariopsis': 1.8599999999999999, 'Grape_bunch': 1.95} at grid: [0, 0]
[2025-11-26 11:27:56,231][PM][INFO][PM Manager] - PM output: 
Drone PM: 3_Black_measles.json at [0][0] = 2.2
Drone PM: 3_Black_rot.json at [0][0] = 1.7
Drone PM: 3_Isariopsis.json at [0][0] = 1.8599999999999999
Drone PM: 3_Grape_bunch.json at [0][0] = 1.95
[2025-11-26 11:28:16,492][PM][INFO][gRPC PM] - Data PM received from Mission Management
[2025-11-26 11:28:16,493][PM][INFO][PM Manager] - Running PM generator: PrescriptionMap/pm_generation/ISOBUS/pm_isobus_fleet.py
[2025-11-26 11:28:16,540][PM][INFO][PM Manager] - Running PM generator: PrescriptionMap/pm_generation/Drone/pm_drone_fleet.py
[2025-11-26 11:28:16,600][PM][INFO][PM Manager] - PM output: 
ISOBUS PM updated at PrescriptionMap/pm_generation/ISOBUS/PMs/3_isobus_pm.json with treatments: {'Black_measles': 2.7, 'Black_rot': 2.2, 'Isariopsis': 3.3600000000000003, 'Grape_bunch': 3.95} at grid: [0, 1]
[2025-11-26 11:28:16,610][PM][INFO][PM Manager] - PM output: 
Drone PM: 3_Black_measles.json at [0][1] = 2.7
Drone PM: 3_Black_rot.json at [0][1] = 2.2
Drone PM: 3_Isariopsis.json at [0][1] = 3.3600000000000003
Drone PM: 3_Grape_bunch.json at [0][1] = 3.95
[2025-11-26 11:28:36,444][PM][INFO][gRPC PM] - Data PM received from Mission Management
[2025-11-26 11:28:36,445][PM][INFO][PM Manager] - Running PM generator: PrescriptionMap/pm_generation/ISOBUS/pm_isobus_fleet.py
[2025-11-26 11:28:36,493][PM][INFO][PM Manager] - Running PM generator: PrescriptionMap/pm_generation/Drone/pm_drone_fleet.py
[2025-11-26 11:28:36,566][PM][INFO][PM Manager] - PM output: 
Drone PM: 3_Black_measles.json at [0][2] = 2.2
Drone PM: 3_Black_rot.json at [0][2] = 1.7
Drone PM: 3_Isariopsis.json at [0][2] = 1.8599999999999999
Drone PM: 3_Grape_bunch.json at [0][2] = 1.95
[2025-11-26 11:28:36,567][PM][INFO][PM Manager] - PM output: 
ISOBUS PM updated at PrescriptionMap/pm_generation/ISOBUS/PMs/3_isobus_pm.json with treatments: {'Black_measles': 2.2, 'Black_rot': 1.7, 'Isariopsis': 1.8599999999999999, 'Grape_bunch': 1.95} at grid: [0, 2]
[2025-11-26 11:28:57,031][PM][INFO][gRPC PM] - Data PM received from Mission Management
[2025-11-26 11:28:57,033][PM][INFO][PM Manager] - Running PM generator: PrescriptionMap/pm_generation/ISOBUS/pm_isobus_fleet.py
[2025-11-26 11:28:57,094][PM][INFO][PM Manager] - Running PM generator: PrescriptionMap/pm_generation/Drone/pm_drone_fleet.py
[2025-11-26 11:28:57,170][PM][INFO][PM Manager] - PM output: 
ISOBUS PM updated at PrescriptionMap/pm_generation/ISOBUS/PMs/3_isobus_pm.json with treatments: {'Black_measles': 2.2, 'Black_rot': 1.7, 'Isariopsis': 2.36, 'Grape_bunch': 5.95} at grid: [0, 3]
[2025-11-26 11:28:57,177][PM][INFO][PM Manager] - PM output: 
Drone PM: 3_Black_measles.json at [0][3] = 2.2
Drone PM: 3_Black_rot.json at [0][3] = 1.7
Drone PM: 3_Isariopsis.json at [0][3] = 2.36
Drone PM: 3_Grape_bunch.json at [0][3] = 5.95
[2025-11-26 11:29:17,093][PM][INFO][gRPC PM] - Data PM received from Mission Management
[2025-11-26 11:29:17,094][PM][INFO][PM Manager] - Running PM generator: PrescriptionMap/pm_generation/ISOBUS/pm_isobus_fleet.py
[2025-11-26 11:29:17,150][PM][INFO][PM Manager] - Running PM generator: PrescriptionMap/pm_generation/Drone/pm_drone_fleet.py
[2025-11-26 11:29:17,231][PM][INFO][PM Manager] - PM output: 
Drone PM: 3_Black_measles.json at [0][4] = 2.2
Drone PM: 3_Black_rot.json at [0][4] = 1.7
Drone PM: 3_Isariopsis.json at [0][4] = 1.8599999999999999
Drone PM: 3_Grape_bunch.json at [0][4] = 1.95
[2025-11-26 11:29:17,234][PM][INFO][PM Manager] - PM output: 
ISOBUS PM updated at PrescriptionMap/pm_generation/ISOBUS/PMs/3_isobus_pm.json with treatments: {'Black_measles': 2.2, 'Black_rot': 1.7, 'Isariopsis': 1.8599999999999999, 'Grape_bunch': 1.95} at grid: [0, 4]
[2025-11-26 11:29:37,669][PM][INFO][gRPC PM] - Data PM received from Mission Management
[2025-11-26 11:29:37,673][PM][INFO][PM Manager] - Running PM generator: PrescriptionMap/pm_generation/ISOBUS/pm_isobus_fleet.py
[2025-11-26 11:29:37,731][PM][INFO][PM Manager] - Running PM generator: PrescriptionMap/pm_generation/Drone/pm_drone_fleet.py
[2025-11-26 11:29:37,805][PM][INFO][PM Manager] - PM output: 
ISOBUS PM updated at PrescriptionMap/pm_generation/ISOBUS/PMs/3_isobus_pm.json with treatments: {'Black_measles': 2.2, 'Black_rot': 1.7, 'Isariopsis': 2.36, 'Grape_bunch': 5.95} at grid: [0, 5]
[2025-11-26 11:29:37,809][PM][INFO][PM Manager] - PM output: 
Drone PM: 3_Black_measles.json at [0][5] = 2.2
Drone PM: 3_Black_rot.json at [0][5] = 1.7
Drone PM: 3_Isariopsis.json at [0][5] = 2.36
Drone PM: 3_Grape_bunch.json at [0][5] = 5.95
[2025-11-26 11:29:58,441][PM][INFO][gRPC PM] - Data PM received from Mission Management
[2025-11-26 11:29:58,444][PM][INFO][PM Manager] - Running PM generator: PrescriptionMap/pm_generation/ISOBUS/pm_isobus_fleet.py
[2025-11-26 11:29:58,511][PM][INFO][PM Manager] - Running PM generator: PrescriptionMap/pm_generation/Drone/pm_drone_fleet.py
[2025-11-26 11:29:58,585][PM][INFO][PM Manager] - PM output: 
ISOBUS PM updated at PrescriptionMap/pm_generation/ISOBUS/PMs/3_isobus_pm.json with treatments: {'Black_measles': 2.2, 'Black_rot': 1.7, 'Isariopsis': 1.8599999999999999, 'Grape_bunch': 9.95} at grid: [0, 6]
[2025-11-26 11:29:58,591][PM][INFO][PM Manager] - PM output: 
Drone PM: 3_Black_measles.json at [0][6] = 2.2
Drone PM: 3_Black_rot.json at [0][6] = 1.7
Drone PM: 3_Isariopsis.json at [0][6] = 1.8599999999999999
Drone PM: 3_Grape_bunch.json at [0][6] = 9.95
[2025-11-26 11:30:18,622][PM][INFO][gRPC PM] - Data PM received from Mission Management
[2025-11-26 11:30:18,625][PM][INFO][PM Manager] - Running PM generator: PrescriptionMap/pm_generation/ISOBUS/pm_isobus_fleet.py
[2025-11-26 11:30:18,691][PM][INFO][PM Manager] - Running PM generator: PrescriptionMap/pm_generation/Drone/pm_drone_fleet.py
[2025-11-26 11:30:18,758][PM][INFO][PM Manager] - PM output: 
Drone PM: 3_Black_measles.json at [1][6] = 2.2
Drone PM: 3_Black_rot.json at [1][6] = 2.2
Drone PM: 3_Isariopsis.json at [1][6] = 1.8599999999999999
Drone PM: 3_Grape_bunch.json at [1][6] = 5.95
[2025-11-26 11:30:18,763][PM][INFO][PM Manager] - PM output: 
ISOBUS PM updated at PrescriptionMap/pm_generation/ISOBUS/PMs/3_isobus_pm.json with treatments: {'Black_measles': 2.2, 'Black_rot': 2.2, 'Isariopsis': 1.8599999999999999, 'Grape_bunch': 5.95} at grid: [1, 6]
[2025-11-26 11:30:39,029][PM][INFO][gRPC PM] - Data PM received from Mission Management
[2025-11-26 11:30:39,032][PM][INFO][PM Manager] - Running PM generator: PrescriptionMap/pm_generation/ISOBUS/pm_isobus_fleet.py
[2025-11-26 11:30:39,122][PM][INFO][PM Manager] - Running PM generator: PrescriptionMap/pm_generation/Drone/pm_drone_fleet.py
[2025-11-26 11:30:39,201][PM][INFO][PM Manager] - PM output: 
ISOBUS PM updated at PrescriptionMap/pm_generation/ISOBUS/PMs/3_isobus_pm.json with treatments: {'Black_measles': 2.2, 'Black_rot': 1.7, 'Isariopsis': 1.8599999999999999, 'Grape_bunch': 3.95} at grid: [1, 5]
[2025-11-26 11:30:39,206][PM][INFO][PM Manager] - PM output: 
Drone PM: 3_Black_measles.json at [1][5] = 2.2
Drone PM: 3_Black_rot.json at [1][5] = 1.7
Drone PM: 3_Isariopsis.json at [1][5] = 1.8599999999999999
Drone PM: 3_Grape_bunch.json at [1][5] = 3.95
[2025-11-26 11:30:59,297][PM][INFO][gRPC PM] - Data PM received from Mission Management
[2025-11-26 11:30:59,299][PM][INFO][PM Manager] - Running PM generator: PrescriptionMap/pm_generation/ISOBUS/pm_isobus_fleet.py
[2025-11-26 11:30:59,375][PM][INFO][PM Manager] - Running PM generator: PrescriptionMap/pm_generation/Drone/pm_drone_fleet.py
[2025-11-26 11:30:59,449][PM][INFO][PM Manager] - PM output: 
ISOBUS PM updated at PrescriptionMap/pm_generation/ISOBUS/PMs/3_isobus_pm.json with treatments: {'Black_measles': 2.7, 'Black_rot': 2.2, 'Isariopsis': 3.3600000000000003, 'Grape_bunch': 3.95} at grid: [1, 4]
[2025-11-26 11:30:59,459][PM][INFO][PM Manager] - PM output: 
Drone PM: 3_Black_measles.json at [1][4] = 2.7
Drone PM: 3_Black_rot.json at [1][4] = 2.2
Drone PM: 3_Isariopsis.json at [1][4] = 3.3600000000000003
Drone PM: 3_Grape_bunch.json at [1][4] = 3.95
[2025-11-26 11:31:19,316][PM][INFO][gRPC PM] - Data PM received from Mission Management
[2025-11-26 11:31:19,318][PM][INFO][PM Manager] - Running PM generator: PrescriptionMap/pm_generation/ISOBUS/pm_isobus_fleet.py
[2025-11-26 11:31:19,370][PM][INFO][PM Manager] - Running PM generator: PrescriptionMap/pm_generation/Drone/pm_drone_fleet.py
[2025-11-26 11:31:19,452][PM][INFO][PM Manager] - PM output: 
Drone PM: 3_Black_measles.json at [1][3] = 2.2
Drone PM: 3_Black_rot.json at [1][3] = 1.7
Drone PM: 3_Isariopsis.json at [1][3] = 1.8599999999999999
Drone PM: 3_Grape_bunch.json at [1][3] = 1.95
[2025-11-26 11:31:19,455][PM][INFO][PM Manager] - PM output: 
ISOBUS PM updated at PrescriptionMap/pm_generation/ISOBUS/PMs/3_isobus_pm.json with treatments: {'Black_measles': 2.2, 'Black_rot': 1.7, 'Isariopsis': 1.8599999999999999, 'Grape_bunch': 1.95} at grid: [1, 3]
[2025-11-26 11:31:41,290][PM][INFO][gRPC PM] - Data PM received from Mission Management
[2025-11-26 11:31:41,293][PM][INFO][PM Manager] - Running PM generator: PrescriptionMap/pm_generation/ISOBUS/pm_isobus_fleet.py
[2025-11-26 11:31:41,355][PM][INFO][PM Manager] - Running PM generator: PrescriptionMap/pm_generation/Drone/pm_drone_fleet.py
[2025-11-26 11:31:41,425][PM][INFO][PM Manager] - PM output: 
ISOBUS PM updated at PrescriptionMap/pm_generation/ISOBUS/PMs/3_isobus_pm.json with treatments: {'Black_measles': 2.2, 'Black_rot': 1.7, 'Isariopsis': 1.8599999999999999, 'Grape_bunch': 3.95} at grid: [1, 2]
[2025-11-26 11:31:41,431][PM][INFO][PM Manager] - PM output: 
Drone PM: 3_Black_measles.json at [1][2] = 2.2
Drone PM: 3_Black_rot.json at [1][2] = 1.7
Drone PM: 3_Isariopsis.json at [1][2] = 1.8599999999999999
Drone PM: 3_Grape_bunch.json at [1][2] = 3.95
[2025-11-26 11:32:02,468][PM][INFO][gRPC PM] - Data PM received from Mission Management
[2025-11-26 11:32:02,470][PM][INFO][PM Manager] - Running PM generator: PrescriptionMap/pm_generation/ISOBUS/pm_isobus_fleet.py
[2025-11-26 11:32:02,545][PM][INFO][PM Manager] - Running PM generator: PrescriptionMap/pm_generation/Drone/pm_drone_fleet.py
[2025-11-26 11:32:02,622][PM][INFO][PM Manager] - PM output: 
Drone PM: 3_Black_measles.json at [1][1] = 2.2
Drone PM: 3_Black_rot.json at [1][1] = 1.7
Drone PM: 3_Isariopsis.json at [1][1] = 1.8599999999999999
Drone PM: 3_Grape_bunch.json at [1][1] = 5.95
[2025-11-26 11:32:02,623][PM][INFO][PM Manager] - PM output: 
ISOBUS PM updated at PrescriptionMap/pm_generation/ISOBUS/PMs/3_isobus_pm.json with treatments: {'Black_measles': 2.2, 'Black_rot': 1.7, 'Isariopsis': 1.8599999999999999, 'Grape_bunch': 5.95} at grid: [1, 1]
[2025-11-26 11:32:23,262][PM][INFO][gRPC PM] - Data PM received from Mission Management
[2025-11-26 11:32:23,263][PM][INFO][PM Manager] - Running PM generator: PrescriptionMap/pm_generation/ISOBUS/pm_isobus_fleet.py
[2025-11-26 11:32:23,341][PM][INFO][PM Manager] - Running PM generator: PrescriptionMap/pm_generation/Drone/pm_drone_fleet.py
[2025-11-26 11:32:23,420][PM][INFO][PM Manager] - PM output: 
Drone PM: 3_Black_measles.json at [1][0] = 2.2
Drone PM: 3_Black_rot.json at [1][0] = 1.7
Drone PM: 3_Isariopsis.json at [1][0] = 1.8599999999999999
Drone PM: 3_Grape_bunch.json at [1][0] = 9.95
[2025-11-26 11:32:23,427][PM][INFO][PM Manager] - PM output: 
ISOBUS PM updated at PrescriptionMap/pm_generation/ISOBUS/PMs/3_isobus_pm.json with treatments: {'Black_measles': 2.2, 'Black_rot': 1.7, 'Isariopsis': 1.8599999999999999, 'Grape_bunch': 9.95} at grid: [1, 0]
[2025-11-26 11:32:43,299][PM][INFO][gRPC PM] - Data PM received from Mission Management
[2025-11-26 11:32:43,301][PM][INFO][PM Manager] - Running PM generator: PrescriptionMap/pm_generation/ISOBUS/pm_isobus_fleet.py
[2025-11-26 11:32:43,357][PM][INFO][PM Manager] - Running PM generator: PrescriptionMap/pm_generation/Drone/pm_drone_fleet.py
[2025-11-26 11:32:43,433][PM][INFO][PM Manager] - PM output: 
ISOBUS PM updated at PrescriptionMap/pm_generation/ISOBUS/PMs/3_isobus_pm.json with treatments: {'Black_measles': 2.2, 'Black_rot': 1.7, 'Isariopsis': 1.8599999999999999, 'Grape_bunch': 1.95} at grid: [2, 0]
[2025-11-26 11:32:43,455][PM][INFO][PM Manager] - PM output: 
Drone PM: 3_Black_measles.json at [2][0] = 2.2
Drone PM: 3_Black_rot.json at [2][0] = 1.7
Drone PM: 3_Isariopsis.json at [2][0] = 1.8599999999999999
Drone PM: 3_Grape_bunch.json at [2][0] = 1.95
[2025-11-26 11:33:03,490][PM][INFO][gRPC PM] - Data PM received from Mission Management
[2025-11-26 11:33:03,491][PM][INFO][PM Manager] - Running PM generator: PrescriptionMap/pm_generation/ISOBUS/pm_isobus_fleet.py
[2025-11-26 11:33:03,576][PM][INFO][PM Manager] - Running PM generator: PrescriptionMap/pm_generation/Drone/pm_drone_fleet.py
[2025-11-26 11:33:03,637][PM][INFO][PM Manager] - PM output: 
ISOBUS PM updated at PrescriptionMap/pm_generation/ISOBUS/PMs/3_isobus_pm.json with treatments: {'Black_measles': 2.2, 'Black_rot': 2.2, 'Isariopsis': 1.8599999999999999, 'Grape_bunch': 5.95} at grid: [2, 1]
[2025-11-26 11:33:03,638][PM][INFO][PM Manager] - PM output: 
Drone PM: 3_Black_measles.json at [2][1] = 2.2
Drone PM: 3_Black_rot.json at [2][1] = 2.2
Drone PM: 3_Isariopsis.json at [2][1] = 1.8599999999999999
Drone PM: 3_Grape_bunch.json at [2][1] = 5.95
[2025-11-26 11:33:23,674][PM][INFO][gRPC PM] - Data PM received from Mission Management
[2025-11-26 11:33:23,675][PM][INFO][PM Manager] - Running PM generator: PrescriptionMap/pm_generation/ISOBUS/pm_isobus_fleet.py
[2025-11-26 11:33:23,727][PM][INFO][PM Manager] - Running PM generator: PrescriptionMap/pm_generation/Drone/pm_drone_fleet.py
[2025-11-26 11:33:23,812][PM][INFO][PM Manager] - PM output: 
Drone PM: 3_Black_measles.json at [2][2] = 2.7
Drone PM: 3_Black_rot.json at [2][2] = 2.2
Drone PM: 3_Isariopsis.json at [2][2] = 2.86
Drone PM: 3_Grape_bunch.json at [2][2] = 7.95
[2025-11-26 11:33:23,813][PM][INFO][PM Manager] - PM output: 
ISOBUS PM updated at PrescriptionMap/pm_generation/ISOBUS/PMs/3_isobus_pm.json with treatments: {'Black_measles': 2.7, 'Black_rot': 2.2, 'Isariopsis': 2.86, 'Grape_bunch': 7.95} at grid: [2, 2]
[2025-11-26 11:33:43,911][PM][INFO][gRPC PM] - Data PM received from Mission Management
[2025-11-26 11:33:43,914][PM][INFO][PM Manager] - Running PM generator: PrescriptionMap/pm_generation/ISOBUS/pm_isobus_fleet.py
[2025-11-26 11:33:43,982][PM][INFO][PM Manager] - Running PM generator: PrescriptionMap/pm_generation/Drone/pm_drone_fleet.py
[2025-11-26 11:33:44,061][PM][INFO][PM Manager] - PM output: 
Drone PM: 3_Black_measles.json at [2][3] = 2.7
Drone PM: 3_Black_rot.json at [2][3] = 2.2
Drone PM: 3_Isariopsis.json at [2][3] = 3.3600000000000003
Drone PM: 3_Grape_bunch.json at [2][3] = 3.95
[2025-11-26 11:33:44,066][PM][INFO][PM Manager] - PM output: 
ISOBUS PM updated at PrescriptionMap/pm_generation/ISOBUS/PMs/3_isobus_pm.json with treatments: {'Black_measles': 2.7, 'Black_rot': 2.2, 'Isariopsis': 3.3600000000000003, 'Grape_bunch': 3.95} at grid: [2, 3]
[2025-11-26 11:34:04,166][PM][INFO][gRPC PM] - Data PM received from Mission Management
[2025-11-26 11:34:04,167][PM][INFO][PM Manager] - Running PM generator: PrescriptionMap/pm_generation/ISOBUS/pm_isobus_fleet.py
[2025-11-26 11:34:04,252][PM][INFO][PM Manager] - Running PM generator: PrescriptionMap/pm_generation/Drone/pm_drone_fleet.py
[2025-11-26 11:34:04,326][PM][INFO][PM Manager] - PM output: 
Drone PM: 3_Black_measles.json at [2][4] = 2.2
Drone PM: 3_Black_rot.json at [2][4] = 2.2
Drone PM: 3_Isariopsis.json at [2][4] = 1.8599999999999999
Drone PM: 3_Grape_bunch.json at [2][4] = 1.95
[2025-11-26 11:34:04,342][PM][INFO][PM Manager] - PM output: 
ISOBUS PM updated at PrescriptionMap/pm_generation/ISOBUS/PMs/3_isobus_pm.json with treatments: {'Black_measles': 2.2, 'Black_rot': 2.2, 'Isariopsis': 1.8599999999999999, 'Grape_bunch': 1.95} at grid: [2, 4]
[2025-11-26 11:34:24,179][PM][INFO][gRPC PM] - Data PM received from Mission Management
[2025-11-26 11:34:24,183][PM][INFO][PM Manager] - Running PM generator: PrescriptionMap/pm_generation/ISOBUS/pm_isobus_fleet.py
[2025-11-26 11:34:24,255][PM][INFO][PM Manager] - Running PM generator: PrescriptionMap/pm_generation/Drone/pm_drone_fleet.py
[2025-11-26 11:34:24,354][PM][INFO][PM Manager] - PM output: 
ISOBUS PM updated at PrescriptionMap/pm_generation/ISOBUS/PMs/3_isobus_pm.json with treatments: {'Black_measles': 2.2, 'Black_rot': 1.7, 'Isariopsis': 1.8599999999999999, 'Grape_bunch': 1.95} at grid: [2, 5]
[2025-11-26 11:34:24,362][PM][INFO][PM Manager] - PM output: 
Drone PM: 3_Black_measles.json at [2][5] = 2.2
Drone PM: 3_Black_rot.json at [2][5] = 1.7
Drone PM: 3_Isariopsis.json at [2][5] = 1.8599999999999999
Drone PM: 3_Grape_bunch.json at [2][5] = 1.95
[2025-11-26 11:34:44,820][PM][INFO][gRPC PM] - Data PM received from Mission Management
[2025-11-26 11:34:44,822][PM][INFO][PM Manager] - Running PM generator: PrescriptionMap/pm_generation/ISOBUS/pm_isobus_fleet.py
[2025-11-26 11:34:44,917][PM][INFO][PM Manager] - Running PM generator: PrescriptionMap/pm_generation/Drone/pm_drone_fleet.py
[2025-11-26 11:34:44,992][PM][INFO][PM Manager] - PM output: 
Drone PM: 3_Black_measles.json at [2][6] = 2.2
Drone PM: 3_Black_rot.json at [2][6] = 1.7
Drone PM: 3_Isariopsis.json at [2][6] = 2.36
Drone PM: 3_Grape_bunch.json at [2][6] = 5.95
[2025-11-26 11:34:45,000][PM][INFO][PM Manager] - PM output: 
ISOBUS PM updated at PrescriptionMap/pm_generation/ISOBUS/PMs/3_isobus_pm.json with treatments: {'Black_measles': 2.2, 'Black_rot': 1.7, 'Isariopsis': 2.36, 'Grape_bunch': 5.95} at grid: [2, 6]
[2025-11-26 11:34:45,845][PM][INFO][PM Subscriber] - PM received from Drone 3
[2025-11-26 11:34:45,846][PM][INFO][PM Manager] - Received PM for vehicle 3 with filename: Isariopsis
[2025-11-26 11:34:45,847][PM][INFO][PM Manager] - Saving received PM to PrescriptionMap/pm_generation/Received/3_Isariopsis_received.json
[2025-11-26 11:34:45,847][PM][INFO][PM Manager] - Received PM saved: PrescriptionMap/pm_generation/Received/3_Isariopsis_received.json
[2025-11-26 11:34:45,847][PM][INFO][PM Manager] - Finish not activated for vehicle 3, skipping comparison
[2025-11-26 11:34:45,848][PM][INFO][PM Subscriber] - PM data added to queue for Drone 3
[2025-11-26 11:34:45,851][PM][INFO][PM Subscriber] - PM received from Drone 3
[2025-11-26 11:34:45,854][PM][INFO][PM Manager] - Received PM for vehicle 3 with filename: Black_measles
[2025-11-26 11:34:45,854][PM][INFO][PM Manager] - Saving received PM to PrescriptionMap/pm_generation/Received/3_Black_measles_received.json
[2025-11-26 11:34:45,855][PM][INFO][PM Manager] - Received PM saved: PrescriptionMap/pm_generation/Received/3_Black_measles_received.json
[2025-11-26 11:34:45,855][PM][INFO][PM Manager] - Finish not activated for vehicle 3, skipping comparison
[2025-11-26 11:34:45,856][PM][INFO][PM Subscriber] - PM data added to queue for Drone 3
[2025-11-26 11:34:45,859][PM][INFO][PM Subscriber] - PM received from Drone 3
[2025-11-26 11:34:45,860][PM][INFO][PM Manager] - Received PM for vehicle 3 with filename: Black_rot
[2025-11-26 11:34:45,860][PM][INFO][PM Manager] - Saving received PM to PrescriptionMap/pm_generation/Received/3_Black_rot_received.json
[2025-11-26 11:34:45,860][PM][INFO][PM Manager] - Received PM saved: PrescriptionMap/pm_generation/Received/3_Black_rot_received.json
[2025-11-26 11:34:45,861][PM][INFO][PM Manager] - Finish not activated for vehicle 3, skipping comparison
[2025-11-26 11:34:45,861][PM][INFO][PM Subscriber] - PM data added to queue for Drone 3
[2025-11-26 11:34:45,861][PM][INFO][PM Subscriber] - PM received from Drone 3
[2025-11-26 11:34:45,862][PM][INFO][PM Manager] - Received PM for vehicle 3 with filename: Grape_bunch
[2025-11-26 11:34:45,862][PM][INFO][PM Manager] - Saving received PM to PrescriptionMap/pm_generation/Received/3_Grape_bunch_received.json
[2025-11-26 11:34:45,863][PM][INFO][PM Manager] - Received PM saved: PrescriptionMap/pm_generation/Received/3_Grape_bunch_received.json
[2025-11-26 11:34:45,863][PM][INFO][PM Manager] - Finish not activated for vehicle 3, skipping comparison
[2025-11-26 11:34:45,864][PM][INFO][PM Subscriber] - PM data added to queue for Drone 3
[2025-11-26 11:34:45,865][PM][INFO][PM Subscriber] - PM received from Drone 3
[2025-11-26 11:34:45,871][PM][INFO][PM Manager] - Received PM for vehicle 3 with filename: isobus_pm
[2025-11-26 11:34:45,871][PM][INFO][PM Manager] - Saving received PM to PrescriptionMap/pm_generation/Received/3_isobus_pm_received.json
[2025-11-26 11:34:45,873][PM][INFO][PM Manager] - Received PM saved: PrescriptionMap/pm_generation/Received/3_isobus_pm_received.json
[2025-11-26 11:34:45,873][PM][INFO][PM Manager] - Finish not activated for vehicle 3, skipping comparison
[2025-11-26 11:34:45,874][PM][INFO][PM Subscriber] - PM data added to queue for Drone 3
[2025-11-26 11:34:55,872][PM][INFO][gRPC PM] - Data PM received from Mission Management
[2025-11-26 11:34:55,872][PM][INFO][PM Manager] - Received finish signal for vehicle 3
[2025-11-26 11:34:55,873][PM][INFO][PM Manager] - Finish status activated for vehicle 3
[2025-11-26 11:34:55,875][PM][INFO][PM Manager] - Starting comparison for vehicle 3
[2025-11-26 11:34:55,882][PM][INFO][PM Manager] - Received files base names: ['3_Black_measles', '3_Black_rot', '3_Grape_bunch', '3_Isariopsis', '3_isobus_pm']
[2025-11-26 11:34:55,883][PM][INFO][PM Manager] - Found matching pair: 3_Isariopsis.json <-> 3_Isariopsis_received.json
[2025-11-26 11:34:55,883][PM][INFO][PM Manager] - Found matching pair: 3_Black_rot.json <-> 3_Black_rot_received.json
[2025-11-26 11:34:55,884][PM][INFO][PM Manager] - Found matching pair: 3_Grape_bunch.json <-> 3_Grape_bunch_received.json
[2025-11-26 11:34:55,884][PM][INFO][PM Manager] - Found matching pair: 3_isobus_pm.json <-> 3_isobus_pm_received.json
[2025-11-26 11:34:55,884][PM][INFO][PM Manager] - Found matching pair: 3_Black_measles.json <-> 3_Black_measles_received.json
[2025-11-26 11:34:55,885][PM][INFO][PM Manager] - Found 5 unique matched file pairs for vehicle 3
[2025-11-26 11:34:55,886][PM][INFO][PM Manager] - Content matches for vehicle 3, file 3_Black_measles
[2025-11-26 11:34:55,888][PM][INFO][PM Manager] - Moved generated file to Finished: 20251126_113455_3_Black_measles.json
[2025-11-26 11:34:55,888][PM][INFO][PM Manager] - Removed received file: 3_Black_measles_received.json
[2025-11-26 11:34:55,888][PM][INFO][PM Manager] - Content matches for vehicle 3, file 3_Grape_bunch
[2025-11-26 11:34:55,889][PM][INFO][PM Manager] - Moved generated file to Finished: 20251126_113455_3_Grape_bunch.json
[2025-11-26 11:34:55,889][PM][INFO][PM Manager] - Removed received file: 3_Grape_bunch_received.json
[2025-11-26 11:34:55,890][PM][INFO][PM Manager] - Content matches for vehicle 3, file 3_Isariopsis
[2025-11-26 11:34:55,891][PM][INFO][PM Manager] - Moved generated file to Finished: 20251126_113455_3_Isariopsis.json
[2025-11-26 11:34:55,891][PM][INFO][PM Manager] - Removed received file: 3_Isariopsis_received.json
[2025-11-26 11:34:55,892][PM][INFO][PM Manager] - Content matches for vehicle 3, file 3_Black_rot
[2025-11-26 11:34:55,892][PM][INFO][PM Manager] - Moved generated file to Finished: 20251126_113455_3_Black_rot.json
[2025-11-26 11:34:55,892][PM][INFO][PM Manager] - Removed received file: 3_Black_rot_received.json
[2025-11-26 11:34:55,894][PM][INFO][PM Manager] - Content matches for vehicle 3, file 3_isobus_pm
[2025-11-26 11:34:55,894][PM][INFO][PM Manager] - Moved generated file to Finished: 20251126_113455_3_isobus_pm.json
[2025-11-26 11:34:55,895][PM][INFO][PM Manager] - Removed received file: 3_isobus_pm_received.json
[2025-11-26 11:34:55,895][PM][INFO][PM Manager] - ALL files match for vehicle 3
[2025-11-26 11:34:55,895][PM][INFO][PM Manager] - Finish status deactivated for vehicle 3
[2025-11-26 11:36:32,993][PM][INFO][gRPC PM] - Data PM received from Mission Management
[2025-11-26 11:36:32,998][PM][INFO][PM Manager] - Running PM generator: PrescriptionMap/pm_generation/ISOBUS/pm_isobus_fleet.py
[2025-11-26 11:36:33,130][PM][INFO][PM Manager] - PM output: 
ISOBUS PM updated at PrescriptionMap/pm_generation/ISOBUS/PMs/1_isobus_pm.json with treatments: {'Grape_bunch': 5.95} at grid: [1, 6]
[2025-11-26 11:36:49,959][PM][INFO][gRPC PM] - Data PM received from Mission Management
[2025-11-26 11:36:49,960][PM][INFO][PM Manager] - Running PM generator: PrescriptionMap/pm_generation/ISOBUS/pm_isobus_fleet.py
[2025-11-26 11:36:50,063][PM][INFO][PM Manager] - PM output: 
ISOBUS PM updated at PrescriptionMap/pm_generation/ISOBUS/PMs/1_isobus_pm.json with treatments: {'Grape_bunch': 5.95} at grid: [1, 5]
[2025-11-26 11:37:10,096][PM][INFO][gRPC PM] - Data PM received from Mission Management
[2025-11-26 11:37:10,097][PM][INFO][PM Manager] - Running PM generator: PrescriptionMap/pm_generation/ISOBUS/pm_isobus_fleet.py
[2025-11-26 11:37:10,206][PM][INFO][PM Manager] - PM output: 
ISOBUS PM updated at PrescriptionMap/pm_generation/ISOBUS/PMs/1_isobus_pm.json with treatments: {'Grape_bunch': 5.95} at grid: [1, 4]
[2025-11-26 11:37:27,035][PM][INFO][gRPC PM] - Data PM received from Mission Management
[2025-11-26 11:37:27,036][PM][INFO][PM Manager] - Running PM generator: PrescriptionMap/pm_generation/ISOBUS/pm_isobus_fleet.py
[2025-11-26 11:37:27,162][PM][INFO][PM Manager] - PM output: 
ISOBUS PM updated at PrescriptionMap/pm_generation/ISOBUS/PMs/1_isobus_pm.json with treatments: {'Grape_bunch': 3.95} at grid: [1, 3]
[2025-11-26 11:37:44,021][PM][INFO][gRPC PM] - Data PM received from Mission Management
[2025-11-26 11:37:44,024][PM][INFO][PM Manager] - Running PM generator: PrescriptionMap/pm_generation/ISOBUS/pm_isobus_fleet.py
[2025-11-26 11:37:44,168][PM][INFO][PM Manager] - PM output: 
ISOBUS PM updated at PrescriptionMap/pm_generation/ISOBUS/PMs/1_isobus_pm.json with treatments: {'Grape_bunch': 7.95} at grid: [1, 2]
[2025-11-26 11:38:00,997][PM][INFO][gRPC PM] - Data PM received from Mission Management
[2025-11-26 11:38:00,998][PM][INFO][PM Manager] - Running PM generator: PrescriptionMap/pm_generation/ISOBUS/pm_isobus_fleet.py
[2025-11-26 11:38:01,112][PM][INFO][PM Manager] - PM output: 
ISOBUS PM updated at PrescriptionMap/pm_generation/ISOBUS/PMs/1_isobus_pm.json with treatments: {'Grape_bunch': 1.95} at grid: [1, 1]
[2025-11-26 11:38:17,941][PM][INFO][gRPC PM] - Data PM received from Mission Management
[2025-11-26 11:38:17,941][PM][INFO][PM Manager] - Running PM generator: PrescriptionMap/pm_generation/ISOBUS/pm_isobus_fleet.py
[2025-11-26 11:38:18,047][PM][INFO][PM Manager] - PM output: 
ISOBUS PM updated at PrescriptionMap/pm_generation/ISOBUS/PMs/1_isobus_pm.json with treatments: {'Grape_bunch': 5.95} at grid: [1, 0]
[2025-11-26 11:38:34,876][PM][INFO][gRPC PM] - Data PM received from Mission Management
[2025-11-26 11:38:34,877][PM][INFO][PM Manager] - Running PM generator: PrescriptionMap/pm_generation/ISOBUS/pm_isobus_fleet.py
[2025-11-26 11:38:35,003][PM][INFO][PM Manager] - PM output: 
ISOBUS PM updated at PrescriptionMap/pm_generation/ISOBUS/PMs/1_isobus_pm.json with treatments: {'Grape_bunch': 7.95} at grid: [0, 0]
[2025-11-26 11:38:51,829][PM][INFO][gRPC PM] - Data PM received from Mission Management
[2025-11-26 11:38:51,831][PM][INFO][PM Manager] - Running PM generator: PrescriptionMap/pm_generation/ISOBUS/pm_isobus_fleet.py
[2025-11-26 11:38:51,937][PM][INFO][PM Manager] - PM output: 
ISOBUS PM updated at PrescriptionMap/pm_generation/ISOBUS/PMs/1_isobus_pm.json with treatments: {'Grape_bunch': 1.95} at grid: [0, 1]
[2025-11-26 11:39:08,768][PM][INFO][gRPC PM] - Data PM received from Mission Management
[2025-11-26 11:39:08,769][PM][INFO][PM Manager] - Running PM generator: PrescriptionMap/pm_generation/ISOBUS/pm_isobus_fleet.py
[2025-11-26 11:39:08,892][PM][INFO][PM Manager] - PM output: 
ISOBUS PM updated at PrescriptionMap/pm_generation/ISOBUS/PMs/1_isobus_pm.json with treatments: {'Grape_bunch': 3.95} at grid: [0, 2]
[2025-11-26 11:39:25,601][PM][INFO][gRPC PM] - Data PM received from Mission Management
[2025-11-26 11:39:25,603][PM][INFO][PM Manager] - Running PM generator: PrescriptionMap/pm_generation/ISOBUS/pm_isobus_fleet.py
[2025-11-26 11:39:25,730][PM][INFO][PM Manager] - PM output: 
ISOBUS PM updated at PrescriptionMap/pm_generation/ISOBUS/PMs/1_isobus_pm.json with treatments: {'Grape_bunch': 7.95} at grid: [0, 3]
[2025-11-26 11:39:42,559][PM][INFO][gRPC PM] - Data PM received from Mission Management
[2025-11-26 11:39:42,560][PM][INFO][PM Manager] - Running PM generator: PrescriptionMap/pm_generation/ISOBUS/pm_isobus_fleet.py
[2025-11-26 11:39:42,691][PM][INFO][PM Manager] - PM output: 
ISOBUS PM updated at PrescriptionMap/pm_generation/ISOBUS/PMs/1_isobus_pm.json with treatments: {'Grape_bunch': 9.95} at grid: [0, 4]
[2025-11-26 11:39:59,522][PM][INFO][gRPC PM] - Data PM received from Mission Management
[2025-11-26 11:39:59,523][PM][INFO][PM Manager] - Running PM generator: PrescriptionMap/pm_generation/ISOBUS/pm_isobus_fleet.py
[2025-11-26 11:39:59,642][PM][INFO][PM Manager] - PM output: 
ISOBUS PM updated at PrescriptionMap/pm_generation/ISOBUS/PMs/1_isobus_pm.json with treatments: {'Grape_bunch': 3.95} at grid: [0, 5]
[2025-11-26 11:40:16,470][PM][INFO][gRPC PM] - Data PM received from Mission Management
[2025-11-26 11:40:16,474][PM][INFO][PM Manager] - Running PM generator: PrescriptionMap/pm_generation/ISOBUS/pm_isobus_fleet.py
[2025-11-26 11:40:16,625][PM][INFO][PM Manager] - PM output: 
ISOBUS PM updated at PrescriptionMap/pm_generation/ISOBUS/PMs/1_isobus_pm.json with treatments: {'Grape_bunch': 3.95} at grid: [0, 6]
[2025-11-26 11:40:17,509][PM][INFO][PM Subscriber] - PM received from Drone 1
[2025-11-26 11:40:17,512][PM][INFO][PM Manager] - Received PM for vehicle 1 with filename: isobus_pm
[2025-11-26 11:40:17,513][PM][INFO][PM Manager] - Saving received PM to PrescriptionMap/pm_generation/Received/1_isobus_pm_received.json
[2025-11-26 11:40:17,514][PM][INFO][PM Manager] - Received PM saved: PrescriptionMap/pm_generation/Received/1_isobus_pm_received.json
[2025-11-26 11:40:17,514][PM][INFO][PM Manager] - Finish not activated for vehicle 1, skipping comparison
[2025-11-26 11:40:17,514][PM][INFO][PM Subscriber] - PM data added to queue for Drone 1
[2025-11-26 11:40:27,478][PM][INFO][gRPC PM] - Data PM received from Mission Management
[2025-11-26 11:40:27,479][PM][INFO][PM Manager] - Received finish signal for vehicle 1
[2025-11-26 11:40:27,480][PM][INFO][PM Manager] - Finish status activated for vehicle 1
[2025-11-26 11:40:27,481][PM][INFO][PM Manager] - Starting comparison for vehicle 1
[2025-11-26 11:40:27,481][PM][INFO][PM Manager] - Received files base names: ['1_isobus_pm']
[2025-11-26 11:40:27,482][PM][INFO][PM Manager] - Found matching pair: 1_isobus_pm.json <-> 1_isobus_pm_received.json
[2025-11-26 11:40:27,482][PM][INFO][PM Manager] - Found 1 unique matched file pairs for vehicle 1
[2025-11-26 11:40:27,485][PM][INFO][PM Manager] - Content matches for vehicle 1, file 1_isobus_pm
[2025-11-26 11:40:27,485][PM][INFO][PM Manager] - Moved generated file to Finished: 20251126_114027_1_isobus_pm.json
[2025-11-26 11:40:27,486][PM][INFO][PM Manager] - Removed received file: 1_isobus_pm_received.json
[2025-11-26 11:40:27,486][PM][INFO][PM Manager] - ALL files match for vehicle 1
[2025-11-26 11:40:27,487][PM][INFO][PM Manager] - Finish status deactivated for vehicle 1
[2025-11-26 11:46:01,381][PM][INFO][gRPC PM] - Data PM received from Mission Management
[2025-11-26 11:46:01,382][PM][INFO][PM Manager] - Received finish signal for vehicle 2
[2025-11-26 11:46:01,382][PM][INFO][PM Manager] - Finish status activated for vehicle 2
[2025-11-26 11:46:01,382][PM][INFO][PM Manager] - Starting comparison for vehicle 2
[2025-11-26 11:46:01,382][PM][INFO][PM Manager] - Received files base names: []
[2025-11-26 11:46:01,383][PM][INFO][PM Manager] - Found 0 unique matched file pairs for vehicle 2
[2025-11-26 11:46:01,383][PM][INFO][PM Manager] - No matching file pairs found for vehicle 2
