[0.051s] Invoking command in '/home/estelamb/PFG_Telematica/Implementation/FleetManager/ROS2/build/commands_action_interface': CMAKE_PREFIX_PATH=${CMAKE_PREFIX_PATH}:/opt/ros/jazzy VIRTUAL_ENV_PROMPT=(.venv) /usr/bin/cmake /home/estelamb/PFG_Telematica/Implementation/FleetManager/ROS2/src/commands_action_interface -DCMAKE_INSTALL_PREFIX=/home/estelamb/PFG_Telematica/Implementation/FleetManager/ROS2/install/commands_action_interface
[0.388s] -- The C compiler identification is GNU 13.3.0
[0.696s] -- The CXX compiler identification is GNU 13.3.0
[0.796s] -- Detecting C compiler ABI info
[1.295s] -- Detecting C compiler ABI info - done
[1.332s] -- Check for working C compiler: /usr/bin/cc - skipped
[1.333s] -- Detecting C compile features
[1.335s] -- Detecting C compile features - done
[1.381s] -- Detecting CXX compiler ABI info
[1.908s] -- Detecting CXX compiler ABI info - done
[1.947s] -- Check for working CXX compiler: /usr/bin/c++ - skipped
[1.948s] -- Detecting CXX compile features
[1.950s] -- Detecting CXX compile features - done
[1.972s] -- Found ament_cmake: 2.5.3 (/opt/ros/jazzy/share/ament_cmake/cmake)
[2.532s] -- Found Python3: /home/estelamb/PFG_Telematica/Implementation/.venv/bin/python3 (found version "3.12.3") found components: Interpreter 
[3.159s] -- Found ament_lint_auto: 0.17.1 (/opt/ros/jazzy/share/ament_lint_auto/cmake)
[3.716s] -- Found rosidl_default_generators: 1.6.0 (/opt/ros/jazzy/share/rosidl_default_generators/cmake)
[3.762s] -- Using all available rosidl_typesupport_c: rosidl_typesupport_fastrtps_c;rosidl_typesupport_introspection_c
[4.128s] -- Using all available rosidl_typesupport_cpp: rosidl_typesupport_fastrtps_cpp;rosidl_typesupport_introspection_cpp
[4.408s] -- Found rosidl_adapter: 4.6.5 (/opt/ros/jazzy/share/rosidl_adapter/cmake)
[6.756s] -- Found ament_cmake_ros: 0.12.0 (/opt/ros/jazzy/share/ament_cmake_ros/cmake)
[8.513s] -- Using all available rosidl_typesupport_c: rosidl_typesupport_fastrtps_c;rosidl_typesupport_introspection_c
[10.766s] -- Using all available rosidl_typesupport_cpp: rosidl_typesupport_fastrtps_cpp;rosidl_typesupport_introspection_cpp
[10.791s] -- Found python_cmake_module: 0.11.1 (/opt/ros/jazzy/share/python_cmake_module/cmake)
[11.314s] -- Found PythonExtra: /home/estelamb/PFG_Telematica/Implementation/.venv/bin/python3  
[13.078s] -- Found Python3: /home/estelamb/PFG_Telematica/Implementation/.venv/bin/python3 (found version "3.12.3") found components: Interpreter Development NumPy Development.Module Development.Embed 
[13.259s] -- Added test 'lint_cmake' to check CMake code style
[13.270s] -- Added test 'xmllint' to check XML markup files
[13.307s] -- Configuring done (13.2s)
[13.534s] -- Generating done (0.2s)
[13.593s] -- Build files have been written to: /home/estelamb/PFG_Telematica/Implementation/FleetManager/ROS2/build/commands_action_interface
[13.637s] Invoked command in '/home/estelamb/PFG_Telematica/Implementation/FleetManager/ROS2/build/commands_action_interface' returned '0': CMAKE_PREFIX_PATH=${CMAKE_PREFIX_PATH}:/opt/ros/jazzy VIRTUAL_ENV_PROMPT=(.venv) /usr/bin/cmake /home/estelamb/PFG_Telematica/Implementation/FleetManager/ROS2/src/commands_action_interface -DCMAKE_INSTALL_PREFIX=/home/estelamb/PFG_Telematica/Implementation/FleetManager/ROS2/install/commands_action_interface
[13.644s] Invoking command in '/home/estelamb/PFG_Telematica/Implementation/FleetManager/ROS2/build/commands_action_interface': CMAKE_PREFIX_PATH=${CMAKE_PREFIX_PATH}:/opt/ros/jazzy VIRTUAL_ENV_PROMPT=(.venv) /usr/bin/cmake --build /home/estelamb/PFG_Telematica/Implementation/FleetManager/ROS2/build/commands_action_interface -- -j4 -l4
[13.939s] [  2%] [34m[1mGenerating type hashes for ROS interfaces[0m
[13.993s] [  2%] Built target ament_cmake_python_copy_commands_action_interface
[14.954s] [  2%] Built target commands_action_interface__rosidl_generator_type_description
[15.017s] [  5%] [34m[1mGenerating C code for ROS interfaces[0m
[15.076s] [  8%] [34m[1mGenerating C++ code for ROS interfaces[0m
[15.097s] running egg_info
[15.199s] creating commands_action_interface.egg-info
[15.202s] writing commands_action_interface.egg-info/PKG-INFO
[15.204s] writing dependency_links to commands_action_interface.egg-info/dependency_links.txt
[15.209s] writing top-level names to commands_action_interface.egg-info/top_level.txt
[15.211s] writing manifest file 'commands_action_interface.egg-info/SOURCES.txt'
[15.510s] reading manifest file 'commands_action_interface.egg-info/SOURCES.txt'
[15.513s] writing manifest file 'commands_action_interface.egg-info/SOURCES.txt'
[15.711s] [  8%] Built target ament_cmake_python_build_commands_action_interface_egg
[17.664s] [  8%] Built target commands_action_interface__cpp
[17.863s] [ 11%] [32mBuilding C object CMakeFiles/commands_action_interface__rosidl_generator_c.dir/rosidl_generator_c/commands_action_interface/action/detail/commands__description.c.o[0m
[17.866s] [ 14%] [32mBuilding C object CMakeFiles/commands_action_interface__rosidl_generator_c.dir/rosidl_generator_c/commands_action_interface/action/detail/commands__functions.c.o[0m
[17.869s] [ 17%] [32mBuilding C object CMakeFiles/commands_action_interface__rosidl_generator_c.dir/rosidl_generator_c/commands_action_interface/action/detail/commands__type_support.c.o[0m
[18.624s] [ 20%] [32m[1mLinking C shared library libcommands_action_interface__rosidl_generator_c.so[0m
[18.837s] [ 20%] Built target commands_action_interface__rosidl_generator_c
[18.902s] [ 23%] [34m[1mGenerating C++ type support for eProsima Fast-RTPS[0m
[18.903s] [ 29%] [34m[1mGenerating C++ type support dispatch for ROS interfaces[0m
[18.904s] [ 29%] [34m[1mGenerating C++ introspection for ROS interfaces[0m
[18.910s] [ 32%] [34m[1mGenerating C type support for eProsima Fast-RTPS[0m
[21.048s] [ 35%] [32mBuilding CXX object CMakeFiles/commands_action_interface__rosidl_typesupport_cpp.dir/rosidl_typesupport_cpp/commands_action_interface/action/commands__type_support.cpp.o[0m
[21.570s] [ 38%] [32mBuilding CXX object CMakeFiles/commands_action_interface__rosidl_typesupport_introspection_cpp.dir/rosidl_typesupport_introspection_cpp/commands_action_interface/action/detail/commands__type_support.cpp.o[0m
[23.094s] [ 41%] [32mBuilding CXX object CMakeFiles/commands_action_interface__rosidl_typesupport_fastrtps_c.dir/rosidl_typesupport_fastrtps_c/commands_action_interface/action/detail/commands__type_support_c.cpp.o[0m
[23.170s] [ 44%] [32mBuilding CXX object CMakeFiles/commands_action_interface__rosidl_typesupport_fastrtps_cpp.dir/rosidl_typesupport_fastrtps_cpp/commands_action_interface/action/detail/dds_fastrtps/commands__type_support.cpp.o[0m
[26.726s] [ 47%] [32m[1mLinking CXX shared library libcommands_action_interface__rosidl_typesupport_cpp.so[0m
[27.347s] [ 47%] Built target commands_action_interface__rosidl_typesupport_cpp
[27.427s] [ 50%] [34m[1mGenerating C introspection for ROS interfaces[0m
[27.797s] [ 52%] [32m[1mLinking CXX shared library libcommands_action_interface__rosidl_typesupport_fastrtps_c.so[0m
[28.268s] [ 55%] [32m[1mLinking CXX shared library libcommands_action_interface__rosidl_typesupport_introspection_cpp.so[0m
[28.394s] [ 55%] Built target commands_action_interface__rosidl_typesupport_fastrtps_c
[28.487s] [ 58%] [34m[1mGenerating C type support dispatch for ROS interfaces[0m
[28.897s] [ 58%] Built target commands_action_interface__rosidl_typesupport_introspection_cpp
[30.432s] [ 61%] [32mBuilding C object CMakeFiles/commands_action_interface__rosidl_typesupport_introspection_c.dir/rosidl_typesupport_introspection_c/commands_action_interface/action/detail/commands__type_support.c.o[0m
[30.445s] [ 64%] [32mBuilding CXX object CMakeFiles/commands_action_interface__rosidl_typesupport_c.dir/rosidl_typesupport_c/commands_action_interface/action/commands__type_support.cpp.o[0m
[30.920s] [ 67%] [32m[1mLinking CXX shared library libcommands_action_interface__rosidl_typesupport_c.so[0m
[31.008s] [ 70%] [32m[1mLinking C shared library libcommands_action_interface__rosidl_typesupport_introspection_c.so[0m
[31.159s] [ 70%] Built target commands_action_interface__rosidl_typesupport_c
[31.206s] [ 70%] Built target commands_action_interface__rosidl_typesupport_introspection_c
[31.502s] [ 73%] [32m[1mLinking CXX shared library libcommands_action_interface__rosidl_typesupport_fastrtps_cpp.so[0m
[31.907s] [ 73%] Built target commands_action_interface__rosidl_typesupport_fastrtps_cpp
[32.022s] [ 73%] Built target commands_action_interface
[32.131s] [ 76%] [34m[1mGenerating Python code for ROS interfaces[0m
[35.884s] [ 76%] Built target commands_action_interface__py
[35.994s] [ 79%] [32mBuilding C object CMakeFiles/commands_action_interface__rosidl_generator_py.dir/rosidl_generator_py/commands_action_interface/action/_commands_s.c.o[0m
[37.064s] [ 82%] [32m[1mLinking C shared library libcommands_action_interface__rosidl_generator_py.so[0m
[37.314s] [ 82%] Built target commands_action_interface__rosidl_generator_py
[37.436s] [ 85%] [32mBuilding C object CMakeFiles/commands_action_interface_s__rosidl_typesupport_fastrtps_c.dir/rosidl_generator_py/commands_action_interface/_commands_action_interface_s.ep.rosidl_typesupport_fastrtps_c.c.o[0m
[37.442s] [ 88%] [32mBuilding C object CMakeFiles/commands_action_interface_s__rosidl_typesupport_introspection_c.dir/rosidl_generator_py/commands_action_interface/_commands_action_interface_s.ep.rosidl_typesupport_introspection_c.c.o[0m
[37.449s] [ 91%] [32mBuilding C object CMakeFiles/commands_action_interface_s__rosidl_typesupport_c.dir/rosidl_generator_py/commands_action_interface/_commands_action_interface_s.ep.rosidl_typesupport_c.c.o[0m
[38.258s] [ 94%] [32m[1mLinking C shared module rosidl_generator_py/commands_action_interface/commands_action_interface_s__rosidl_typesupport_c.so[0m
[38.315s] [ 97%] [32m[1mLinking C shared module rosidl_generator_py/commands_action_interface/commands_action_interface_s__rosidl_typesupport_fastrtps_c.so[0m
[38.338s] [100%] [32m[1mLinking C shared module rosidl_generator_py/commands_action_interface/commands_action_interface_s__rosidl_typesupport_introspection_c.so[0m
[38.473s] [100%] Built target commands_action_interface_s__rosidl_typesupport_c
[38.526s] [100%] Built target commands_action_interface_s__rosidl_typesupport_fastrtps_c
[38.539s] [100%] Built target commands_action_interface_s__rosidl_typesupport_introspection_c
[38.598s] Invoked command in '/home/estelamb/PFG_Telematica/Implementation/FleetManager/ROS2/build/commands_action_interface' returned '0': CMAKE_PREFIX_PATH=${CMAKE_PREFIX_PATH}:/opt/ros/jazzy VIRTUAL_ENV_PROMPT=(.venv) /usr/bin/cmake --build /home/estelamb/PFG_Telematica/Implementation/FleetManager/ROS2/build/commands_action_interface -- -j4 -l4
[38.651s] Invoking command in '/home/estelamb/PFG_Telematica/Implementation/FleetManager/ROS2/build/commands_action_interface': CMAKE_PREFIX_PATH=${CMAKE_PREFIX_PATH}:/opt/ros/jazzy VIRTUAL_ENV_PROMPT=(.venv) /usr/bin/cmake --install /home/estelamb/PFG_Telematica/Implementation/FleetManager/ROS2/build/commands_action_interface
[38.695s] -- Install configuration: ""
[38.697s] -- Installing: /home/estelamb/PFG_Telematica/Implementation/FleetManager/ROS2/install/commands_action_interface/share/ament_index/resource_index/rosidl_interfaces/commands_action_interface
[38.698s] -- Installing: /home/estelamb/PFG_Telematica/Implementation/FleetManager/ROS2/install/commands_action_interface/share/commands_action_interface/action/Commands.json
[38.700s] -- Installing: /home/estelamb/PFG_Telematica/Implementation/FleetManager/ROS2/install/commands_action_interface/include/commands_action_interface/commands_action_interface
[38.701s] -- Installing: /home/estelamb/PFG_Telematica/Implementation/FleetManager/ROS2/install/commands_action_interface/include/commands_action_interface/commands_action_interface/msg
[38.702s] -- Installing: /home/estelamb/PFG_Telematica/Implementation/FleetManager/ROS2/install/commands_action_interface/include/commands_action_interface/commands_action_interface/msg/rosidl_generator_c__visibility_control.h
[38.703s] -- Installing: /home/estelamb/PFG_Telematica/Implementation/FleetManager/ROS2/install/commands_action_interface/include/commands_action_interface/commands_action_interface/action
[38.704s] -- Installing: /home/estelamb/PFG_Telematica/Implementation/FleetManager/ROS2/install/commands_action_interface/include/commands_action_interface/commands_action_interface/action/commands.h
[38.705s] -- Installing: /home/estelamb/PFG_Telematica/Implementation/FleetManager/ROS2/install/commands_action_interface/include/commands_action_interface/commands_action_interface/action/detail
[38.706s] -- Installing: /home/estelamb/PFG_Telematica/Implementation/FleetManager/ROS2/install/commands_action_interface/include/commands_action_interface/commands_action_interface/action/detail/commands__type_support.h
[38.707s] -- Installing: /home/estelamb/PFG_Telematica/Implementation/FleetManager/ROS2/install/commands_action_interface/include/commands_action_interface/commands_action_interface/action/detail/commands__struct.h
[38.708s] -- Installing: /home/estelamb/PFG_Telematica/Implementation/FleetManager/ROS2/install/commands_action_interface/include/commands_action_interface/commands_action_interface/action/detail/commands__type_support.c
[38.710s] -- Installing: /home/estelamb/PFG_Telematica/Implementation/FleetManager/ROS2/install/commands_action_interface/include/commands_action_interface/commands_action_interface/action/detail/commands__functions.c
[38.712s] -- Installing: /home/estelamb/PFG_Telematica/Implementation/FleetManager/ROS2/install/commands_action_interface/include/commands_action_interface/commands_action_interface/action/detail/commands__functions.h
[38.713s] -- Installing: /home/estelamb/PFG_Telematica/Implementation/FleetManager/ROS2/install/commands_action_interface/include/commands_action_interface/commands_action_interface/action/detail/commands__description.c
[38.716s] -- Installing: /home/estelamb/PFG_Telematica/Implementation/FleetManager/ROS2/install/commands_action_interface/share/commands_action_interface/environment/library_path.sh
[38.717s] -- Installing: /home/estelamb/PFG_Telematica/Implementation/FleetManager/ROS2/install/commands_action_interface/share/commands_action_interface/environment/library_path.dsv
[38.719s] -- Installing: /home/estelamb/PFG_Telematica/Implementation/FleetManager/ROS2/install/commands_action_interface/lib/libcommands_action_interface__rosidl_generator_c.so
[38.723s] -- Set non-toolchain portion of runtime path of "/home/estelamb/PFG_Telematica/Implementation/FleetManager/ROS2/install/commands_action_interface/lib/libcommands_action_interface__rosidl_generator_c.so" to ""
[38.724s] -- Up-to-date: /home/estelamb/PFG_Telematica/Implementation/FleetManager/ROS2/install/commands_action_interface/include/commands_action_interface/commands_action_interface
[38.724s] -- Up-to-date: /home/estelamb/PFG_Telematica/Implementation/FleetManager/ROS2/install/commands_action_interface/include/commands_action_interface/commands_action_interface/msg
[38.724s] -- Installing: /home/estelamb/PFG_Telematica/Implementation/FleetManager/ROS2/install/commands_action_interface/include/commands_action_interface/commands_action_interface/msg/rosidl_typesupport_fastrtps_c__visibility_control.h
[38.726s] -- Up-to-date: /home/estelamb/PFG_Telematica/Implementation/FleetManager/ROS2/install/commands_action_interface/include/commands_action_interface/commands_action_interface/action
[38.726s] -- Up-to-date: /home/estelamb/PFG_Telematica/Implementation/FleetManager/ROS2/install/commands_action_interface/include/commands_action_interface/commands_action_interface/action/detail
[38.727s] -- Installing: /home/estelamb/PFG_Telematica/Implementation/FleetManager/ROS2/install/commands_action_interface/include/commands_action_interface/commands_action_interface/action/detail/commands__rosidl_typesupport_fastrtps_c.h
[38.729s] -- Installing: /home/estelamb/PFG_Telematica/Implementation/FleetManager/ROS2/install/commands_action_interface/lib/libcommands_action_interface__rosidl_typesupport_fastrtps_c.so
[38.733s] -- Set non-toolchain portion of runtime path of "/home/estelamb/PFG_Telematica/Implementation/FleetManager/ROS2/install/commands_action_interface/lib/libcommands_action_interface__rosidl_typesupport_fastrtps_c.so" to ""
[38.733s] -- Up-to-date: /home/estelamb/PFG_Telematica/Implementation/FleetManager/ROS2/install/commands_action_interface/include/commands_action_interface/commands_action_interface
[38.734s] -- Up-to-date: /home/estelamb/PFG_Telematica/Implementation/FleetManager/ROS2/install/commands_action_interface/include/commands_action_interface/commands_action_interface/msg
[38.734s] -- Installing: /home/estelamb/PFG_Telematica/Implementation/FleetManager/ROS2/install/commands_action_interface/include/commands_action_interface/commands_action_interface/msg/rosidl_typesupport_introspection_c__visibility_control.h
[38.735s] -- Up-to-date: /home/estelamb/PFG_Telematica/Implementation/FleetManager/ROS2/install/commands_action_interface/include/commands_action_interface/commands_action_interface/action
[38.736s] -- Up-to-date: /home/estelamb/PFG_Telematica/Implementation/FleetManager/ROS2/install/commands_action_interface/include/commands_action_interface/commands_action_interface/action/detail
[38.736s] -- Installing: /home/estelamb/PFG_Telematica/Implementation/FleetManager/ROS2/install/commands_action_interface/include/commands_action_interface/commands_action_interface/action/detail/commands__rosidl_typesupport_introspection_c.h
[38.738s] -- Installing: /home/estelamb/PFG_Telematica/Implementation/FleetManager/ROS2/install/commands_action_interface/include/commands_action_interface/commands_action_interface/action/detail/commands__type_support.c
[38.741s] -- Installing: /home/estelamb/PFG_Telematica/Implementation/FleetManager/ROS2/install/commands_action_interface/lib/libcommands_action_interface__rosidl_typesupport_introspection_c.so
[38.744s] -- Set non-toolchain portion of runtime path of "/home/estelamb/PFG_Telematica/Implementation/FleetManager/ROS2/install/commands_action_interface/lib/libcommands_action_interface__rosidl_typesupport_introspection_c.so" to ""
[38.745s] -- Installing: /home/estelamb/PFG_Telematica/Implementation/FleetManager/ROS2/install/commands_action_interface/lib/libcommands_action_interface__rosidl_typesupport_c.so
[38.748s] -- Set non-toolchain portion of runtime path of "/home/estelamb/PFG_Telematica/Implementation/FleetManager/ROS2/install/commands_action_interface/lib/libcommands_action_interface__rosidl_typesupport_c.so" to ""
[38.749s] -- Up-to-date: /home/estelamb/PFG_Telematica/Implementation/FleetManager/ROS2/install/commands_action_interface/include/commands_action_interface/commands_action_interface
[38.750s] -- Up-to-date: /home/estelamb/PFG_Telematica/Implementation/FleetManager/ROS2/install/commands_action_interface/include/commands_action_interface/commands_action_interface/msg
[38.750s] -- Installing: /home/estelamb/PFG_Telematica/Implementation/FleetManager/ROS2/install/commands_action_interface/include/commands_action_interface/commands_action_interface/msg/rosidl_generator_cpp__visibility_control.hpp
[38.751s] -- Up-to-date: /home/estelamb/PFG_Telematica/Implementation/FleetManager/ROS2/install/commands_action_interface/include/commands_action_interface/commands_action_interface/action
[38.751s] -- Installing: /home/estelamb/PFG_Telematica/Implementation/FleetManager/ROS2/install/commands_action_interface/include/commands_action_interface/commands_action_interface/action/commands.hpp
[38.753s] -- Up-to-date: /home/estelamb/PFG_Telematica/Implementation/FleetManager/ROS2/install/commands_action_interface/include/commands_action_interface/commands_action_interface/action/detail
[38.754s] -- Installing: /home/estelamb/PFG_Telematica/Implementation/FleetManager/ROS2/install/commands_action_interface/include/commands_action_interface/commands_action_interface/action/detail/commands__type_support.hpp
[38.755s] -- Installing: /home/estelamb/PFG_Telematica/Implementation/FleetManager/ROS2/install/commands_action_interface/include/commands_action_interface/commands_action_interface/action/detail/commands__traits.hpp
[38.756s] -- Installing: /home/estelamb/PFG_Telematica/Implementation/FleetManager/ROS2/install/commands_action_interface/include/commands_action_interface/commands_action_interface/action/detail/commands__struct.hpp
[38.758s] -- Installing: /home/estelamb/PFG_Telematica/Implementation/FleetManager/ROS2/install/commands_action_interface/include/commands_action_interface/commands_action_interface/action/detail/commands__builder.hpp
[38.759s] -- Up-to-date: /home/estelamb/PFG_Telematica/Implementation/FleetManager/ROS2/install/commands_action_interface/include/commands_action_interface/commands_action_interface
[38.760s] -- Up-to-date: /home/estelamb/PFG_Telematica/Implementation/FleetManager/ROS2/install/commands_action_interface/include/commands_action_interface/commands_action_interface/msg
[38.760s] -- Installing: /home/estelamb/PFG_Telematica/Implementation/FleetManager/ROS2/install/commands_action_interface/include/commands_action_interface/commands_action_interface/msg/rosidl_typesupport_fastrtps_cpp__visibility_control.h
[38.762s] -- Up-to-date: /home/estelamb/PFG_Telematica/Implementation/FleetManager/ROS2/install/commands_action_interface/include/commands_action_interface/commands_action_interface/action
[38.762s] -- Up-to-date: /home/estelamb/PFG_Telematica/Implementation/FleetManager/ROS2/install/commands_action_interface/include/commands_action_interface/commands_action_interface/action/detail
[38.763s] -- Installing: /home/estelamb/PFG_Telematica/Implementation/FleetManager/ROS2/install/commands_action_interface/include/commands_action_interface/commands_action_interface/action/detail/commands__rosidl_typesupport_fastrtps_cpp.hpp
[38.764s] -- Installing: /home/estelamb/PFG_Telematica/Implementation/FleetManager/ROS2/install/commands_action_interface/include/commands_action_interface/commands_action_interface/action/detail/dds_fastrtps
[38.765s] -- Installing: /home/estelamb/PFG_Telematica/Implementation/FleetManager/ROS2/install/commands_action_interface/lib/libcommands_action_interface__rosidl_typesupport_fastrtps_cpp.so
[38.770s] -- Set non-toolchain portion of runtime path of "/home/estelamb/PFG_Telematica/Implementation/FleetManager/ROS2/install/commands_action_interface/lib/libcommands_action_interface__rosidl_typesupport_fastrtps_cpp.so" to ""
[38.771s] -- Up-to-date: /home/estelamb/PFG_Telematica/Implementation/FleetManager/ROS2/install/commands_action_interface/include/commands_action_interface/commands_action_interface
[38.771s] -- Up-to-date: /home/estelamb/PFG_Telematica/Implementation/FleetManager/ROS2/install/commands_action_interface/include/commands_action_interface/commands_action_interface/action
[38.772s] -- Up-to-date: /home/estelamb/PFG_Telematica/Implementation/FleetManager/ROS2/install/commands_action_interface/include/commands_action_interface/commands_action_interface/action/detail
[38.772s] -- Installing: /home/estelamb/PFG_Telematica/Implementation/FleetManager/ROS2/install/commands_action_interface/include/commands_action_interface/commands_action_interface/action/detail/commands__rosidl_typesupport_introspection_cpp.hpp
[38.774s] -- Installing: /home/estelamb/PFG_Telematica/Implementation/FleetManager/ROS2/install/commands_action_interface/include/commands_action_interface/commands_action_interface/action/detail/commands__type_support.cpp
[38.776s] -- Installing: /home/estelamb/PFG_Telematica/Implementation/FleetManager/ROS2/install/commands_action_interface/lib/libcommands_action_interface__rosidl_typesupport_introspection_cpp.so
[38.781s] -- Set non-toolchain portion of runtime path of "/home/estelamb/PFG_Telematica/Implementation/FleetManager/ROS2/install/commands_action_interface/lib/libcommands_action_interface__rosidl_typesupport_introspection_cpp.so" to ""
[38.781s] -- Installing: /home/estelamb/PFG_Telematica/Implementation/FleetManager/ROS2/install/commands_action_interface/lib/libcommands_action_interface__rosidl_typesupport_cpp.so
[38.785s] -- Set non-toolchain portion of runtime path of "/home/estelamb/PFG_Telematica/Implementation/FleetManager/ROS2/install/commands_action_interface/lib/libcommands_action_interface__rosidl_typesupport_cpp.so" to ""
[38.786s] -- Installing: /home/estelamb/PFG_Telematica/Implementation/FleetManager/ROS2/install/commands_action_interface/share/commands_action_interface/environment/pythonpath.sh
[38.787s] -- Installing: /home/estelamb/PFG_Telematica/Implementation/FleetManager/ROS2/install/commands_action_interface/share/commands_action_interface/environment/pythonpath.dsv
[38.788s] -- Installing: /home/estelamb/PFG_Telematica/Implementation/FleetManager/ROS2/install/commands_action_interface/lib/python3.12/site-packages/commands_action_interface-0.0.0-py3.12.egg-info
[38.790s] -- Installing: /home/estelamb/PFG_Telematica/Implementation/FleetManager/ROS2/install/commands_action_interface/lib/python3.12/site-packages/commands_action_interface-0.0.0-py3.12.egg-info/SOURCES.txt
[38.791s] -- Installing: /home/estelamb/PFG_Telematica/Implementation/FleetManager/ROS2/install/commands_action_interface/lib/python3.12/site-packages/commands_action_interface-0.0.0-py3.12.egg-info/top_level.txt
[38.793s] -- Installing: /home/estelamb/PFG_Telematica/Implementation/FleetManager/ROS2/install/commands_action_interface/lib/python3.12/site-packages/commands_action_interface-0.0.0-py3.12.egg-info/PKG-INFO
[38.794s] -- Installing: /home/estelamb/PFG_Telematica/Implementation/FleetManager/ROS2/install/commands_action_interface/lib/python3.12/site-packages/commands_action_interface-0.0.0-py3.12.egg-info/dependency_links.txt
[38.796s] -- Installing: /home/estelamb/PFG_Telematica/Implementation/FleetManager/ROS2/install/commands_action_interface/lib/python3.12/site-packages/commands_action_interface
[38.797s] -- Installing: /home/estelamb/PFG_Telematica/Implementation/FleetManager/ROS2/install/commands_action_interface/lib/python3.12/site-packages/commands_action_interface/commands_action_interface_s__rosidl_typesupport_c.so
[38.799s] -- Installing: /home/estelamb/PFG_Telematica/Implementation/FleetManager/ROS2/install/commands_action_interface/lib/python3.12/site-packages/commands_action_interface/_commands_action_interface_s.ep.rosidl_typesupport_c.c
[38.801s] -- Installing: /home/estelamb/PFG_Telematica/Implementation/FleetManager/ROS2/install/commands_action_interface/lib/python3.12/site-packages/commands_action_interface/_commands_action_interface_s.ep.rosidl_typesupport_fastrtps_c.c
[38.802s] -- Installing: /home/estelamb/PFG_Telematica/Implementation/FleetManager/ROS2/install/commands_action_interface/lib/python3.12/site-packages/commands_action_interface/commands_action_interface_s__rosidl_typesupport_fastrtps_c.so
[38.804s] -- Installing: /home/estelamb/PFG_Telematica/Implementation/FleetManager/ROS2/install/commands_action_interface/lib/python3.12/site-packages/commands_action_interface/_commands_action_interface_s.ep.rosidl_typesupport_introspection_c.c
[38.806s] -- Installing: /home/estelamb/PFG_Telematica/Implementation/FleetManager/ROS2/install/commands_action_interface/lib/python3.12/site-packages/commands_action_interface/__init__.py
[38.807s] -- Installing: /home/estelamb/PFG_Telematica/Implementation/FleetManager/ROS2/install/commands_action_interface/lib/python3.12/site-packages/commands_action_interface/commands_action_interface_s__rosidl_typesupport_introspection_c.so
[38.809s] -- Installing: /home/estelamb/PFG_Telematica/Implementation/FleetManager/ROS2/install/commands_action_interface/lib/python3.12/site-packages/commands_action_interface/action
[38.810s] -- Installing: /home/estelamb/PFG_Telematica/Implementation/FleetManager/ROS2/install/commands_action_interface/lib/python3.12/site-packages/commands_action_interface/action/_commands_s.c
[38.812s] -- Installing: /home/estelamb/PFG_Telematica/Implementation/FleetManager/ROS2/install/commands_action_interface/lib/python3.12/site-packages/commands_action_interface/action/_commands.py
[38.813s] -- Installing: /home/estelamb/PFG_Telematica/Implementation/FleetManager/ROS2/install/commands_action_interface/lib/python3.12/site-packages/commands_action_interface/action/__init__.py
[39.050s] Listing '/home/estelamb/PFG_Telematica/Implementation/FleetManager/ROS2/install/commands_action_interface/lib/python3.12/site-packages/commands_action_interface'...
[39.051s] Compiling '/home/estelamb/PFG_Telematica/Implementation/FleetManager/ROS2/install/commands_action_interface/lib/python3.12/site-packages/commands_action_interface/__init__.py'...
[39.052s] Listing '/home/estelamb/PFG_Telematica/Implementation/FleetManager/ROS2/install/commands_action_interface/lib/python3.12/site-packages/commands_action_interface/action'...
[39.054s] Compiling '/home/estelamb/PFG_Telematica/Implementation/FleetManager/ROS2/install/commands_action_interface/lib/python3.12/site-packages/commands_action_interface/action/__init__.py'...
[39.055s] Compiling '/home/estelamb/PFG_Telematica/Implementation/FleetManager/ROS2/install/commands_action_interface/lib/python3.12/site-packages/commands_action_interface/action/_commands.py'...
[39.086s] -- Installing: /home/estelamb/PFG_Telematica/Implementation/FleetManager/ROS2/install/commands_action_interface/lib/python3.12/site-packages/commands_action_interface/commands_action_interface_s__rosidl_typesupport_fastrtps_c.so
[39.089s] -- Set non-toolchain portion of runtime path of "/home/estelamb/PFG_Telematica/Implementation/FleetManager/ROS2/install/commands_action_interface/lib/python3.12/site-packages/commands_action_interface/commands_action_interface_s__rosidl_typesupport_fastrtps_c.so" to ""
[39.091s] -- Installing: /home/estelamb/PFG_Telematica/Implementation/FleetManager/ROS2/install/commands_action_interface/lib/python3.12/site-packages/commands_action_interface/commands_action_interface_s__rosidl_typesupport_introspection_c.so
[39.095s] -- Set non-toolchain portion of runtime path of "/home/estelamb/PFG_Telematica/Implementation/FleetManager/ROS2/install/commands_action_interface/lib/python3.12/site-packages/commands_action_interface/commands_action_interface_s__rosidl_typesupport_introspection_c.so" to ""
[39.097s] -- Installing: /home/estelamb/PFG_Telematica/Implementation/FleetManager/ROS2/install/commands_action_interface/lib/python3.12/site-packages/commands_action_interface/commands_action_interface_s__rosidl_typesupport_c.so
[39.101s] -- Set non-toolchain portion of runtime path of "/home/estelamb/PFG_Telematica/Implementation/FleetManager/ROS2/install/commands_action_interface/lib/python3.12/site-packages/commands_action_interface/commands_action_interface_s__rosidl_typesupport_c.so" to ""
[39.102s] -- Installing: /home/estelamb/PFG_Telematica/Implementation/FleetManager/ROS2/install/commands_action_interface/lib/libcommands_action_interface__rosidl_generator_py.so
[39.105s] -- Set non-toolchain portion of runtime path of "/home/estelamb/PFG_Telematica/Implementation/FleetManager/ROS2/install/commands_action_interface/lib/libcommands_action_interface__rosidl_generator_py.so" to ""
[39.106s] -- Installing: /home/estelamb/PFG_Telematica/Implementation/FleetManager/ROS2/install/commands_action_interface/share/commands_action_interface/action/Commands.idl
[39.107s] -- Installing: /home/estelamb/PFG_Telematica/Implementation/FleetManager/ROS2/install/commands_action_interface/share/commands_action_interface/action/Commands.action
[39.109s] -- Installing: /home/estelamb/PFG_Telematica/Implementation/FleetManager/ROS2/install/commands_action_interface/share/ament_index/resource_index/package_run_dependencies/commands_action_interface
[39.111s] -- Installing: /home/estelamb/PFG_Telematica/Implementation/FleetManager/ROS2/install/commands_action_interface/share/ament_index/resource_index/parent_prefix_path/commands_action_interface
[39.112s] -- Installing: /home/estelamb/PFG_Telematica/Implementation/FleetManager/ROS2/install/commands_action_interface/share/commands_action_interface/environment/ament_prefix_path.sh
[39.113s] -- Installing: /home/estelamb/PFG_Telematica/Implementation/FleetManager/ROS2/install/commands_action_interface/share/commands_action_interface/environment/ament_prefix_path.dsv
[39.115s] -- Installing: /home/estelamb/PFG_Telematica/Implementation/FleetManager/ROS2/install/commands_action_interface/share/commands_action_interface/environment/path.sh
[39.116s] -- Installing: /home/estelamb/PFG_Telematica/Implementation/FleetManager/ROS2/install/commands_action_interface/share/commands_action_interface/environment/path.dsv
[39.118s] -- Installing: /home/estelamb/PFG_Telematica/Implementation/FleetManager/ROS2/install/commands_action_interface/share/commands_action_interface/local_setup.bash
[39.119s] -- Installing: /home/estelamb/PFG_Telematica/Implementation/FleetManager/ROS2/install/commands_action_interface/share/commands_action_interface/local_setup.sh
[39.120s] -- Installing: /home/estelamb/PFG_Telematica/Implementation/FleetManager/ROS2/install/commands_action_interface/share/commands_action_interface/local_setup.zsh
[39.122s] -- Installing: /home/estelamb/PFG_Telematica/Implementation/FleetManager/ROS2/install/commands_action_interface/share/commands_action_interface/local_setup.dsv
[39.123s] -- Installing: /home/estelamb/PFG_Telematica/Implementation/FleetManager/ROS2/install/commands_action_interface/share/commands_action_interface/package.dsv
[39.125s] -- Installing: /home/estelamb/PFG_Telematica/Implementation/FleetManager/ROS2/install/commands_action_interface/share/ament_index/resource_index/packages/commands_action_interface
[39.127s] -- Installing: /home/estelamb/PFG_Telematica/Implementation/FleetManager/ROS2/install/commands_action_interface/share/commands_action_interface/cmake/export_commands_action_interface__rosidl_generator_cExport.cmake
[39.129s] -- Installing: /home/estelamb/PFG_Telematica/Implementation/FleetManager/ROS2/install/commands_action_interface/share/commands_action_interface/cmake/export_commands_action_interface__rosidl_generator_cExport-noconfig.cmake
[39.130s] -- Installing: /home/estelamb/PFG_Telematica/Implementation/FleetManager/ROS2/install/commands_action_interface/share/commands_action_interface/cmake/export_commands_action_interface__rosidl_typesupport_fastrtps_cExport.cmake
[39.132s] -- Installing: /home/estelamb/PFG_Telematica/Implementation/FleetManager/ROS2/install/commands_action_interface/share/commands_action_interface/cmake/export_commands_action_interface__rosidl_typesupport_fastrtps_cExport-noconfig.cmake
[39.134s] -- Installing: /home/estelamb/PFG_Telematica/Implementation/FleetManager/ROS2/install/commands_action_interface/share/commands_action_interface/cmake/commands_action_interface__rosidl_typesupport_introspection_cExport.cmake
[39.135s] -- Installing: /home/estelamb/PFG_Telematica/Implementation/FleetManager/ROS2/install/commands_action_interface/share/commands_action_interface/cmake/commands_action_interface__rosidl_typesupport_introspection_cExport-noconfig.cmake
[39.137s] -- Installing: /home/estelamb/PFG_Telematica/Implementation/FleetManager/ROS2/install/commands_action_interface/share/commands_action_interface/cmake/commands_action_interface__rosidl_typesupport_cExport.cmake
[39.139s] -- Installing: /home/estelamb/PFG_Telematica/Implementation/FleetManager/ROS2/install/commands_action_interface/share/commands_action_interface/cmake/commands_action_interface__rosidl_typesupport_cExport-noconfig.cmake
[39.141s] -- Installing: /home/estelamb/PFG_Telematica/Implementation/FleetManager/ROS2/install/commands_action_interface/share/commands_action_interface/cmake/export_commands_action_interface__rosidl_generator_cppExport.cmake
[39.142s] -- Installing: /home/estelamb/PFG_Telematica/Implementation/FleetManager/ROS2/install/commands_action_interface/share/commands_action_interface/cmake/export_commands_action_interface__rosidl_typesupport_fastrtps_cppExport.cmake
[39.144s] -- Installing: /home/estelamb/PFG_Telematica/Implementation/FleetManager/ROS2/install/commands_action_interface/share/commands_action_interface/cmake/export_commands_action_interface__rosidl_typesupport_fastrtps_cppExport-noconfig.cmake
[39.146s] -- Installing: /home/estelamb/PFG_Telematica/Implementation/FleetManager/ROS2/install/commands_action_interface/share/commands_action_interface/cmake/commands_action_interface__rosidl_typesupport_introspection_cppExport.cmake
[39.148s] -- Installing: /home/estelamb/PFG_Telematica/Implementation/FleetManager/ROS2/install/commands_action_interface/share/commands_action_interface/cmake/commands_action_interface__rosidl_typesupport_introspection_cppExport-noconfig.cmake
[39.149s] -- Installing: /home/estelamb/PFG_Telematica/Implementation/FleetManager/ROS2/install/commands_action_interface/share/commands_action_interface/cmake/commands_action_interface__rosidl_typesupport_cppExport.cmake
[39.151s] -- Installing: /home/estelamb/PFG_Telematica/Implementation/FleetManager/ROS2/install/commands_action_interface/share/commands_action_interface/cmake/commands_action_interface__rosidl_typesupport_cppExport-noconfig.cmake
[39.153s] -- Installing: /home/estelamb/PFG_Telematica/Implementation/FleetManager/ROS2/install/commands_action_interface/share/commands_action_interface/cmake/export_commands_action_interface__rosidl_generator_pyExport.cmake
[39.155s] -- Installing: /home/estelamb/PFG_Telematica/Implementation/FleetManager/ROS2/install/commands_action_interface/share/commands_action_interface/cmake/export_commands_action_interface__rosidl_generator_pyExport-noconfig.cmake
[39.156s] -- Installing: /home/estelamb/PFG_Telematica/Implementation/FleetManager/ROS2/install/commands_action_interface/share/commands_action_interface/cmake/rosidl_cmake-extras.cmake
[39.158s] -- Installing: /home/estelamb/PFG_Telematica/Implementation/FleetManager/ROS2/install/commands_action_interface/share/commands_action_interface/cmake/ament_cmake_export_dependencies-extras.cmake
[39.160s] -- Installing: /home/estelamb/PFG_Telematica/Implementation/FleetManager/ROS2/install/commands_action_interface/share/commands_action_interface/cmake/ament_cmake_export_include_directories-extras.cmake
[39.162s] -- Installing: /home/estelamb/PFG_Telematica/Implementation/FleetManager/ROS2/install/commands_action_interface/share/commands_action_interface/cmake/ament_cmake_export_libraries-extras.cmake
[39.163s] -- Installing: /home/estelamb/PFG_Telematica/Implementation/FleetManager/ROS2/install/commands_action_interface/share/commands_action_interface/cmake/ament_cmake_export_targets-extras.cmake
[39.165s] -- Installing: /home/estelamb/PFG_Telematica/Implementation/FleetManager/ROS2/install/commands_action_interface/share/commands_action_interface/cmake/rosidl_cmake_export_typesupport_targets-extras.cmake
[39.167s] -- Installing: /home/estelamb/PFG_Telematica/Implementation/FleetManager/ROS2/install/commands_action_interface/share/commands_action_interface/cmake/rosidl_cmake_export_typesupport_libraries-extras.cmake
[39.168s] -- Installing: /home/estelamb/PFG_Telematica/Implementation/FleetManager/ROS2/install/commands_action_interface/share/commands_action_interface/cmake/commands_action_interfaceConfig.cmake
[39.170s] -- Installing: /home/estelamb/PFG_Telematica/Implementation/FleetManager/ROS2/install/commands_action_interface/share/commands_action_interface/cmake/commands_action_interfaceConfig-version.cmake
[39.171s] -- Installing: /home/estelamb/PFG_Telematica/Implementation/FleetManager/ROS2/install/commands_action_interface/share/commands_action_interface/package.xml
[39.181s] Invoked command in '/home/estelamb/PFG_Telematica/Implementation/FleetManager/ROS2/build/commands_action_interface' returned '0': CMAKE_PREFIX_PATH=${CMAKE_PREFIX_PATH}:/opt/ros/jazzy VIRTUAL_ENV_PROMPT=(.venv) /usr/bin/cmake --install /home/estelamb/PFG_Telematica/Implementation/FleetManager/ROS2/build/commands_action_interface
