[0.444s] DEBUG:colcon:Command line arguments: ['/usr/bin/colcon', 'build', '--packages-select', 'state_vector_pubsub']
[0.445s] DEBUG:colcon:Parsed command line arguments: Namespace(log_base=None, log_level=None, verb_name='build', build_base='build', install_base='install', merge_install=False, symlink_install=False, test_result_base=None, continue_on_error=False, executor='parallel', parallel_workers=4, event_handlers=None, ignore_user_meta=False, metas=['./colcon.meta'], base_paths=['.'], packages_ignore=None, packages_ignore_regex=None, paths=None, packages_up_to=None, packages_up_to_regex=None, packages_above=None, packages_above_and_dependencies=None, packages_above_depth=None, packages_select_by_dep=None, packages_skip_by_dep=None, packages_skip_up_to=None, packages_select_build_failed=False, packages_skip_build_finished=False, packages_select_test_failures=False, packages_skip_test_passed=False, packages_select=['state_vector_pubsub'], packages_skip=None, packages_select_regex=None, packages_skip_regex=None, packages_start=None, packages_end=None, allow_overriding=[], cmake_args=None, cmake_target=None, cmake_target_skip_unavailable=False, cmake_clean_cache=False, cmake_clean_first=False, cmake_force_configure=False, ament_cmake_args=None, catkin_cmake_args=None, catkin_skip_building_tests=False, mixin_files=None, mixin=None, verb_parser=<colcon_mixin.mixin.mixin_argument.MixinArgumentDecorator object at 0xffff8318e840>, verb_extension=<colcon_core.verb.build.BuildVerb object at 0xffff8333ecf0>, main=<bound method BuildVerb.main of <colcon_core.verb.build.BuildVerb object at 0xffff8333ecf0>>, mixin_verb=('build',))
[0.615s] Level 1:colcon.colcon_core.package_discovery:discover_packages(colcon_meta) check parameters
[0.615s] Level 1:colcon.colcon_core.package_discovery:discover_packages(recursive) check parameters
[0.615s] Level 1:colcon.colcon_core.package_discovery:discover_packages(ignore) check parameters
[0.615s] Level 1:colcon.colcon_core.package_discovery:discover_packages(path) check parameters
[0.615s] Level 1:colcon.colcon_core.package_discovery:discover_packages(colcon_meta) discover
[0.616s] Level 1:colcon.colcon_core.package_discovery:discover_packages(recursive) discover
[0.616s] INFO:colcon.colcon_core.package_discovery:Crawling recursively for packages in '/home/estelamb/PFG_Telematica/Implementation/FleetManager/StateVector'
[0.616s] Level 1:colcon.colcon_core.package_identification:_identify(.) by extensions ['ignore', 'ignore_ament_install']
[0.617s] Level 1:colcon.colcon_core.package_identification:_identify(.) by extension 'ignore'
[0.617s] Level 1:colcon.colcon_core.package_identification:_identify(.) by extension 'ignore_ament_install'
[0.617s] Level 1:colcon.colcon_core.package_identification:_identify(.) by extensions ['colcon_pkg']
[0.617s] Level 1:colcon.colcon_core.package_identification:_identify(.) by extension 'colcon_pkg'
[0.617s] Level 1:colcon.colcon_core.package_identification:_identify(.) by extensions ['colcon_meta']
[0.617s] Level 1:colcon.colcon_core.package_identification:_identify(.) by extension 'colcon_meta'
[0.618s] Level 1:colcon.colcon_core.package_identification:_identify(.) by extensions ['ros']
[0.618s] Level 1:colcon.colcon_core.package_identification:_identify(.) by extension 'ros'
[0.723s] Level 1:colcon.colcon_core.package_identification:_identify(.) by extensions ['cmake', 'python']
[0.723s] Level 1:colcon.colcon_core.package_identification:_identify(.) by extension 'cmake'
[0.724s] Level 1:colcon.colcon_core.package_identification:_identify(.) by extension 'python'
[0.724s] Level 1:colcon.colcon_core.package_identification:_identify(.) by extensions ['python_setup_py']
[0.724s] Level 1:colcon.colcon_core.package_identification:_identify(.) by extension 'python_setup_py'
[0.725s] Level 1:colcon.colcon_core.package_identification:_identify(__pycache__) by extensions ['ignore', 'ignore_ament_install']
[0.725s] Level 1:colcon.colcon_core.package_identification:_identify(__pycache__) by extension 'ignore'
[0.725s] Level 1:colcon.colcon_core.package_identification:_identify(__pycache__) by extension 'ignore_ament_install'
[0.726s] Level 1:colcon.colcon_core.package_identification:_identify(__pycache__) by extensions ['colcon_pkg']
[0.726s] Level 1:colcon.colcon_core.package_identification:_identify(__pycache__) by extension 'colcon_pkg'
[0.727s] Level 1:colcon.colcon_core.package_identification:_identify(__pycache__) by extensions ['colcon_meta']
[0.727s] Level 1:colcon.colcon_core.package_identification:_identify(__pycache__) by extension 'colcon_meta'
[0.727s] Level 1:colcon.colcon_core.package_identification:_identify(__pycache__) by extensions ['ros']
[0.727s] Level 1:colcon.colcon_core.package_identification:_identify(__pycache__) by extension 'ros'
[0.728s] Level 1:colcon.colcon_core.package_identification:_identify(__pycache__) by extensions ['cmake', 'python']
[0.728s] Level 1:colcon.colcon_core.package_identification:_identify(__pycache__) by extension 'cmake'
[0.728s] Level 1:colcon.colcon_core.package_identification:_identify(__pycache__) by extension 'python'
[0.728s] Level 1:colcon.colcon_core.package_identification:_identify(__pycache__) by extensions ['python_setup_py']
[0.728s] Level 1:colcon.colcon_core.package_identification:_identify(__pycache__) by extension 'python_setup_py'
[0.729s] Level 1:colcon.colcon_core.package_identification:_identify(build) by extensions ['ignore', 'ignore_ament_install']
[0.729s] Level 1:colcon.colcon_core.package_identification:_identify(build) by extension 'ignore'
[0.729s] Level 1:colcon.colcon_core.package_identification:_identify(build) ignored
[0.730s] Level 1:colcon.colcon_core.package_identification:_identify(grpc) by extensions ['ignore', 'ignore_ament_install']
[0.730s] Level 1:colcon.colcon_core.package_identification:_identify(grpc) by extension 'ignore'
[0.730s] Level 1:colcon.colcon_core.package_identification:_identify(grpc) by extension 'ignore_ament_install'
[0.731s] Level 1:colcon.colcon_core.package_identification:_identify(grpc) by extensions ['colcon_pkg']
[0.731s] Level 1:colcon.colcon_core.package_identification:_identify(grpc) by extension 'colcon_pkg'
[0.731s] Level 1:colcon.colcon_core.package_identification:_identify(grpc) by extensions ['colcon_meta']
[0.731s] Level 1:colcon.colcon_core.package_identification:_identify(grpc) by extension 'colcon_meta'
[0.731s] Level 1:colcon.colcon_core.package_identification:_identify(grpc) by extensions ['ros']
[0.731s] Level 1:colcon.colcon_core.package_identification:_identify(grpc) by extension 'ros'
[0.732s] Level 1:colcon.colcon_core.package_identification:_identify(grpc) by extensions ['cmake', 'python']
[0.732s] Level 1:colcon.colcon_core.package_identification:_identify(grpc) by extension 'cmake'
[0.732s] Level 1:colcon.colcon_core.package_identification:_identify(grpc) by extension 'python'
[0.732s] Level 1:colcon.colcon_core.package_identification:_identify(grpc) by extensions ['python_setup_py']
[0.732s] Level 1:colcon.colcon_core.package_identification:_identify(grpc) by extension 'python_setup_py'
[0.733s] Level 1:colcon.colcon_core.package_identification:_identify(grpc/__pycache__) by extensions ['ignore', 'ignore_ament_install']
[0.733s] Level 1:colcon.colcon_core.package_identification:_identify(grpc/__pycache__) by extension 'ignore'
[0.733s] Level 1:colcon.colcon_core.package_identification:_identify(grpc/__pycache__) by extension 'ignore_ament_install'
[0.734s] Level 1:colcon.colcon_core.package_identification:_identify(grpc/__pycache__) by extensions ['colcon_pkg']
[0.734s] Level 1:colcon.colcon_core.package_identification:_identify(grpc/__pycache__) by extension 'colcon_pkg'
[0.734s] Level 1:colcon.colcon_core.package_identification:_identify(grpc/__pycache__) by extensions ['colcon_meta']
[0.734s] Level 1:colcon.colcon_core.package_identification:_identify(grpc/__pycache__) by extension 'colcon_meta'
[0.734s] Level 1:colcon.colcon_core.package_identification:_identify(grpc/__pycache__) by extensions ['ros']
[0.734s] Level 1:colcon.colcon_core.package_identification:_identify(grpc/__pycache__) by extension 'ros'
[0.735s] Level 1:colcon.colcon_core.package_identification:_identify(grpc/__pycache__) by extensions ['cmake', 'python']
[0.735s] Level 1:colcon.colcon_core.package_identification:_identify(grpc/__pycache__) by extension 'cmake'
[0.735s] Level 1:colcon.colcon_core.package_identification:_identify(grpc/__pycache__) by extension 'python'
[0.735s] Level 1:colcon.colcon_core.package_identification:_identify(grpc/__pycache__) by extensions ['python_setup_py']
[0.735s] Level 1:colcon.colcon_core.package_identification:_identify(grpc/__pycache__) by extension 'python_setup_py'
[0.736s] Level 1:colcon.colcon_core.package_identification:_identify(install) by extensions ['ignore', 'ignore_ament_install']
[0.736s] Level 1:colcon.colcon_core.package_identification:_identify(install) by extension 'ignore'
[0.736s] Level 1:colcon.colcon_core.package_identification:_identify(install) ignored
[0.737s] Level 1:colcon.colcon_core.package_identification:_identify(log) by extensions ['ignore', 'ignore_ament_install']
[0.737s] Level 1:colcon.colcon_core.package_identification:_identify(log) by extension 'ignore'
[0.737s] Level 1:colcon.colcon_core.package_identification:_identify(log) ignored
[0.737s] Level 1:colcon.colcon_core.package_identification:_identify(src) by extensions ['ignore', 'ignore_ament_install']
[0.738s] Level 1:colcon.colcon_core.package_identification:_identify(src) by extension 'ignore'
[0.738s] Level 1:colcon.colcon_core.package_identification:_identify(src) by extension 'ignore_ament_install'
[0.738s] Level 1:colcon.colcon_core.package_identification:_identify(src) by extensions ['colcon_pkg']
[0.738s] Level 1:colcon.colcon_core.package_identification:_identify(src) by extension 'colcon_pkg'
[0.739s] Level 1:colcon.colcon_core.package_identification:_identify(src) by extensions ['colcon_meta']
[0.739s] Level 1:colcon.colcon_core.package_identification:_identify(src) by extension 'colcon_meta'
[0.739s] Level 1:colcon.colcon_core.package_identification:_identify(src) by extensions ['ros']
[0.739s] Level 1:colcon.colcon_core.package_identification:_identify(src) by extension 'ros'
[0.739s] Level 1:colcon.colcon_core.package_identification:_identify(src) by extensions ['cmake', 'python']
[0.739s] Level 1:colcon.colcon_core.package_identification:_identify(src) by extension 'cmake'
[0.740s] Level 1:colcon.colcon_core.package_identification:_identify(src) by extension 'python'
[0.740s] Level 1:colcon.colcon_core.package_identification:_identify(src) by extensions ['python_setup_py']
[0.740s] Level 1:colcon.colcon_core.package_identification:_identify(src) by extension 'python_setup_py'
[0.740s] Level 1:colcon.colcon_core.package_identification:_identify(src/state_vector_pubsub) by extensions ['ignore', 'ignore_ament_install']
[0.741s] Level 1:colcon.colcon_core.package_identification:_identify(src/state_vector_pubsub) by extension 'ignore'
[0.741s] Level 1:colcon.colcon_core.package_identification:_identify(src/state_vector_pubsub) by extension 'ignore_ament_install'
[0.741s] Level 1:colcon.colcon_core.package_identification:_identify(src/state_vector_pubsub) by extensions ['colcon_pkg']
[0.741s] Level 1:colcon.colcon_core.package_identification:_identify(src/state_vector_pubsub) by extension 'colcon_pkg'
[0.742s] Level 1:colcon.colcon_core.package_identification:_identify(src/state_vector_pubsub) by extensions ['colcon_meta']
[0.742s] Level 1:colcon.colcon_core.package_identification:_identify(src/state_vector_pubsub) by extension 'colcon_meta'
[0.742s] Level 1:colcon.colcon_core.package_identification:_identify(src/state_vector_pubsub) by extensions ['ros']
[0.742s] Level 1:colcon.colcon_core.package_identification:_identify(src/state_vector_pubsub) by extension 'ros'
[0.751s] DEBUG:colcon.colcon_core.package_identification:Package 'src/state_vector_pubsub' with type 'ros.ament_python' and name 'state_vector_pubsub'
[0.751s] Level 1:colcon.colcon_core.package_discovery:discover_packages(recursive) using defaults
[0.751s] Level 1:colcon.colcon_core.package_discovery:discover_packages(ignore) discover
[0.751s] Level 1:colcon.colcon_core.package_discovery:discover_packages(ignore) using defaults
[0.751s] Level 1:colcon.colcon_core.package_discovery:discover_packages(path) discover
[0.751s] Level 1:colcon.colcon_core.package_discovery:discover_packages(path) using defaults
[0.831s] Level 1:colcon.colcon_core.package_discovery:discover_packages(prefix_path) check parameters
[0.832s] Level 1:colcon.colcon_core.package_discovery:discover_packages(prefix_path) discover
[0.848s] DEBUG:colcon.colcon_installed_package_information.package_discovery:Found 283 installed packages in /opt/ros/jazzy
[0.852s] Level 1:colcon.colcon_core.package_discovery:discover_packages(prefix_path) using defaults
[1.110s] Level 5:colcon.colcon_core.verb:set package 'state_vector_pubsub' build argument 'cmake_args' from command line to 'None'
[1.110s] Level 5:colcon.colcon_core.verb:set package 'state_vector_pubsub' build argument 'cmake_target' from command line to 'None'
[1.110s] Level 5:colcon.colcon_core.verb:set package 'state_vector_pubsub' build argument 'cmake_target_skip_unavailable' from command line to 'False'
[1.110s] Level 5:colcon.colcon_core.verb:set package 'state_vector_pubsub' build argument 'cmake_clean_cache' from command line to 'False'
[1.110s] Level 5:colcon.colcon_core.verb:set package 'state_vector_pubsub' build argument 'cmake_clean_first' from command line to 'False'
[1.111s] Level 5:colcon.colcon_core.verb:set package 'state_vector_pubsub' build argument 'cmake_force_configure' from command line to 'False'
[1.111s] Level 5:colcon.colcon_core.verb:set package 'state_vector_pubsub' build argument 'ament_cmake_args' from command line to 'None'
[1.111s] Level 5:colcon.colcon_core.verb:set package 'state_vector_pubsub' build argument 'catkin_cmake_args' from command line to 'None'
[1.111s] Level 5:colcon.colcon_core.verb:set package 'state_vector_pubsub' build argument 'catkin_skip_building_tests' from command line to 'False'
[1.111s] DEBUG:colcon.colcon_core.verb:Building package 'state_vector_pubsub' with the following arguments: {'ament_cmake_args': None, 'build_base': '/home/estelamb/PFG_Telematica/Implementation/FleetManager/StateVector/build/state_vector_pubsub', 'catkin_cmake_args': None, 'catkin_skip_building_tests': False, 'cmake_args': None, 'cmake_clean_cache': False, 'cmake_clean_first': False, 'cmake_force_configure': False, 'cmake_target': None, 'cmake_target_skip_unavailable': False, 'install_base': '/home/estelamb/PFG_Telematica/Implementation/FleetManager/StateVector/install/state_vector_pubsub', 'merge_install': False, 'path': '/home/estelamb/PFG_Telematica/Implementation/FleetManager/StateVector/src/state_vector_pubsub', 'symlink_install': False, 'test_result_base': None}
[1.112s] INFO:colcon.colcon_core.executor:Executing jobs using 'parallel' executor
[1.115s] DEBUG:colcon.colcon_parallel_executor.executor.parallel:run_until_complete
[1.117s] INFO:colcon.colcon_ros.task.ament_python.build:Building ROS package in '/home/estelamb/PFG_Telematica/Implementation/FleetManager/StateVector/src/state_vector_pubsub' with build type 'ament_python'
[1.118s] Level 1:colcon.colcon_core.shell:create_environment_hook('state_vector_pubsub', 'ament_prefix_path')
[1.127s] INFO:colcon.colcon_core.plugin_system:Skipping extension 'colcon_core.shell.bat': Not used on non-Windows systems
[1.128s] INFO:colcon.colcon_core.shell:Creating environment hook '/home/estelamb/PFG_Telematica/Implementation/FleetManager/StateVector/install/state_vector_pubsub/share/state_vector_pubsub/hook/ament_prefix_path.ps1'
[1.132s] INFO:colcon.colcon_core.shell:Creating environment descriptor '/home/estelamb/PFG_Telematica/Implementation/FleetManager/StateVector/install/state_vector_pubsub/share/state_vector_pubsub/hook/ament_prefix_path.dsv'
[1.135s] INFO:colcon.colcon_core.shell:Creating environment hook '/home/estelamb/PFG_Telematica/Implementation/FleetManager/StateVector/install/state_vector_pubsub/share/state_vector_pubsub/hook/ament_prefix_path.sh'
[1.139s] INFO:colcon.colcon_core.shell:Skip shell extension 'powershell' for command environment: Not usable outside of PowerShell
[1.139s] DEBUG:colcon.colcon_core.shell:Skip shell extension 'dsv' for command environment
[2.530s] INFO:colcon.colcon_core.task.python.build:Building Python package in '/home/estelamb/PFG_Telematica/Implementation/FleetManager/StateVector/src/state_vector_pubsub'
[2.531s] INFO:colcon.colcon_core.shell:Skip shell extension 'powershell' for command environment: Not usable outside of PowerShell
[2.531s] DEBUG:colcon.colcon_core.shell:Skip shell extension 'dsv' for command environment
[5.585s] DEBUG:colcon.colcon_core.event_handler.log_command:Invoking command in '/home/estelamb/PFG_Telematica/Implementation/FleetManager/StateVector/src/state_vector_pubsub': PYTHONPATH=/home/estelamb/PFG_Telematica/Implementation/FleetManager/StateVector/build/state_vector_pubsub/prefix_override:/usr/lib/python3/dist-packages/colcon_core/task/python/colcon_distutils_commands:/home/estelamb/PFG_Telematica/Implementation/FleetManager/StateVector/install/state_vector_pubsub/lib/python3.12/site-packages:${PYTHONPATH} VIRTUAL_ENV_PROMPT=(.venv) /usr/bin/python3 -W ignore:setup.py install is deprecated -W ignore:easy_install command is deprecated setup.py egg_info --egg-base ../../build/state_vector_pubsub build --build-base /home/estelamb/PFG_Telematica/Implementation/FleetManager/StateVector/build/state_vector_pubsub/build install --record /home/estelamb/PFG_Telematica/Implementation/FleetManager/StateVector/build/state_vector_pubsub/install.log --single-version-externally-managed install_data
[8.165s] DEBUG:colcon.colcon_core.event_handler.log_command:Invoked command in '/home/estelamb/PFG_Telematica/Implementation/FleetManager/StateVector/src/state_vector_pubsub' returned '0': PYTHONPATH=/home/estelamb/PFG_Telematica/Implementation/FleetManager/StateVector/build/state_vector_pubsub/prefix_override:/usr/lib/python3/dist-packages/colcon_core/task/python/colcon_distutils_commands:/home/estelamb/PFG_Telematica/Implementation/FleetManager/StateVector/install/state_vector_pubsub/lib/python3.12/site-packages:${PYTHONPATH} VIRTUAL_ENV_PROMPT=(.venv) /usr/bin/python3 -W ignore:setup.py install is deprecated -W ignore:easy_install command is deprecated setup.py egg_info --egg-base ../../build/state_vector_pubsub build --build-base /home/estelamb/PFG_Telematica/Implementation/FleetManager/StateVector/build/state_vector_pubsub/build install --record /home/estelamb/PFG_Telematica/Implementation/FleetManager/StateVector/build/state_vector_pubsub/install.log --single-version-externally-managed install_data
[8.177s] Level 1:colcon.colcon_core.environment:checking '/home/estelamb/PFG_Telematica/Implementation/FleetManager/StateVector/install/state_vector_pubsub' for CMake module files
[8.180s] Level 1:colcon.colcon_core.environment:checking '/home/estelamb/PFG_Telematica/Implementation/FleetManager/StateVector/install/state_vector_pubsub' for CMake config files
[8.185s] Level 1:colcon.colcon_core.environment:checking '/home/estelamb/PFG_Telematica/Implementation/FleetManager/StateVector/install/state_vector_pubsub/lib'
[8.186s] Level 1:colcon.colcon_core.environment:checking '/home/estelamb/PFG_Telematica/Implementation/FleetManager/StateVector/install/state_vector_pubsub/bin'
[8.187s] Level 1:colcon.colcon_core.environment:checking '/home/estelamb/PFG_Telematica/Implementation/FleetManager/StateVector/install/state_vector_pubsub/lib/pkgconfig/state_vector_pubsub.pc'
[8.188s] Level 1:colcon.colcon_core.environment:checking '/home/estelamb/PFG_Telematica/Implementation/FleetManager/StateVector/install/state_vector_pubsub/lib/python3.12/site-packages'
[8.189s] Level 1:colcon.colcon_core.shell:create_environment_hook('state_vector_pubsub', 'pythonpath')
[8.190s] INFO:colcon.colcon_core.shell:Creating environment hook '/home/estelamb/PFG_Telematica/Implementation/FleetManager/StateVector/install/state_vector_pubsub/share/state_vector_pubsub/hook/pythonpath.ps1'
[8.192s] INFO:colcon.colcon_core.shell:Creating environment descriptor '/home/estelamb/PFG_Telematica/Implementation/FleetManager/StateVector/install/state_vector_pubsub/share/state_vector_pubsub/hook/pythonpath.dsv'
[8.194s] INFO:colcon.colcon_core.shell:Creating environment hook '/home/estelamb/PFG_Telematica/Implementation/FleetManager/StateVector/install/state_vector_pubsub/share/state_vector_pubsub/hook/pythonpath.sh'
[8.196s] Level 1:colcon.colcon_core.environment:checking '/home/estelamb/PFG_Telematica/Implementation/FleetManager/StateVector/install/state_vector_pubsub/bin'
[8.197s] Level 1:colcon.colcon_core.environment:create_environment_scripts_only(state_vector_pubsub)
[8.198s] INFO:colcon.colcon_core.shell:Creating package script '/home/estelamb/PFG_Telematica/Implementation/FleetManager/StateVector/install/state_vector_pubsub/share/state_vector_pubsub/package.ps1'
[8.201s] INFO:colcon.colcon_core.shell:Creating package descriptor '/home/estelamb/PFG_Telematica/Implementation/FleetManager/StateVector/install/state_vector_pubsub/share/state_vector_pubsub/package.dsv'
[8.204s] INFO:colcon.colcon_core.shell:Creating package script '/home/estelamb/PFG_Telematica/Implementation/FleetManager/StateVector/install/state_vector_pubsub/share/state_vector_pubsub/package.sh'
[8.207s] INFO:colcon.colcon_core.shell:Creating package script '/home/estelamb/PFG_Telematica/Implementation/FleetManager/StateVector/install/state_vector_pubsub/share/state_vector_pubsub/package.bash'
[8.211s] INFO:colcon.colcon_core.shell:Creating package script '/home/estelamb/PFG_Telematica/Implementation/FleetManager/StateVector/install/state_vector_pubsub/share/state_vector_pubsub/package.zsh'
[8.213s] Level 1:colcon.colcon_core.environment:create_file_with_runtime_dependencies(/home/estelamb/PFG_Telematica/Implementation/FleetManager/StateVector/install/state_vector_pubsub/share/colcon-core/packages/state_vector_pubsub)
[8.215s] DEBUG:colcon.colcon_parallel_executor.executor.parallel:closing loop
[8.217s] DEBUG:colcon.colcon_parallel_executor.executor.parallel:loop closed
[8.218s] DEBUG:colcon.colcon_parallel_executor.executor.parallel:run_until_complete finished with '0'
[8.218s] DEBUG:colcon.colcon_core.event_reactor:joining thread
[8.246s] INFO:colcon.colcon_core.plugin_system:Skipping extension 'colcon_notification.desktop_notification.notify_send': Could not find 'notify-send'
[8.247s] INFO:colcon.colcon_core.plugin_system:Skipping extension 'colcon_notification.desktop_notification.terminal_notifier': Not used on non-Darwin systems
[8.247s] INFO:colcon.colcon_core.plugin_system:Skipping extension 'colcon_notification.desktop_notification.win32': Not used on non-Windows systems
[8.248s] INFO:colcon.colcon_notification.desktop_notification:Sending desktop notification using 'notify2'
[8.252s] DEBUG:colcon.colcon_notification.desktop_notification.notify2:Failed to initialize notify2: org.freedesktop.DBus.Error.ServiceUnknown: The name org.freedesktop.Notifications was not provided by any .service files
[8.252s] DEBUG:colcon.colcon_core.event_reactor:joined thread
[8.253s] INFO:colcon.colcon_core.shell:Creating prefix script '/home/estelamb/PFG_Telematica/Implementation/FleetManager/StateVector/install/local_setup.ps1'
[8.257s] INFO:colcon.colcon_core.shell:Creating prefix util module '/home/estelamb/PFG_Telematica/Implementation/FleetManager/StateVector/install/_local_setup_util_ps1.py'
[8.262s] INFO:colcon.colcon_core.shell:Creating prefix chain script '/home/estelamb/PFG_Telematica/Implementation/FleetManager/StateVector/install/setup.ps1'
[8.266s] INFO:colcon.colcon_core.shell:Creating prefix script '/home/estelamb/PFG_Telematica/Implementation/FleetManager/StateVector/install/local_setup.sh'
[8.268s] INFO:colcon.colcon_core.shell:Creating prefix util module '/home/estelamb/PFG_Telematica/Implementation/FleetManager/StateVector/install/_local_setup_util_sh.py'
[8.271s] INFO:colcon.colcon_core.shell:Creating prefix chain script '/home/estelamb/PFG_Telematica/Implementation/FleetManager/StateVector/install/setup.sh'
[8.275s] INFO:colcon.colcon_core.shell:Creating prefix script '/home/estelamb/PFG_Telematica/Implementation/FleetManager/StateVector/install/local_setup.bash'
[8.278s] INFO:colcon.colcon_core.shell:Creating prefix chain script '/home/estelamb/PFG_Telematica/Implementation/FleetManager/StateVector/install/setup.bash'
[8.282s] INFO:colcon.colcon_core.shell:Creating prefix script '/home/estelamb/PFG_Telematica/Implementation/FleetManager/StateVector/install/local_setup.zsh'
[8.284s] INFO:colcon.colcon_core.shell:Creating prefix chain script '/home/estelamb/PFG_Telematica/Implementation/FleetManager/StateVector/install/setup.zsh'
