[0.458s] DEBUG:colcon:Command line arguments: ['/usr/bin/colcon', 'build']
[0.458s] DEBUG:colcon:Parsed command line arguments: Namespace(log_base=None, log_level=None, verb_name='build', build_base='build', install_base='install', merge_install=False, symlink_install=False, test_result_base=None, continue_on_error=False, executor='parallel', parallel_workers=4, event_handlers=None, ignore_user_meta=False, metas=['./colcon.meta'], base_paths=['.'], packages_ignore=None, packages_ignore_regex=None, paths=None, packages_up_to=None, packages_up_to_regex=None, packages_above=None, packages_above_and_dependencies=None, packages_above_depth=None, packages_select_by_dep=None, packages_skip_by_dep=None, packages_skip_up_to=None, packages_select_build_failed=False, packages_skip_build_finished=False, packages_select_test_failures=False, packages_skip_test_passed=False, packages_select=None, packages_skip=None, packages_select_regex=None, packages_skip_regex=None, packages_start=None, packages_end=None, allow_overriding=[], cmake_args=None, cmake_target=None, cmake_target_skip_unavailable=False, cmake_clean_cache=False, cmake_clean_first=False, cmake_force_configure=False, ament_cmake_args=None, catkin_cmake_args=None, catkin_skip_building_tests=False, mixin_files=None, mixin=None, verb_parser=<colcon_mixin.mixin.mixin_argument.MixinArgumentDecorator object at 0xffffae8c66f0>, verb_extension=<colcon_core.verb.build.BuildVerb object at 0xffffaea76c90>, main=<bound method BuildVerb.main of <colcon_core.verb.build.BuildVerb object at 0xffffaea76c90>>, mixin_verb=('build',))
[0.633s] Level 1:colcon.colcon_core.package_discovery:discover_packages(colcon_meta) check parameters
[0.633s] Level 1:colcon.colcon_core.package_discovery:discover_packages(recursive) check parameters
[0.633s] Level 1:colcon.colcon_core.package_discovery:discover_packages(ignore) check parameters
[0.633s] Level 1:colcon.colcon_core.package_discovery:discover_packages(path) check parameters
[0.634s] Level 1:colcon.colcon_core.package_discovery:discover_packages(colcon_meta) discover
[0.634s] Level 1:colcon.colcon_core.package_discovery:discover_packages(recursive) discover
[0.634s] INFO:colcon.colcon_core.package_discovery:Crawling recursively for packages in '/home/estelamb/PFG_Telematica/Implementation/FleetManager/ROS2'
[0.634s] Level 1:colcon.colcon_core.package_identification:_identify(.) by extensions ['ignore', 'ignore_ament_install']
[0.635s] Level 1:colcon.colcon_core.package_identification:_identify(.) by extension 'ignore'
[0.635s] Level 1:colcon.colcon_core.package_identification:_identify(.) by extension 'ignore_ament_install'
[0.635s] Level 1:colcon.colcon_core.package_identification:_identify(.) by extensions ['colcon_pkg']
[0.635s] Level 1:colcon.colcon_core.package_identification:_identify(.) by extension 'colcon_pkg'
[0.635s] Level 1:colcon.colcon_core.package_identification:_identify(.) by extensions ['colcon_meta']
[0.636s] Level 1:colcon.colcon_core.package_identification:_identify(.) by extension 'colcon_meta'
[0.636s] Level 1:colcon.colcon_core.package_identification:_identify(.) by extensions ['ros']
[0.636s] Level 1:colcon.colcon_core.package_identification:_identify(.) by extension 'ros'
[0.750s] Level 1:colcon.colcon_core.package_identification:_identify(.) by extensions ['cmake', 'python']
[0.750s] Level 1:colcon.colcon_core.package_identification:_identify(.) by extension 'cmake'
[0.750s] Level 1:colcon.colcon_core.package_identification:_identify(.) by extension 'python'
[0.750s] Level 1:colcon.colcon_core.package_identification:_identify(.) by extensions ['python_setup_py']
[0.751s] Level 1:colcon.colcon_core.package_identification:_identify(.) by extension 'python_setup_py'
[0.751s] Level 1:colcon.colcon_core.package_identification:_identify(__pycache__) by extensions ['ignore', 'ignore_ament_install']
[0.752s] Level 1:colcon.colcon_core.package_identification:_identify(__pycache__) by extension 'ignore'
[0.752s] Level 1:colcon.colcon_core.package_identification:_identify(__pycache__) by extension 'ignore_ament_install'
[0.752s] Level 1:colcon.colcon_core.package_identification:_identify(__pycache__) by extensions ['colcon_pkg']
[0.752s] Level 1:colcon.colcon_core.package_identification:_identify(__pycache__) by extension 'colcon_pkg'
[0.753s] Level 1:colcon.colcon_core.package_identification:_identify(__pycache__) by extensions ['colcon_meta']
[0.753s] Level 1:colcon.colcon_core.package_identification:_identify(__pycache__) by extension 'colcon_meta'
[0.753s] Level 1:colcon.colcon_core.package_identification:_identify(__pycache__) by extensions ['ros']
[0.753s] Level 1:colcon.colcon_core.package_identification:_identify(__pycache__) by extension 'ros'
[0.754s] Level 1:colcon.colcon_core.package_identification:_identify(__pycache__) by extensions ['cmake', 'python']
[0.754s] Level 1:colcon.colcon_core.package_identification:_identify(__pycache__) by extension 'cmake'
[0.755s] Level 1:colcon.colcon_core.package_identification:_identify(__pycache__) by extension 'python'
[0.755s] Level 1:colcon.colcon_core.package_identification:_identify(__pycache__) by extensions ['python_setup_py']
[0.755s] Level 1:colcon.colcon_core.package_identification:_identify(__pycache__) by extension 'python_setup_py'
[0.756s] Level 1:colcon.colcon_core.package_identification:_identify(build) by extensions ['ignore', 'ignore_ament_install']
[0.756s] Level 1:colcon.colcon_core.package_identification:_identify(build) by extension 'ignore'
[0.756s] Level 1:colcon.colcon_core.package_identification:_identify(build) ignored
[0.757s] Level 1:colcon.colcon_core.package_identification:_identify(grpc) by extensions ['ignore', 'ignore_ament_install']
[0.757s] Level 1:colcon.colcon_core.package_identification:_identify(grpc) by extension 'ignore'
[0.758s] Level 1:colcon.colcon_core.package_identification:_identify(grpc) by extension 'ignore_ament_install'
[0.758s] Level 1:colcon.colcon_core.package_identification:_identify(grpc) by extensions ['colcon_pkg']
[0.758s] Level 1:colcon.colcon_core.package_identification:_identify(grpc) by extension 'colcon_pkg'
[0.758s] Level 1:colcon.colcon_core.package_identification:_identify(grpc) by extensions ['colcon_meta']
[0.758s] Level 1:colcon.colcon_core.package_identification:_identify(grpc) by extension 'colcon_meta'
[0.759s] Level 1:colcon.colcon_core.package_identification:_identify(grpc) by extensions ['ros']
[0.759s] Level 1:colcon.colcon_core.package_identification:_identify(grpc) by extension 'ros'
[0.759s] Level 1:colcon.colcon_core.package_identification:_identify(grpc) by extensions ['cmake', 'python']
[0.759s] Level 1:colcon.colcon_core.package_identification:_identify(grpc) by extension 'cmake'
[0.759s] Level 1:colcon.colcon_core.package_identification:_identify(grpc) by extension 'python'
[0.760s] Level 1:colcon.colcon_core.package_identification:_identify(grpc) by extensions ['python_setup_py']
[0.760s] Level 1:colcon.colcon_core.package_identification:_identify(grpc) by extension 'python_setup_py'
[0.760s] Level 1:colcon.colcon_core.package_identification:_identify(grpc/__pycache__) by extensions ['ignore', 'ignore_ament_install']
[0.761s] Level 1:colcon.colcon_core.package_identification:_identify(grpc/__pycache__) by extension 'ignore'
[0.761s] Level 1:colcon.colcon_core.package_identification:_identify(grpc/__pycache__) by extension 'ignore_ament_install'
[0.761s] Level 1:colcon.colcon_core.package_identification:_identify(grpc/__pycache__) by extensions ['colcon_pkg']
[0.762s] Level 1:colcon.colcon_core.package_identification:_identify(grpc/__pycache__) by extension 'colcon_pkg'
[0.762s] Level 1:colcon.colcon_core.package_identification:_identify(grpc/__pycache__) by extensions ['colcon_meta']
[0.762s] Level 1:colcon.colcon_core.package_identification:_identify(grpc/__pycache__) by extension 'colcon_meta'
[0.762s] Level 1:colcon.colcon_core.package_identification:_identify(grpc/__pycache__) by extensions ['ros']
[0.762s] Level 1:colcon.colcon_core.package_identification:_identify(grpc/__pycache__) by extension 'ros'
[0.763s] Level 1:colcon.colcon_core.package_identification:_identify(grpc/__pycache__) by extensions ['cmake', 'python']
[0.763s] Level 1:colcon.colcon_core.package_identification:_identify(grpc/__pycache__) by extension 'cmake'
[0.763s] Level 1:colcon.colcon_core.package_identification:_identify(grpc/__pycache__) by extension 'python'
[0.764s] Level 1:colcon.colcon_core.package_identification:_identify(grpc/__pycache__) by extensions ['python_setup_py']
[0.764s] Level 1:colcon.colcon_core.package_identification:_identify(grpc/__pycache__) by extension 'python_setup_py'
[0.764s] Level 1:colcon.colcon_core.package_identification:_identify(install) by extensions ['ignore', 'ignore_ament_install']
[0.765s] Level 1:colcon.colcon_core.package_identification:_identify(install) by extension 'ignore'
[0.765s] Level 1:colcon.colcon_core.package_identification:_identify(install) ignored
[0.765s] Level 1:colcon.colcon_core.package_identification:_identify(log) by extensions ['ignore', 'ignore_ament_install']
[0.766s] Level 1:colcon.colcon_core.package_identification:_identify(log) by extension 'ignore'
[0.766s] Level 1:colcon.colcon_core.package_identification:_identify(log) ignored
[0.767s] Level 1:colcon.colcon_core.package_identification:_identify(src) by extensions ['ignore', 'ignore_ament_install']
[0.767s] Level 1:colcon.colcon_core.package_identification:_identify(src) by extension 'ignore'
[0.767s] Level 1:colcon.colcon_core.package_identification:_identify(src) by extension 'ignore_ament_install'
[0.768s] Level 1:colcon.colcon_core.package_identification:_identify(src) by extensions ['colcon_pkg']
[0.768s] Level 1:colcon.colcon_core.package_identification:_identify(src) by extension 'colcon_pkg'
[0.768s] Level 1:colcon.colcon_core.package_identification:_identify(src) by extensions ['colcon_meta']
[0.768s] Level 1:colcon.colcon_core.package_identification:_identify(src) by extension 'colcon_meta'
[0.768s] Level 1:colcon.colcon_core.package_identification:_identify(src) by extensions ['ros']
[0.768s] Level 1:colcon.colcon_core.package_identification:_identify(src) by extension 'ros'
[0.769s] Level 1:colcon.colcon_core.package_identification:_identify(src) by extensions ['cmake', 'python']
[0.769s] Level 1:colcon.colcon_core.package_identification:_identify(src) by extension 'cmake'
[0.769s] Level 1:colcon.colcon_core.package_identification:_identify(src) by extension 'python'
[0.770s] Level 1:colcon.colcon_core.package_identification:_identify(src) by extensions ['python_setup_py']
[0.770s] Level 1:colcon.colcon_core.package_identification:_identify(src) by extension 'python_setup_py'
[0.770s] Level 1:colcon.colcon_core.package_identification:_identify(src/commands_action_interface) by extensions ['ignore', 'ignore_ament_install']
[0.771s] Level 1:colcon.colcon_core.package_identification:_identify(src/commands_action_interface) by extension 'ignore'
[0.771s] Level 1:colcon.colcon_core.package_identification:_identify(src/commands_action_interface) by extension 'ignore_ament_install'
[0.771s] Level 1:colcon.colcon_core.package_identification:_identify(src/commands_action_interface) by extensions ['colcon_pkg']
[0.772s] Level 1:colcon.colcon_core.package_identification:_identify(src/commands_action_interface) by extension 'colcon_pkg'
[0.772s] Level 1:colcon.colcon_core.package_identification:_identify(src/commands_action_interface) by extensions ['colcon_meta']
[0.772s] Level 1:colcon.colcon_core.package_identification:_identify(src/commands_action_interface) by extension 'colcon_meta'
[0.772s] Level 1:colcon.colcon_core.package_identification:_identify(src/commands_action_interface) by extensions ['ros']
[0.772s] Level 1:colcon.colcon_core.package_identification:_identify(src/commands_action_interface) by extension 'ros'
[0.782s] DEBUG:colcon.colcon_core.package_identification:Package 'src/commands_action_interface' with type 'ros.ament_cmake' and name 'commands_action_interface'
[0.782s] Level 1:colcon.colcon_core.package_discovery:discover_packages(recursive) using defaults
[0.782s] Level 1:colcon.colcon_core.package_discovery:discover_packages(ignore) discover
[0.782s] Level 1:colcon.colcon_core.package_discovery:discover_packages(ignore) using defaults
[0.783s] Level 1:colcon.colcon_core.package_discovery:discover_packages(path) discover
[0.783s] Level 1:colcon.colcon_core.package_discovery:discover_packages(path) using defaults
[0.851s] Level 1:colcon.colcon_core.package_discovery:discover_packages(prefix_path) check parameters
[0.851s] Level 1:colcon.colcon_core.package_discovery:discover_packages(prefix_path) discover
[0.867s] DEBUG:colcon.colcon_installed_package_information.package_discovery:Found 283 installed packages in /opt/ros/jazzy
[0.871s] Level 1:colcon.colcon_core.package_discovery:discover_packages(prefix_path) using defaults
[1.125s] Level 5:colcon.colcon_core.verb:set package 'commands_action_interface' build argument 'cmake_args' from command line to 'None'
[1.125s] Level 5:colcon.colcon_core.verb:set package 'commands_action_interface' build argument 'cmake_target' from command line to 'None'
[1.125s] Level 5:colcon.colcon_core.verb:set package 'commands_action_interface' build argument 'cmake_target_skip_unavailable' from command line to 'False'
[1.125s] Level 5:colcon.colcon_core.verb:set package 'commands_action_interface' build argument 'cmake_clean_cache' from command line to 'False'
[1.126s] Level 5:colcon.colcon_core.verb:set package 'commands_action_interface' build argument 'cmake_clean_first' from command line to 'False'
[1.126s] Level 5:colcon.colcon_core.verb:set package 'commands_action_interface' build argument 'cmake_force_configure' from command line to 'False'
[1.126s] Level 5:colcon.colcon_core.verb:set package 'commands_action_interface' build argument 'ament_cmake_args' from command line to 'None'
[1.126s] Level 5:colcon.colcon_core.verb:set package 'commands_action_interface' build argument 'catkin_cmake_args' from command line to 'None'
[1.126s] Level 5:colcon.colcon_core.verb:set package 'commands_action_interface' build argument 'catkin_skip_building_tests' from command line to 'False'
[1.126s] DEBUG:colcon.colcon_core.verb:Building package 'commands_action_interface' with the following arguments: {'ament_cmake_args': None, 'build_base': '/home/estelamb/PFG_Telematica/Implementation/FleetManager/ROS2/build/commands_action_interface', 'catkin_cmake_args': None, 'catkin_skip_building_tests': False, 'cmake_args': None, 'cmake_clean_cache': False, 'cmake_clean_first': False, 'cmake_force_configure': False, 'cmake_target': None, 'cmake_target_skip_unavailable': False, 'install_base': '/home/estelamb/PFG_Telematica/Implementation/FleetManager/ROS2/install/commands_action_interface', 'merge_install': False, 'path': '/home/estelamb/PFG_Telematica/Implementation/FleetManager/ROS2/src/commands_action_interface', 'symlink_install': False, 'test_result_base': None}
[1.127s] INFO:colcon.colcon_core.executor:Executing jobs using 'parallel' executor
[1.130s] DEBUG:colcon.colcon_parallel_executor.executor.parallel:run_until_complete
[1.131s] INFO:colcon.colcon_ros.task.ament_cmake.build:Building ROS package in '/home/estelamb/PFG_Telematica/Implementation/FleetManager/ROS2/src/commands_action_interface' with build type 'ament_cmake'
[1.132s] INFO:colcon.colcon_cmake.task.cmake.build:Building CMake package in '/home/estelamb/PFG_Telematica/Implementation/FleetManager/ROS2/src/commands_action_interface'
[1.143s] INFO:colcon.colcon_core.plugin_system:Skipping extension 'colcon_core.shell.bat': Not used on non-Windows systems
[1.144s] INFO:colcon.colcon_core.shell:Skip shell extension 'powershell' for command environment: Not usable outside of PowerShell
[1.144s] DEBUG:colcon.colcon_core.shell:Skip shell extension 'dsv' for command environment
[1.184s] DEBUG:colcon.colcon_core.event_handler.log_command:Invoking command in '/home/estelamb/PFG_Telematica/Implementation/FleetManager/ROS2/build/commands_action_interface': CMAKE_PREFIX_PATH=${CMAKE_PREFIX_PATH}:/opt/ros/jazzy VIRTUAL_ENV_PROMPT=(.venv) /usr/bin/cmake /home/estelamb/PFG_Telematica/Implementation/FleetManager/ROS2/src/commands_action_interface -DCMAKE_INSTALL_PREFIX=/home/estelamb/PFG_Telematica/Implementation/FleetManager/ROS2/install/commands_action_interface
[14.770s] DEBUG:colcon.colcon_core.event_handler.log_command:Invoked command in '/home/estelamb/PFG_Telematica/Implementation/FleetManager/ROS2/build/commands_action_interface' returned '0': CMAKE_PREFIX_PATH=${CMAKE_PREFIX_PATH}:/opt/ros/jazzy VIRTUAL_ENV_PROMPT=(.venv) /usr/bin/cmake /home/estelamb/PFG_Telematica/Implementation/FleetManager/ROS2/src/commands_action_interface -DCMAKE_INSTALL_PREFIX=/home/estelamb/PFG_Telematica/Implementation/FleetManager/ROS2/install/commands_action_interface
[14.777s] DEBUG:colcon.colcon_core.event_handler.log_command:Invoking command in '/home/estelamb/PFG_Telematica/Implementation/FleetManager/ROS2/build/commands_action_interface': CMAKE_PREFIX_PATH=${CMAKE_PREFIX_PATH}:/opt/ros/jazzy VIRTUAL_ENV_PROMPT=(.venv) /usr/bin/cmake --build /home/estelamb/PFG_Telematica/Implementation/FleetManager/ROS2/build/commands_action_interface -- -j4 -l4
[39.731s] DEBUG:colcon.colcon_core.event_handler.log_command:Invoked command in '/home/estelamb/PFG_Telematica/Implementation/FleetManager/ROS2/build/commands_action_interface' returned '0': CMAKE_PREFIX_PATH=${CMAKE_PREFIX_PATH}:/opt/ros/jazzy VIRTUAL_ENV_PROMPT=(.venv) /usr/bin/cmake --build /home/estelamb/PFG_Telematica/Implementation/FleetManager/ROS2/build/commands_action_interface -- -j4 -l4
[39.783s] DEBUG:colcon.colcon_core.event_handler.log_command:Invoking command in '/home/estelamb/PFG_Telematica/Implementation/FleetManager/ROS2/build/commands_action_interface': CMAKE_PREFIX_PATH=${CMAKE_PREFIX_PATH}:/opt/ros/jazzy VIRTUAL_ENV_PROMPT=(.venv) /usr/bin/cmake --install /home/estelamb/PFG_Telematica/Implementation/FleetManager/ROS2/build/commands_action_interface
[40.312s] Level 1:colcon.colcon_core.environment:create_environment_scripts_only(commands_action_interface)
[40.314s] DEBUG:colcon.colcon_core.event_handler.log_command:Invoked command in '/home/estelamb/PFG_Telematica/Implementation/FleetManager/ROS2/build/commands_action_interface' returned '0': CMAKE_PREFIX_PATH=${CMAKE_PREFIX_PATH}:/opt/ros/jazzy VIRTUAL_ENV_PROMPT=(.venv) /usr/bin/cmake --install /home/estelamb/PFG_Telematica/Implementation/FleetManager/ROS2/build/commands_action_interface
[40.325s] Level 1:colcon.colcon_core.environment:checking '/home/estelamb/PFG_Telematica/Implementation/FleetManager/ROS2/install/commands_action_interface' for CMake module files
[40.331s] Level 1:colcon.colcon_core.environment:checking '/home/estelamb/PFG_Telematica/Implementation/FleetManager/ROS2/install/commands_action_interface' for CMake config files
[40.334s] Level 1:colcon.colcon_core.shell:create_environment_hook('commands_action_interface', 'cmake_prefix_path')
[40.335s] INFO:colcon.colcon_core.shell:Creating environment hook '/home/estelamb/PFG_Telematica/Implementation/FleetManager/ROS2/install/commands_action_interface/share/commands_action_interface/hook/cmake_prefix_path.ps1'
[40.338s] INFO:colcon.colcon_core.shell:Creating environment descriptor '/home/estelamb/PFG_Telematica/Implementation/FleetManager/ROS2/install/commands_action_interface/share/commands_action_interface/hook/cmake_prefix_path.dsv'
[40.340s] INFO:colcon.colcon_core.shell:Creating environment hook '/home/estelamb/PFG_Telematica/Implementation/FleetManager/ROS2/install/commands_action_interface/share/commands_action_interface/hook/cmake_prefix_path.sh'
[40.343s] Level 1:colcon.colcon_core.environment:checking '/home/estelamb/PFG_Telematica/Implementation/FleetManager/ROS2/install/commands_action_interface/lib'
[40.344s] Level 1:colcon.colcon_core.shell:create_environment_hook('commands_action_interface', 'ld_library_path_lib')
[40.345s] INFO:colcon.colcon_core.shell:Creating environment hook '/home/estelamb/PFG_Telematica/Implementation/FleetManager/ROS2/install/commands_action_interface/share/commands_action_interface/hook/ld_library_path_lib.ps1'
[40.347s] INFO:colcon.colcon_core.shell:Creating environment descriptor '/home/estelamb/PFG_Telematica/Implementation/FleetManager/ROS2/install/commands_action_interface/share/commands_action_interface/hook/ld_library_path_lib.dsv'
[40.348s] INFO:colcon.colcon_core.shell:Creating environment hook '/home/estelamb/PFG_Telematica/Implementation/FleetManager/ROS2/install/commands_action_interface/share/commands_action_interface/hook/ld_library_path_lib.sh'
[40.350s] Level 1:colcon.colcon_core.environment:checking '/home/estelamb/PFG_Telematica/Implementation/FleetManager/ROS2/install/commands_action_interface/bin'
[40.351s] Level 1:colcon.colcon_core.environment:checking '/home/estelamb/PFG_Telematica/Implementation/FleetManager/ROS2/install/commands_action_interface/lib/pkgconfig/commands_action_interface.pc'
[40.352s] Level 1:colcon.colcon_core.environment:checking '/home/estelamb/PFG_Telematica/Implementation/FleetManager/ROS2/install/commands_action_interface/lib/python3.12/site-packages'
[40.353s] Level 1:colcon.colcon_core.shell:create_environment_hook('commands_action_interface', 'pythonpath')
[40.354s] INFO:colcon.colcon_core.shell:Creating environment hook '/home/estelamb/PFG_Telematica/Implementation/FleetManager/ROS2/install/commands_action_interface/share/commands_action_interface/hook/pythonpath.ps1'
[40.356s] INFO:colcon.colcon_core.shell:Creating environment descriptor '/home/estelamb/PFG_Telematica/Implementation/FleetManager/ROS2/install/commands_action_interface/share/commands_action_interface/hook/pythonpath.dsv'
[40.358s] INFO:colcon.colcon_core.shell:Creating environment hook '/home/estelamb/PFG_Telematica/Implementation/FleetManager/ROS2/install/commands_action_interface/share/commands_action_interface/hook/pythonpath.sh'
[40.361s] Level 1:colcon.colcon_core.environment:checking '/home/estelamb/PFG_Telematica/Implementation/FleetManager/ROS2/install/commands_action_interface/bin'
[40.363s] INFO:colcon.colcon_core.shell:Creating package script '/home/estelamb/PFG_Telematica/Implementation/FleetManager/ROS2/install/commands_action_interface/share/commands_action_interface/package.ps1'
[40.366s] INFO:colcon.colcon_core.shell:Creating package descriptor '/home/estelamb/PFG_Telematica/Implementation/FleetManager/ROS2/install/commands_action_interface/share/commands_action_interface/package.dsv'
[40.370s] INFO:colcon.colcon_core.shell:Creating package script '/home/estelamb/PFG_Telematica/Implementation/FleetManager/ROS2/install/commands_action_interface/share/commands_action_interface/package.sh'
[40.373s] INFO:colcon.colcon_core.shell:Creating package script '/home/estelamb/PFG_Telematica/Implementation/FleetManager/ROS2/install/commands_action_interface/share/commands_action_interface/package.bash'
[40.376s] INFO:colcon.colcon_core.shell:Creating package script '/home/estelamb/PFG_Telematica/Implementation/FleetManager/ROS2/install/commands_action_interface/share/commands_action_interface/package.zsh'
[40.379s] Level 1:colcon.colcon_core.environment:create_file_with_runtime_dependencies(/home/estelamb/PFG_Telematica/Implementation/FleetManager/ROS2/install/commands_action_interface/share/colcon-core/packages/commands_action_interface)
[40.383s] Level 1:colcon.colcon_core.environment:create_environment_scripts_only(commands_action_interface)
[40.384s] Level 1:colcon.colcon_core.environment:checking '/home/estelamb/PFG_Telematica/Implementation/FleetManager/ROS2/install/commands_action_interface' for CMake module files
[40.390s] Level 1:colcon.colcon_core.environment:checking '/home/estelamb/PFG_Telematica/Implementation/FleetManager/ROS2/install/commands_action_interface' for CMake config files
[40.394s] Level 1:colcon.colcon_core.shell:create_environment_hook('commands_action_interface', 'cmake_prefix_path')
[40.395s] INFO:colcon.colcon_core.shell:Creating environment hook '/home/estelamb/PFG_Telematica/Implementation/FleetManager/ROS2/install/commands_action_interface/share/commands_action_interface/hook/cmake_prefix_path.ps1'
[40.397s] INFO:colcon.colcon_core.shell:Creating environment descriptor '/home/estelamb/PFG_Telematica/Implementation/FleetManager/ROS2/install/commands_action_interface/share/commands_action_interface/hook/cmake_prefix_path.dsv'
[40.404s] INFO:colcon.colcon_core.shell:Creating environment hook '/home/estelamb/PFG_Telematica/Implementation/FleetManager/ROS2/install/commands_action_interface/share/commands_action_interface/hook/cmake_prefix_path.sh'
[40.407s] Level 1:colcon.colcon_core.environment:checking '/home/estelamb/PFG_Telematica/Implementation/FleetManager/ROS2/install/commands_action_interface/lib'
[40.408s] Level 1:colcon.colcon_core.shell:create_environment_hook('commands_action_interface', 'ld_library_path_lib')
[40.408s] INFO:colcon.colcon_core.shell:Creating environment hook '/home/estelamb/PFG_Telematica/Implementation/FleetManager/ROS2/install/commands_action_interface/share/commands_action_interface/hook/ld_library_path_lib.ps1'
[40.410s] INFO:colcon.colcon_core.shell:Creating environment descriptor '/home/estelamb/PFG_Telematica/Implementation/FleetManager/ROS2/install/commands_action_interface/share/commands_action_interface/hook/ld_library_path_lib.dsv'
[40.413s] INFO:colcon.colcon_core.shell:Creating environment hook '/home/estelamb/PFG_Telematica/Implementation/FleetManager/ROS2/install/commands_action_interface/share/commands_action_interface/hook/ld_library_path_lib.sh'
[40.415s] Level 1:colcon.colcon_core.environment:checking '/home/estelamb/PFG_Telematica/Implementation/FleetManager/ROS2/install/commands_action_interface/bin'
[40.415s] Level 1:colcon.colcon_core.environment:checking '/home/estelamb/PFG_Telematica/Implementation/FleetManager/ROS2/install/commands_action_interface/lib/pkgconfig/commands_action_interface.pc'
[40.416s] Level 1:colcon.colcon_core.environment:checking '/home/estelamb/PFG_Telematica/Implementation/FleetManager/ROS2/install/commands_action_interface/lib/python3.12/site-packages'
[40.417s] Level 1:colcon.colcon_core.shell:create_environment_hook('commands_action_interface', 'pythonpath')
[40.418s] INFO:colcon.colcon_core.shell:Creating environment hook '/home/estelamb/PFG_Telematica/Implementation/FleetManager/ROS2/install/commands_action_interface/share/commands_action_interface/hook/pythonpath.ps1'
[40.421s] INFO:colcon.colcon_core.shell:Creating environment descriptor '/home/estelamb/PFG_Telematica/Implementation/FleetManager/ROS2/install/commands_action_interface/share/commands_action_interface/hook/pythonpath.dsv'
[40.423s] INFO:colcon.colcon_core.shell:Creating environment hook '/home/estelamb/PFG_Telematica/Implementation/FleetManager/ROS2/install/commands_action_interface/share/commands_action_interface/hook/pythonpath.sh'
[40.426s] Level 1:colcon.colcon_core.environment:checking '/home/estelamb/PFG_Telematica/Implementation/FleetManager/ROS2/install/commands_action_interface/bin'
[40.427s] INFO:colcon.colcon_core.shell:Creating package script '/home/estelamb/PFG_Telematica/Implementation/FleetManager/ROS2/install/commands_action_interface/share/commands_action_interface/package.ps1'
[40.430s] INFO:colcon.colcon_core.shell:Creating package descriptor '/home/estelamb/PFG_Telematica/Implementation/FleetManager/ROS2/install/commands_action_interface/share/commands_action_interface/package.dsv'
[40.434s] INFO:colcon.colcon_core.shell:Creating package script '/home/estelamb/PFG_Telematica/Implementation/FleetManager/ROS2/install/commands_action_interface/share/commands_action_interface/package.sh'
[40.439s] INFO:colcon.colcon_core.shell:Creating package script '/home/estelamb/PFG_Telematica/Implementation/FleetManager/ROS2/install/commands_action_interface/share/commands_action_interface/package.bash'
[40.442s] INFO:colcon.colcon_core.shell:Creating package script '/home/estelamb/PFG_Telematica/Implementation/FleetManager/ROS2/install/commands_action_interface/share/commands_action_interface/package.zsh'
[40.445s] Level 1:colcon.colcon_core.environment:create_file_with_runtime_dependencies(/home/estelamb/PFG_Telematica/Implementation/FleetManager/ROS2/install/commands_action_interface/share/colcon-core/packages/commands_action_interface)
[40.446s] DEBUG:colcon.colcon_parallel_executor.executor.parallel:closing loop
[40.447s] DEBUG:colcon.colcon_parallel_executor.executor.parallel:loop closed
[40.448s] DEBUG:colcon.colcon_parallel_executor.executor.parallel:run_until_complete finished with '0'
[40.449s] DEBUG:colcon.colcon_core.event_reactor:joining thread
[40.476s] INFO:colcon.colcon_core.plugin_system:Skipping extension 'colcon_notification.desktop_notification.notify_send': Could not find 'notify-send'
[40.477s] INFO:colcon.colcon_core.plugin_system:Skipping extension 'colcon_notification.desktop_notification.terminal_notifier': Not used on non-Darwin systems
[40.477s] INFO:colcon.colcon_core.plugin_system:Skipping extension 'colcon_notification.desktop_notification.win32': Not used on non-Windows systems
[40.477s] INFO:colcon.colcon_notification.desktop_notification:Sending desktop notification using 'notify2'
[40.481s] DEBUG:colcon.colcon_notification.desktop_notification.notify2:Failed to initialize notify2: org.freedesktop.DBus.Error.ServiceUnknown: The name org.freedesktop.Notifications was not provided by any .service files
[40.481s] DEBUG:colcon.colcon_core.event_reactor:joined thread
[40.482s] INFO:colcon.colcon_core.shell:Creating prefix script '/home/estelamb/PFG_Telematica/Implementation/FleetManager/ROS2/install/local_setup.ps1'
[40.486s] INFO:colcon.colcon_core.shell:Creating prefix util module '/home/estelamb/PFG_Telematica/Implementation/FleetManager/ROS2/install/_local_setup_util_ps1.py'
[40.491s] INFO:colcon.colcon_core.shell:Creating prefix chain script '/home/estelamb/PFG_Telematica/Implementation/FleetManager/ROS2/install/setup.ps1'
[40.495s] INFO:colcon.colcon_core.shell:Creating prefix script '/home/estelamb/PFG_Telematica/Implementation/FleetManager/ROS2/install/local_setup.sh'
[40.497s] INFO:colcon.colcon_core.shell:Creating prefix util module '/home/estelamb/PFG_Telematica/Implementation/FleetManager/ROS2/install/_local_setup_util_sh.py'
[40.501s] INFO:colcon.colcon_core.shell:Creating prefix chain script '/home/estelamb/PFG_Telematica/Implementation/FleetManager/ROS2/install/setup.sh'
[40.505s] INFO:colcon.colcon_core.shell:Creating prefix script '/home/estelamb/PFG_Telematica/Implementation/FleetManager/ROS2/install/local_setup.bash'
[40.507s] INFO:colcon.colcon_core.shell:Creating prefix chain script '/home/estelamb/PFG_Telematica/Implementation/FleetManager/ROS2/install/setup.bash'
[40.511s] INFO:colcon.colcon_core.shell:Creating prefix script '/home/estelamb/PFG_Telematica/Implementation/FleetManager/ROS2/install/local_setup.zsh'
[40.513s] INFO:colcon.colcon_core.shell:Creating prefix chain script '/home/estelamb/PFG_Telematica/Implementation/FleetManager/ROS2/install/setup.zsh'
